#***************************************************************************

#sjplacer

#Version:            1.1

#Build Date:         Aug 18 2015 10:30:14

#File Generated:     Aug 25 2016 08:43:46

#Purpose:            

#Copyright (C) 2010-2011 by Softjin Technologies Pvt Ltd. All rights reserved.

#***************************************************************************

Executing : C:\Program Files (x86)\Cypress\PSoC Creator\3.3\PSoC Creator\bin/sjplacer.exe --proj-name MuxAdvance --netlist-vh2 MuxAdvance_p.vh2 --arch-file C:\Program Files (x86)\Cypress\PSoC Creator\3.3\PSoC Creator\dev/arch/p35_udb4x6.ark --rrg-file C:\Program Files (x86)\Cypress\PSoC Creator\3.3\PSoC Creator\dev/psoc5/psoc5lp/route_arch-rrg.cydata --irq-file C:\Program Files (x86)\Cypress\PSoC Creator\3.3\PSoC Creator\dev/psoc5/psoc5lp/irqconn.cydata --drq-file C:\Program Files (x86)\Cypress\PSoC Creator\3.3\PSoC Creator\dev/psoc5/psoc5lp/dmaconn.cydata --dsi-conn-file C:\Program Files (x86)\Cypress\PSoC Creator\3.3\PSoC Creator\dev/psoc5/psoc5lp/dsiconn.cydata --pins-file pins_100-TQFP.xml --lib-file MuxAdvance_p.lib --sdc-file MuxAdvance.sdc --io-pcf MuxAdvance.pci --outdir .

		Softjin Techologies Placer, Version 1.1

Build Date : Aug 18 2015	10:29:37

D2004: Option and Settings Summary
=============================================================
Netlist vh2 file          - MuxAdvance_p.vh2
Architecture file         - C:\Program Files (x86)\Cypress\PSoC Creator\3.3\PSoC Creator\dev/arch/p35_udb4x6.ark
Package                   - 
Defparam file             - 
SDC file                  - MuxAdvance.sdc
Output directory          - .
Timing library            - MuxAdvance_p.lib
IO Placement file         - MuxAdvance.pci

D2050: Starting reading inputs for placer
=============================================================
D2065: Reading netlist file : "MuxAdvance_p.vh2"
D2065: Reading arch file : "C:\Program Files (x86)\Cypress\PSoC Creator\3.3\PSoC Creator\dev/arch/p35_udb4x6.ark"
D2051: Reading of inputs for placer completed successfully

D2053: Starting placement of the design
=============================================================

Phase 2
Phase 3

Design Statistics after Packing
    Number of Combinational MCs 	:	55
    Number of Sequential MCs    	:	100
    Number of DPs               	:	18
    Number of Controls          	:	6
    Number of Status            	:	12
    Number of SyncCells         	:	8
    Number of count7cells       	:	6

Device Utilization Summary after Packing
    Macrocells                  :	155/192
    UDBS                        :	21/24
    IOs                         :	25/72


D2088: Phase 3, elapsed time : 0.1 (sec)

Phase 4
D2088: Phase 4, elapsed time : 0.0 (sec)

Phase 5
D2088: Phase 5, elapsed time : 0.0 (sec)

Phase 6

######################################################################
Placement Timing Summary

The timing summary is based on estimated routing delays after
placement. For final timing report, please carry out the timing
analysis after routing.
======================================================================

######################################################################
                     Clock Summary 
======================================================================
Number of clocks: 14
Clock: Beagle_IntClock      | Frequency:  51.2 MHz | Target:   0.9 MHz
Clock: Clock_1              | Frequency:  41.9 MHz | Target:   0.0 MHz
Clock: Code_Bar_IntClock    | Frequency:  48.5 MHz | Target:   0.3 MHz
Clock: CyBUS_CLK            | Frequency:  48.5 MHz | Target:  60.0 MHz
Clock: CyBUS_CLK(fixed-function) | Frequency: N/A       | Target:  60.0 MHz
Clock: CyILO                | Frequency: N/A       | Target:   0.0 MHz
Clock: CyIMO                | Frequency: N/A       | Target:   3.0 MHz
Clock: CyMASTER_CLK         | Frequency: N/A       | Target:  60.0 MHz
Clock: CyPLL_OUT            | Frequency: N/A       | Target:  60.0 MHz
Clock: LCD1_IntClock        | Frequency:  55.3 MHz | Target:   0.9 MHz
Clock: LCD2_IntClock        | Frequency:  42.8 MHz | Target:   0.9 MHz
Clock: Tag_IntClock         | Frequency:  54.3 MHz | Target:   0.9 MHz
Clock: timer_clock_1        | Frequency: N/A       | Target:   0.0 MHz
Clock: timer_clock_1(fixed-function) | Frequency: N/A       | Target:   0.0 MHz

======================================================================
                     End of Clock Summary
######################################################################

D2088: Phase 6, elapsed time : 0.3 (sec)

Phase 7
######################################################################
                     Clock Summary 
======================================================================
Number of clocks: 14
Clock: Beagle_IntClock      | Frequency:  53.4 MHz | Target:   0.9 MHz
Clock: Clock_1              | Frequency:  40.6 MHz | Target:   0.0 MHz
Clock: Code_Bar_IntClock    | Frequency:  38.8 MHz | Target:   0.3 MHz
Clock: CyBUS_CLK            | Frequency:  59.6 MHz | Target:  60.0 MHz
Clock: CyBUS_CLK(fixed-function) | Frequency: N/A       | Target:  60.0 MHz
Clock: CyILO                | Frequency: N/A       | Target:   0.0 MHz
Clock: CyIMO                | Frequency: N/A       | Target:   3.0 MHz
Clock: CyMASTER_CLK         | Frequency: N/A       | Target:  60.0 MHz
Clock: CyPLL_OUT            | Frequency: N/A       | Target:  60.0 MHz
Clock: LCD1_IntClock        | Frequency:  47.2 MHz | Target:   0.9 MHz
Clock: LCD2_IntClock        | Frequency:  42.8 MHz | Target:   0.9 MHz
Clock: Tag_IntClock         | Frequency:  56.1 MHz | Target:   0.9 MHz
Clock: timer_clock_1        | Frequency: N/A       | Target:   0.0 MHz
Clock: timer_clock_1(fixed-function) | Frequency: N/A       | Target:   0.0 MHz

======================================================================
                     End of Clock Summary
######################################################################
D2088: Phase 7, elapsed time : 5.5 (sec)

Final Design Statistics
    Number of Combinational MCs 	:	55
    Number of Sequential MCs    	:	100
    Number of DPs               	:	18
    Number of Controls          	:	6
    Number of Status            	:	12
    Number of SyncCells         	:	8
    Number of count7cells       	:	6
    Number of IOs       	:	25

Device Utilization Summary
    Macrocells                  :	155/192
    IOs                         :	25/72



######################################################################
Placement Timing Summary

The timing summary is based on estimated routing delays after
placement. For final timing report, please carry out the timing
analysis after routing.
======================================================================


######################################################################
                     Clock Summary 
======================================================================
Number of clocks: 14
Clock: Beagle_IntClock      | Frequency:   4.6 MHz | Target:   0.9 MHz
Clock: Clock_1              | Frequency:   7.6 MHz | Target:   0.0 MHz
Clock: Code_Bar_IntClock    | Frequency:   4.6 MHz | Target:   0.3 MHz
Clock: CyBUS_CLK            | Frequency:   4.4 MHz | Target:  60.0 MHz
Clock: CyBUS_CLK(fixed-function) | Frequency: N/A       | Target:  60.0 MHz
Clock: CyILO                | Frequency: N/A       | Target:   0.0 MHz
Clock: CyIMO                | Frequency: N/A       | Target:   3.0 MHz
Clock: CyMASTER_CLK         | Frequency: N/A       | Target:  60.0 MHz
Clock: CyPLL_OUT            | Frequency: N/A       | Target:  60.0 MHz
Clock: LCD1_IntClock        | Frequency:   4.6 MHz | Target:   0.9 MHz
Clock: LCD2_IntClock        | Frequency:   4.4 MHz | Target:   0.9 MHz
Clock: Tag_IntClock         | Frequency:   4.4 MHz | Target:   0.9 MHz
Clock: timer_clock_1        | Frequency: N/A       | Target:   0.0 MHz
Clock: timer_clock_1(fixed-function) | Frequency: N/A       | Target:   0.0 MHz

======================================================================
                     End of Clock Summary
######################################################################

Phase 8
D2088: Phase 8, elapsed time : 0.0 (sec)

D2054: Placement of the design completed successfully

I2076: Total run-time: 10.3 sec.

