ARM GAS  C:\Users\PROYEC~1\AppData\Local\Temp\ccKO9Dp7.s 			page 1


   1              		.syntax unified
   2              		.cpu cortex-m3
   3              		.fpu softvfp
   4              		.eabi_attribute 20, 1
   5              		.eabi_attribute 21, 1
   6              		.eabi_attribute 23, 3
   7              		.eabi_attribute 24, 1
   8              		.eabi_attribute 25, 1
   9              		.eabi_attribute 26, 1
  10              		.eabi_attribute 30, 6
  11              		.eabi_attribute 34, 1
  12              		.eabi_attribute 18, 4
  13              		.thumb
  14              		.file	"Cm3Start.c"
  15              		.text
  16              	.Ltext0:
  17              		.cfi_sections	.debug_frame
  18              		.section	.noinit,"aw",%progbits
  19              		.align	2
  20              		.type	cySysNoInitDataValid, %object
  21              		.size	cySysNoInitDataValid, 4
  22              	cySysNoInitDataValid:
  23 0000 00000000 		.space	4
  24              		.global	CyRamVectors
  25              		.section	.ramvectors,"aw",%progbits
  26              		.align	8
  27              		.type	CyRamVectors, %object
  28              		.size	CyRamVectors, 192
  29              	CyRamVectors:
  30 0000 00000000 		.space	192
  30      00000000 
  30      00000000 
  30      00000000 
  30      00000000 
  31 00c0 00000000 		.section	.text.IntDefaultHandler,"ax",%progbits
  31      00000000 
  31      00000000 
  31      00000000 
  31      00000000 
  32              		.align	2
  33              		.global	IntDefaultHandler
  34              		.thumb
  35              		.thumb_func
  36              		.type	IntDefaultHandler, %function
  37              	IntDefaultHandler:
  38              	.LFB0:
  39              		.file 1 ".\\Generated_Source\\PSoC5\\Cm3Start.c"
   1:.\Generated_Source\PSoC5/Cm3Start.c **** /*******************************************************************************
   2:.\Generated_Source\PSoC5/Cm3Start.c **** * File Name: Cm3Start.c
   3:.\Generated_Source\PSoC5/Cm3Start.c **** * Version 4.20
   4:.\Generated_Source\PSoC5/Cm3Start.c **** *
   5:.\Generated_Source\PSoC5/Cm3Start.c **** *  Description:
   6:.\Generated_Source\PSoC5/Cm3Start.c **** *  Startup code for the ARM CM3.
   7:.\Generated_Source\PSoC5/Cm3Start.c **** *
   8:.\Generated_Source\PSoC5/Cm3Start.c **** ********************************************************************************
   9:.\Generated_Source\PSoC5/Cm3Start.c **** * Copyright 2008-2014, Cypress Semiconductor Corporation. All rights reserved.
  10:.\Generated_Source\PSoC5/Cm3Start.c **** * You may use this file only in accordance with the license, terms, conditions,
ARM GAS  C:\Users\PROYEC~1\AppData\Local\Temp\ccKO9Dp7.s 			page 2


  11:.\Generated_Source\PSoC5/Cm3Start.c **** * disclaimers, and limitations in the end user license agreement accompanying
  12:.\Generated_Source\PSoC5/Cm3Start.c **** * the software package with which this file was provided.
  13:.\Generated_Source\PSoC5/Cm3Start.c **** *******************************************************************************/
  14:.\Generated_Source\PSoC5/Cm3Start.c **** 
  15:.\Generated_Source\PSoC5/Cm3Start.c **** #include <limits.h>
  16:.\Generated_Source\PSoC5/Cm3Start.c **** #include "cydevice_trm.h"
  17:.\Generated_Source\PSoC5/Cm3Start.c **** #include "cytypes.h"
  18:.\Generated_Source\PSoC5/Cm3Start.c **** #include "cyfitter_cfg.h"
  19:.\Generated_Source\PSoC5/Cm3Start.c **** #include "CyLib.h"
  20:.\Generated_Source\PSoC5/Cm3Start.c **** #include "CyDmac.h"
  21:.\Generated_Source\PSoC5/Cm3Start.c **** #include "cyfitter.h"
  22:.\Generated_Source\PSoC5/Cm3Start.c **** 
  23:.\Generated_Source\PSoC5/Cm3Start.c **** #define CY_NUM_INTERRUPTS           (32u)
  24:.\Generated_Source\PSoC5/Cm3Start.c **** #define CY_NUM_VECTORS              (CYINT_IRQ_BASE + CY_NUM_INTERRUPTS)
  25:.\Generated_Source\PSoC5/Cm3Start.c **** #define CY_NUM_ROM_VECTORS          (4u)
  26:.\Generated_Source\PSoC5/Cm3Start.c **** #define CY_NVIC_APINT_PTR           ((reg32 *) CYREG_NVIC_APPLN_INTR)
  27:.\Generated_Source\PSoC5/Cm3Start.c **** #define CY_NVIC_CFG_CTRL_PTR        ((reg32 *) CYREG_NVIC_CFG_CONTROL)
  28:.\Generated_Source\PSoC5/Cm3Start.c **** #define CY_NVIC_APINT_PRIGROUP_3_5  (0x00000400u)  /* Priority group 3.5 split */
  29:.\Generated_Source\PSoC5/Cm3Start.c **** #define CY_NVIC_APINT_VECTKEY       (0x05FA0000u)  /* This key is required in order to write the NV
  30:.\Generated_Source\PSoC5/Cm3Start.c **** #define CY_NVIC_CFG_STACKALIGN      (0x00000200u)  /* This specifies that the exception stack must 
  31:.\Generated_Source\PSoC5/Cm3Start.c **** 
  32:.\Generated_Source\PSoC5/Cm3Start.c **** 
  33:.\Generated_Source\PSoC5/Cm3Start.c **** /* Extern functions */
  34:.\Generated_Source\PSoC5/Cm3Start.c **** extern void CyBtldr_CheckLaunch(void);
  35:.\Generated_Source\PSoC5/Cm3Start.c **** 
  36:.\Generated_Source\PSoC5/Cm3Start.c **** /* Function prototypes */
  37:.\Generated_Source\PSoC5/Cm3Start.c **** void initialize_psoc(void);
  38:.\Generated_Source\PSoC5/Cm3Start.c **** CY_ISR(IntDefaultHandler);
  39:.\Generated_Source\PSoC5/Cm3Start.c **** void Reset(void);
  40:.\Generated_Source\PSoC5/Cm3Start.c **** CY_ISR(IntDefaultHandler);
  41:.\Generated_Source\PSoC5/Cm3Start.c **** 
  42:.\Generated_Source\PSoC5/Cm3Start.c **** #if defined(__ARMCC_VERSION)
  43:.\Generated_Source\PSoC5/Cm3Start.c ****     #define INITIAL_STACK_POINTER ((cyisraddress)(uint32)&Image$$ARM_LIB_STACK$$ZI$$Limit)
  44:.\Generated_Source\PSoC5/Cm3Start.c **** #elif defined (__GNUC__)
  45:.\Generated_Source\PSoC5/Cm3Start.c ****     #define INITIAL_STACK_POINTER (&__cy_stack)
  46:.\Generated_Source\PSoC5/Cm3Start.c **** #elif defined (__ICCARM__)
  47:.\Generated_Source\PSoC5/Cm3Start.c ****     #pragma language=extended
  48:.\Generated_Source\PSoC5/Cm3Start.c ****     #pragma segment="CSTACK"
  49:.\Generated_Source\PSoC5/Cm3Start.c ****     #define INITIAL_STACK_POINTER  { .__ptr = __sfe( "CSTACK" ) }
  50:.\Generated_Source\PSoC5/Cm3Start.c **** 
  51:.\Generated_Source\PSoC5/Cm3Start.c ****     extern void __iar_program_start( void );
  52:.\Generated_Source\PSoC5/Cm3Start.c ****     extern void __iar_data_init3 (void);
  53:.\Generated_Source\PSoC5/Cm3Start.c **** #endif  /* (__ARMCC_VERSION) */
  54:.\Generated_Source\PSoC5/Cm3Start.c **** 
  55:.\Generated_Source\PSoC5/Cm3Start.c **** #if defined(__GNUC__)
  56:.\Generated_Source\PSoC5/Cm3Start.c ****     #include <errno.h>
  57:.\Generated_Source\PSoC5/Cm3Start.c ****     extern int  errno;
  58:.\Generated_Source\PSoC5/Cm3Start.c ****     extern int  end;
  59:.\Generated_Source\PSoC5/Cm3Start.c **** #endif  /* defined(__GNUC__) */
  60:.\Generated_Source\PSoC5/Cm3Start.c **** 
  61:.\Generated_Source\PSoC5/Cm3Start.c **** /* Global variables */
  62:.\Generated_Source\PSoC5/Cm3Start.c **** #if !defined (__ICCARM__)
  63:.\Generated_Source\PSoC5/Cm3Start.c ****     CY_NOINIT static uint32 cySysNoInitDataValid;
  64:.\Generated_Source\PSoC5/Cm3Start.c **** #endif  /* !defined (__ICCARM__) */
  65:.\Generated_Source\PSoC5/Cm3Start.c **** 
  66:.\Generated_Source\PSoC5/Cm3Start.c **** 
  67:.\Generated_Source\PSoC5/Cm3Start.c **** /*******************************************************************************
ARM GAS  C:\Users\PROYEC~1\AppData\Local\Temp\ccKO9Dp7.s 			page 3


  68:.\Generated_Source\PSoC5/Cm3Start.c **** * Default Ram Interrupt Vector table storage area. Must be 256-byte aligned.
  69:.\Generated_Source\PSoC5/Cm3Start.c **** *******************************************************************************/
  70:.\Generated_Source\PSoC5/Cm3Start.c **** #if defined (__ICCARM__)
  71:.\Generated_Source\PSoC5/Cm3Start.c ****     #pragma location=".ramvectors"
  72:.\Generated_Source\PSoC5/Cm3Start.c ****     #pragma data_alignment=256
  73:.\Generated_Source\PSoC5/Cm3Start.c **** #else
  74:.\Generated_Source\PSoC5/Cm3Start.c ****     CY_SECTION(".ramvectors")
  75:.\Generated_Source\PSoC5/Cm3Start.c ****     CY_ALIGN(256)
  76:.\Generated_Source\PSoC5/Cm3Start.c **** #endif  /* defined (__ICCARM__) */
  77:.\Generated_Source\PSoC5/Cm3Start.c **** cyisraddress CyRamVectors[CY_NUM_VECTORS];
  78:.\Generated_Source\PSoC5/Cm3Start.c **** 
  79:.\Generated_Source\PSoC5/Cm3Start.c **** 
  80:.\Generated_Source\PSoC5/Cm3Start.c **** /*******************************************************************************
  81:.\Generated_Source\PSoC5/Cm3Start.c **** * Function Name: IntDefaultHandler
  82:.\Generated_Source\PSoC5/Cm3Start.c **** ********************************************************************************
  83:.\Generated_Source\PSoC5/Cm3Start.c **** *
  84:.\Generated_Source\PSoC5/Cm3Start.c **** * Summary:
  85:.\Generated_Source\PSoC5/Cm3Start.c **** *  This function is called for all interrupts, other than a reset that gets
  86:.\Generated_Source\PSoC5/Cm3Start.c **** *  called before the system is setup.
  87:.\Generated_Source\PSoC5/Cm3Start.c **** *
  88:.\Generated_Source\PSoC5/Cm3Start.c **** * Parameters:
  89:.\Generated_Source\PSoC5/Cm3Start.c **** *  None
  90:.\Generated_Source\PSoC5/Cm3Start.c **** *
  91:.\Generated_Source\PSoC5/Cm3Start.c **** * Return:
  92:.\Generated_Source\PSoC5/Cm3Start.c **** *  None
  93:.\Generated_Source\PSoC5/Cm3Start.c **** *
  94:.\Generated_Source\PSoC5/Cm3Start.c **** * Theory:
  95:.\Generated_Source\PSoC5/Cm3Start.c **** *  Any value other than zero is acceptable.
  96:.\Generated_Source\PSoC5/Cm3Start.c **** *
  97:.\Generated_Source\PSoC5/Cm3Start.c **** *******************************************************************************/
  98:.\Generated_Source\PSoC5/Cm3Start.c **** CY_ISR(IntDefaultHandler)
  99:.\Generated_Source\PSoC5/Cm3Start.c **** {
  40              		.loc 1 99 0
  41              		.cfi_startproc
  42              		@ args = 0, pretend = 0, frame = 0
  43              		@ frame_needed = 1, uses_anonymous_args = 0
  44              		@ link register save eliminated.
  45 0000 80B4     		push	{r7}
  46              		.cfi_def_cfa_offset 4
  47              		.cfi_offset 7, -4
  48 0002 00AF     		add	r7, sp, #0
  49              		.cfi_def_cfa_register 7
  50              	.L2:
 100:.\Generated_Source\PSoC5/Cm3Start.c **** 
 101:.\Generated_Source\PSoC5/Cm3Start.c ****     while(1)
 102:.\Generated_Source\PSoC5/Cm3Start.c ****     {
 103:.\Generated_Source\PSoC5/Cm3Start.c ****         /***********************************************************************
 104:.\Generated_Source\PSoC5/Cm3Start.c ****         * We must not get here. If we do, a serious problem occurs, so go
 105:.\Generated_Source\PSoC5/Cm3Start.c ****         * into an infinite loop.
 106:.\Generated_Source\PSoC5/Cm3Start.c ****         ***********************************************************************/
 107:.\Generated_Source\PSoC5/Cm3Start.c ****     }
  51              		.loc 1 107 0 discriminator 1
  52 0004 FEE7     		b	.L2
  53              		.cfi_endproc
  54              	.LFE0:
  55              		.size	IntDefaultHandler, .-IntDefaultHandler
  56              		.section	.text._exit,"ax",%progbits
ARM GAS  C:\Users\PROYEC~1\AppData\Local\Temp\ccKO9Dp7.s 			page 4


  57              		.align	2
  58              		.weak	_exit
  59              		.thumb
  60              		.thumb_func
  61              		.type	_exit, %function
  62              	_exit:
  63              	.LFB1:
 108:.\Generated_Source\PSoC5/Cm3Start.c **** }
 109:.\Generated_Source\PSoC5/Cm3Start.c **** 
 110:.\Generated_Source\PSoC5/Cm3Start.c **** 
 111:.\Generated_Source\PSoC5/Cm3Start.c **** #if defined(__ARMCC_VERSION)
 112:.\Generated_Source\PSoC5/Cm3Start.c **** 
 113:.\Generated_Source\PSoC5/Cm3Start.c **** /* Local function for device reset. */
 114:.\Generated_Source\PSoC5/Cm3Start.c **** extern void Reset(void);
 115:.\Generated_Source\PSoC5/Cm3Start.c **** 
 116:.\Generated_Source\PSoC5/Cm3Start.c **** /* Application entry point. */
 117:.\Generated_Source\PSoC5/Cm3Start.c **** extern void $Super$$main(void);
 118:.\Generated_Source\PSoC5/Cm3Start.c **** 
 119:.\Generated_Source\PSoC5/Cm3Start.c **** /* Linker-generated Stack Base addresses, Two Region and One Region */
 120:.\Generated_Source\PSoC5/Cm3Start.c **** extern uint32 Image$$ARM_LIB_STACK$$ZI$$Limit;
 121:.\Generated_Source\PSoC5/Cm3Start.c **** 
 122:.\Generated_Source\PSoC5/Cm3Start.c **** /* RealView C Library initialization. */
 123:.\Generated_Source\PSoC5/Cm3Start.c **** extern int __main(void);
 124:.\Generated_Source\PSoC5/Cm3Start.c **** 
 125:.\Generated_Source\PSoC5/Cm3Start.c **** 
 126:.\Generated_Source\PSoC5/Cm3Start.c **** /*******************************************************************************
 127:.\Generated_Source\PSoC5/Cm3Start.c **** * Function Name: Reset
 128:.\Generated_Source\PSoC5/Cm3Start.c **** ********************************************************************************
 129:.\Generated_Source\PSoC5/Cm3Start.c **** *
 130:.\Generated_Source\PSoC5/Cm3Start.c **** * Summary:
 131:.\Generated_Source\PSoC5/Cm3Start.c **** *  This function handles the reset interrupt for the RVDS/MDK toolchains.
 132:.\Generated_Source\PSoC5/Cm3Start.c **** *  This is the first bit of code that is executed at startup.
 133:.\Generated_Source\PSoC5/Cm3Start.c **** *
 134:.\Generated_Source\PSoC5/Cm3Start.c **** * Parameters:
 135:.\Generated_Source\PSoC5/Cm3Start.c **** *  None
 136:.\Generated_Source\PSoC5/Cm3Start.c **** *
 137:.\Generated_Source\PSoC5/Cm3Start.c **** * Return:
 138:.\Generated_Source\PSoC5/Cm3Start.c **** *  None
 139:.\Generated_Source\PSoC5/Cm3Start.c **** *
 140:.\Generated_Source\PSoC5/Cm3Start.c **** *******************************************************************************/
 141:.\Generated_Source\PSoC5/Cm3Start.c **** void Reset(void)
 142:.\Generated_Source\PSoC5/Cm3Start.c **** {
 143:.\Generated_Source\PSoC5/Cm3Start.c ****     #if(CYDEV_PROJ_TYPE != CYDEV_PROJ_TYPE_LOADABLE)
 144:.\Generated_Source\PSoC5/Cm3Start.c **** 
 145:.\Generated_Source\PSoC5/Cm3Start.c ****         /* For PSoC 5LP, debugging is enabled by default */
 146:.\Generated_Source\PSoC5/Cm3Start.c ****         #if(CYDEV_DEBUGGING_ENABLE == 0)
 147:.\Generated_Source\PSoC5/Cm3Start.c ****             *(reg32 *)(CYDEV_DEBUG_ENABLE_REGISTER) |= CYDEV_DEBUG_ENABLE_MASK;
 148:.\Generated_Source\PSoC5/Cm3Start.c ****         #endif /* (CYDEV_DEBUGGING_ENABLE) */
 149:.\Generated_Source\PSoC5/Cm3Start.c **** 
 150:.\Generated_Source\PSoC5/Cm3Start.c ****         /* Reset Status Register has Read-to-clear SW access mode.
 151:.\Generated_Source\PSoC5/Cm3Start.c ****         * Preserve current RESET_SR0 state to make it available for next reading.
 152:.\Generated_Source\PSoC5/Cm3Start.c ****         */
 153:.\Generated_Source\PSoC5/Cm3Start.c ****         *(reg32 *)(CYREG_PHUB_CFGMEM23_CFG1) = *(reg32 *)(CYREG_RESET_SR0);
 154:.\Generated_Source\PSoC5/Cm3Start.c **** 
 155:.\Generated_Source\PSoC5/Cm3Start.c ****     #endif  /* (CYDEV_PROJ_TYPE != CYDEV_PROJ_TYPE_LOADABLE) */
 156:.\Generated_Source\PSoC5/Cm3Start.c **** 
 157:.\Generated_Source\PSoC5/Cm3Start.c ****     #if(CYDEV_BOOTLOADER_ENABLE)
ARM GAS  C:\Users\PROYEC~1\AppData\Local\Temp\ccKO9Dp7.s 			page 5


 158:.\Generated_Source\PSoC5/Cm3Start.c ****         CyBtldr_CheckLaunch();
 159:.\Generated_Source\PSoC5/Cm3Start.c ****     #endif /* (CYDEV_BOOTLOADER_ENABLE) */
 160:.\Generated_Source\PSoC5/Cm3Start.c **** 
 161:.\Generated_Source\PSoC5/Cm3Start.c ****     __main();
 162:.\Generated_Source\PSoC5/Cm3Start.c **** }
 163:.\Generated_Source\PSoC5/Cm3Start.c **** 
 164:.\Generated_Source\PSoC5/Cm3Start.c **** 
 165:.\Generated_Source\PSoC5/Cm3Start.c **** /*******************************************************************************
 166:.\Generated_Source\PSoC5/Cm3Start.c **** * Function Name: $Sub$$main
 167:.\Generated_Source\PSoC5/Cm3Start.c **** ********************************************************************************
 168:.\Generated_Source\PSoC5/Cm3Start.c **** *
 169:.\Generated_Source\PSoC5/Cm3Start.c **** * Summary:
 170:.\Generated_Source\PSoC5/Cm3Start.c **** *  This function is called immediately before the users main
 171:.\Generated_Source\PSoC5/Cm3Start.c **** *
 172:.\Generated_Source\PSoC5/Cm3Start.c **** * Parameters:
 173:.\Generated_Source\PSoC5/Cm3Start.c **** *  None
 174:.\Generated_Source\PSoC5/Cm3Start.c **** *
 175:.\Generated_Source\PSoC5/Cm3Start.c **** * Return:
 176:.\Generated_Source\PSoC5/Cm3Start.c **** *  None
 177:.\Generated_Source\PSoC5/Cm3Start.c **** *
 178:.\Generated_Source\PSoC5/Cm3Start.c **** *******************************************************************************/
 179:.\Generated_Source\PSoC5/Cm3Start.c **** void $Sub$$main(void)
 180:.\Generated_Source\PSoC5/Cm3Start.c **** {
 181:.\Generated_Source\PSoC5/Cm3Start.c ****     initialize_psoc();
 182:.\Generated_Source\PSoC5/Cm3Start.c **** 
 183:.\Generated_Source\PSoC5/Cm3Start.c ****     /* Call original main */
 184:.\Generated_Source\PSoC5/Cm3Start.c ****     $Super$$main();
 185:.\Generated_Source\PSoC5/Cm3Start.c **** 
 186:.\Generated_Source\PSoC5/Cm3Start.c ****     while (1)
 187:.\Generated_Source\PSoC5/Cm3Start.c ****     {
 188:.\Generated_Source\PSoC5/Cm3Start.c ****         /* If main returns, it is undefined what we should do. */
 189:.\Generated_Source\PSoC5/Cm3Start.c ****     }
 190:.\Generated_Source\PSoC5/Cm3Start.c **** }
 191:.\Generated_Source\PSoC5/Cm3Start.c **** 
 192:.\Generated_Source\PSoC5/Cm3Start.c **** #elif defined(__GNUC__)
 193:.\Generated_Source\PSoC5/Cm3Start.c **** 
 194:.\Generated_Source\PSoC5/Cm3Start.c **** void Start_c(void);
 195:.\Generated_Source\PSoC5/Cm3Start.c **** 
 196:.\Generated_Source\PSoC5/Cm3Start.c **** /* Stack Base address */
 197:.\Generated_Source\PSoC5/Cm3Start.c **** extern void __cy_stack(void);
 198:.\Generated_Source\PSoC5/Cm3Start.c **** 
 199:.\Generated_Source\PSoC5/Cm3Start.c **** /* Application entry point. */
 200:.\Generated_Source\PSoC5/Cm3Start.c **** extern int main(void);
 201:.\Generated_Source\PSoC5/Cm3Start.c **** 
 202:.\Generated_Source\PSoC5/Cm3Start.c **** /* Static objects constructors initializer */
 203:.\Generated_Source\PSoC5/Cm3Start.c **** extern void __libc_init_array(void);
 204:.\Generated_Source\PSoC5/Cm3Start.c **** 
 205:.\Generated_Source\PSoC5/Cm3Start.c **** typedef unsigned char __cy_byte_align8 __attribute ((aligned (8)));
 206:.\Generated_Source\PSoC5/Cm3Start.c **** 
 207:.\Generated_Source\PSoC5/Cm3Start.c **** struct __cy_region
 208:.\Generated_Source\PSoC5/Cm3Start.c **** {
 209:.\Generated_Source\PSoC5/Cm3Start.c ****     __cy_byte_align8 *init; /* Initial contents of this region.  */
 210:.\Generated_Source\PSoC5/Cm3Start.c ****     __cy_byte_align8 *data; /* Start address of region.  */
 211:.\Generated_Source\PSoC5/Cm3Start.c ****     size_t init_size;       /* Size of initial data.  */
 212:.\Generated_Source\PSoC5/Cm3Start.c ****     size_t zero_size;       /* Additional size to be zeroed.  */
 213:.\Generated_Source\PSoC5/Cm3Start.c **** };
 214:.\Generated_Source\PSoC5/Cm3Start.c **** 
ARM GAS  C:\Users\PROYEC~1\AppData\Local\Temp\ccKO9Dp7.s 			page 6


 215:.\Generated_Source\PSoC5/Cm3Start.c **** extern const struct __cy_region __cy_regions[];
 216:.\Generated_Source\PSoC5/Cm3Start.c **** extern const char __cy_region_num __attribute__((weak));
 217:.\Generated_Source\PSoC5/Cm3Start.c **** #define __cy_region_num ((size_t)&__cy_region_num)
 218:.\Generated_Source\PSoC5/Cm3Start.c **** 
 219:.\Generated_Source\PSoC5/Cm3Start.c **** 
 220:.\Generated_Source\PSoC5/Cm3Start.c **** /*******************************************************************************
 221:.\Generated_Source\PSoC5/Cm3Start.c **** * System Calls of the Red Hat newlib C Library
 222:.\Generated_Source\PSoC5/Cm3Start.c **** *******************************************************************************/
 223:.\Generated_Source\PSoC5/Cm3Start.c **** 
 224:.\Generated_Source\PSoC5/Cm3Start.c **** 
 225:.\Generated_Source\PSoC5/Cm3Start.c **** /*******************************************************************************
 226:.\Generated_Source\PSoC5/Cm3Start.c **** * Function Name: _exit
 227:.\Generated_Source\PSoC5/Cm3Start.c **** ********************************************************************************
 228:.\Generated_Source\PSoC5/Cm3Start.c **** *
 229:.\Generated_Source\PSoC5/Cm3Start.c **** * Summary:
 230:.\Generated_Source\PSoC5/Cm3Start.c **** *  Exit a program without cleaning up files. If your system doesn't provide
 231:.\Generated_Source\PSoC5/Cm3Start.c **** *  this, it is best to avoid linking with subroutines that require it (exit,
 232:.\Generated_Source\PSoC5/Cm3Start.c **** *  system).
 233:.\Generated_Source\PSoC5/Cm3Start.c **** *
 234:.\Generated_Source\PSoC5/Cm3Start.c **** * Parameters:
 235:.\Generated_Source\PSoC5/Cm3Start.c **** *  status: Status caused program exit.
 236:.\Generated_Source\PSoC5/Cm3Start.c **** *
 237:.\Generated_Source\PSoC5/Cm3Start.c **** * Return:
 238:.\Generated_Source\PSoC5/Cm3Start.c **** *  None
 239:.\Generated_Source\PSoC5/Cm3Start.c **** *
 240:.\Generated_Source\PSoC5/Cm3Start.c **** *******************************************************************************/
 241:.\Generated_Source\PSoC5/Cm3Start.c **** __attribute__((weak))
 242:.\Generated_Source\PSoC5/Cm3Start.c **** void _exit(int status)
 243:.\Generated_Source\PSoC5/Cm3Start.c **** {
  64              		.loc 1 243 0
  65              		.cfi_startproc
  66              		@ args = 0, pretend = 0, frame = 16
  67              		@ frame_needed = 1, uses_anonymous_args = 0
  68              		@ link register save eliminated.
  69 0000 80B4     		push	{r7}
  70              		.cfi_def_cfa_offset 4
  71              		.cfi_offset 7, -4
  72 0002 85B0     		sub	sp, sp, #20
  73              		.cfi_def_cfa_offset 24
  74 0004 00AF     		add	r7, sp, #0
  75              		.cfi_def_cfa_register 7
  76 0006 7860     		str	r0, [r7, #4]
 244:.\Generated_Source\PSoC5/Cm3Start.c ****     /* Cause divide by 0 exception */
 245:.\Generated_Source\PSoC5/Cm3Start.c ****     int x = status / (int) INT_MAX;
  77              		.loc 1 245 0
  78 0008 7B68     		ldr	r3, [r7, #4]
  79 000a 064A     		ldr	r2, .L5
  80 000c 82FB0312 		smull	r1, r2, r2, r3
  81 0010 5217     		asrs	r2, r2, #29
  82 0012 DB17     		asrs	r3, r3, #31
  83 0014 D31A     		subs	r3, r2, r3
  84 0016 FB60     		str	r3, [r7, #12]
 246:.\Generated_Source\PSoC5/Cm3Start.c ****     x = 4 / x;
  85              		.loc 1 246 0
  86 0018 0422     		movs	r2, #4
  87 001a FB68     		ldr	r3, [r7, #12]
  88 001c 92FBF3F3 		sdiv	r3, r2, r3
ARM GAS  C:\Users\PROYEC~1\AppData\Local\Temp\ccKO9Dp7.s 			page 7


  89 0020 FB60     		str	r3, [r7, #12]
  90              	.L4:
 247:.\Generated_Source\PSoC5/Cm3Start.c **** 
 248:.\Generated_Source\PSoC5/Cm3Start.c ****     while(1)
 249:.\Generated_Source\PSoC5/Cm3Start.c ****     {
 250:.\Generated_Source\PSoC5/Cm3Start.c **** 
 251:.\Generated_Source\PSoC5/Cm3Start.c ****     }
  91              		.loc 1 251 0 discriminator 1
  92 0022 FEE7     		b	.L4
  93              	.L6:
  94              		.align	2
  95              	.L5:
  96 0024 01000040 		.word	1073741825
  97              		.cfi_endproc
  98              	.LFE1:
  99              		.size	_exit, .-_exit
 100              		.section	.text._sbrk,"ax",%progbits
 101              		.align	2
 102              		.weak	_sbrk
 103              		.thumb
 104              		.thumb_func
 105              		.type	_sbrk, %function
 106              	_sbrk:
 107              	.LFB2:
 252:.\Generated_Source\PSoC5/Cm3Start.c **** }
 253:.\Generated_Source\PSoC5/Cm3Start.c **** 
 254:.\Generated_Source\PSoC5/Cm3Start.c **** 
 255:.\Generated_Source\PSoC5/Cm3Start.c **** /*******************************************************************************
 256:.\Generated_Source\PSoC5/Cm3Start.c **** * Function Name: _sbrk
 257:.\Generated_Source\PSoC5/Cm3Start.c **** ********************************************************************************
 258:.\Generated_Source\PSoC5/Cm3Start.c **** *
 259:.\Generated_Source\PSoC5/Cm3Start.c **** * Summary:
 260:.\Generated_Source\PSoC5/Cm3Start.c **** *  Increase program data space. As malloc and related functions depend on this,
 261:.\Generated_Source\PSoC5/Cm3Start.c **** *  it is useful to have a working implementation. The following suffices for a
 262:.\Generated_Source\PSoC5/Cm3Start.c **** *  standalone system; it exploits the symbol end automatically defined by the
 263:.\Generated_Source\PSoC5/Cm3Start.c **** *  GNU linker.
 264:.\Generated_Source\PSoC5/Cm3Start.c **** *
 265:.\Generated_Source\PSoC5/Cm3Start.c **** * Parameters:
 266:.\Generated_Source\PSoC5/Cm3Start.c **** *  nbytes: The number of bytes requested (if the parameter value is positive)
 267:.\Generated_Source\PSoC5/Cm3Start.c **** *  from the heap or returned back to the heap (if the parameter value is
 268:.\Generated_Source\PSoC5/Cm3Start.c **** *  negative).
 269:.\Generated_Source\PSoC5/Cm3Start.c **** *
 270:.\Generated_Source\PSoC5/Cm3Start.c **** * Return:
 271:.\Generated_Source\PSoC5/Cm3Start.c **** *  None
 272:.\Generated_Source\PSoC5/Cm3Start.c **** *
 273:.\Generated_Source\PSoC5/Cm3Start.c **** *******************************************************************************/
 274:.\Generated_Source\PSoC5/Cm3Start.c **** __attribute__((weak))
 275:.\Generated_Source\PSoC5/Cm3Start.c **** void * _sbrk (int nbytes)
 276:.\Generated_Source\PSoC5/Cm3Start.c **** {
 108              		.loc 1 276 0
 109              		.cfi_startproc
 110              		@ args = 0, pretend = 0, frame = 16
 111              		@ frame_needed = 1, uses_anonymous_args = 0
 112 0000 80B5     		push	{r7, lr}
 113              		.cfi_def_cfa_offset 8
 114              		.cfi_offset 7, -8
 115              		.cfi_offset 14, -4
ARM GAS  C:\Users\PROYEC~1\AppData\Local\Temp\ccKO9Dp7.s 			page 8


 116 0002 84B0     		sub	sp, sp, #16
 117              		.cfi_def_cfa_offset 24
 118 0004 00AF     		add	r7, sp, #0
 119              		.cfi_def_cfa_register 7
 120 0006 7860     		str	r0, [r7, #4]
 277:.\Generated_Source\PSoC5/Cm3Start.c ****     extern int  end;            /* Symbol defined by linker map. Start of free memory (as symbol). 
 278:.\Generated_Source\PSoC5/Cm3Start.c ****     void *      returnValue;
 279:.\Generated_Source\PSoC5/Cm3Start.c **** 
 280:.\Generated_Source\PSoC5/Cm3Start.c ****     /* The statically held previous end of the heap, with its initialization. */
 281:.\Generated_Source\PSoC5/Cm3Start.c ****     static void *heapPointer = (void *) &end;                 /* Previous end */
 282:.\Generated_Source\PSoC5/Cm3Start.c **** 
 283:.\Generated_Source\PSoC5/Cm3Start.c ****     if (((heapPointer + nbytes) - (void *) &end) <= CYDEV_HEAP_SIZE)
 121              		.loc 1 283 0
 122 0008 104B     		ldr	r3, .L11
 123 000a 1A68     		ldr	r2, [r3]
 124 000c 7B68     		ldr	r3, [r7, #4]
 125 000e 1344     		add	r3, r3, r2
 126 0010 1A46     		mov	r2, r3
 127 0012 0F4B     		ldr	r3, .L11+4
 128 0014 D31A     		subs	r3, r2, r3
 129 0016 B3F5005F 		cmp	r3, #8192
 130 001a 09DC     		bgt	.L8
 284:.\Generated_Source\PSoC5/Cm3Start.c ****     {
 285:.\Generated_Source\PSoC5/Cm3Start.c ****         returnValue  = heapPointer;
 131              		.loc 1 285 0
 132 001c 0B4B     		ldr	r3, .L11
 133 001e 1B68     		ldr	r3, [r3]
 134 0020 FB60     		str	r3, [r7, #12]
 286:.\Generated_Source\PSoC5/Cm3Start.c ****         heapPointer += nbytes;
 135              		.loc 1 286 0
 136 0022 0A4B     		ldr	r3, .L11
 137 0024 1A68     		ldr	r2, [r3]
 138 0026 7B68     		ldr	r3, [r7, #4]
 139 0028 1344     		add	r3, r3, r2
 140 002a 084A     		ldr	r2, .L11
 141 002c 1360     		str	r3, [r2]
 142 002e 07E0     		b	.L9
 143              	.L8:
 287:.\Generated_Source\PSoC5/Cm3Start.c ****     }
 288:.\Generated_Source\PSoC5/Cm3Start.c ****     else
 289:.\Generated_Source\PSoC5/Cm3Start.c ****     {
 290:.\Generated_Source\PSoC5/Cm3Start.c ****         errno = ENOMEM;
 144              		.loc 1 290 0
 145 0030 FFF7FEFF 		bl	__errno
 146 0034 0246     		mov	r2, r0
 147 0036 0C23     		movs	r3, #12
 148 0038 1360     		str	r3, [r2]
 291:.\Generated_Source\PSoC5/Cm3Start.c ****         returnValue = (void *) -1;
 149              		.loc 1 291 0
 150 003a 4FF0FF33 		mov	r3, #-1
 151 003e FB60     		str	r3, [r7, #12]
 152              	.L9:
 292:.\Generated_Source\PSoC5/Cm3Start.c ****     }
 293:.\Generated_Source\PSoC5/Cm3Start.c **** 
 294:.\Generated_Source\PSoC5/Cm3Start.c ****     return (returnValue);
 153              		.loc 1 294 0
 154 0040 FB68     		ldr	r3, [r7, #12]
ARM GAS  C:\Users\PROYEC~1\AppData\Local\Temp\ccKO9Dp7.s 			page 9


 295:.\Generated_Source\PSoC5/Cm3Start.c **** }
 155              		.loc 1 295 0
 156 0042 1846     		mov	r0, r3
 157 0044 1037     		adds	r7, r7, #16
 158              		.cfi_def_cfa_offset 8
 159 0046 BD46     		mov	sp, r7
 160              		.cfi_def_cfa_register 13
 161              		@ sp needed
 162 0048 80BD     		pop	{r7, pc}
 163              	.L12:
 164 004a 00BF     		.align	2
 165              	.L11:
 166 004c 00000000 		.word	heapPointer.4939
 167 0050 00000000 		.word	end
 168              		.cfi_endproc
 169              	.LFE2:
 170              		.size	_sbrk, .-_sbrk
 171              		.section	.text.Reset,"ax",%progbits
 172              		.align	2
 173              		.global	Reset
 174              		.thumb
 175              		.thumb_func
 176              		.type	Reset, %function
 177              	Reset:
 178              	.LFB3:
 296:.\Generated_Source\PSoC5/Cm3Start.c **** 
 297:.\Generated_Source\PSoC5/Cm3Start.c **** 
 298:.\Generated_Source\PSoC5/Cm3Start.c **** /*******************************************************************************
 299:.\Generated_Source\PSoC5/Cm3Start.c **** * Function Name: Reset
 300:.\Generated_Source\PSoC5/Cm3Start.c **** ********************************************************************************
 301:.\Generated_Source\PSoC5/Cm3Start.c **** *
 302:.\Generated_Source\PSoC5/Cm3Start.c **** * Summary:
 303:.\Generated_Source\PSoC5/Cm3Start.c **** *  This function handles the reset interrupt for the GCC toolchain. This is the
 304:.\Generated_Source\PSoC5/Cm3Start.c **** *  first bit of code that is executed at startup.
 305:.\Generated_Source\PSoC5/Cm3Start.c **** *
 306:.\Generated_Source\PSoC5/Cm3Start.c **** * Parameters:
 307:.\Generated_Source\PSoC5/Cm3Start.c **** *  None
 308:.\Generated_Source\PSoC5/Cm3Start.c **** *
 309:.\Generated_Source\PSoC5/Cm3Start.c **** * Return:
 310:.\Generated_Source\PSoC5/Cm3Start.c **** *  None
 311:.\Generated_Source\PSoC5/Cm3Start.c **** *
 312:.\Generated_Source\PSoC5/Cm3Start.c **** *******************************************************************************/
 313:.\Generated_Source\PSoC5/Cm3Start.c **** void Reset(void)
 314:.\Generated_Source\PSoC5/Cm3Start.c **** {
 179              		.loc 1 314 0
 180              		.cfi_startproc
 181              		@ args = 0, pretend = 0, frame = 0
 182              		@ frame_needed = 1, uses_anonymous_args = 0
 183 0000 80B5     		push	{r7, lr}
 184              		.cfi_def_cfa_offset 8
 185              		.cfi_offset 7, -8
 186              		.cfi_offset 14, -4
 187 0002 00AF     		add	r7, sp, #0
 188              		.cfi_def_cfa_register 7
 315:.\Generated_Source\PSoC5/Cm3Start.c ****     #if(CYDEV_PROJ_TYPE != CYDEV_PROJ_TYPE_LOADABLE)
 316:.\Generated_Source\PSoC5/Cm3Start.c **** 
 317:.\Generated_Source\PSoC5/Cm3Start.c ****         /* For PSoC 5LP, debugging is enabled by default */
ARM GAS  C:\Users\PROYEC~1\AppData\Local\Temp\ccKO9Dp7.s 			page 10


 318:.\Generated_Source\PSoC5/Cm3Start.c ****         #if(CYDEV_DEBUGGING_ENABLE == 0)
 319:.\Generated_Source\PSoC5/Cm3Start.c ****             *(reg32 *)(CYDEV_DEBUG_ENABLE_REGISTER) |= CYDEV_DEBUG_ENABLE_MASK;
 320:.\Generated_Source\PSoC5/Cm3Start.c ****         #endif /* (CYDEV_DEBUGGING_ENABLE) */
 321:.\Generated_Source\PSoC5/Cm3Start.c **** 
 322:.\Generated_Source\PSoC5/Cm3Start.c ****         /* Reset Status Register has Read-to-clear SW access mode.
 323:.\Generated_Source\PSoC5/Cm3Start.c ****         * Preserve current RESET_SR0 state to make it available for next reading.
 324:.\Generated_Source\PSoC5/Cm3Start.c ****         */
 325:.\Generated_Source\PSoC5/Cm3Start.c ****         *(reg32 *)(CYREG_PHUB_CFGMEM23_CFG1) = *(reg32 *)(CYREG_RESET_SR0);
 326:.\Generated_Source\PSoC5/Cm3Start.c **** 
 327:.\Generated_Source\PSoC5/Cm3Start.c ****     #endif  /* (CYDEV_PROJ_TYPE != CYDEV_PROJ_TYPE_LOADABLE) */
 328:.\Generated_Source\PSoC5/Cm3Start.c **** 
 329:.\Generated_Source\PSoC5/Cm3Start.c ****     #if(CYDEV_BOOTLOADER_ENABLE)
 330:.\Generated_Source\PSoC5/Cm3Start.c ****         CyBtldr_CheckLaunch();
 331:.\Generated_Source\PSoC5/Cm3Start.c ****     #endif /* (CYDEV_BOOTLOADER_ENABLE) */
 332:.\Generated_Source\PSoC5/Cm3Start.c **** 
 333:.\Generated_Source\PSoC5/Cm3Start.c ****     Start_c();
 189              		.loc 1 333 0
 190 0004 FFF7FEFF 		bl	Start_c
 191              		.cfi_endproc
 192              	.LFE3:
 193              		.size	Reset, .-Reset
 194              		.section	.text.Start_c,"ax",%progbits
 195              		.align	2
 196              		.global	Start_c
 197              		.thumb
 198              		.thumb_func
 199              		.type	Start_c, %function
 200              	Start_c:
 201              	.LFB4:
 334:.\Generated_Source\PSoC5/Cm3Start.c **** }
 335:.\Generated_Source\PSoC5/Cm3Start.c **** 
 336:.\Generated_Source\PSoC5/Cm3Start.c **** 
 337:.\Generated_Source\PSoC5/Cm3Start.c **** /*******************************************************************************
 338:.\Generated_Source\PSoC5/Cm3Start.c **** * Function Name: Start_c
 339:.\Generated_Source\PSoC5/Cm3Start.c **** ********************************************************************************
 340:.\Generated_Source\PSoC5/Cm3Start.c **** *
 341:.\Generated_Source\PSoC5/Cm3Start.c **** * Summary:
 342:.\Generated_Source\PSoC5/Cm3Start.c **** *  This function handles initializing the .data and .bss sections in
 343:.\Generated_Source\PSoC5/Cm3Start.c **** *  preparation for running the standard C code.  Once initialization is complete
 344:.\Generated_Source\PSoC5/Cm3Start.c **** *  it will call main(). This function will never return.
 345:.\Generated_Source\PSoC5/Cm3Start.c **** *
 346:.\Generated_Source\PSoC5/Cm3Start.c **** * Parameters:
 347:.\Generated_Source\PSoC5/Cm3Start.c **** *  None
 348:.\Generated_Source\PSoC5/Cm3Start.c **** *
 349:.\Generated_Source\PSoC5/Cm3Start.c **** * Return:
 350:.\Generated_Source\PSoC5/Cm3Start.c **** *  None
 351:.\Generated_Source\PSoC5/Cm3Start.c **** *
 352:.\Generated_Source\PSoC5/Cm3Start.c **** *******************************************************************************/
 353:.\Generated_Source\PSoC5/Cm3Start.c **** void Start_c(void)  __attribute__ ((noreturn));
 354:.\Generated_Source\PSoC5/Cm3Start.c **** void Start_c(void)
 355:.\Generated_Source\PSoC5/Cm3Start.c **** {
 202              		.loc 1 355 0
 203              		.cfi_startproc
 204              		@ args = 0, pretend = 0, frame = 24
 205              		@ frame_needed = 1, uses_anonymous_args = 0
 206 0000 80B5     		push	{r7, lr}
 207              		.cfi_def_cfa_offset 8
ARM GAS  C:\Users\PROYEC~1\AppData\Local\Temp\ccKO9Dp7.s 			page 11


 208              		.cfi_offset 7, -8
 209              		.cfi_offset 14, -4
 210 0002 86B0     		sub	sp, sp, #24
 211              		.cfi_def_cfa_offset 32
 212 0004 00AF     		add	r7, sp, #0
 213              		.cfi_def_cfa_register 7
 356:.\Generated_Source\PSoC5/Cm3Start.c ****     unsigned regions = __cy_region_num;
 214              		.loc 1 356 0
 215 0006 224B     		ldr	r3, .L22
 216 0008 7B61     		str	r3, [r7, #20]
 357:.\Generated_Source\PSoC5/Cm3Start.c ****     const struct __cy_region *rptr = __cy_regions;
 217              		.loc 1 357 0
 218 000a 224B     		ldr	r3, .L22+4
 219 000c 3B61     		str	r3, [r7, #16]
 358:.\Generated_Source\PSoC5/Cm3Start.c **** 
 359:.\Generated_Source\PSoC5/Cm3Start.c ****     /* Initialize memory */
 360:.\Generated_Source\PSoC5/Cm3Start.c ****     for (regions = __cy_region_num; regions != 0u; regions--)
 220              		.loc 1 360 0
 221 000e 204B     		ldr	r3, .L22
 222 0010 7B61     		str	r3, [r7, #20]
 223 0012 35E0     		b	.L15
 224              	.L20:
 225              	.LBB2:
 361:.\Generated_Source\PSoC5/Cm3Start.c ****     {
 362:.\Generated_Source\PSoC5/Cm3Start.c ****         uint32 *src = (uint32 *)rptr->init;
 226              		.loc 1 362 0
 227 0014 3B69     		ldr	r3, [r7, #16]
 228 0016 1B68     		ldr	r3, [r3]
 229 0018 FB60     		str	r3, [r7, #12]
 363:.\Generated_Source\PSoC5/Cm3Start.c ****         uint32 *dst = (uint32 *)rptr->data;
 230              		.loc 1 363 0
 231 001a 3B69     		ldr	r3, [r7, #16]
 232 001c 5B68     		ldr	r3, [r3, #4]
 233 001e BB60     		str	r3, [r7, #8]
 364:.\Generated_Source\PSoC5/Cm3Start.c ****         unsigned limit = rptr->init_size;
 234              		.loc 1 364 0
 235 0020 3B69     		ldr	r3, [r7, #16]
 236 0022 9B68     		ldr	r3, [r3, #8]
 237 0024 3B60     		str	r3, [r7]
 365:.\Generated_Source\PSoC5/Cm3Start.c ****         unsigned count;
 366:.\Generated_Source\PSoC5/Cm3Start.c **** 
 367:.\Generated_Source\PSoC5/Cm3Start.c ****         for (count = 0u; count != limit; count += sizeof (uint32))
 238              		.loc 1 367 0
 239 0026 0023     		movs	r3, #0
 240 0028 7B60     		str	r3, [r7, #4]
 241 002a 0CE0     		b	.L16
 242              	.L17:
 368:.\Generated_Source\PSoC5/Cm3Start.c ****         {
 369:.\Generated_Source\PSoC5/Cm3Start.c ****             *dst = *src;
 243              		.loc 1 369 0 discriminator 3
 244 002c FB68     		ldr	r3, [r7, #12]
 245 002e 1A68     		ldr	r2, [r3]
 246 0030 BB68     		ldr	r3, [r7, #8]
 247 0032 1A60     		str	r2, [r3]
 370:.\Generated_Source\PSoC5/Cm3Start.c ****             dst++;
 248              		.loc 1 370 0 discriminator 3
 249 0034 BB68     		ldr	r3, [r7, #8]
ARM GAS  C:\Users\PROYEC~1\AppData\Local\Temp\ccKO9Dp7.s 			page 12


 250 0036 0433     		adds	r3, r3, #4
 251 0038 BB60     		str	r3, [r7, #8]
 371:.\Generated_Source\PSoC5/Cm3Start.c ****             src++;
 252              		.loc 1 371 0 discriminator 3
 253 003a FB68     		ldr	r3, [r7, #12]
 254 003c 0433     		adds	r3, r3, #4
 255 003e FB60     		str	r3, [r7, #12]
 367:.\Generated_Source\PSoC5/Cm3Start.c ****         {
 256              		.loc 1 367 0 discriminator 3
 257 0040 7B68     		ldr	r3, [r7, #4]
 258 0042 0433     		adds	r3, r3, #4
 259 0044 7B60     		str	r3, [r7, #4]
 260              	.L16:
 367:.\Generated_Source\PSoC5/Cm3Start.c ****         {
 261              		.loc 1 367 0 is_stmt 0 discriminator 1
 262 0046 7A68     		ldr	r2, [r7, #4]
 263 0048 3B68     		ldr	r3, [r7]
 264 004a 9A42     		cmp	r2, r3
 265 004c EED1     		bne	.L17
 372:.\Generated_Source\PSoC5/Cm3Start.c ****         }
 373:.\Generated_Source\PSoC5/Cm3Start.c ****         limit = rptr->zero_size;
 266              		.loc 1 373 0 is_stmt 1
 267 004e 3B69     		ldr	r3, [r7, #16]
 268 0050 DB68     		ldr	r3, [r3, #12]
 269 0052 3B60     		str	r3, [r7]
 374:.\Generated_Source\PSoC5/Cm3Start.c ****         for (count = 0u; count != limit; count += sizeof (uint32))
 270              		.loc 1 374 0
 271 0054 0023     		movs	r3, #0
 272 0056 7B60     		str	r3, [r7, #4]
 273 0058 08E0     		b	.L18
 274              	.L19:
 375:.\Generated_Source\PSoC5/Cm3Start.c ****         {
 376:.\Generated_Source\PSoC5/Cm3Start.c ****             *dst = 0u;
 275              		.loc 1 376 0 discriminator 3
 276 005a BB68     		ldr	r3, [r7, #8]
 277 005c 0022     		movs	r2, #0
 278 005e 1A60     		str	r2, [r3]
 377:.\Generated_Source\PSoC5/Cm3Start.c ****             dst++;
 279              		.loc 1 377 0 discriminator 3
 280 0060 BB68     		ldr	r3, [r7, #8]
 281 0062 0433     		adds	r3, r3, #4
 282 0064 BB60     		str	r3, [r7, #8]
 374:.\Generated_Source\PSoC5/Cm3Start.c ****         for (count = 0u; count != limit; count += sizeof (uint32))
 283              		.loc 1 374 0 discriminator 3
 284 0066 7B68     		ldr	r3, [r7, #4]
 285 0068 0433     		adds	r3, r3, #4
 286 006a 7B60     		str	r3, [r7, #4]
 287              	.L18:
 374:.\Generated_Source\PSoC5/Cm3Start.c ****         for (count = 0u; count != limit; count += sizeof (uint32))
 288              		.loc 1 374 0 is_stmt 0 discriminator 1
 289 006c 7A68     		ldr	r2, [r7, #4]
 290 006e 3B68     		ldr	r3, [r7]
 291 0070 9A42     		cmp	r2, r3
 292 0072 F2D1     		bne	.L19
 378:.\Generated_Source\PSoC5/Cm3Start.c ****         }
 379:.\Generated_Source\PSoC5/Cm3Start.c **** 
 380:.\Generated_Source\PSoC5/Cm3Start.c ****         rptr++;
ARM GAS  C:\Users\PROYEC~1\AppData\Local\Temp\ccKO9Dp7.s 			page 13


 293              		.loc 1 380 0 is_stmt 1 discriminator 2
 294 0074 3B69     		ldr	r3, [r7, #16]
 295 0076 1033     		adds	r3, r3, #16
 296 0078 3B61     		str	r3, [r7, #16]
 297              	.LBE2:
 360:.\Generated_Source\PSoC5/Cm3Start.c ****     {
 298              		.loc 1 360 0 discriminator 2
 299 007a 7B69     		ldr	r3, [r7, #20]
 300 007c 013B     		subs	r3, r3, #1
 301 007e 7B61     		str	r3, [r7, #20]
 302              	.L15:
 360:.\Generated_Source\PSoC5/Cm3Start.c ****     {
 303              		.loc 1 360 0 is_stmt 0 discriminator 1
 304 0080 7B69     		ldr	r3, [r7, #20]
 305 0082 002B     		cmp	r3, #0
 306 0084 C6D1     		bne	.L20
 381:.\Generated_Source\PSoC5/Cm3Start.c ****     }
 382:.\Generated_Source\PSoC5/Cm3Start.c **** 
 383:.\Generated_Source\PSoC5/Cm3Start.c ****     /* Invoke static objects constructors */
 384:.\Generated_Source\PSoC5/Cm3Start.c ****     __libc_init_array();
 307              		.loc 1 384 0 is_stmt 1
 308 0086 FFF7FEFF 		bl	__libc_init_array
 385:.\Generated_Source\PSoC5/Cm3Start.c ****     (void) main();
 309              		.loc 1 385 0
 310 008a FFF7FEFF 		bl	main
 311              	.L21:
 386:.\Generated_Source\PSoC5/Cm3Start.c **** 
 387:.\Generated_Source\PSoC5/Cm3Start.c ****     while (1)
 388:.\Generated_Source\PSoC5/Cm3Start.c ****     {
 389:.\Generated_Source\PSoC5/Cm3Start.c ****         /* If main returns, make sure we don't return. */
 390:.\Generated_Source\PSoC5/Cm3Start.c ****     }
 312              		.loc 1 390 0 discriminator 1
 313 008e FEE7     		b	.L21
 314              	.L23:
 315              		.align	2
 316              	.L22:
 317 0090 00000000 		.word	__cy_region_num
 318 0094 00000000 		.word	__cy_regions
 319              		.cfi_endproc
 320              	.LFE4:
 321              		.size	Start_c, .-Start_c
 322              		.global	RomVectors
 323              		.section	.romvectors,"a",%progbits
 324              		.align	2
 325              		.type	RomVectors, %object
 326              		.size	RomVectors, 16
 327              	RomVectors:
 328 0000 00000000 		.word	__cy_stack
 329 0004 00000000 		.word	Reset
 330 0008 00000000 		.word	IntDefaultHandler
 331 000c 00000000 		.word	IntDefaultHandler
 332              		.section	.text.initialize_psoc,"ax",%progbits
 333              		.align	2
 334              		.global	initialize_psoc
 335              		.thumb
 336              		.thumb_func
 337              		.type	initialize_psoc, %function
ARM GAS  C:\Users\PROYEC~1\AppData\Local\Temp\ccKO9Dp7.s 			page 14


 338              	initialize_psoc:
 339              	.LFB5:
 391:.\Generated_Source\PSoC5/Cm3Start.c **** }
 392:.\Generated_Source\PSoC5/Cm3Start.c **** 
 393:.\Generated_Source\PSoC5/Cm3Start.c **** 
 394:.\Generated_Source\PSoC5/Cm3Start.c **** #elif defined (__ICCARM__)
 395:.\Generated_Source\PSoC5/Cm3Start.c **** 
 396:.\Generated_Source\PSoC5/Cm3Start.c **** /*******************************************************************************
 397:.\Generated_Source\PSoC5/Cm3Start.c **** * Function Name: __low_level_init
 398:.\Generated_Source\PSoC5/Cm3Start.c **** ********************************************************************************
 399:.\Generated_Source\PSoC5/Cm3Start.c **** *
 400:.\Generated_Source\PSoC5/Cm3Start.c **** * Summary:
 401:.\Generated_Source\PSoC5/Cm3Start.c **** *  This function performs early initializations for the IAR Embedded
 402:.\Generated_Source\PSoC5/Cm3Start.c **** *  Workbench IDE. It is executed in the context of a reset interrupt handler
 403:.\Generated_Source\PSoC5/Cm3Start.c **** *  before the data sections are initialized.
 404:.\Generated_Source\PSoC5/Cm3Start.c **** *
 405:.\Generated_Source\PSoC5/Cm3Start.c **** * Parameters:
 406:.\Generated_Source\PSoC5/Cm3Start.c **** *  None
 407:.\Generated_Source\PSoC5/Cm3Start.c **** *
 408:.\Generated_Source\PSoC5/Cm3Start.c **** * Return:
 409:.\Generated_Source\PSoC5/Cm3Start.c **** *  The value that determines whether or not data sections should be initialized
 410:.\Generated_Source\PSoC5/Cm3Start.c **** *  by the system startup code:
 411:.\Generated_Source\PSoC5/Cm3Start.c **** *    0 - skip data sections initialization;
 412:.\Generated_Source\PSoC5/Cm3Start.c **** *    1 - initialize data sections;
 413:.\Generated_Source\PSoC5/Cm3Start.c **** *
 414:.\Generated_Source\PSoC5/Cm3Start.c **** *******************************************************************************/
 415:.\Generated_Source\PSoC5/Cm3Start.c **** int __low_level_init(void)
 416:.\Generated_Source\PSoC5/Cm3Start.c **** {
 417:.\Generated_Source\PSoC5/Cm3Start.c ****     #if(CYDEV_PROJ_TYPE != CYDEV_PROJ_TYPE_LOADABLE)
 418:.\Generated_Source\PSoC5/Cm3Start.c **** 
 419:.\Generated_Source\PSoC5/Cm3Start.c ****         /* For PSoC 5LP, debugging is enabled by default */
 420:.\Generated_Source\PSoC5/Cm3Start.c ****         #if(CYDEV_DEBUGGING_ENABLE == 0)
 421:.\Generated_Source\PSoC5/Cm3Start.c ****             *(reg32 *)(CYDEV_DEBUG_ENABLE_REGISTER) |= CYDEV_DEBUG_ENABLE_MASK;
 422:.\Generated_Source\PSoC5/Cm3Start.c ****         #endif /* (CYDEV_DEBUGGING_ENABLE) */
 423:.\Generated_Source\PSoC5/Cm3Start.c **** 
 424:.\Generated_Source\PSoC5/Cm3Start.c ****         /* Reset Status Register has Read-to-clear SW access mode.
 425:.\Generated_Source\PSoC5/Cm3Start.c ****         * Preserve current RESET_SR0 state to make it available for next reading.
 426:.\Generated_Source\PSoC5/Cm3Start.c ****         */
 427:.\Generated_Source\PSoC5/Cm3Start.c ****         *(reg32 *)(CYREG_PHUB_CFGMEM23_CFG1) = *(reg32 *)(CYREG_RESET_SR0);
 428:.\Generated_Source\PSoC5/Cm3Start.c **** 
 429:.\Generated_Source\PSoC5/Cm3Start.c ****     #endif  /* (CYDEV_PROJ_TYPE != CYDEV_PROJ_TYPE_LOADABLE) */
 430:.\Generated_Source\PSoC5/Cm3Start.c **** 
 431:.\Generated_Source\PSoC5/Cm3Start.c ****     #if (CYDEV_BOOTLOADER_ENABLE)
 432:.\Generated_Source\PSoC5/Cm3Start.c ****         CyBtldr_CheckLaunch();
 433:.\Generated_Source\PSoC5/Cm3Start.c ****     #endif /* CYDEV_BOOTLOADER_ENABLE */
 434:.\Generated_Source\PSoC5/Cm3Start.c **** 
 435:.\Generated_Source\PSoC5/Cm3Start.c ****     /* Initialize data sections */
 436:.\Generated_Source\PSoC5/Cm3Start.c ****     __iar_data_init3();
 437:.\Generated_Source\PSoC5/Cm3Start.c **** 
 438:.\Generated_Source\PSoC5/Cm3Start.c ****     initialize_psoc();
 439:.\Generated_Source\PSoC5/Cm3Start.c **** 
 440:.\Generated_Source\PSoC5/Cm3Start.c ****     return 0;
 441:.\Generated_Source\PSoC5/Cm3Start.c **** }
 442:.\Generated_Source\PSoC5/Cm3Start.c **** 
 443:.\Generated_Source\PSoC5/Cm3Start.c **** #endif /* __GNUC__ */
 444:.\Generated_Source\PSoC5/Cm3Start.c **** 
 445:.\Generated_Source\PSoC5/Cm3Start.c **** 
ARM GAS  C:\Users\PROYEC~1\AppData\Local\Temp\ccKO9Dp7.s 			page 15


 446:.\Generated_Source\PSoC5/Cm3Start.c **** /*******************************************************************************
 447:.\Generated_Source\PSoC5/Cm3Start.c **** *
 448:.\Generated_Source\PSoC5/Cm3Start.c **** * Default Rom Interrupt Vector table.
 449:.\Generated_Source\PSoC5/Cm3Start.c **** *
 450:.\Generated_Source\PSoC5/Cm3Start.c **** *******************************************************************************/
 451:.\Generated_Source\PSoC5/Cm3Start.c **** #if defined(__ARMCC_VERSION)
 452:.\Generated_Source\PSoC5/Cm3Start.c ****     /* Suppress diagnostic message 1296-D: extended constant initialiser used */
 453:.\Generated_Source\PSoC5/Cm3Start.c ****     #pragma diag_suppress 1296
 454:.\Generated_Source\PSoC5/Cm3Start.c **** #endif  /* defined(__ARMCC_VERSION) */
 455:.\Generated_Source\PSoC5/Cm3Start.c **** 
 456:.\Generated_Source\PSoC5/Cm3Start.c **** #if defined (__ICCARM__)
 457:.\Generated_Source\PSoC5/Cm3Start.c ****     #pragma location=".romvectors"
 458:.\Generated_Source\PSoC5/Cm3Start.c ****     const intvec_elem __vector_table[CY_NUM_ROM_VECTORS] =
 459:.\Generated_Source\PSoC5/Cm3Start.c **** #else
 460:.\Generated_Source\PSoC5/Cm3Start.c ****     CY_SECTION(".romvectors")
 461:.\Generated_Source\PSoC5/Cm3Start.c ****     const cyisraddress RomVectors[CY_NUM_ROM_VECTORS] =
 462:.\Generated_Source\PSoC5/Cm3Start.c **** #endif  /* defined (__ICCARM__) */
 463:.\Generated_Source\PSoC5/Cm3Start.c **** {
 464:.\Generated_Source\PSoC5/Cm3Start.c ****     INITIAL_STACK_POINTER,   /* Initial stack pointer  0 */
 465:.\Generated_Source\PSoC5/Cm3Start.c ****     #if defined (__ICCARM__) /* Reset handler          1 */
 466:.\Generated_Source\PSoC5/Cm3Start.c ****         __iar_program_start,
 467:.\Generated_Source\PSoC5/Cm3Start.c ****     #else
 468:.\Generated_Source\PSoC5/Cm3Start.c ****         (cyisraddress)&Reset,
 469:.\Generated_Source\PSoC5/Cm3Start.c ****     #endif  /* defined (__ICCARM__) */
 470:.\Generated_Source\PSoC5/Cm3Start.c ****     &IntDefaultHandler,      /* NMI handler            2 */
 471:.\Generated_Source\PSoC5/Cm3Start.c ****     &IntDefaultHandler,      /* Hard fault handler     3 */
 472:.\Generated_Source\PSoC5/Cm3Start.c **** };
 473:.\Generated_Source\PSoC5/Cm3Start.c **** 
 474:.\Generated_Source\PSoC5/Cm3Start.c **** #if defined(__ARMCC_VERSION)
 475:.\Generated_Source\PSoC5/Cm3Start.c ****     #pragma diag_default 1296
 476:.\Generated_Source\PSoC5/Cm3Start.c **** #endif  /* defined(__ARMCC_VERSION) */
 477:.\Generated_Source\PSoC5/Cm3Start.c **** 
 478:.\Generated_Source\PSoC5/Cm3Start.c **** 
 479:.\Generated_Source\PSoC5/Cm3Start.c **** /*******************************************************************************
 480:.\Generated_Source\PSoC5/Cm3Start.c **** * Function Name: initialize_psoc
 481:.\Generated_Source\PSoC5/Cm3Start.c **** ********************************************************************************
 482:.\Generated_Source\PSoC5/Cm3Start.c **** *
 483:.\Generated_Source\PSoC5/Cm3Start.c **** * Summary:
 484:.\Generated_Source\PSoC5/Cm3Start.c **** *  This function used to initialize the PSoC chip before calling main.
 485:.\Generated_Source\PSoC5/Cm3Start.c **** *
 486:.\Generated_Source\PSoC5/Cm3Start.c **** * Parameters:
 487:.\Generated_Source\PSoC5/Cm3Start.c **** *  None
 488:.\Generated_Source\PSoC5/Cm3Start.c **** *
 489:.\Generated_Source\PSoC5/Cm3Start.c **** * Return:
 490:.\Generated_Source\PSoC5/Cm3Start.c **** *  None
 491:.\Generated_Source\PSoC5/Cm3Start.c **** *
 492:.\Generated_Source\PSoC5/Cm3Start.c **** *******************************************************************************/
 493:.\Generated_Source\PSoC5/Cm3Start.c **** #if (defined(__GNUC__) && !defined(__ARMCC_VERSION))
 494:.\Generated_Source\PSoC5/Cm3Start.c **** __attribute__ ((constructor(101)))
 495:.\Generated_Source\PSoC5/Cm3Start.c **** #endif
 496:.\Generated_Source\PSoC5/Cm3Start.c **** void initialize_psoc(void)
 497:.\Generated_Source\PSoC5/Cm3Start.c **** {
 340              		.loc 1 497 0
 341              		.cfi_startproc
 342              		@ args = 0, pretend = 0, frame = 8
 343              		@ frame_needed = 1, uses_anonymous_args = 0
 344 0000 80B5     		push	{r7, lr}
ARM GAS  C:\Users\PROYEC~1\AppData\Local\Temp\ccKO9Dp7.s 			page 16


 345              		.cfi_def_cfa_offset 8
 346              		.cfi_offset 7, -8
 347              		.cfi_offset 14, -4
 348 0002 82B0     		sub	sp, sp, #8
 349              		.cfi_def_cfa_offset 16
 350 0004 00AF     		add	r7, sp, #0
 351              		.cfi_def_cfa_register 7
 498:.\Generated_Source\PSoC5/Cm3Start.c ****     uint32 i;
 499:.\Generated_Source\PSoC5/Cm3Start.c **** 
 500:.\Generated_Source\PSoC5/Cm3Start.c ****     /* Set Priority group 5. */
 501:.\Generated_Source\PSoC5/Cm3Start.c **** 
 502:.\Generated_Source\PSoC5/Cm3Start.c ****     /* Writes to NVIC_APINT register require the VECTKEY in the upper half */
 503:.\Generated_Source\PSoC5/Cm3Start.c ****     *CY_NVIC_APINT_PTR = CY_NVIC_APINT_VECTKEY | CY_NVIC_APINT_PRIGROUP_3_5;
 352              		.loc 1 503 0
 353 0006 174B     		ldr	r3, .L29
 354 0008 174A     		ldr	r2, .L29+4
 355 000a 1A60     		str	r2, [r3]
 504:.\Generated_Source\PSoC5/Cm3Start.c ****     *CY_NVIC_CFG_CTRL_PTR |= CY_NVIC_CFG_STACKALIGN;
 356              		.loc 1 504 0
 357 000c 174A     		ldr	r2, .L29+8
 358 000e 174B     		ldr	r3, .L29+8
 359 0010 1B68     		ldr	r3, [r3]
 360 0012 43F40073 		orr	r3, r3, #512
 361 0016 1360     		str	r3, [r2]
 505:.\Generated_Source\PSoC5/Cm3Start.c **** 
 506:.\Generated_Source\PSoC5/Cm3Start.c ****     /* Set Ram interrupt vectors to default functions. */
 507:.\Generated_Source\PSoC5/Cm3Start.c ****     for (i = 0u; i < CY_NUM_VECTORS; i++)
 362              		.loc 1 507 0
 363 0018 0023     		movs	r3, #0
 364 001a 7B60     		str	r3, [r7, #4]
 365 001c 0FE0     		b	.L25
 366              	.L28:
 508:.\Generated_Source\PSoC5/Cm3Start.c ****     {
 509:.\Generated_Source\PSoC5/Cm3Start.c ****         #if defined (__ICCARM__)
 510:.\Generated_Source\PSoC5/Cm3Start.c ****             CyRamVectors[i] = (i < CY_NUM_ROM_VECTORS) ? __vector_table[i].__fun : &IntDefaultHandl
 511:.\Generated_Source\PSoC5/Cm3Start.c ****         #else
 512:.\Generated_Source\PSoC5/Cm3Start.c ****             CyRamVectors[i] = (i < CY_NUM_ROM_VECTORS) ? RomVectors[i] : &IntDefaultHandler;
 367              		.loc 1 512 0
 368 001e 7B68     		ldr	r3, [r7, #4]
 369 0020 032B     		cmp	r3, #3
 370 0022 04D8     		bhi	.L26
 371              		.loc 1 512 0 is_stmt 0 discriminator 1
 372 0024 124A     		ldr	r2, .L29+12
 373 0026 7B68     		ldr	r3, [r7, #4]
 374 0028 52F82330 		ldr	r3, [r2, r3, lsl #2]
 375 002c 00E0     		b	.L27
 376              	.L26:
 377              		.loc 1 512 0 discriminator 2
 378 002e 114B     		ldr	r3, .L29+16
 379              	.L27:
 380              		.loc 1 512 0 discriminator 4
 381 0030 1149     		ldr	r1, .L29+20
 382 0032 7A68     		ldr	r2, [r7, #4]
 383 0034 41F82230 		str	r3, [r1, r2, lsl #2]
 507:.\Generated_Source\PSoC5/Cm3Start.c ****     {
 384              		.loc 1 507 0 is_stmt 1 discriminator 4
 385 0038 7B68     		ldr	r3, [r7, #4]
ARM GAS  C:\Users\PROYEC~1\AppData\Local\Temp\ccKO9Dp7.s 			page 17


 386 003a 0133     		adds	r3, r3, #1
 387 003c 7B60     		str	r3, [r7, #4]
 388              	.L25:
 507:.\Generated_Source\PSoC5/Cm3Start.c ****     {
 389              		.loc 1 507 0 is_stmt 0 discriminator 2
 390 003e 7B68     		ldr	r3, [r7, #4]
 391 0040 2F2B     		cmp	r3, #47
 392 0042 ECD9     		bls	.L28
 513:.\Generated_Source\PSoC5/Cm3Start.c ****         #endif  /* defined (__ICCARM__) */
 514:.\Generated_Source\PSoC5/Cm3Start.c ****     }
 515:.\Generated_Source\PSoC5/Cm3Start.c **** 
 516:.\Generated_Source\PSoC5/Cm3Start.c ****     /* Was stored in CFGMEM to avoid being cleared while SRAM gets cleared */
 517:.\Generated_Source\PSoC5/Cm3Start.c ****     CyResetStatus = CY_GET_REG8(CYREG_PHUB_CFGMEM23_CFG1);
 393              		.loc 1 517 0 is_stmt 1
 394 0044 0D4B     		ldr	r3, .L29+24
 395 0046 1B78     		ldrb	r3, [r3]
 396 0048 DAB2     		uxtb	r2, r3
 397 004a 0D4B     		ldr	r3, .L29+28
 398 004c 1A70     		strb	r2, [r3]
 518:.\Generated_Source\PSoC5/Cm3Start.c **** 
 519:.\Generated_Source\PSoC5/Cm3Start.c ****     /* Point NVIC at RAM vector table. */
 520:.\Generated_Source\PSoC5/Cm3Start.c ****     *CYINT_VECT_TABLE = CyRamVectors;
 399              		.loc 1 520 0
 400 004e 0D4B     		ldr	r3, .L29+32
 401 0050 094A     		ldr	r2, .L29+20
 402 0052 1A60     		str	r2, [r3]
 521:.\Generated_Source\PSoC5/Cm3Start.c **** 
 522:.\Generated_Source\PSoC5/Cm3Start.c ****     /* Initialize the configuration registers. */
 523:.\Generated_Source\PSoC5/Cm3Start.c ****     cyfitter_cfg();
 403              		.loc 1 523 0
 404 0054 FFF7FEFF 		bl	cyfitter_cfg
 524:.\Generated_Source\PSoC5/Cm3Start.c **** 
 525:.\Generated_Source\PSoC5/Cm3Start.c ****     #if(0u != DMA_CHANNELS_USED__MASK0)
 526:.\Generated_Source\PSoC5/Cm3Start.c **** 
 527:.\Generated_Source\PSoC5/Cm3Start.c ****         /* Setup DMA - only necessary if design contains DMA component. */
 528:.\Generated_Source\PSoC5/Cm3Start.c ****         CyDmacConfigure();
 529:.\Generated_Source\PSoC5/Cm3Start.c **** 
 530:.\Generated_Source\PSoC5/Cm3Start.c ****     #endif  /* (0u != DMA_CHANNELS_USED__MASK0) */
 531:.\Generated_Source\PSoC5/Cm3Start.c **** 
 532:.\Generated_Source\PSoC5/Cm3Start.c ****     #if !defined (__ICCARM__)
 533:.\Generated_Source\PSoC5/Cm3Start.c ****         /* Actually, no need to clean this variable, just to make compiler happy. */
 534:.\Generated_Source\PSoC5/Cm3Start.c ****         cySysNoInitDataValid = 0u;
 405              		.loc 1 534 0
 406 0058 0B4B     		ldr	r3, .L29+36
 407 005a 0022     		movs	r2, #0
 408 005c 1A60     		str	r2, [r3]
 535:.\Generated_Source\PSoC5/Cm3Start.c ****     #endif  /* !defined (__ICCARM__) */
 536:.\Generated_Source\PSoC5/Cm3Start.c **** }
 409              		.loc 1 536 0
 410 005e 0837     		adds	r7, r7, #8
 411              		.cfi_def_cfa_offset 8
 412 0060 BD46     		mov	sp, r7
 413              		.cfi_def_cfa_register 13
 414              		@ sp needed
 415 0062 80BD     		pop	{r7, pc}
 416              	.L30:
 417              		.align	2
ARM GAS  C:\Users\PROYEC~1\AppData\Local\Temp\ccKO9Dp7.s 			page 18


 418              	.L29:
 419 0064 0CED00E0 		.word	-536810228
 420 0068 0004FA05 		.word	100271104
 421 006c 14ED00E0 		.word	-536810220
 422 0070 00000000 		.word	RomVectors
 423 0074 00000000 		.word	IntDefaultHandler
 424 0078 00000000 		.word	CyRamVectors
 425 007c BC760040 		.word	1073772220
 426 0080 00000000 		.word	CyResetStatus
 427 0084 08ED00E0 		.word	-536810232
 428 0088 00000000 		.word	cySysNoInitDataValid
 429              		.cfi_endproc
 430              	.LFE5:
 431              		.size	initialize_psoc, .-initialize_psoc
 432              		.section	.init_array,"aw",%init_array
 433              		.align	2
 434 0000 00000000 		.word	initialize_psoc(target1)
 435              		.data
 436              		.align	2
 437              		.type	heapPointer.4939, %object
 438              		.size	heapPointer.4939, 4
 439              	heapPointer.4939:
 440 0000 00000000 		.word	end
 441              		.weak	__cy_region_num
 442              		.text
 443              	.Letext0:
 444              		.file 2 ".\\Generated_Source\\PSoC5\\cytypes.h"
 445              		.file 3 "c:\\program files (x86)\\cypress\\psoc creator\\3.3\\psoc creator\\import\\gnu\\arm\\4.9.
 446              		.file 4 ".\\Generated_Source\\PSoC5\\CyLib.h"
 447              		.section	.debug_info,"",%progbits
 448              	.Ldebug_info0:
 449 0000 1F030000 		.4byte	0x31f
 450 0004 0400     		.2byte	0x4
 451 0006 00000000 		.4byte	.Ldebug_abbrev0
 452 000a 04       		.byte	0x4
 453 000b 01       		.uleb128 0x1
 454 000c 79010000 		.4byte	.LASF43
 455 0010 01       		.byte	0x1
 456 0011 00000000 		.4byte	.LASF44
 457 0015 C6000000 		.4byte	.LASF45
 458 0019 00000000 		.4byte	.Ldebug_ranges0+0
 459 001d 00000000 		.4byte	0
 460 0021 00000000 		.4byte	.Ldebug_line0
 461 0025 02       		.uleb128 0x2
 462 0026 01       		.byte	0x1
 463 0027 06       		.byte	0x6
 464 0028 B9020000 		.4byte	.LASF0
 465 002c 02       		.uleb128 0x2
 466 002d 01       		.byte	0x1
 467 002e 08       		.byte	0x8
 468 002f A1000000 		.4byte	.LASF1
 469 0033 02       		.uleb128 0x2
 470 0034 02       		.byte	0x2
 471 0035 05       		.byte	0x5
 472 0036 98020000 		.4byte	.LASF2
 473 003a 02       		.uleb128 0x2
 474 003b 02       		.byte	0x2
ARM GAS  C:\Users\PROYEC~1\AppData\Local\Temp\ccKO9Dp7.s 			page 19


 475 003c 07       		.byte	0x7
 476 003d 58000000 		.4byte	.LASF3
 477 0041 02       		.uleb128 0x2
 478 0042 04       		.byte	0x4
 479 0043 05       		.byte	0x5
 480 0044 A2020000 		.4byte	.LASF4
 481 0048 02       		.uleb128 0x2
 482 0049 04       		.byte	0x4
 483 004a 07       		.byte	0x7
 484 004b 28010000 		.4byte	.LASF5
 485 004f 02       		.uleb128 0x2
 486 0050 08       		.byte	0x8
 487 0051 05       		.byte	0x5
 488 0052 85020000 		.4byte	.LASF6
 489 0056 02       		.uleb128 0x2
 490 0057 08       		.byte	0x8
 491 0058 07       		.byte	0x7
 492 0059 32020000 		.4byte	.LASF7
 493 005d 03       		.uleb128 0x3
 494 005e 04       		.byte	0x4
 495 005f 05       		.byte	0x5
 496 0060 696E7400 		.ascii	"int\000"
 497 0064 02       		.uleb128 0x2
 498 0065 04       		.byte	0x4
 499 0066 07       		.byte	0x7
 500 0067 25020000 		.4byte	.LASF8
 501 006b 04       		.uleb128 0x4
 502 006c 4F010000 		.4byte	.LASF9
 503 0070 02       		.byte	0x2
 504 0071 A1       		.byte	0xa1
 505 0072 2C000000 		.4byte	0x2c
 506 0076 04       		.uleb128 0x4
 507 0077 1E020000 		.4byte	.LASF10
 508 007b 02       		.byte	0x2
 509 007c A3       		.byte	0xa3
 510 007d 48000000 		.4byte	0x48
 511 0081 02       		.uleb128 0x2
 512 0082 04       		.byte	0x4
 513 0083 04       		.byte	0x4
 514 0084 96000000 		.4byte	.LASF11
 515 0088 02       		.uleb128 0x2
 516 0089 08       		.byte	0x8
 517 008a 04       		.byte	0x4
 518 008b 07020000 		.4byte	.LASF12
 519 008f 02       		.uleb128 0x2
 520 0090 01       		.byte	0x1
 521 0091 08       		.byte	0x8
 522 0092 93020000 		.4byte	.LASF13
 523 0096 05       		.uleb128 0x5
 524 0097 77020000 		.4byte	.LASF14
 525 009b 02       		.byte	0x2
 526 009c 4B01     		.2byte	0x14b
 527 009e A2000000 		.4byte	0xa2
 528 00a2 06       		.uleb128 0x6
 529 00a3 6B000000 		.4byte	0x6b
 530 00a7 05       		.uleb128 0x5
 531 00a8 24000000 		.4byte	.LASF15
ARM GAS  C:\Users\PROYEC~1\AppData\Local\Temp\ccKO9Dp7.s 			page 20


 532 00ac 02       		.byte	0x2
 533 00ad 4D01     		.2byte	0x14d
 534 00af B3000000 		.4byte	0xb3
 535 00b3 06       		.uleb128 0x6
 536 00b4 76000000 		.4byte	0x76
 537 00b8 05       		.uleb128 0x5
 538 00b9 4F020000 		.4byte	.LASF16
 539 00bd 02       		.byte	0x2
 540 00be 5D01     		.2byte	0x15d
 541 00c0 C4000000 		.4byte	0xc4
 542 00c4 07       		.uleb128 0x7
 543 00c5 04       		.byte	0x4
 544 00c6 CA000000 		.4byte	0xca
 545 00ca 08       		.uleb128 0x8
 546 00cb 04       		.uleb128 0x4
 547 00cc 2A000000 		.4byte	.LASF17
 548 00d0 03       		.byte	0x3
 549 00d1 D4       		.byte	0xd4
 550 00d2 64000000 		.4byte	0x64
 551 00d6 02       		.uleb128 0x2
 552 00d7 04       		.byte	0x4
 553 00d8 07       		.byte	0x7
 554 00d9 7C020000 		.4byte	.LASF18
 555 00dd 09       		.uleb128 0x9
 556 00de 04       		.byte	0x4
 557 00df 0A       		.uleb128 0xa
 558 00e0 8F000000 		.4byte	0x8f
 559 00e4 04       		.uleb128 0x4
 560 00e5 66020000 		.4byte	.LASF19
 561 00e9 01       		.byte	0x1
 562 00ea CD       		.byte	0xcd
 563 00eb 2C000000 		.4byte	0x2c
 564 00ef 0B       		.uleb128 0xb
 565 00f0 E1020000 		.4byte	.LASF46
 566 00f4 10       		.byte	0x10
 567 00f5 01       		.byte	0x1
 568 00f6 CF       		.byte	0xcf
 569 00f7 2C010000 		.4byte	0x12c
 570 00fb 0C       		.uleb128 0xc
 571 00fc 7B000000 		.4byte	.LASF20
 572 0100 01       		.byte	0x1
 573 0101 D1       		.byte	0xd1
 574 0102 2C010000 		.4byte	0x12c
 575 0106 00       		.byte	0
 576 0107 0C       		.uleb128 0xc
 577 0108 9C000000 		.4byte	.LASF21
 578 010c 01       		.byte	0x1
 579 010d D2       		.byte	0xd2
 580 010e 2C010000 		.4byte	0x12c
 581 0112 04       		.byte	0x4
 582 0113 0C       		.uleb128 0xc
 583 0114 5C020000 		.4byte	.LASF22
 584 0118 01       		.byte	0x1
 585 0119 D3       		.byte	0xd3
 586 011a CB000000 		.4byte	0xcb
 587 011e 08       		.byte	0x8
 588 011f 0C       		.uleb128 0xc
ARM GAS  C:\Users\PROYEC~1\AppData\Local\Temp\ccKO9Dp7.s 			page 21


 589 0120 87000000 		.4byte	.LASF23
 590 0124 01       		.byte	0x1
 591 0125 D4       		.byte	0xd4
 592 0126 CB000000 		.4byte	0xcb
 593 012a 0C       		.byte	0xc
 594 012b 00       		.byte	0
 595 012c 07       		.uleb128 0x7
 596 012d 04       		.byte	0x4
 597 012e E4000000 		.4byte	0xe4
 598 0132 0D       		.uleb128 0xd
 599 0133 61010000 		.4byte	.LASF28
 600 0137 01       		.byte	0x1
 601 0138 62       		.byte	0x62
 602 0139 00000000 		.4byte	.LFB0
 603 013d 06000000 		.4byte	.LFE0-.LFB0
 604 0141 01       		.uleb128 0x1
 605 0142 9C       		.byte	0x9c
 606 0143 0E       		.uleb128 0xe
 607 0144 5B010000 		.4byte	.LASF30
 608 0148 01       		.byte	0x1
 609 0149 F2       		.byte	0xf2
 610 014a 00000000 		.4byte	.LFB1
 611 014e 28000000 		.4byte	.LFE1-.LFB1
 612 0152 01       		.uleb128 0x1
 613 0153 9C       		.byte	0x9c
 614 0154 73010000 		.4byte	0x173
 615 0158 0F       		.uleb128 0xf
 616 0159 80000000 		.4byte	.LASF24
 617 015d 01       		.byte	0x1
 618 015e F2       		.byte	0xf2
 619 015f 5D000000 		.4byte	0x5d
 620 0163 02       		.uleb128 0x2
 621 0164 91       		.byte	0x91
 622 0165 6C       		.sleb128 -20
 623 0166 10       		.uleb128 0x10
 624 0167 7800     		.ascii	"x\000"
 625 0169 01       		.byte	0x1
 626 016a F5       		.byte	0xf5
 627 016b 5D000000 		.4byte	0x5d
 628 016f 02       		.uleb128 0x2
 629 0170 91       		.byte	0x91
 630 0171 74       		.sleb128 -12
 631 0172 00       		.byte	0
 632 0173 11       		.uleb128 0x11
 633 0174 73010000 		.4byte	.LASF47
 634 0178 01       		.byte	0x1
 635 0179 1301     		.2byte	0x113
 636 017b DD000000 		.4byte	0xdd
 637 017f 00000000 		.4byte	.LFB2
 638 0183 54000000 		.4byte	.LFE2-.LFB2
 639 0187 01       		.uleb128 0x1
 640 0188 9C       		.byte	0x9c
 641 0189 CA010000 		.4byte	0x1ca
 642 018d 12       		.uleb128 0x12
 643 018e DA020000 		.4byte	.LASF25
 644 0192 01       		.byte	0x1
 645 0193 1301     		.2byte	0x113
ARM GAS  C:\Users\PROYEC~1\AppData\Local\Temp\ccKO9Dp7.s 			page 22


 646 0195 5D000000 		.4byte	0x5d
 647 0199 02       		.uleb128 0x2
 648 019a 91       		.byte	0x91
 649 019b 6C       		.sleb128 -20
 650 019c 13       		.uleb128 0x13
 651 019d 656E6400 		.ascii	"end\000"
 652 01a1 01       		.byte	0x1
 653 01a2 1501     		.2byte	0x115
 654 01a4 5D000000 		.4byte	0x5d
 655 01a8 14       		.uleb128 0x14
 656 01a9 AF000000 		.4byte	.LASF26
 657 01ad 01       		.byte	0x1
 658 01ae 1601     		.2byte	0x116
 659 01b0 DD000000 		.4byte	0xdd
 660 01b4 02       		.uleb128 0x2
 661 01b5 91       		.byte	0x91
 662 01b6 74       		.sleb128 -12
 663 01b7 14       		.uleb128 0x14
 664 01b8 4C000000 		.4byte	.LASF27
 665 01bc 01       		.byte	0x1
 666 01bd 1901     		.2byte	0x119
 667 01bf DD000000 		.4byte	0xdd
 668 01c3 05       		.uleb128 0x5
 669 01c4 03       		.byte	0x3
 670 01c5 00000000 		.4byte	heapPointer.4939
 671 01c9 00       		.byte	0
 672 01ca 15       		.uleb128 0x15
 673 01cb 55010000 		.4byte	.LASF29
 674 01cf 01       		.byte	0x1
 675 01d0 3901     		.2byte	0x139
 676 01d2 00000000 		.4byte	.LFB3
 677 01d6 08000000 		.4byte	.LFE3-.LFB3
 678 01da 01       		.uleb128 0x1
 679 01db 9C       		.byte	0x9c
 680 01dc 16       		.uleb128 0x16
 681 01dd 3E000000 		.4byte	.LASF31
 682 01e1 01       		.byte	0x1
 683 01e2 6201     		.2byte	0x162
 684 01e4 00000000 		.4byte	.LFB4
 685 01e8 98000000 		.4byte	.LFE4-.LFB4
 686 01ec 01       		.uleb128 0x1
 687 01ed 9C       		.byte	0x9c
 688 01ee 57020000 		.4byte	0x257
 689 01f2 14       		.uleb128 0x14
 690 01f3 D2020000 		.4byte	.LASF32
 691 01f7 01       		.byte	0x1
 692 01f8 6401     		.2byte	0x164
 693 01fa 64000000 		.4byte	0x64
 694 01fe 02       		.uleb128 0x2
 695 01ff 91       		.byte	0x91
 696 0200 74       		.sleb128 -12
 697 0201 14       		.uleb128 0x14
 698 0202 91000000 		.4byte	.LASF33
 699 0206 01       		.byte	0x1
 700 0207 6501     		.2byte	0x165
 701 0209 57020000 		.4byte	0x257
 702 020d 02       		.uleb128 0x2
ARM GAS  C:\Users\PROYEC~1\AppData\Local\Temp\ccKO9Dp7.s 			page 23


 703 020e 91       		.byte	0x91
 704 020f 70       		.sleb128 -16
 705 0210 17       		.uleb128 0x17
 706 0211 14000000 		.4byte	.LBB2
 707 0215 66000000 		.4byte	.LBE2-.LBB2
 708 0219 18       		.uleb128 0x18
 709 021a 73726300 		.ascii	"src\000"
 710 021e 01       		.byte	0x1
 711 021f 6A01     		.2byte	0x16a
 712 0221 62020000 		.4byte	0x262
 713 0225 02       		.uleb128 0x2
 714 0226 91       		.byte	0x91
 715 0227 6C       		.sleb128 -20
 716 0228 18       		.uleb128 0x18
 717 0229 64737400 		.ascii	"dst\000"
 718 022d 01       		.byte	0x1
 719 022e 6B01     		.2byte	0x16b
 720 0230 62020000 		.4byte	0x262
 721 0234 02       		.uleb128 0x2
 722 0235 91       		.byte	0x91
 723 0236 68       		.sleb128 -24
 724 0237 14       		.uleb128 0x14
 725 0238 49020000 		.4byte	.LASF34
 726 023c 01       		.byte	0x1
 727 023d 6C01     		.2byte	0x16c
 728 023f 64000000 		.4byte	0x64
 729 0243 02       		.uleb128 0x2
 730 0244 91       		.byte	0x91
 731 0245 60       		.sleb128 -32
 732 0246 14       		.uleb128 0x14
 733 0247 46000000 		.4byte	.LASF35
 734 024b 01       		.byte	0x1
 735 024c 6D01     		.2byte	0x16d
 736 024e 64000000 		.4byte	0x64
 737 0252 02       		.uleb128 0x2
 738 0253 91       		.byte	0x91
 739 0254 64       		.sleb128 -28
 740 0255 00       		.byte	0
 741 0256 00       		.byte	0
 742 0257 07       		.uleb128 0x7
 743 0258 04       		.byte	0x4
 744 0259 5D020000 		.4byte	0x25d
 745 025d 0A       		.uleb128 0xa
 746 025e EF000000 		.4byte	0xef
 747 0262 07       		.uleb128 0x7
 748 0263 04       		.byte	0x4
 749 0264 76000000 		.4byte	0x76
 750 0268 16       		.uleb128 0x16
 751 0269 0E020000 		.4byte	.LASF36
 752 026d 01       		.byte	0x1
 753 026e F001     		.2byte	0x1f0
 754 0270 00000000 		.4byte	.LFB5
 755 0274 8C000000 		.4byte	.LFE5-.LFB5
 756 0278 01       		.uleb128 0x1
 757 0279 9C       		.byte	0x9c
 758 027a 8C020000 		.4byte	0x28c
 759 027e 18       		.uleb128 0x18
ARM GAS  C:\Users\PROYEC~1\AppData\Local\Temp\ccKO9Dp7.s 			page 24


 760 027f 6900     		.ascii	"i\000"
 761 0281 01       		.byte	0x1
 762 0282 F201     		.2byte	0x1f2
 763 0284 76000000 		.4byte	0x76
 764 0288 02       		.uleb128 0x2
 765 0289 91       		.byte	0x91
 766 028a 74       		.sleb128 -12
 767 028b 00       		.byte	0
 768 028c 19       		.uleb128 0x19
 769 028d 3A010000 		.4byte	.LASF37
 770 0291 01       		.byte	0x1
 771 0292 3F       		.byte	0x3f
 772 0293 76000000 		.4byte	0x76
 773 0297 05       		.uleb128 0x5
 774 0298 03       		.byte	0x3
 775 0299 00000000 		.4byte	cySysNoInitDataValid
 776 029d 1A       		.uleb128 0x1a
 777 029e AB020000 		.4byte	.LASF38
 778 02a2 04       		.byte	0x4
 779 02a3 2D       		.byte	0x2d
 780 02a4 6B000000 		.4byte	0x6b
 781 02a8 13       		.uleb128 0x13
 782 02a9 656E6400 		.ascii	"end\000"
 783 02ad 01       		.byte	0x1
 784 02ae 1501     		.2byte	0x115
 785 02b0 5D000000 		.4byte	0x5d
 786 02b4 1B       		.uleb128 0x1b
 787 02b5 B8000000 		.4byte	0xb8
 788 02b9 C4020000 		.4byte	0x2c4
 789 02bd 1C       		.uleb128 0x1c
 790 02be D6000000 		.4byte	0xd6
 791 02c2 2F       		.byte	0x2f
 792 02c3 00       		.byte	0
 793 02c4 1D       		.uleb128 0x1d
 794 02c5 31000000 		.4byte	.LASF39
 795 02c9 01       		.byte	0x1
 796 02ca 4D       		.byte	0x4d
 797 02cb B4020000 		.4byte	0x2b4
 798 02cf 05       		.uleb128 0x5
 799 02d0 03       		.byte	0x3
 800 02d1 00000000 		.4byte	CyRamVectors
 801 02d5 1B       		.uleb128 0x1b
 802 02d6 EF000000 		.4byte	0xef
 803 02da E0020000 		.4byte	0x2e0
 804 02de 1E       		.uleb128 0x1e
 805 02df 00       		.byte	0
 806 02e0 1A       		.uleb128 0x1a
 807 02e1 C5020000 		.4byte	.LASF40
 808 02e5 01       		.byte	0x1
 809 02e6 D7       		.byte	0xd7
 810 02e7 EB020000 		.4byte	0x2eb
 811 02eb 0A       		.uleb128 0xa
 812 02ec D5020000 		.4byte	0x2d5
 813 02f0 1A       		.uleb128 0x1a
 814 02f1 6B000000 		.4byte	.LASF41
 815 02f5 01       		.byte	0x1
 816 02f6 D8       		.byte	0xd8
ARM GAS  C:\Users\PROYEC~1\AppData\Local\Temp\ccKO9Dp7.s 			page 25


 817 02f7 DF000000 		.4byte	0xdf
 818 02fb 1B       		.uleb128 0x1b
 819 02fc B8000000 		.4byte	0xb8
 820 0300 0B030000 		.4byte	0x30b
 821 0304 1C       		.uleb128 0x1c
 822 0305 D6000000 		.4byte	0xd6
 823 0309 03       		.byte	0x3
 824 030a 00       		.byte	0
 825 030b 1F       		.uleb128 0x1f
 826 030c BB000000 		.4byte	.LASF42
 827 0310 01       		.byte	0x1
 828 0311 CD01     		.2byte	0x1cd
 829 0313 1D030000 		.4byte	0x31d
 830 0317 05       		.uleb128 0x5
 831 0318 03       		.byte	0x3
 832 0319 00000000 		.4byte	RomVectors
 833 031d 0A       		.uleb128 0xa
 834 031e FB020000 		.4byte	0x2fb
 835 0322 00       		.byte	0
 836              		.section	.debug_abbrev,"",%progbits
 837              	.Ldebug_abbrev0:
 838 0000 01       		.uleb128 0x1
 839 0001 11       		.uleb128 0x11
 840 0002 01       		.byte	0x1
 841 0003 25       		.uleb128 0x25
 842 0004 0E       		.uleb128 0xe
 843 0005 13       		.uleb128 0x13
 844 0006 0B       		.uleb128 0xb
 845 0007 03       		.uleb128 0x3
 846 0008 0E       		.uleb128 0xe
 847 0009 1B       		.uleb128 0x1b
 848 000a 0E       		.uleb128 0xe
 849 000b 55       		.uleb128 0x55
 850 000c 17       		.uleb128 0x17
 851 000d 11       		.uleb128 0x11
 852 000e 01       		.uleb128 0x1
 853 000f 10       		.uleb128 0x10
 854 0010 17       		.uleb128 0x17
 855 0011 00       		.byte	0
 856 0012 00       		.byte	0
 857 0013 02       		.uleb128 0x2
 858 0014 24       		.uleb128 0x24
 859 0015 00       		.byte	0
 860 0016 0B       		.uleb128 0xb
 861 0017 0B       		.uleb128 0xb
 862 0018 3E       		.uleb128 0x3e
 863 0019 0B       		.uleb128 0xb
 864 001a 03       		.uleb128 0x3
 865 001b 0E       		.uleb128 0xe
 866 001c 00       		.byte	0
 867 001d 00       		.byte	0
 868 001e 03       		.uleb128 0x3
 869 001f 24       		.uleb128 0x24
 870 0020 00       		.byte	0
 871 0021 0B       		.uleb128 0xb
 872 0022 0B       		.uleb128 0xb
 873 0023 3E       		.uleb128 0x3e
ARM GAS  C:\Users\PROYEC~1\AppData\Local\Temp\ccKO9Dp7.s 			page 26


 874 0024 0B       		.uleb128 0xb
 875 0025 03       		.uleb128 0x3
 876 0026 08       		.uleb128 0x8
 877 0027 00       		.byte	0
 878 0028 00       		.byte	0
 879 0029 04       		.uleb128 0x4
 880 002a 16       		.uleb128 0x16
 881 002b 00       		.byte	0
 882 002c 03       		.uleb128 0x3
 883 002d 0E       		.uleb128 0xe
 884 002e 3A       		.uleb128 0x3a
 885 002f 0B       		.uleb128 0xb
 886 0030 3B       		.uleb128 0x3b
 887 0031 0B       		.uleb128 0xb
 888 0032 49       		.uleb128 0x49
 889 0033 13       		.uleb128 0x13
 890 0034 00       		.byte	0
 891 0035 00       		.byte	0
 892 0036 05       		.uleb128 0x5
 893 0037 16       		.uleb128 0x16
 894 0038 00       		.byte	0
 895 0039 03       		.uleb128 0x3
 896 003a 0E       		.uleb128 0xe
 897 003b 3A       		.uleb128 0x3a
 898 003c 0B       		.uleb128 0xb
 899 003d 3B       		.uleb128 0x3b
 900 003e 05       		.uleb128 0x5
 901 003f 49       		.uleb128 0x49
 902 0040 13       		.uleb128 0x13
 903 0041 00       		.byte	0
 904 0042 00       		.byte	0
 905 0043 06       		.uleb128 0x6
 906 0044 35       		.uleb128 0x35
 907 0045 00       		.byte	0
 908 0046 49       		.uleb128 0x49
 909 0047 13       		.uleb128 0x13
 910 0048 00       		.byte	0
 911 0049 00       		.byte	0
 912 004a 07       		.uleb128 0x7
 913 004b 0F       		.uleb128 0xf
 914 004c 00       		.byte	0
 915 004d 0B       		.uleb128 0xb
 916 004e 0B       		.uleb128 0xb
 917 004f 49       		.uleb128 0x49
 918 0050 13       		.uleb128 0x13
 919 0051 00       		.byte	0
 920 0052 00       		.byte	0
 921 0053 08       		.uleb128 0x8
 922 0054 15       		.uleb128 0x15
 923 0055 00       		.byte	0
 924 0056 27       		.uleb128 0x27
 925 0057 19       		.uleb128 0x19
 926 0058 00       		.byte	0
 927 0059 00       		.byte	0
 928 005a 09       		.uleb128 0x9
 929 005b 0F       		.uleb128 0xf
 930 005c 00       		.byte	0
ARM GAS  C:\Users\PROYEC~1\AppData\Local\Temp\ccKO9Dp7.s 			page 27


 931 005d 0B       		.uleb128 0xb
 932 005e 0B       		.uleb128 0xb
 933 005f 00       		.byte	0
 934 0060 00       		.byte	0
 935 0061 0A       		.uleb128 0xa
 936 0062 26       		.uleb128 0x26
 937 0063 00       		.byte	0
 938 0064 49       		.uleb128 0x49
 939 0065 13       		.uleb128 0x13
 940 0066 00       		.byte	0
 941 0067 00       		.byte	0
 942 0068 0B       		.uleb128 0xb
 943 0069 13       		.uleb128 0x13
 944 006a 01       		.byte	0x1
 945 006b 03       		.uleb128 0x3
 946 006c 0E       		.uleb128 0xe
 947 006d 0B       		.uleb128 0xb
 948 006e 0B       		.uleb128 0xb
 949 006f 3A       		.uleb128 0x3a
 950 0070 0B       		.uleb128 0xb
 951 0071 3B       		.uleb128 0x3b
 952 0072 0B       		.uleb128 0xb
 953 0073 01       		.uleb128 0x1
 954 0074 13       		.uleb128 0x13
 955 0075 00       		.byte	0
 956 0076 00       		.byte	0
 957 0077 0C       		.uleb128 0xc
 958 0078 0D       		.uleb128 0xd
 959 0079 00       		.byte	0
 960 007a 03       		.uleb128 0x3
 961 007b 0E       		.uleb128 0xe
 962 007c 3A       		.uleb128 0x3a
 963 007d 0B       		.uleb128 0xb
 964 007e 3B       		.uleb128 0x3b
 965 007f 0B       		.uleb128 0xb
 966 0080 49       		.uleb128 0x49
 967 0081 13       		.uleb128 0x13
 968 0082 38       		.uleb128 0x38
 969 0083 0B       		.uleb128 0xb
 970 0084 00       		.byte	0
 971 0085 00       		.byte	0
 972 0086 0D       		.uleb128 0xd
 973 0087 2E       		.uleb128 0x2e
 974 0088 00       		.byte	0
 975 0089 3F       		.uleb128 0x3f
 976 008a 19       		.uleb128 0x19
 977 008b 03       		.uleb128 0x3
 978 008c 0E       		.uleb128 0xe
 979 008d 3A       		.uleb128 0x3a
 980 008e 0B       		.uleb128 0xb
 981 008f 3B       		.uleb128 0x3b
 982 0090 0B       		.uleb128 0xb
 983 0091 27       		.uleb128 0x27
 984 0092 19       		.uleb128 0x19
 985 0093 11       		.uleb128 0x11
 986 0094 01       		.uleb128 0x1
 987 0095 12       		.uleb128 0x12
ARM GAS  C:\Users\PROYEC~1\AppData\Local\Temp\ccKO9Dp7.s 			page 28


 988 0096 06       		.uleb128 0x6
 989 0097 40       		.uleb128 0x40
 990 0098 18       		.uleb128 0x18
 991 0099 9742     		.uleb128 0x2117
 992 009b 19       		.uleb128 0x19
 993 009c 00       		.byte	0
 994 009d 00       		.byte	0
 995 009e 0E       		.uleb128 0xe
 996 009f 2E       		.uleb128 0x2e
 997 00a0 01       		.byte	0x1
 998 00a1 3F       		.uleb128 0x3f
 999 00a2 19       		.uleb128 0x19
 1000 00a3 03       		.uleb128 0x3
 1001 00a4 0E       		.uleb128 0xe
 1002 00a5 3A       		.uleb128 0x3a
 1003 00a6 0B       		.uleb128 0xb
 1004 00a7 3B       		.uleb128 0x3b
 1005 00a8 0B       		.uleb128 0xb
 1006 00a9 27       		.uleb128 0x27
 1007 00aa 19       		.uleb128 0x19
 1008 00ab 11       		.uleb128 0x11
 1009 00ac 01       		.uleb128 0x1
 1010 00ad 12       		.uleb128 0x12
 1011 00ae 06       		.uleb128 0x6
 1012 00af 40       		.uleb128 0x40
 1013 00b0 18       		.uleb128 0x18
 1014 00b1 9742     		.uleb128 0x2117
 1015 00b3 19       		.uleb128 0x19
 1016 00b4 01       		.uleb128 0x1
 1017 00b5 13       		.uleb128 0x13
 1018 00b6 00       		.byte	0
 1019 00b7 00       		.byte	0
 1020 00b8 0F       		.uleb128 0xf
 1021 00b9 05       		.uleb128 0x5
 1022 00ba 00       		.byte	0
 1023 00bb 03       		.uleb128 0x3
 1024 00bc 0E       		.uleb128 0xe
 1025 00bd 3A       		.uleb128 0x3a
 1026 00be 0B       		.uleb128 0xb
 1027 00bf 3B       		.uleb128 0x3b
 1028 00c0 0B       		.uleb128 0xb
 1029 00c1 49       		.uleb128 0x49
 1030 00c2 13       		.uleb128 0x13
 1031 00c3 02       		.uleb128 0x2
 1032 00c4 18       		.uleb128 0x18
 1033 00c5 00       		.byte	0
 1034 00c6 00       		.byte	0
 1035 00c7 10       		.uleb128 0x10
 1036 00c8 34       		.uleb128 0x34
 1037 00c9 00       		.byte	0
 1038 00ca 03       		.uleb128 0x3
 1039 00cb 08       		.uleb128 0x8
 1040 00cc 3A       		.uleb128 0x3a
 1041 00cd 0B       		.uleb128 0xb
 1042 00ce 3B       		.uleb128 0x3b
 1043 00cf 0B       		.uleb128 0xb
 1044 00d0 49       		.uleb128 0x49
ARM GAS  C:\Users\PROYEC~1\AppData\Local\Temp\ccKO9Dp7.s 			page 29


 1045 00d1 13       		.uleb128 0x13
 1046 00d2 02       		.uleb128 0x2
 1047 00d3 18       		.uleb128 0x18
 1048 00d4 00       		.byte	0
 1049 00d5 00       		.byte	0
 1050 00d6 11       		.uleb128 0x11
 1051 00d7 2E       		.uleb128 0x2e
 1052 00d8 01       		.byte	0x1
 1053 00d9 3F       		.uleb128 0x3f
 1054 00da 19       		.uleb128 0x19
 1055 00db 03       		.uleb128 0x3
 1056 00dc 0E       		.uleb128 0xe
 1057 00dd 3A       		.uleb128 0x3a
 1058 00de 0B       		.uleb128 0xb
 1059 00df 3B       		.uleb128 0x3b
 1060 00e0 05       		.uleb128 0x5
 1061 00e1 27       		.uleb128 0x27
 1062 00e2 19       		.uleb128 0x19
 1063 00e3 49       		.uleb128 0x49
 1064 00e4 13       		.uleb128 0x13
 1065 00e5 11       		.uleb128 0x11
 1066 00e6 01       		.uleb128 0x1
 1067 00e7 12       		.uleb128 0x12
 1068 00e8 06       		.uleb128 0x6
 1069 00e9 40       		.uleb128 0x40
 1070 00ea 18       		.uleb128 0x18
 1071 00eb 9642     		.uleb128 0x2116
 1072 00ed 19       		.uleb128 0x19
 1073 00ee 01       		.uleb128 0x1
 1074 00ef 13       		.uleb128 0x13
 1075 00f0 00       		.byte	0
 1076 00f1 00       		.byte	0
 1077 00f2 12       		.uleb128 0x12
 1078 00f3 05       		.uleb128 0x5
 1079 00f4 00       		.byte	0
 1080 00f5 03       		.uleb128 0x3
 1081 00f6 0E       		.uleb128 0xe
 1082 00f7 3A       		.uleb128 0x3a
 1083 00f8 0B       		.uleb128 0xb
 1084 00f9 3B       		.uleb128 0x3b
 1085 00fa 05       		.uleb128 0x5
 1086 00fb 49       		.uleb128 0x49
 1087 00fc 13       		.uleb128 0x13
 1088 00fd 02       		.uleb128 0x2
 1089 00fe 18       		.uleb128 0x18
 1090 00ff 00       		.byte	0
 1091 0100 00       		.byte	0
 1092 0101 13       		.uleb128 0x13
 1093 0102 34       		.uleb128 0x34
 1094 0103 00       		.byte	0
 1095 0104 03       		.uleb128 0x3
 1096 0105 08       		.uleb128 0x8
 1097 0106 3A       		.uleb128 0x3a
 1098 0107 0B       		.uleb128 0xb
 1099 0108 3B       		.uleb128 0x3b
 1100 0109 05       		.uleb128 0x5
 1101 010a 49       		.uleb128 0x49
ARM GAS  C:\Users\PROYEC~1\AppData\Local\Temp\ccKO9Dp7.s 			page 30


 1102 010b 13       		.uleb128 0x13
 1103 010c 3F       		.uleb128 0x3f
 1104 010d 19       		.uleb128 0x19
 1105 010e 3C       		.uleb128 0x3c
 1106 010f 19       		.uleb128 0x19
 1107 0110 00       		.byte	0
 1108 0111 00       		.byte	0
 1109 0112 14       		.uleb128 0x14
 1110 0113 34       		.uleb128 0x34
 1111 0114 00       		.byte	0
 1112 0115 03       		.uleb128 0x3
 1113 0116 0E       		.uleb128 0xe
 1114 0117 3A       		.uleb128 0x3a
 1115 0118 0B       		.uleb128 0xb
 1116 0119 3B       		.uleb128 0x3b
 1117 011a 05       		.uleb128 0x5
 1118 011b 49       		.uleb128 0x49
 1119 011c 13       		.uleb128 0x13
 1120 011d 02       		.uleb128 0x2
 1121 011e 18       		.uleb128 0x18
 1122 011f 00       		.byte	0
 1123 0120 00       		.byte	0
 1124 0121 15       		.uleb128 0x15
 1125 0122 2E       		.uleb128 0x2e
 1126 0123 00       		.byte	0
 1127 0124 3F       		.uleb128 0x3f
 1128 0125 19       		.uleb128 0x19
 1129 0126 03       		.uleb128 0x3
 1130 0127 0E       		.uleb128 0xe
 1131 0128 3A       		.uleb128 0x3a
 1132 0129 0B       		.uleb128 0xb
 1133 012a 3B       		.uleb128 0x3b
 1134 012b 05       		.uleb128 0x5
 1135 012c 27       		.uleb128 0x27
 1136 012d 19       		.uleb128 0x19
 1137 012e 11       		.uleb128 0x11
 1138 012f 01       		.uleb128 0x1
 1139 0130 12       		.uleb128 0x12
 1140 0131 06       		.uleb128 0x6
 1141 0132 40       		.uleb128 0x40
 1142 0133 18       		.uleb128 0x18
 1143 0134 9642     		.uleb128 0x2116
 1144 0136 19       		.uleb128 0x19
 1145 0137 00       		.byte	0
 1146 0138 00       		.byte	0
 1147 0139 16       		.uleb128 0x16
 1148 013a 2E       		.uleb128 0x2e
 1149 013b 01       		.byte	0x1
 1150 013c 3F       		.uleb128 0x3f
 1151 013d 19       		.uleb128 0x19
 1152 013e 03       		.uleb128 0x3
 1153 013f 0E       		.uleb128 0xe
 1154 0140 3A       		.uleb128 0x3a
 1155 0141 0B       		.uleb128 0xb
 1156 0142 3B       		.uleb128 0x3b
 1157 0143 05       		.uleb128 0x5
 1158 0144 27       		.uleb128 0x27
ARM GAS  C:\Users\PROYEC~1\AppData\Local\Temp\ccKO9Dp7.s 			page 31


 1159 0145 19       		.uleb128 0x19
 1160 0146 11       		.uleb128 0x11
 1161 0147 01       		.uleb128 0x1
 1162 0148 12       		.uleb128 0x12
 1163 0149 06       		.uleb128 0x6
 1164 014a 40       		.uleb128 0x40
 1165 014b 18       		.uleb128 0x18
 1166 014c 9642     		.uleb128 0x2116
 1167 014e 19       		.uleb128 0x19
 1168 014f 01       		.uleb128 0x1
 1169 0150 13       		.uleb128 0x13
 1170 0151 00       		.byte	0
 1171 0152 00       		.byte	0
 1172 0153 17       		.uleb128 0x17
 1173 0154 0B       		.uleb128 0xb
 1174 0155 01       		.byte	0x1
 1175 0156 11       		.uleb128 0x11
 1176 0157 01       		.uleb128 0x1
 1177 0158 12       		.uleb128 0x12
 1178 0159 06       		.uleb128 0x6
 1179 015a 00       		.byte	0
 1180 015b 00       		.byte	0
 1181 015c 18       		.uleb128 0x18
 1182 015d 34       		.uleb128 0x34
 1183 015e 00       		.byte	0
 1184 015f 03       		.uleb128 0x3
 1185 0160 08       		.uleb128 0x8
 1186 0161 3A       		.uleb128 0x3a
 1187 0162 0B       		.uleb128 0xb
 1188 0163 3B       		.uleb128 0x3b
 1189 0164 05       		.uleb128 0x5
 1190 0165 49       		.uleb128 0x49
 1191 0166 13       		.uleb128 0x13
 1192 0167 02       		.uleb128 0x2
 1193 0168 18       		.uleb128 0x18
 1194 0169 00       		.byte	0
 1195 016a 00       		.byte	0
 1196 016b 19       		.uleb128 0x19
 1197 016c 34       		.uleb128 0x34
 1198 016d 00       		.byte	0
 1199 016e 03       		.uleb128 0x3
 1200 016f 0E       		.uleb128 0xe
 1201 0170 3A       		.uleb128 0x3a
 1202 0171 0B       		.uleb128 0xb
 1203 0172 3B       		.uleb128 0x3b
 1204 0173 0B       		.uleb128 0xb
 1205 0174 49       		.uleb128 0x49
 1206 0175 13       		.uleb128 0x13
 1207 0176 02       		.uleb128 0x2
 1208 0177 18       		.uleb128 0x18
 1209 0178 00       		.byte	0
 1210 0179 00       		.byte	0
 1211 017a 1A       		.uleb128 0x1a
 1212 017b 34       		.uleb128 0x34
 1213 017c 00       		.byte	0
 1214 017d 03       		.uleb128 0x3
 1215 017e 0E       		.uleb128 0xe
ARM GAS  C:\Users\PROYEC~1\AppData\Local\Temp\ccKO9Dp7.s 			page 32


 1216 017f 3A       		.uleb128 0x3a
 1217 0180 0B       		.uleb128 0xb
 1218 0181 3B       		.uleb128 0x3b
 1219 0182 0B       		.uleb128 0xb
 1220 0183 49       		.uleb128 0x49
 1221 0184 13       		.uleb128 0x13
 1222 0185 3F       		.uleb128 0x3f
 1223 0186 19       		.uleb128 0x19
 1224 0187 3C       		.uleb128 0x3c
 1225 0188 19       		.uleb128 0x19
 1226 0189 00       		.byte	0
 1227 018a 00       		.byte	0
 1228 018b 1B       		.uleb128 0x1b
 1229 018c 01       		.uleb128 0x1
 1230 018d 01       		.byte	0x1
 1231 018e 49       		.uleb128 0x49
 1232 018f 13       		.uleb128 0x13
 1233 0190 01       		.uleb128 0x1
 1234 0191 13       		.uleb128 0x13
 1235 0192 00       		.byte	0
 1236 0193 00       		.byte	0
 1237 0194 1C       		.uleb128 0x1c
 1238 0195 21       		.uleb128 0x21
 1239 0196 00       		.byte	0
 1240 0197 49       		.uleb128 0x49
 1241 0198 13       		.uleb128 0x13
 1242 0199 2F       		.uleb128 0x2f
 1243 019a 0B       		.uleb128 0xb
 1244 019b 00       		.byte	0
 1245 019c 00       		.byte	0
 1246 019d 1D       		.uleb128 0x1d
 1247 019e 34       		.uleb128 0x34
 1248 019f 00       		.byte	0
 1249 01a0 03       		.uleb128 0x3
 1250 01a1 0E       		.uleb128 0xe
 1251 01a2 3A       		.uleb128 0x3a
 1252 01a3 0B       		.uleb128 0xb
 1253 01a4 3B       		.uleb128 0x3b
 1254 01a5 0B       		.uleb128 0xb
 1255 01a6 49       		.uleb128 0x49
 1256 01a7 13       		.uleb128 0x13
 1257 01a8 3F       		.uleb128 0x3f
 1258 01a9 19       		.uleb128 0x19
 1259 01aa 02       		.uleb128 0x2
 1260 01ab 18       		.uleb128 0x18
 1261 01ac 00       		.byte	0
 1262 01ad 00       		.byte	0
 1263 01ae 1E       		.uleb128 0x1e
 1264 01af 21       		.uleb128 0x21
 1265 01b0 00       		.byte	0
 1266 01b1 00       		.byte	0
 1267 01b2 00       		.byte	0
 1268 01b3 1F       		.uleb128 0x1f
 1269 01b4 34       		.uleb128 0x34
 1270 01b5 00       		.byte	0
 1271 01b6 03       		.uleb128 0x3
 1272 01b7 0E       		.uleb128 0xe
ARM GAS  C:\Users\PROYEC~1\AppData\Local\Temp\ccKO9Dp7.s 			page 33


 1273 01b8 3A       		.uleb128 0x3a
 1274 01b9 0B       		.uleb128 0xb
 1275 01ba 3B       		.uleb128 0x3b
 1276 01bb 05       		.uleb128 0x5
 1277 01bc 49       		.uleb128 0x49
 1278 01bd 13       		.uleb128 0x13
 1279 01be 3F       		.uleb128 0x3f
 1280 01bf 19       		.uleb128 0x19
 1281 01c0 02       		.uleb128 0x2
 1282 01c1 18       		.uleb128 0x18
 1283 01c2 00       		.byte	0
 1284 01c3 00       		.byte	0
 1285 01c4 00       		.byte	0
 1286              		.section	.debug_aranges,"",%progbits
 1287 0000 44000000 		.4byte	0x44
 1288 0004 0200     		.2byte	0x2
 1289 0006 00000000 		.4byte	.Ldebug_info0
 1290 000a 04       		.byte	0x4
 1291 000b 00       		.byte	0
 1292 000c 0000     		.2byte	0
 1293 000e 0000     		.2byte	0
 1294 0010 00000000 		.4byte	.LFB0
 1295 0014 06000000 		.4byte	.LFE0-.LFB0
 1296 0018 00000000 		.4byte	.LFB1
 1297 001c 28000000 		.4byte	.LFE1-.LFB1
 1298 0020 00000000 		.4byte	.LFB2
 1299 0024 54000000 		.4byte	.LFE2-.LFB2
 1300 0028 00000000 		.4byte	.LFB3
 1301 002c 08000000 		.4byte	.LFE3-.LFB3
 1302 0030 00000000 		.4byte	.LFB4
 1303 0034 98000000 		.4byte	.LFE4-.LFB4
 1304 0038 00000000 		.4byte	.LFB5
 1305 003c 8C000000 		.4byte	.LFE5-.LFB5
 1306 0040 00000000 		.4byte	0
 1307 0044 00000000 		.4byte	0
 1308              		.section	.debug_ranges,"",%progbits
 1309              	.Ldebug_ranges0:
 1310 0000 00000000 		.4byte	.LFB0
 1311 0004 06000000 		.4byte	.LFE0
 1312 0008 00000000 		.4byte	.LFB1
 1313 000c 28000000 		.4byte	.LFE1
 1314 0010 00000000 		.4byte	.LFB2
 1315 0014 54000000 		.4byte	.LFE2
 1316 0018 00000000 		.4byte	.LFB3
 1317 001c 08000000 		.4byte	.LFE3
 1318 0020 00000000 		.4byte	.LFB4
 1319 0024 98000000 		.4byte	.LFE4
 1320 0028 00000000 		.4byte	.LFB5
 1321 002c 8C000000 		.4byte	.LFE5
 1322 0030 00000000 		.4byte	0
 1323 0034 00000000 		.4byte	0
 1324              		.section	.debug_line,"",%progbits
 1325              	.Ldebug_line0:
 1326 0000 D0010000 		.section	.debug_str,"MS",%progbits,1
 1326      0200D400 
 1326      00000201 
 1326      FB0E0D00 
ARM GAS  C:\Users\PROYEC~1\AppData\Local\Temp\ccKO9Dp7.s 			page 34


 1326      01010101 
 1327              	.LASF44:
 1328 0000 2E5C4765 		.ascii	".\\Generated_Source\\PSoC5\\Cm3Start.c\000"
 1328      6E657261 
 1328      7465645F 
 1328      536F7572 
 1328      63655C50 
 1329              	.LASF15:
 1330 0024 72656733 		.ascii	"reg32\000"
 1330      3200
 1331              	.LASF17:
 1332 002a 73697A65 		.ascii	"size_t\000"
 1332      5F7400
 1333              	.LASF39:
 1334 0031 43795261 		.ascii	"CyRamVectors\000"
 1334      6D566563 
 1334      746F7273 
 1334      00
 1335              	.LASF31:
 1336 003e 53746172 		.ascii	"Start_c\000"
 1336      745F6300 
 1337              	.LASF35:
 1338 0046 636F756E 		.ascii	"count\000"
 1338      7400
 1339              	.LASF27:
 1340 004c 68656170 		.ascii	"heapPointer\000"
 1340      506F696E 
 1340      74657200 
 1341              	.LASF3:
 1342 0058 73686F72 		.ascii	"short unsigned int\000"
 1342      7420756E 
 1342      7369676E 
 1342      65642069 
 1342      6E7400
 1343              	.LASF41:
 1344 006b 5F5F6379 		.ascii	"__cy_region_num\000"
 1344      5F726567 
 1344      696F6E5F 
 1344      6E756D00 
 1345              	.LASF20:
 1346 007b 696E6974 		.ascii	"init\000"
 1346      00
 1347              	.LASF24:
 1348 0080 73746174 		.ascii	"status\000"
 1348      757300
 1349              	.LASF23:
 1350 0087 7A65726F 		.ascii	"zero_size\000"
 1350      5F73697A 
 1350      6500
 1351              	.LASF33:
 1352 0091 72707472 		.ascii	"rptr\000"
 1352      00
 1353              	.LASF11:
 1354 0096 666C6F61 		.ascii	"float\000"
 1354      7400
 1355              	.LASF21:
 1356 009c 64617461 		.ascii	"data\000"
ARM GAS  C:\Users\PROYEC~1\AppData\Local\Temp\ccKO9Dp7.s 			page 35


 1356      00
 1357              	.LASF1:
 1358 00a1 756E7369 		.ascii	"unsigned char\000"
 1358      676E6564 
 1358      20636861 
 1358      7200
 1359              	.LASF26:
 1360 00af 72657475 		.ascii	"returnValue\000"
 1360      726E5661 
 1360      6C756500 
 1361              	.LASF42:
 1362 00bb 526F6D56 		.ascii	"RomVectors\000"
 1362      6563746F 
 1362      727300
 1363              	.LASF45:
 1364 00c6 433A5C55 		.ascii	"C:\\Users\\Proyectos_Hardware\\Dropbox\\Proyecto Co"
 1364      73657273 
 1364      5C50726F 
 1364      79656374 
 1364      6F735F48 
 1365 00f5 6E74726F 		.ascii	"ntroller\\Mux Advance Encore V4_00\\MuxAdvance.cyds"
 1365      6C6C6572 
 1365      5C4D7578 
 1365      20416476 
 1365      616E6365 
 1366 0126 6E00     		.ascii	"n\000"
 1367              	.LASF5:
 1368 0128 6C6F6E67 		.ascii	"long unsigned int\000"
 1368      20756E73 
 1368      69676E65 
 1368      6420696E 
 1368      7400
 1369              	.LASF37:
 1370 013a 63795379 		.ascii	"cySysNoInitDataValid\000"
 1370      734E6F49 
 1370      6E697444 
 1370      61746156 
 1370      616C6964 
 1371              	.LASF9:
 1372 014f 75696E74 		.ascii	"uint8\000"
 1372      3800
 1373              	.LASF29:
 1374 0155 52657365 		.ascii	"Reset\000"
 1374      7400
 1375              	.LASF30:
 1376 015b 5F657869 		.ascii	"_exit\000"
 1376      7400
 1377              	.LASF28:
 1378 0161 496E7444 		.ascii	"IntDefaultHandler\000"
 1378      65666175 
 1378      6C744861 
 1378      6E646C65 
 1378      7200
 1379              	.LASF47:
 1380 0173 5F736272 		.ascii	"_sbrk\000"
 1380      6B00
 1381              	.LASF43:
ARM GAS  C:\Users\PROYEC~1\AppData\Local\Temp\ccKO9Dp7.s 			page 36


 1382 0179 474E5520 		.ascii	"GNU C 4.9.3 20150303 (release) [ARM/embedded-4_9-br"
 1382      4320342E 
 1382      392E3320 
 1382      32303135 
 1382      30333033 
 1383 01ac 616E6368 		.ascii	"anch revision 221220] -mcpu=cortex-m3 -mthumb -g -O"
 1383      20726576 
 1383      6973696F 
 1383      6E203232 
 1383      31323230 
 1384 01df 30202D66 		.ascii	"0 -ffunction-sections -ffat-lto-objects\000"
 1384      66756E63 
 1384      74696F6E 
 1384      2D736563 
 1384      74696F6E 
 1385              	.LASF12:
 1386 0207 646F7562 		.ascii	"double\000"
 1386      6C6500
 1387              	.LASF36:
 1388 020e 696E6974 		.ascii	"initialize_psoc\000"
 1388      69616C69 
 1388      7A655F70 
 1388      736F6300 
 1389              	.LASF10:
 1390 021e 75696E74 		.ascii	"uint32\000"
 1390      333200
 1391              	.LASF8:
 1392 0225 756E7369 		.ascii	"unsigned int\000"
 1392      676E6564 
 1392      20696E74 
 1392      00
 1393              	.LASF7:
 1394 0232 6C6F6E67 		.ascii	"long long unsigned int\000"
 1394      206C6F6E 
 1394      6720756E 
 1394      7369676E 
 1394      65642069 
 1395              	.LASF34:
 1396 0249 6C696D69 		.ascii	"limit\000"
 1396      7400
 1397              	.LASF16:
 1398 024f 63796973 		.ascii	"cyisraddress\000"
 1398      72616464 
 1398      72657373 
 1398      00
 1399              	.LASF22:
 1400 025c 696E6974 		.ascii	"init_size\000"
 1400      5F73697A 
 1400      6500
 1401              	.LASF19:
 1402 0266 5F5F6379 		.ascii	"__cy_byte_align8\000"
 1402      5F627974 
 1402      655F616C 
 1402      69676E38 
 1402      00
 1403              	.LASF14:
 1404 0277 72656738 		.ascii	"reg8\000"
ARM GAS  C:\Users\PROYEC~1\AppData\Local\Temp\ccKO9Dp7.s 			page 37


 1404      00
 1405              	.LASF18:
 1406 027c 73697A65 		.ascii	"sizetype\000"
 1406      74797065 
 1406      00
 1407              	.LASF6:
 1408 0285 6C6F6E67 		.ascii	"long long int\000"
 1408      206C6F6E 
 1408      6720696E 
 1408      7400
 1409              	.LASF13:
 1410 0293 63686172 		.ascii	"char\000"
 1410      00
 1411              	.LASF2:
 1412 0298 73686F72 		.ascii	"short int\000"
 1412      7420696E 
 1412      7400
 1413              	.LASF4:
 1414 02a2 6C6F6E67 		.ascii	"long int\000"
 1414      20696E74 
 1414      00
 1415              	.LASF38:
 1416 02ab 43795265 		.ascii	"CyResetStatus\000"
 1416      73657453 
 1416      74617475 
 1416      7300
 1417              	.LASF0:
 1418 02b9 7369676E 		.ascii	"signed char\000"
 1418      65642063 
 1418      68617200 
 1419              	.LASF40:
 1420 02c5 5F5F6379 		.ascii	"__cy_regions\000"
 1420      5F726567 
 1420      696F6E73 
 1420      00
 1421              	.LASF32:
 1422 02d2 72656769 		.ascii	"regions\000"
 1422      6F6E7300 
 1423              	.LASF25:
 1424 02da 6E627974 		.ascii	"nbytes\000"
 1424      657300
 1425              	.LASF46:
 1426 02e1 5F5F6379 		.ascii	"__cy_region\000"
 1426      5F726567 
 1426      696F6E00 
 1427              		.ident	"GCC: (GNU Tools for ARM Embedded Processors) 4.9.3 20150303 (release) [ARM/embedded-4_9-br
