ARM GAS  C:\Users\PROYEC~1\AppData\Local\Temp\ccgHumpQ.s 			page 1


   1              		.syntax unified
   2              		.cpu cortex-m3
   3              		.fpu softvfp
   4              		.eabi_attribute 20, 1
   5              		.eabi_attribute 21, 1
   6              		.eabi_attribute 23, 3
   7              		.eabi_attribute 24, 1
   8              		.eabi_attribute 25, 1
   9              		.eabi_attribute 26, 1
  10              		.eabi_attribute 30, 6
  11              		.eabi_attribute 34, 1
  12              		.eabi_attribute 18, 4
  13              		.thumb
  14              		.file	"Emulator.c"
  15              		.text
  16              	.Ltext0:
  17              		.cfi_sections	.debug_frame
  18              		.comm	digits,1,1
  19              		.comm	ppux10,1,1
  20              		.comm	time,3,4
  21              		.comm	date,3,4
  22              		.comm	timeSale1,3,4
  23              		.comm	dateSale1,3,4
  24              		.comm	timeSale2,3,4
  25              		.comm	dateSale2,3,4
  26              		.comm	decimalMoney,1,1
  27              		.comm	decimalVolume,1,1
  28              		.comm	RxPc,300,4
  29              		.comm	RxPu,300,4
  30              		.comm	TxPu,300,4
  31              		.comm	flowLoopPump,1,1
  32              		.comm	flowPump,1,1
  33              		.comm	flagImp,3,4
  34              		.comm	flagHandleUp,3,4
  35              		.comm	flagAuthorize,3,4
  36              		.comm	flagSale,3,4
  37              		.comm	product,1,1
  38              		.comm	valuePPU,30,4
  39              		.comm	countSale,8,8
  40              		.comm	countImp,3,4
  41              		.comm	Buffer_LCD1,150,4
  42              		.comm	Buffer_LCD2,150,4
  43              		.comm	print,162,4
  44              		.comm	side,722,4
  45              		.comm	bSale,36,4
  46              	.Letext0:
  47              		.file 1 "c:\\program files (x86)\\cypress\\psoc creator\\3.3\\psoc creator\\import\\gnu\\arm\\4.9.
  48              		.file 2 "c:\\program files (x86)\\cypress\\psoc creator\\3.3\\psoc creator\\import\\gnu\\arm\\4.9.
  49              		.file 3 "Generated_Source\\PSoC5/cytypes.h"
  50              		.file 4 "./VariablesG.h"
  51              		.file 5 "Generated_Source\\PSoC5/core_cm3.h"
  52              		.section	.debug_info,"",%progbits
  53              	.Ldebug_info0:
  54 0000 39050000 		.4byte	0x539
  55 0004 0400     		.2byte	0x4
  56 0006 00000000 		.4byte	.Ldebug_abbrev0
  57 000a 04       		.byte	0x4
ARM GAS  C:\Users\PROYEC~1\AppData\Local\Temp\ccgHumpQ.s 			page 2


  58 000b 01       		.uleb128 0x1
  59 000c 5C010000 		.4byte	.LASF76
  60 0010 01       		.byte	0x1
  61 0011 10030000 		.4byte	.LASF77
  62 0015 12000000 		.4byte	.LASF78
  63 0019 00000000 		.4byte	.Ldebug_line0
  64 001d 02       		.uleb128 0x2
  65 001e 01       		.byte	0x1
  66 001f 06       		.byte	0x6
  67 0020 42020000 		.4byte	.LASF0
  68 0024 02       		.uleb128 0x2
  69 0025 01       		.byte	0x1
  70 0026 08       		.byte	0x8
  71 0027 26020000 		.4byte	.LASF1
  72 002b 02       		.uleb128 0x2
  73 002c 02       		.byte	0x2
  74 002d 05       		.byte	0x5
  75 002e 8C000000 		.4byte	.LASF2
  76 0032 02       		.uleb128 0x2
  77 0033 02       		.byte	0x2
  78 0034 07       		.byte	0x7
  79 0035 B1020000 		.4byte	.LASF3
  80 0039 03       		.uleb128 0x3
  81 003a 6E030000 		.4byte	.LASF9
  82 003e 01       		.byte	0x1
  83 003f 3F       		.byte	0x3f
  84 0040 44000000 		.4byte	0x44
  85 0044 02       		.uleb128 0x2
  86 0045 04       		.byte	0x4
  87 0046 05       		.byte	0x5
  88 0047 CE020000 		.4byte	.LASF4
  89 004b 02       		.uleb128 0x2
  90 004c 04       		.byte	0x4
  91 004d 07       		.byte	0x7
  92 004e 2D030000 		.4byte	.LASF5
  93 0052 02       		.uleb128 0x2
  94 0053 08       		.byte	0x8
  95 0054 05       		.byte	0x5
  96 0055 A7000000 		.4byte	.LASF6
  97 0059 02       		.uleb128 0x2
  98 005a 08       		.byte	0x8
  99 005b 07       		.byte	0x7
 100 005c 56020000 		.4byte	.LASF7
 101 0060 04       		.uleb128 0x4
 102 0061 04       		.byte	0x4
 103 0062 05       		.byte	0x5
 104 0063 696E7400 		.ascii	"int\000"
 105 0067 02       		.uleb128 0x2
 106 0068 04       		.byte	0x4
 107 0069 07       		.byte	0x7
 108 006a 7D020000 		.4byte	.LASF8
 109 006e 03       		.uleb128 0x3
 110 006f 4E020000 		.4byte	.LASF10
 111 0073 02       		.byte	0x2
 112 0074 2C       		.byte	0x2c
 113 0075 39000000 		.4byte	0x39
 114 0079 03       		.uleb128 0x3
ARM GAS  C:\Users\PROYEC~1\AppData\Local\Temp\ccgHumpQ.s 			page 3


 115 007a EA000000 		.4byte	.LASF11
 116 007e 03       		.byte	0x3
 117 007f A1       		.byte	0xa1
 118 0080 24000000 		.4byte	0x24
 119 0084 02       		.uleb128 0x2
 120 0085 04       		.byte	0x4
 121 0086 04       		.byte	0x4
 122 0087 F9000000 		.4byte	.LASF12
 123 008b 02       		.uleb128 0x2
 124 008c 08       		.byte	0x8
 125 008d 04       		.byte	0x4
 126 008e 48030000 		.4byte	.LASF13
 127 0092 03       		.uleb128 0x3
 128 0093 E3000000 		.4byte	.LASF14
 129 0097 03       		.byte	0x3
 130 0098 AD       		.byte	0xad
 131 0099 59000000 		.4byte	0x59
 132 009d 02       		.uleb128 0x2
 133 009e 01       		.byte	0x1
 134 009f 08       		.byte	0x8
 135 00a0 C9020000 		.4byte	.LASF15
 136 00a4 02       		.uleb128 0x2
 137 00a5 04       		.byte	0x4
 138 00a6 07       		.byte	0x7
 139 00a7 9E000000 		.4byte	.LASF16
 140 00ab 05       		.uleb128 0x5
 141 00ac 09030000 		.4byte	.LASF26
 142 00b0 96       		.byte	0x96
 143 00b1 04       		.byte	0x4
 144 00b2 4B       		.byte	0x4b
 145 00b3 24010000 		.4byte	0x124
 146 00b7 06       		.uleb128 0x6
 147 00b8 0C010000 		.4byte	.LASF17
 148 00bc 04       		.byte	0x4
 149 00bd 4C       		.byte	0x4c
 150 00be 24010000 		.4byte	0x124
 151 00c2 00       		.byte	0
 152 00c3 06       		.uleb128 0x6
 153 00c4 18010000 		.4byte	.LASF18
 154 00c8 04       		.byte	0x4
 155 00c9 4D       		.byte	0x4d
 156 00ca 24010000 		.4byte	0x124
 157 00ce 14       		.byte	0x14
 158 00cf 06       		.uleb128 0x6
 159 00d0 24010000 		.4byte	.LASF19
 160 00d4 04       		.byte	0x4
 161 00d5 4E       		.byte	0x4e
 162 00d6 24010000 		.4byte	0x124
 163 00da 28       		.byte	0x28
 164 00db 06       		.uleb128 0x6
 165 00dc 39010000 		.4byte	.LASF20
 166 00e0 04       		.byte	0x4
 167 00e1 4F       		.byte	0x4f
 168 00e2 24010000 		.4byte	0x124
 169 00e6 3C       		.byte	0x3c
 170 00e7 06       		.uleb128 0x6
 171 00e8 7A000000 		.4byte	.LASF21
ARM GAS  C:\Users\PROYEC~1\AppData\Local\Temp\ccgHumpQ.s 			page 4


 172 00ec 04       		.byte	0x4
 173 00ed 50       		.byte	0x50
 174 00ee 24010000 		.4byte	0x124
 175 00f2 50       		.byte	0x50
 176 00f3 06       		.uleb128 0x6
 177 00f4 4F010000 		.4byte	.LASF22
 178 00f8 04       		.byte	0x4
 179 00f9 51       		.byte	0x51
 180 00fa 24010000 		.4byte	0x124
 181 00fe 64       		.byte	0x64
 182 00ff 06       		.uleb128 0x6
 183 0100 B5000000 		.4byte	.LASF23
 184 0104 04       		.byte	0x4
 185 0105 52       		.byte	0x52
 186 0106 34010000 		.4byte	0x134
 187 010a 78       		.byte	0x78
 188 010b 06       		.uleb128 0x6
 189 010c BA000000 		.4byte	.LASF24
 190 0110 04       		.byte	0x4
 191 0111 53       		.byte	0x53
 192 0112 34010000 		.4byte	0x134
 193 0116 82       		.byte	0x82
 194 0117 06       		.uleb128 0x6
 195 0118 BF000000 		.4byte	.LASF25
 196 011c 04       		.byte	0x4
 197 011d 54       		.byte	0x54
 198 011e 34010000 		.4byte	0x134
 199 0122 8C       		.byte	0x8c
 200 0123 00       		.byte	0
 201 0124 07       		.uleb128 0x7
 202 0125 79000000 		.4byte	0x79
 203 0129 34010000 		.4byte	0x134
 204 012d 08       		.uleb128 0x8
 205 012e A4000000 		.4byte	0xa4
 206 0132 13       		.byte	0x13
 207 0133 00       		.byte	0
 208 0134 07       		.uleb128 0x7
 209 0135 79000000 		.4byte	0x79
 210 0139 44010000 		.4byte	0x144
 211 013d 08       		.uleb128 0x8
 212 013e A4000000 		.4byte	0xa4
 213 0142 09       		.byte	0x9
 214 0143 00       		.byte	0
 215 0144 05       		.uleb128 0x5
 216 0145 F7020000 		.4byte	.LASF27
 217 0149 A2       		.byte	0xa2
 218 014a 04       		.byte	0x4
 219 014b 61       		.byte	0x61
 220 014c A5010000 		.4byte	0x1a5
 221 0150 06       		.uleb128 0x6
 222 0151 96000000 		.4byte	.LASF28
 223 0155 04       		.byte	0x4
 224 0156 62       		.byte	0x62
 225 0157 A5010000 		.4byte	0x1a5
 226 015b 00       		.byte	0
 227 015c 09       		.uleb128 0x9
 228 015d 6E697400 		.ascii	"nit\000"
ARM GAS  C:\Users\PROYEC~1\AppData\Local\Temp\ccgHumpQ.s 			page 5


 229 0161 04       		.byte	0x4
 230 0162 63       		.byte	0x63
 231 0163 B5010000 		.4byte	0x1b5
 232 0167 1F       		.byte	0x1f
 233 0168 06       		.uleb128 0x6
 234 0169 C9000000 		.4byte	.LASF29
 235 016d 04       		.byte	0x4
 236 016e 64       		.byte	0x64
 237 016f B5010000 		.4byte	0x1b5
 238 0173 2A       		.byte	0x2a
 239 0174 06       		.uleb128 0x6
 240 0175 EA010000 		.4byte	.LASF30
 241 0179 04       		.byte	0x4
 242 017a 65       		.byte	0x65
 243 017b A5010000 		.4byte	0x1a5
 244 017f 35       		.byte	0x35
 245 0180 06       		.uleb128 0x6
 246 0181 C4020000 		.4byte	.LASF31
 247 0185 04       		.byte	0x4
 248 0186 66       		.byte	0x66
 249 0187 C5010000 		.4byte	0x1c5
 250 018b 54       		.byte	0x54
 251 018c 06       		.uleb128 0x6
 252 018d 7F030000 		.4byte	.LASF32
 253 0191 04       		.byte	0x4
 254 0192 67       		.byte	0x67
 255 0193 A5010000 		.4byte	0x1a5
 256 0197 64       		.byte	0x64
 257 0198 06       		.uleb128 0x6
 258 0199 88030000 		.4byte	.LASF33
 259 019d 04       		.byte	0x4
 260 019e 68       		.byte	0x68
 261 019f A5010000 		.4byte	0x1a5
 262 01a3 83       		.byte	0x83
 263 01a4 00       		.byte	0
 264 01a5 07       		.uleb128 0x7
 265 01a6 79000000 		.4byte	0x79
 266 01aa B5010000 		.4byte	0x1b5
 267 01ae 08       		.uleb128 0x8
 268 01af A4000000 		.4byte	0xa4
 269 01b3 1E       		.byte	0x1e
 270 01b4 00       		.byte	0
 271 01b5 07       		.uleb128 0x7
 272 01b6 79000000 		.4byte	0x79
 273 01ba C5010000 		.4byte	0x1c5
 274 01be 08       		.uleb128 0x8
 275 01bf A4000000 		.4byte	0xa4
 276 01c3 0A       		.byte	0xa
 277 01c4 00       		.byte	0
 278 01c5 07       		.uleb128 0x7
 279 01c6 79000000 		.4byte	0x79
 280 01ca D5010000 		.4byte	0x1d5
 281 01ce 08       		.uleb128 0x8
 282 01cf A4000000 		.4byte	0xa4
 283 01d3 0F       		.byte	0xf
 284 01d4 00       		.byte	0
 285 01d5 0A       		.uleb128 0xa
ARM GAS  C:\Users\PROYEC~1\AppData\Local\Temp\ccgHumpQ.s 			page 6


 286 01d6 97030000 		.4byte	.LASF34
 287 01da 6901     		.2byte	0x169
 288 01dc 04       		.byte	0x4
 289 01dd 74       		.byte	0x74
 290 01de 82020000 		.4byte	0x282
 291 01e2 09       		.uleb128 0x9
 292 01e3 64697200 		.ascii	"dir\000"
 293 01e7 04       		.byte	0x4
 294 01e8 75       		.byte	0x75
 295 01e9 79000000 		.4byte	0x79
 296 01ed 00       		.byte	0
 297 01ee 06       		.uleb128 0x6
 298 01ef 30010000 		.4byte	.LASF35
 299 01f3 04       		.byte	0x4
 300 01f4 76       		.byte	0x76
 301 01f5 C5010000 		.4byte	0x1c5
 302 01f9 01       		.byte	0x1
 303 01fa 06       		.uleb128 0x6
 304 01fb 00000000 		.4byte	.LASF36
 305 01ff 04       		.byte	0x4
 306 0200 77       		.byte	0x77
 307 0201 C5010000 		.4byte	0x1c5
 308 0205 11       		.byte	0x11
 309 0206 06       		.uleb128 0x6
 310 0207 46010000 		.4byte	.LASF37
 311 020b 04       		.byte	0x4
 312 020c 78       		.byte	0x78
 313 020d C5010000 		.4byte	0x1c5
 314 0211 21       		.byte	0x21
 315 0212 06       		.uleb128 0x6
 316 0213 F2010000 		.4byte	.LASF38
 317 0217 04       		.byte	0x4
 318 0218 79       		.byte	0x79
 319 0219 C5010000 		.4byte	0x1c5
 320 021d 31       		.byte	0x31
 321 021e 06       		.uleb128 0x6
 322 021f EA020000 		.4byte	.LASF39
 323 0223 04       		.byte	0x4
 324 0224 7A       		.byte	0x7a
 325 0225 79000000 		.4byte	0x79
 326 0229 41       		.byte	0x41
 327 022a 09       		.uleb128 0x9
 328 022b 70707500 		.ascii	"ppu\000"
 329 022f 04       		.byte	0x4
 330 0230 7B       		.byte	0x7b
 331 0231 34010000 		.4byte	0x134
 332 0235 42       		.byte	0x42
 333 0236 06       		.uleb128 0x6
 334 0237 1D030000 		.4byte	.LASF40
 335 023b 04       		.byte	0x4
 336 023c 7C       		.byte	0x7c
 337 023d 82020000 		.4byte	0x282
 338 0241 4C       		.byte	0x4c
 339 0242 06       		.uleb128 0x6
 340 0243 FB010000 		.4byte	.LASF41
 341 0247 04       		.byte	0x4
 342 0248 7D       		.byte	0x7d
ARM GAS  C:\Users\PROYEC~1\AppData\Local\Temp\ccgHumpQ.s 			page 7


 343 0249 82020000 		.4byte	0x282
 344 024d 58       		.byte	0x58
 345 024e 06       		.uleb128 0x6
 346 024f 91030000 		.4byte	.LASF42
 347 0253 04       		.byte	0x4
 348 0254 7E       		.byte	0x7e
 349 0255 92020000 		.4byte	0x292
 350 0259 64       		.byte	0x64
 351 025a 0B       		.uleb128 0xb
 352 025b AB030000 		.4byte	.LASF43
 353 025f 04       		.byte	0x4
 354 0260 7F       		.byte	0x7f
 355 0261 A2020000 		.4byte	0x2a2
 356 0265 2C01     		.2byte	0x12c
 357 0267 0B       		.uleb128 0xb
 358 0268 74000000 		.4byte	.LASF44
 359 026c 04       		.byte	0x4
 360 026d 80       		.byte	0x80
 361 026e 79000000 		.4byte	0x79
 362 0272 5401     		.2byte	0x154
 363 0274 0B       		.uleb128 0xb
 364 0275 78030000 		.4byte	.LASF45
 365 0279 04       		.byte	0x4
 366 027a 81       		.byte	0x81
 367 027b 24010000 		.4byte	0x124
 368 027f 5501     		.2byte	0x155
 369 0281 00       		.byte	0
 370 0282 07       		.uleb128 0x7
 371 0283 79000000 		.4byte	0x79
 372 0287 92020000 		.4byte	0x292
 373 028b 08       		.uleb128 0x8
 374 028c A4000000 		.4byte	0xa4
 375 0290 0B       		.byte	0xb
 376 0291 00       		.byte	0
 377 0292 07       		.uleb128 0x7
 378 0293 79000000 		.4byte	0x79
 379 0297 A2020000 		.4byte	0x2a2
 380 029b 08       		.uleb128 0x8
 381 029c A4000000 		.4byte	0xa4
 382 02a0 C7       		.byte	0xc7
 383 02a1 00       		.byte	0
 384 02a2 07       		.uleb128 0x7
 385 02a3 79000000 		.4byte	0x79
 386 02a7 B2020000 		.4byte	0x2b2
 387 02ab 08       		.uleb128 0x8
 388 02ac A4000000 		.4byte	0xa4
 389 02b0 27       		.byte	0x27
 390 02b1 00       		.byte	0
 391 02b2 0A       		.uleb128 0xa
 392 02b3 F2020000 		.4byte	.LASF46
 393 02b7 D202     		.2byte	0x2d2
 394 02b9 04       		.byte	0x4
 395 02ba 84       		.byte	0x84
 396 02bb D5020000 		.4byte	0x2d5
 397 02bf 09       		.uleb128 0x9
 398 02c0 6100     		.ascii	"a\000"
 399 02c2 04       		.byte	0x4
ARM GAS  C:\Users\PROYEC~1\AppData\Local\Temp\ccgHumpQ.s 			page 8


 400 02c3 85       		.byte	0x85
 401 02c4 D5010000 		.4byte	0x1d5
 402 02c8 00       		.byte	0
 403 02c9 0C       		.uleb128 0xc
 404 02ca 6200     		.ascii	"b\000"
 405 02cc 04       		.byte	0x4
 406 02cd 86       		.byte	0x86
 407 02ce D5010000 		.4byte	0x1d5
 408 02d2 6901     		.2byte	0x169
 409 02d4 00       		.byte	0
 410 02d5 05       		.uleb128 0x5
 411 02d6 C4000000 		.4byte	.LASF47
 412 02da 24       		.byte	0x24
 413 02db 04       		.byte	0x4
 414 02dc 91       		.byte	0x91
 415 02dd 1E030000 		.4byte	0x31e
 416 02e1 06       		.uleb128 0x6
 417 02e2 97030000 		.4byte	.LASF34
 418 02e6 04       		.byte	0x4
 419 02e7 92       		.byte	0x92
 420 02e8 79000000 		.4byte	0x79
 421 02ec 00       		.byte	0
 422 02ed 06       		.uleb128 0x6
 423 02ee EA020000 		.4byte	.LASF39
 424 02f2 04       		.byte	0x4
 425 02f3 93       		.byte	0x93
 426 02f4 79000000 		.4byte	0x79
 427 02f8 01       		.byte	0x1
 428 02f9 09       		.uleb128 0x9
 429 02fa 70707500 		.ascii	"ppu\000"
 430 02fe 04       		.byte	0x4
 431 02ff 94       		.byte	0x94
 432 0300 34010000 		.4byte	0x134
 433 0304 02       		.byte	0x2
 434 0305 06       		.uleb128 0x6
 435 0306 1D030000 		.4byte	.LASF40
 436 030a 04       		.byte	0x4
 437 030b 95       		.byte	0x95
 438 030c 82020000 		.4byte	0x282
 439 0310 0C       		.byte	0xc
 440 0311 06       		.uleb128 0x6
 441 0312 FB010000 		.4byte	.LASF41
 442 0316 04       		.byte	0x4
 443 0317 96       		.byte	0x96
 444 0318 82020000 		.4byte	0x282
 445 031c 18       		.byte	0x18
 446 031d 00       		.byte	0
 447 031e 0D       		.uleb128 0xd
 448 031f 4F030000 		.4byte	.LASF48
 449 0323 05       		.byte	0x5
 450 0324 1606     		.2byte	0x616
 451 0326 2A030000 		.4byte	0x32a
 452 032a 0E       		.uleb128 0xe
 453 032b 6E000000 		.4byte	0x6e
 454 032f 0F       		.uleb128 0xf
 455 0330 0A020000 		.4byte	.LASF49
 456 0334 04       		.byte	0x4
ARM GAS  C:\Users\PROYEC~1\AppData\Local\Temp\ccgHumpQ.s 			page 9


 457 0335 2D       		.byte	0x2d
 458 0336 79000000 		.4byte	0x79
 459 033a 05       		.uleb128 0x5
 460 033b 03       		.byte	0x3
 461 033c 00000000 		.4byte	digits
 462 0340 0F       		.uleb128 0xf
 463 0341 6D020000 		.4byte	.LASF50
 464 0345 04       		.byte	0x4
 465 0346 2E       		.byte	0x2e
 466 0347 79000000 		.4byte	0x79
 467 034b 05       		.uleb128 0x5
 468 034c 03       		.byte	0x3
 469 034d 00000000 		.4byte	ppux10
 470 0351 07       		.uleb128 0x7
 471 0352 79000000 		.4byte	0x79
 472 0356 61030000 		.4byte	0x361
 473 035a 08       		.uleb128 0x8
 474 035b A4000000 		.4byte	0xa4
 475 035f 02       		.byte	0x2
 476 0360 00       		.byte	0
 477 0361 0F       		.uleb128 0xf
 478 0362 94020000 		.4byte	.LASF51
 479 0366 04       		.byte	0x4
 480 0367 2F       		.byte	0x2f
 481 0368 51030000 		.4byte	0x351
 482 036c 05       		.uleb128 0x5
 483 036d 03       		.byte	0x3
 484 036e 00000000 		.4byte	time
 485 0372 0F       		.uleb128 0xf
 486 0373 E5020000 		.4byte	.LASF52
 487 0377 04       		.byte	0x4
 488 0378 30       		.byte	0x30
 489 0379 51030000 		.4byte	0x351
 490 037d 05       		.uleb128 0x5
 491 037e 03       		.byte	0x3
 492 037f 00000000 		.4byte	date
 493 0383 0F       		.uleb128 0xf
 494 0384 8A020000 		.4byte	.LASF53
 495 0388 04       		.byte	0x4
 496 0389 31       		.byte	0x31
 497 038a 51030000 		.4byte	0x351
 498 038e 05       		.uleb128 0x5
 499 038f 03       		.byte	0x3
 500 0390 00000000 		.4byte	timeSale1
 501 0394 0F       		.uleb128 0xf
 502 0395 CF000000 		.4byte	.LASF54
 503 0399 04       		.byte	0x4
 504 039a 32       		.byte	0x32
 505 039b 51030000 		.4byte	0x351
 506 039f 05       		.uleb128 0x5
 507 03a0 03       		.byte	0x3
 508 03a1 00000000 		.4byte	dateSale1
 509 03a5 0F       		.uleb128 0xf
 510 03a6 16020000 		.4byte	.LASF55
 511 03aa 04       		.byte	0x4
 512 03ab 33       		.byte	0x33
 513 03ac 51030000 		.4byte	0x351
ARM GAS  C:\Users\PROYEC~1\AppData\Local\Temp\ccgHumpQ.s 			page 10


 514 03b0 05       		.uleb128 0x5
 515 03b1 03       		.byte	0x3
 516 03b2 00000000 		.4byte	timeSale2
 517 03b6 0F       		.uleb128 0xf
 518 03b7 D9000000 		.4byte	.LASF56
 519 03bb 04       		.byte	0x4
 520 03bc 34       		.byte	0x34
 521 03bd 51030000 		.4byte	0x351
 522 03c1 05       		.uleb128 0x5
 523 03c2 03       		.byte	0x3
 524 03c3 00000000 		.4byte	dateSale2
 525 03c7 0F       		.uleb128 0xf
 526 03c8 FF000000 		.4byte	.LASF57
 527 03cc 04       		.byte	0x4
 528 03cd 35       		.byte	0x35
 529 03ce 79000000 		.4byte	0x79
 530 03d2 05       		.uleb128 0x5
 531 03d3 03       		.byte	0x3
 532 03d4 00000000 		.4byte	decimalMoney
 533 03d8 0F       		.uleb128 0xf
 534 03d9 34020000 		.4byte	.LASF58
 535 03dd 04       		.byte	0x4
 536 03de 36       		.byte	0x36
 537 03df 79000000 		.4byte	0x79
 538 03e3 05       		.uleb128 0x5
 539 03e4 03       		.byte	0x3
 540 03e5 00000000 		.4byte	decimalVolume
 541 03e9 07       		.uleb128 0x7
 542 03ea 79000000 		.4byte	0x79
 543 03ee FA030000 		.4byte	0x3fa
 544 03f2 10       		.uleb128 0x10
 545 03f3 A4000000 		.4byte	0xa4
 546 03f7 2B01     		.2byte	0x12b
 547 03f9 00       		.byte	0
 548 03fa 0F       		.uleb128 0xf
 549 03fb 5C030000 		.4byte	.LASF59
 550 03ff 04       		.byte	0x4
 551 0400 37       		.byte	0x37
 552 0401 E9030000 		.4byte	0x3e9
 553 0405 05       		.uleb128 0x5
 554 0406 03       		.byte	0x3
 555 0407 00000000 		.4byte	RxPc
 556 040b 0F       		.uleb128 0xf
 557 040c 11020000 		.4byte	.LASF60
 558 0410 04       		.byte	0x4
 559 0411 38       		.byte	0x38
 560 0412 E9030000 		.4byte	0x3e9
 561 0416 05       		.uleb128 0x5
 562 0417 03       		.byte	0x3
 563 0418 00000000 		.4byte	RxPu
 564 041c 0F       		.uleb128 0xf
 565 041d 87000000 		.4byte	.LASF61
 566 0421 04       		.byte	0x4
 567 0422 39       		.byte	0x39
 568 0423 E9030000 		.4byte	0x3e9
 569 0427 05       		.uleb128 0x5
 570 0428 03       		.byte	0x3
ARM GAS  C:\Users\PROYEC~1\AppData\Local\Temp\ccgHumpQ.s 			page 11


 571 0429 00000000 		.4byte	TxPu
 572 042d 0F       		.uleb128 0xf
 573 042e 61030000 		.4byte	.LASF62
 574 0432 04       		.byte	0x4
 575 0433 3A       		.byte	0x3a
 576 0434 79000000 		.4byte	0x79
 577 0438 05       		.uleb128 0x5
 578 0439 03       		.byte	0x3
 579 043a 00000000 		.4byte	flowLoopPump
 580 043e 0F       		.uleb128 0xf
 581 043f 09000000 		.4byte	.LASF63
 582 0443 04       		.byte	0x4
 583 0444 3B       		.byte	0x3b
 584 0445 79000000 		.4byte	0x79
 585 0449 05       		.uleb128 0x5
 586 044a 03       		.byte	0x3
 587 044b 00000000 		.4byte	flowPump
 588 044f 0F       		.uleb128 0xf
 589 0450 02020000 		.4byte	.LASF64
 590 0454 04       		.byte	0x4
 591 0455 3C       		.byte	0x3c
 592 0456 51030000 		.4byte	0x351
 593 045a 05       		.uleb128 0x5
 594 045b 03       		.byte	0x3
 595 045c 00000000 		.4byte	flagImp
 596 0460 0F       		.uleb128 0xf
 597 0461 FC020000 		.4byte	.LASF65
 598 0465 04       		.byte	0x4
 599 0466 3D       		.byte	0x3d
 600 0467 51030000 		.4byte	0x351
 601 046b 05       		.uleb128 0x5
 602 046c 03       		.byte	0x3
 603 046d 00000000 		.4byte	flagHandleUp
 604 0471 0F       		.uleb128 0xf
 605 0472 D7020000 		.4byte	.LASF66
 606 0476 04       		.byte	0x4
 607 0477 3E       		.byte	0x3e
 608 0478 51030000 		.4byte	0x351
 609 047c 05       		.uleb128 0x5
 610 047d 03       		.byte	0x3
 611 047e 00000000 		.4byte	flagAuthorize
 612 0482 0F       		.uleb128 0xf
 613 0483 F0000000 		.4byte	.LASF67
 614 0487 04       		.byte	0x4
 615 0488 3F       		.byte	0x3f
 616 0489 51030000 		.4byte	0x351
 617 048d 05       		.uleb128 0x5
 618 048e 03       		.byte	0x3
 619 048f 00000000 		.4byte	flagSale
 620 0493 0F       		.uleb128 0xf
 621 0494 EA020000 		.4byte	.LASF39
 622 0498 04       		.byte	0x4
 623 0499 40       		.byte	0x40
 624 049a 79000000 		.4byte	0x79
 625 049e 05       		.uleb128 0x5
 626 049f 03       		.byte	0x3
 627 04a0 00000000 		.4byte	product
ARM GAS  C:\Users\PROYEC~1\AppData\Local\Temp\ccgHumpQ.s 			page 12


 628 04a4 07       		.uleb128 0x7
 629 04a5 79000000 		.4byte	0x79
 630 04a9 B4040000 		.4byte	0x4b4
 631 04ad 08       		.uleb128 0x8
 632 04ae A4000000 		.4byte	0xa4
 633 04b2 1D       		.byte	0x1d
 634 04b3 00       		.byte	0
 635 04b4 0F       		.uleb128 0xf
 636 04b5 3F030000 		.4byte	.LASF68
 637 04b9 04       		.byte	0x4
 638 04ba 41       		.byte	0x41
 639 04bb A4040000 		.4byte	0x4a4
 640 04bf 05       		.uleb128 0x5
 641 04c0 03       		.byte	0x3
 642 04c1 00000000 		.4byte	valuePPU
 643 04c5 0F       		.uleb128 0xf
 644 04c6 23030000 		.4byte	.LASF69
 645 04ca 04       		.byte	0x4
 646 04cb 42       		.byte	0x42
 647 04cc 92000000 		.4byte	0x92
 648 04d0 05       		.uleb128 0x5
 649 04d1 03       		.byte	0x3
 650 04d2 00000000 		.4byte	countSale
 651 04d6 0F       		.uleb128 0xf
 652 04d7 74020000 		.4byte	.LASF70
 653 04db 04       		.byte	0x4
 654 04dc 43       		.byte	0x43
 655 04dd 51030000 		.4byte	0x351
 656 04e1 05       		.uleb128 0x5
 657 04e2 03       		.byte	0x3
 658 04e3 00000000 		.4byte	countImp
 659 04e7 0F       		.uleb128 0xf
 660 04e8 99020000 		.4byte	.LASF71
 661 04ec 04       		.byte	0x4
 662 04ed 57       		.byte	0x57
 663 04ee AB000000 		.4byte	0xab
 664 04f2 05       		.uleb128 0x5
 665 04f3 03       		.byte	0x3
 666 04f4 00000000 		.4byte	Buffer_LCD1
 667 04f8 0F       		.uleb128 0xf
 668 04f9 A5020000 		.4byte	.LASF72
 669 04fd 04       		.byte	0x4
 670 04fe 58       		.byte	0x58
 671 04ff AB000000 		.4byte	0xab
 672 0503 05       		.uleb128 0x5
 673 0504 03       		.byte	0x3
 674 0505 00000000 		.4byte	Buffer_LCD2
 675 0509 0F       		.uleb128 0xf
 676 050a 20020000 		.4byte	.LASF73
 677 050e 04       		.byte	0x4
 678 050f 6B       		.byte	0x6b
 679 0510 44010000 		.4byte	0x144
 680 0514 05       		.uleb128 0x5
 681 0515 03       		.byte	0x3
 682 0516 00000000 		.4byte	print
 683 051a 0F       		.uleb128 0xf
 684 051b A0030000 		.4byte	.LASF74
ARM GAS  C:\Users\PROYEC~1\AppData\Local\Temp\ccgHumpQ.s 			page 13


 685 051f 04       		.byte	0x4
 686 0520 89       		.byte	0x89
 687 0521 B2020000 		.4byte	0x2b2
 688 0525 05       		.uleb128 0x5
 689 0526 03       		.byte	0x3
 690 0527 00000000 		.4byte	side
 691 052b 0F       		.uleb128 0xf
 692 052c A5030000 		.4byte	.LASF75
 693 0530 04       		.byte	0x4
 694 0531 99       		.byte	0x99
 695 0532 D5020000 		.4byte	0x2d5
 696 0536 05       		.uleb128 0x5
 697 0537 03       		.byte	0x3
 698 0538 00000000 		.4byte	bSale
 699 053c 00       		.byte	0
 700              		.section	.debug_abbrev,"",%progbits
 701              	.Ldebug_abbrev0:
 702 0000 01       		.uleb128 0x1
 703 0001 11       		.uleb128 0x11
 704 0002 01       		.byte	0x1
 705 0003 25       		.uleb128 0x25
 706 0004 0E       		.uleb128 0xe
 707 0005 13       		.uleb128 0x13
 708 0006 0B       		.uleb128 0xb
 709 0007 03       		.uleb128 0x3
 710 0008 0E       		.uleb128 0xe
 711 0009 1B       		.uleb128 0x1b
 712 000a 0E       		.uleb128 0xe
 713 000b 10       		.uleb128 0x10
 714 000c 17       		.uleb128 0x17
 715 000d 00       		.byte	0
 716 000e 00       		.byte	0
 717 000f 02       		.uleb128 0x2
 718 0010 24       		.uleb128 0x24
 719 0011 00       		.byte	0
 720 0012 0B       		.uleb128 0xb
 721 0013 0B       		.uleb128 0xb
 722 0014 3E       		.uleb128 0x3e
 723 0015 0B       		.uleb128 0xb
 724 0016 03       		.uleb128 0x3
 725 0017 0E       		.uleb128 0xe
 726 0018 00       		.byte	0
 727 0019 00       		.byte	0
 728 001a 03       		.uleb128 0x3
 729 001b 16       		.uleb128 0x16
 730 001c 00       		.byte	0
 731 001d 03       		.uleb128 0x3
 732 001e 0E       		.uleb128 0xe
 733 001f 3A       		.uleb128 0x3a
 734 0020 0B       		.uleb128 0xb
 735 0021 3B       		.uleb128 0x3b
 736 0022 0B       		.uleb128 0xb
 737 0023 49       		.uleb128 0x49
 738 0024 13       		.uleb128 0x13
 739 0025 00       		.byte	0
 740 0026 00       		.byte	0
 741 0027 04       		.uleb128 0x4
ARM GAS  C:\Users\PROYEC~1\AppData\Local\Temp\ccgHumpQ.s 			page 14


 742 0028 24       		.uleb128 0x24
 743 0029 00       		.byte	0
 744 002a 0B       		.uleb128 0xb
 745 002b 0B       		.uleb128 0xb
 746 002c 3E       		.uleb128 0x3e
 747 002d 0B       		.uleb128 0xb
 748 002e 03       		.uleb128 0x3
 749 002f 08       		.uleb128 0x8
 750 0030 00       		.byte	0
 751 0031 00       		.byte	0
 752 0032 05       		.uleb128 0x5
 753 0033 13       		.uleb128 0x13
 754 0034 01       		.byte	0x1
 755 0035 03       		.uleb128 0x3
 756 0036 0E       		.uleb128 0xe
 757 0037 0B       		.uleb128 0xb
 758 0038 0B       		.uleb128 0xb
 759 0039 3A       		.uleb128 0x3a
 760 003a 0B       		.uleb128 0xb
 761 003b 3B       		.uleb128 0x3b
 762 003c 0B       		.uleb128 0xb
 763 003d 01       		.uleb128 0x1
 764 003e 13       		.uleb128 0x13
 765 003f 00       		.byte	0
 766 0040 00       		.byte	0
 767 0041 06       		.uleb128 0x6
 768 0042 0D       		.uleb128 0xd
 769 0043 00       		.byte	0
 770 0044 03       		.uleb128 0x3
 771 0045 0E       		.uleb128 0xe
 772 0046 3A       		.uleb128 0x3a
 773 0047 0B       		.uleb128 0xb
 774 0048 3B       		.uleb128 0x3b
 775 0049 0B       		.uleb128 0xb
 776 004a 49       		.uleb128 0x49
 777 004b 13       		.uleb128 0x13
 778 004c 38       		.uleb128 0x38
 779 004d 0B       		.uleb128 0xb
 780 004e 00       		.byte	0
 781 004f 00       		.byte	0
 782 0050 07       		.uleb128 0x7
 783 0051 01       		.uleb128 0x1
 784 0052 01       		.byte	0x1
 785 0053 49       		.uleb128 0x49
 786 0054 13       		.uleb128 0x13
 787 0055 01       		.uleb128 0x1
 788 0056 13       		.uleb128 0x13
 789 0057 00       		.byte	0
 790 0058 00       		.byte	0
 791 0059 08       		.uleb128 0x8
 792 005a 21       		.uleb128 0x21
 793 005b 00       		.byte	0
 794 005c 49       		.uleb128 0x49
 795 005d 13       		.uleb128 0x13
 796 005e 2F       		.uleb128 0x2f
 797 005f 0B       		.uleb128 0xb
 798 0060 00       		.byte	0
ARM GAS  C:\Users\PROYEC~1\AppData\Local\Temp\ccgHumpQ.s 			page 15


 799 0061 00       		.byte	0
 800 0062 09       		.uleb128 0x9
 801 0063 0D       		.uleb128 0xd
 802 0064 00       		.byte	0
 803 0065 03       		.uleb128 0x3
 804 0066 08       		.uleb128 0x8
 805 0067 3A       		.uleb128 0x3a
 806 0068 0B       		.uleb128 0xb
 807 0069 3B       		.uleb128 0x3b
 808 006a 0B       		.uleb128 0xb
 809 006b 49       		.uleb128 0x49
 810 006c 13       		.uleb128 0x13
 811 006d 38       		.uleb128 0x38
 812 006e 0B       		.uleb128 0xb
 813 006f 00       		.byte	0
 814 0070 00       		.byte	0
 815 0071 0A       		.uleb128 0xa
 816 0072 13       		.uleb128 0x13
 817 0073 01       		.byte	0x1
 818 0074 03       		.uleb128 0x3
 819 0075 0E       		.uleb128 0xe
 820 0076 0B       		.uleb128 0xb
 821 0077 05       		.uleb128 0x5
 822 0078 3A       		.uleb128 0x3a
 823 0079 0B       		.uleb128 0xb
 824 007a 3B       		.uleb128 0x3b
 825 007b 0B       		.uleb128 0xb
 826 007c 01       		.uleb128 0x1
 827 007d 13       		.uleb128 0x13
 828 007e 00       		.byte	0
 829 007f 00       		.byte	0
 830 0080 0B       		.uleb128 0xb
 831 0081 0D       		.uleb128 0xd
 832 0082 00       		.byte	0
 833 0083 03       		.uleb128 0x3
 834 0084 0E       		.uleb128 0xe
 835 0085 3A       		.uleb128 0x3a
 836 0086 0B       		.uleb128 0xb
 837 0087 3B       		.uleb128 0x3b
 838 0088 0B       		.uleb128 0xb
 839 0089 49       		.uleb128 0x49
 840 008a 13       		.uleb128 0x13
 841 008b 38       		.uleb128 0x38
 842 008c 05       		.uleb128 0x5
 843 008d 00       		.byte	0
 844 008e 00       		.byte	0
 845 008f 0C       		.uleb128 0xc
 846 0090 0D       		.uleb128 0xd
 847 0091 00       		.byte	0
 848 0092 03       		.uleb128 0x3
 849 0093 08       		.uleb128 0x8
 850 0094 3A       		.uleb128 0x3a
 851 0095 0B       		.uleb128 0xb
 852 0096 3B       		.uleb128 0x3b
 853 0097 0B       		.uleb128 0xb
 854 0098 49       		.uleb128 0x49
 855 0099 13       		.uleb128 0x13
ARM GAS  C:\Users\PROYEC~1\AppData\Local\Temp\ccgHumpQ.s 			page 16


 856 009a 38       		.uleb128 0x38
 857 009b 05       		.uleb128 0x5
 858 009c 00       		.byte	0
 859 009d 00       		.byte	0
 860 009e 0D       		.uleb128 0xd
 861 009f 34       		.uleb128 0x34
 862 00a0 00       		.byte	0
 863 00a1 03       		.uleb128 0x3
 864 00a2 0E       		.uleb128 0xe
 865 00a3 3A       		.uleb128 0x3a
 866 00a4 0B       		.uleb128 0xb
 867 00a5 3B       		.uleb128 0x3b
 868 00a6 05       		.uleb128 0x5
 869 00a7 49       		.uleb128 0x49
 870 00a8 13       		.uleb128 0x13
 871 00a9 3F       		.uleb128 0x3f
 872 00aa 19       		.uleb128 0x19
 873 00ab 3C       		.uleb128 0x3c
 874 00ac 19       		.uleb128 0x19
 875 00ad 00       		.byte	0
 876 00ae 00       		.byte	0
 877 00af 0E       		.uleb128 0xe
 878 00b0 35       		.uleb128 0x35
 879 00b1 00       		.byte	0
 880 00b2 49       		.uleb128 0x49
 881 00b3 13       		.uleb128 0x13
 882 00b4 00       		.byte	0
 883 00b5 00       		.byte	0
 884 00b6 0F       		.uleb128 0xf
 885 00b7 34       		.uleb128 0x34
 886 00b8 00       		.byte	0
 887 00b9 03       		.uleb128 0x3
 888 00ba 0E       		.uleb128 0xe
 889 00bb 3A       		.uleb128 0x3a
 890 00bc 0B       		.uleb128 0xb
 891 00bd 3B       		.uleb128 0x3b
 892 00be 0B       		.uleb128 0xb
 893 00bf 49       		.uleb128 0x49
 894 00c0 13       		.uleb128 0x13
 895 00c1 3F       		.uleb128 0x3f
 896 00c2 19       		.uleb128 0x19
 897 00c3 02       		.uleb128 0x2
 898 00c4 18       		.uleb128 0x18
 899 00c5 00       		.byte	0
 900 00c6 00       		.byte	0
 901 00c7 10       		.uleb128 0x10
 902 00c8 21       		.uleb128 0x21
 903 00c9 00       		.byte	0
 904 00ca 49       		.uleb128 0x49
 905 00cb 13       		.uleb128 0x13
 906 00cc 2F       		.uleb128 0x2f
 907 00cd 05       		.uleb128 0x5
 908 00ce 00       		.byte	0
 909 00cf 00       		.byte	0
 910 00d0 00       		.byte	0
 911              		.section	.debug_aranges,"",%progbits
 912 0000 14000000 		.4byte	0x14
ARM GAS  C:\Users\PROYEC~1\AppData\Local\Temp\ccgHumpQ.s 			page 17


 913 0004 0200     		.2byte	0x2
 914 0006 00000000 		.4byte	.Ldebug_info0
 915 000a 04       		.byte	0x4
 916 000b 00       		.byte	0
 917 000c 0000     		.2byte	0
 918 000e 0000     		.2byte	0
 919 0010 00000000 		.4byte	0
 920 0014 00000000 		.4byte	0
 921              		.section	.debug_line,"",%progbits
 922              	.Ldebug_line0:
 923 0000 55010000 		.section	.debug_str,"MS",%progbits,1
 923      02004F01 
 923      00000201 
 923      FB0E0D00 
 923      01010101 
 924              	.LASF36:
 925 0000 70726F64 		.ascii	"product2\000"
 925      75637432 
 925      00
 926              	.LASF63:
 927 0009 666C6F77 		.ascii	"flowPump\000"
 927      50756D70 
 927      00
 928              	.LASF78:
 929 0012 433A5C55 		.ascii	"C:\\Users\\Proyectos_Hardware\\Dropbox\\Proyecto Co"
 929      73657273 
 929      5C50726F 
 929      79656374 
 929      6F735F48 
 930 0041 6E74726F 		.ascii	"ntroller\\Mux Advance Encore V1_00\\MuxAdvance.cyds"
 930      6C6C6572 
 930      5C4D7578 
 930      20416476 
 930      616E6365 
 931 0072 6E00     		.ascii	"n\000"
 932              	.LASF44:
 933 0074 73746174 		.ascii	"state\000"
 933      6500
 934              	.LASF21:
 935 007a 746F7461 		.ascii	"totalVolume2\000"
 935      6C566F6C 
 935      756D6532 
 935      00
 936              	.LASF61:
 937 0087 54785075 		.ascii	"TxPu\000"
 937      00
 938              	.LASF2:
 939 008c 73686F72 		.ascii	"short int\000"
 939      7420696E 
 939      7400
 940              	.LASF28:
 941 0096 73746174 		.ascii	"station\000"
 941      696F6E00 
 942              	.LASF16:
 943 009e 73697A65 		.ascii	"sizetype\000"
 943      74797065 
 943      00
ARM GAS  C:\Users\PROYEC~1\AppData\Local\Temp\ccgHumpQ.s 			page 18


 944              	.LASF6:
 945 00a7 6C6F6E67 		.ascii	"long long int\000"
 945      206C6F6E 
 945      6720696E 
 945      7400
 946              	.LASF23:
 947 00b5 70707531 		.ascii	"ppu1\000"
 947      00
 948              	.LASF24:
 949 00ba 70707532 		.ascii	"ppu2\000"
 949      00
 950              	.LASF25:
 951 00bf 70707533 		.ascii	"ppu3\000"
 951      00
 952              	.LASF47:
 953 00c4 62696C6C 		.ascii	"bill\000"
 953      00
 954              	.LASF29:
 955 00c9 70686F6E 		.ascii	"phone\000"
 955      6500
 956              	.LASF54:
 957 00cf 64617465 		.ascii	"dateSale1\000"
 957      53616C65 
 957      3100
 958              	.LASF56:
 959 00d9 64617465 		.ascii	"dateSale2\000"
 959      53616C65 
 959      3200
 960              	.LASF14:
 961 00e3 75696E74 		.ascii	"uint64\000"
 961      363400
 962              	.LASF11:
 963 00ea 75696E74 		.ascii	"uint8\000"
 963      3800
 964              	.LASF67:
 965 00f0 666C6167 		.ascii	"flagSale\000"
 965      53616C65 
 965      00
 966              	.LASF12:
 967 00f9 666C6F61 		.ascii	"float\000"
 967      7400
 968              	.LASF57:
 969 00ff 64656369 		.ascii	"decimalMoney\000"
 969      6D616C4D 
 969      6F6E6579 
 969      00
 970              	.LASF17:
 971 010c 746F7461 		.ascii	"totalMoney1\000"
 971      6C4D6F6E 
 971      65793100 
 972              	.LASF18:
 973 0118 746F7461 		.ascii	"totalMoney2\000"
 973      6C4D6F6E 
 973      65793200 
 974              	.LASF19:
 975 0124 746F7461 		.ascii	"totalMoney3\000"
 975      6C4D6F6E 
ARM GAS  C:\Users\PROYEC~1\AppData\Local\Temp\ccgHumpQ.s 			page 19


 975      65793300 
 976              	.LASF35:
 977 0130 70726F64 		.ascii	"product1\000"
 977      75637431 
 977      00
 978              	.LASF20:
 979 0139 746F7461 		.ascii	"totalVolume1\000"
 979      6C566F6C 
 979      756D6531 
 979      00
 980              	.LASF37:
 981 0146 70726F64 		.ascii	"product3\000"
 981      75637433 
 981      00
 982              	.LASF22:
 983 014f 746F7461 		.ascii	"totalVolume3\000"
 983      6C566F6C 
 983      756D6533 
 983      00
 984              	.LASF76:
 985 015c 474E5520 		.ascii	"GNU C 4.9.3 20150303 (release) [ARM/embedded-4_9-br"
 985      4320342E 
 985      392E3320 
 985      32303135 
 985      30333033 
 986 018f 616E6368 		.ascii	"anch revision 221220] -mcpu=cortex-m3 -mthumb -g -O"
 986      20726576 
 986      6973696F 
 986      6E203232 
 986      31323230 
 987 01c2 30202D66 		.ascii	"0 -ffunction-sections -ffat-lto-objects\000"
 987      66756E63 
 987      74696F6E 
 987      2D736563 
 987      74696F6E 
 988              	.LASF30:
 989 01ea 61646472 		.ascii	"address\000"
 989      65737300 
 990              	.LASF38:
 991 01f2 70726F64 		.ascii	"product4\000"
 991      75637434 
 991      00
 992              	.LASF41:
 993 01fb 766F6C75 		.ascii	"volume\000"
 993      6D6500
 994              	.LASF64:
 995 0202 666C6167 		.ascii	"flagImp\000"
 995      496D7000 
 996              	.LASF49:
 997 020a 64696769 		.ascii	"digits\000"
 997      747300
 998              	.LASF60:
 999 0211 52785075 		.ascii	"RxPu\000"
 999      00
 1000              	.LASF55:
 1001 0216 74696D65 		.ascii	"timeSale2\000"
 1001      53616C65 
ARM GAS  C:\Users\PROYEC~1\AppData\Local\Temp\ccgHumpQ.s 			page 20


 1001      3200
 1002              	.LASF73:
 1003 0220 7072696E 		.ascii	"print\000"
 1003      7400
 1004              	.LASF1:
 1005 0226 756E7369 		.ascii	"unsigned char\000"
 1005      676E6564 
 1005      20636861 
 1005      7200
 1006              	.LASF58:
 1007 0234 64656369 		.ascii	"decimalVolume\000"
 1007      6D616C56 
 1007      6F6C756D 
 1007      6500
 1008              	.LASF0:
 1009 0242 7369676E 		.ascii	"signed char\000"
 1009      65642063 
 1009      68617200 
 1010              	.LASF10:
 1011 024e 696E7433 		.ascii	"int32_t\000"
 1011      325F7400 
 1012              	.LASF7:
 1013 0256 6C6F6E67 		.ascii	"long long unsigned int\000"
 1013      206C6F6E 
 1013      6720756E 
 1013      7369676E 
 1013      65642069 
 1014              	.LASF50:
 1015 026d 70707578 		.ascii	"ppux10\000"
 1015      313000
 1016              	.LASF70:
 1017 0274 636F756E 		.ascii	"countImp\000"
 1017      74496D70 
 1017      00
 1018              	.LASF8:
 1019 027d 756E7369 		.ascii	"unsigned int\000"
 1019      676E6564 
 1019      20696E74 
 1019      00
 1020              	.LASF53:
 1021 028a 74696D65 		.ascii	"timeSale1\000"
 1021      53616C65 
 1021      3100
 1022              	.LASF51:
 1023 0294 74696D65 		.ascii	"time\000"
 1023      00
 1024              	.LASF71:
 1025 0299 42756666 		.ascii	"Buffer_LCD1\000"
 1025      65725F4C 
 1025      43443100 
 1026              	.LASF72:
 1027 02a5 42756666 		.ascii	"Buffer_LCD2\000"
 1027      65725F4C 
 1027      43443200 
 1028              	.LASF3:
 1029 02b1 73686F72 		.ascii	"short unsigned int\000"
 1029      7420756E 
ARM GAS  C:\Users\PROYEC~1\AppData\Local\Temp\ccgHumpQ.s 			page 21


 1029      7369676E 
 1029      65642069 
 1029      6E7400
 1030              	.LASF31:
 1031 02c4 63697479 		.ascii	"city\000"
 1031      00
 1032              	.LASF15:
 1033 02c9 63686172 		.ascii	"char\000"
 1033      00
 1034              	.LASF4:
 1035 02ce 6C6F6E67 		.ascii	"long int\000"
 1035      20696E74 
 1035      00
 1036              	.LASF66:
 1037 02d7 666C6167 		.ascii	"flagAuthorize\000"
 1037      41757468 
 1037      6F72697A 
 1037      6500
 1038              	.LASF52:
 1039 02e5 64617465 		.ascii	"date\000"
 1039      00
 1040              	.LASF39:
 1041 02ea 70726F64 		.ascii	"product\000"
 1041      75637400 
 1042              	.LASF46:
 1043 02f2 70756D70 		.ascii	"pump\000"
 1043      00
 1044              	.LASF27:
 1045 02f7 64617461 		.ascii	"data\000"
 1045      00
 1046              	.LASF65:
 1047 02fc 666C6167 		.ascii	"flagHandleUp\000"
 1047      48616E64 
 1047      6C655570 
 1047      00
 1048              	.LASF26:
 1049 0309 62756666 		.ascii	"buffer\000"
 1049      657200
 1050              	.LASF77:
 1051 0310 2E5C456D 		.ascii	".\\Emulator.c\000"
 1051      756C6174 
 1051      6F722E63 
 1051      00
 1052              	.LASF40:
 1053 031d 6D6F6E65 		.ascii	"money\000"
 1053      7900
 1054              	.LASF69:
 1055 0323 636F756E 		.ascii	"countSale\000"
 1055      7453616C 
 1055      6500
 1056              	.LASF5:
 1057 032d 6C6F6E67 		.ascii	"long unsigned int\000"
 1057      20756E73 
 1057      69676E65 
 1057      6420696E 
 1057      7400
 1058              	.LASF68:
ARM GAS  C:\Users\PROYEC~1\AppData\Local\Temp\ccgHumpQ.s 			page 22


 1059 033f 76616C75 		.ascii	"valuePPU\000"
 1059      65505055 
 1059      00
 1060              	.LASF13:
 1061 0348 646F7562 		.ascii	"double\000"
 1061      6C6500
 1062              	.LASF48:
 1063 034f 49544D5F 		.ascii	"ITM_RxBuffer\000"
 1063      52784275 
 1063      66666572 
 1063      00
 1064              	.LASF59:
 1065 035c 52785063 		.ascii	"RxPc\000"
 1065      00
 1066              	.LASF62:
 1067 0361 666C6F77 		.ascii	"flowLoopPump\000"
 1067      4C6F6F70 
 1067      50756D70 
 1067      00
 1068              	.LASF9:
 1069 036e 5F5F696E 		.ascii	"__int32_t\000"
 1069      7433325F 
 1069      7400
 1070              	.LASF45:
 1071 0378 65787465 		.ascii	"extend\000"
 1071      6E6400
 1072              	.LASF32:
 1073 037f 6D657373 		.ascii	"message1\000"
 1073      61676531 
 1073      00
 1074              	.LASF33:
 1075 0388 6D657373 		.ascii	"message2\000"
 1075      61676532 
 1075      00
 1076              	.LASF42:
 1077 0391 746F7461 		.ascii	"total\000"
 1077      6C00
 1078              	.LASF34:
 1079 0397 706F7369 		.ascii	"position\000"
 1079      74696F6E 
 1079      00
 1080              	.LASF74:
 1081 03a0 73696465 		.ascii	"side\000"
 1081      00
 1082              	.LASF75:
 1083 03a5 6253616C 		.ascii	"bSale\000"
 1083      6500
 1084              	.LASF43:
 1085 03ab 73616C65 		.ascii	"sale\000"
 1085      00
 1086              		.ident	"GCC: (GNU Tools for ARM Embedded Processors) 4.9.3 20150303 (release) [ARM/embedded-4_9-br
