ARM GAS  C:\Users\PROYEC~1\AppData\Local\Temp\ccfWqKHS.s 			page 1


   1              		.syntax unified
   2              		.cpu cortex-m3
   3              		.fpu softvfp
   4              		.eabi_attribute 20, 1
   5              		.eabi_attribute 21, 1
   6              		.eabi_attribute 23, 3
   7              		.eabi_attribute 24, 1
   8              		.eabi_attribute 25, 1
   9              		.eabi_attribute 26, 1
  10              		.eabi_attribute 30, 6
  11              		.eabi_attribute 34, 1
  12              		.eabi_attribute 18, 4
  13              		.thumb
  14              		.file	"I2C.c"
  15              		.text
  16              	.Ltext0:
  17              		.cfi_sections	.debug_frame
  18              		.comm	countAnimation1,8,8
  19              		.comm	countAnimation2,8,8
  20              		.comm	countBeagleTX,8,8
  21              		.comm	flowLCD1,4,4
  22              		.comm	flowLCD2,4,4
  23              		.comm	digits,1,1
  24              		.comm	ipAdress,12,4
  25              		.comm	numberKeys1,1,1
  26              		.comm	numberKeys2,1,1
  27              		.comm	flagPoint1,1,1
  28              		.comm	flagPoint2,1,1
  29              		.comm	button,960,4
  30              		.comm	productNumber,1,1
  31              		.comm	presetFast,30,4
  32              		.comm	delayPicture1,4,4
  33              		.comm	delayPicture2,4,4
  34              		.comm	ppux10,1,1
  35              		.comm	decimalMoney,1,1
  36              		.comm	decimalVolume,1,1
  37              		.comm	symbols,2,4
  38              		.comm	time,3,4
  39              		.comm	date,3,4
  40              		.comm	screen,2,4
  41              		.comm	residue,14,4
  42              		.comm	temporal,30,4
  43              		.comm	turn,1,1
  44              		.comm	idSeller,25,4
  45              		.comm	typeIdSeller,1,1
  46              		.comm	passwordSeller,8,4
  47              		.comm	flagResetMux,1,1
  48              		.comm	bufferLCD1,635,4
  49              		.comm	bufferLCD2,635,4
  50              		.comm	side,512,4
  51              		.section	.text.read_time,"ax",%progbits
  52              		.align	2
  53              		.global	read_time
  54              		.thumb
  55              		.thumb_func
  56              		.type	read_time, %function
  57              	read_time:
ARM GAS  C:\Users\PROYEC~1\AppData\Local\Temp\ccfWqKHS.s 			page 2


  58              	.LFB56:
  59              		.file 1 ".\\I2C.c"
   1:.\I2C.c       **** /*
   2:.\I2C.c       **** ***************************************************************************************************
   3:.\I2C.c       **** *                                         MUX ADVANCE CODE
   4:.\I2C.c       **** *
   5:.\I2C.c       **** *                             (c) Copyright 2015; Sistemas Insepet LTDA
   6:.\I2C.c       **** *
   7:.\I2C.c       **** *               All rights reserved.  Protected by international copyright laws.
   8:.\I2C.c       **** *               Knowledge of the source code may NOT be used to develop a similar product.
   9:.\I2C.c       **** *               Please help us continue to provide the Embedded community with the finest
  10:.\I2C.c       **** *               software available.  Your honesty is greatly appreciated.
  11:.\I2C.c       **** ***************************************************************************************************
  12:.\I2C.c       **** */
  13:.\I2C.c       **** 
  14:.\I2C.c       **** /*
  15:.\I2C.c       **** ***************************************************************************************************
  16:.\I2C.c       **** *
  17:.\I2C.c       **** *                                            MUX ADVANCE CODE
  18:.\I2C.c       **** *
  19:.\I2C.c       **** *                                             CYPRESS PSoC5LP
  20:.\I2C.c       **** *                                                with the
  21:.\I2C.c       **** *                                            CY8C5969AXI-LP035
  22:.\I2C.c       **** *
  23:.\I2C.c       **** * Filename      : I2C.c
  24:.\I2C.c       **** * Version       : V1.00
  25:.\I2C.c       **** * Programmer(s) : 
  26:.\I2C.c       ****                   
  27:.\I2C.c       **** ***************************************************************************************************
  28:.\I2C.c       **** */
  29:.\I2C.c       **** 
  30:.\I2C.c       **** 
  31:.\I2C.c       **** /*
  32:.\I2C.c       **** ***************************************************************************************************
  33:.\I2C.c       **** *                                             INCLUDE FILES
  34:.\I2C.c       **** ***************************************************************************************************
  35:.\I2C.c       **** */
  36:.\I2C.c       **** #include <device.h>
  37:.\I2C.c       **** #include "variables.h"
  38:.\I2C.c       **** 
  39:.\I2C.c       **** /*
  40:.\I2C.c       **** ***************************************************************************************************
  41:.\I2C.c       **** *                                         uint8 read_time( void )
  42:.\I2C.c       **** *
  43:.\I2C.c       **** * Description : 
  44:.\I2C.c       **** *               
  45:.\I2C.c       **** *
  46:.\I2C.c       **** * Argument(s) : none
  47:.\I2C.c       **** *
  48:.\I2C.c       **** * Return(s)   : none
  49:.\I2C.c       **** *
  50:.\I2C.c       **** * Caller(s)   : 
  51:.\I2C.c       **** *
  52:.\I2C.c       **** * Note(s)     : none.
  53:.\I2C.c       **** ***************************************************************************************************
  54:.\I2C.c       **** */
  55:.\I2C.c       **** uint8 read_time(){
ARM GAS  C:\Users\PROYEC~1\AppData\Local\Temp\ccfWqKHS.s 			page 3


  60              		.loc 1 55 0
  61              		.cfi_startproc
  62              		@ args = 0, pretend = 0, frame = 8
  63              		@ frame_needed = 1, uses_anonymous_args = 0
  64 0000 80B5     		push	{r7, lr}
  65              		.cfi_def_cfa_offset 8
  66              		.cfi_offset 7, -8
  67              		.cfi_offset 14, -4
  68 0002 82B0     		sub	sp, sp, #8
  69              		.cfi_def_cfa_offset 16
  70 0004 00AF     		add	r7, sp, #0
  71              		.cfi_def_cfa_register 7
  56:.\I2C.c       **** 	uint8 status;
  57:.\I2C.c       ****     uint32 i;
  58:.\I2C.c       **** 	for(i=0;i<=2;i++){
  72              		.loc 1 58 0
  73 0006 0023     		movs	r3, #0
  74 0008 7B60     		str	r3, [r7, #4]
  75 000a 38E0     		b	.L2
  76              	.L9:
  59:.\I2C.c       ****         I2C_1_MasterClearStatus();
  77              		.loc 1 59 0
  78 000c FFF7FEFF 		bl	I2C_1_MasterClearStatus
  60:.\I2C.c       ****         status = I2C_1_MasterSendStart(0x68, I2C_1_WRITE_XFER_MODE);
  79              		.loc 1 60 0
  80 0010 6820     		movs	r0, #104
  81 0012 0021     		movs	r1, #0
  82 0014 FFF7FEFF 		bl	I2C_1_MasterSendStart
  83 0018 0346     		mov	r3, r0
  84 001a FB70     		strb	r3, [r7, #3]
  61:.\I2C.c       ****         if(I2C_1_MSTR_NO_ERROR == status)								 		/* Check if transfer completed without errors *
  85              		.loc 1 61 0
  86 001c FB78     		ldrb	r3, [r7, #3]	@ zero_extendqisi2
  87 001e 002B     		cmp	r3, #0
  88 0020 28D1     		bne	.L3
  62:.\I2C.c       ****     	{
  63:.\I2C.c       ****             status = I2C_1_MasterWriteByte(i);
  89              		.loc 1 63 0
  90 0022 7B68     		ldr	r3, [r7, #4]
  91 0024 DBB2     		uxtb	r3, r3
  92 0026 1846     		mov	r0, r3
  93 0028 FFF7FEFF 		bl	I2C_1_MasterWriteByte
  94 002c 0346     		mov	r3, r0
  95 002e FB70     		strb	r3, [r7, #3]
  64:.\I2C.c       ****             if(status != I2C_1_MSTR_NO_ERROR)
  96              		.loc 1 64 0
  97 0030 FB78     		ldrb	r3, [r7, #3]	@ zero_extendqisi2
  98 0032 002B     		cmp	r3, #0
  99 0034 01D0     		beq	.L4
  65:.\I2C.c       ****             {
  66:.\I2C.c       ****                 return 0;
 100              		.loc 1 66 0
 101 0036 0023     		movs	r3, #0
 102 0038 25E0     		b	.L5
 103              	.L4:
  67:.\I2C.c       ****             }
  68:.\I2C.c       **** 			else{
ARM GAS  C:\Users\PROYEC~1\AppData\Local\Temp\ccfWqKHS.s 			page 4


  69:.\I2C.c       **** 		        I2C_1_MasterSendStop(); 										/* Send Stop */
 104              		.loc 1 69 0
 105 003a FFF7FEFF 		bl	I2C_1_MasterSendStop
  70:.\I2C.c       **** 		        CyDelay(10);
 106              		.loc 1 70 0
 107 003e 0A20     		movs	r0, #10
 108 0040 FFF7FEFF 		bl	CyDelay
  71:.\I2C.c       **** 		        status = I2C_1_MasterSendStart(0x68, I2C_1_READ_XFER_MODE);
 109              		.loc 1 71 0
 110 0044 6820     		movs	r0, #104
 111 0046 0121     		movs	r1, #1
 112 0048 FFF7FEFF 		bl	I2C_1_MasterSendStart
 113 004c 0346     		mov	r3, r0
 114 004e FB70     		strb	r3, [r7, #3]
  72:.\I2C.c       **** 		        if(I2C_1_MSTR_NO_ERROR == status){
 115              		.loc 1 72 0
 116 0050 FB78     		ldrb	r3, [r7, #3]	@ zero_extendqisi2
 117 0052 002B     		cmp	r3, #0
 118 0054 0CD1     		bne	.L6
  73:.\I2C.c       **** 		            time[i] = I2C_1_MasterReadByte(I2C_1_NAK_DATA);
 119              		.loc 1 73 0
 120 0056 0020     		movs	r0, #0
 121 0058 FFF7FEFF 		bl	I2C_1_MasterReadByte
 122 005c 0346     		mov	r3, r0
 123 005e 1946     		mov	r1, r3
 124 0060 0B4A     		ldr	r2, .L11
 125 0062 7B68     		ldr	r3, [r7, #4]
 126 0064 1344     		add	r3, r3, r2
 127 0066 0A46     		mov	r2, r1
 128 0068 1A70     		strb	r2, [r3]
  74:.\I2C.c       **** 		        }
  75:.\I2C.c       **** 				else{
  76:.\I2C.c       **** 					return 0;
  77:.\I2C.c       **** 				}
  78:.\I2C.c       **** 		        I2C_1_MasterSendStop();	
 129              		.loc 1 78 0
 130 006a FFF7FEFF 		bl	I2C_1_MasterSendStop
 131 006e 03E0     		b	.L10
 132              	.L6:
  76:.\I2C.c       **** 				}
 133              		.loc 1 76 0
 134 0070 0023     		movs	r3, #0
 135 0072 08E0     		b	.L5
 136              	.L3:
  79:.\I2C.c       **** 			}
  80:.\I2C.c       ****         }
  81:.\I2C.c       **** 		else{
  82:.\I2C.c       **** 			return 0;
 137              		.loc 1 82 0
 138 0074 0023     		movs	r3, #0
 139 0076 06E0     		b	.L5
 140              	.L10:
  58:.\I2C.c       ****         I2C_1_MasterClearStatus();
 141              		.loc 1 58 0 discriminator 2
 142 0078 7B68     		ldr	r3, [r7, #4]
 143 007a 0133     		adds	r3, r3, #1
 144 007c 7B60     		str	r3, [r7, #4]
ARM GAS  C:\Users\PROYEC~1\AppData\Local\Temp\ccfWqKHS.s 			page 5


 145              	.L2:
  58:.\I2C.c       ****         I2C_1_MasterClearStatus();
 146              		.loc 1 58 0 is_stmt 0 discriminator 1
 147 007e 7B68     		ldr	r3, [r7, #4]
 148 0080 022B     		cmp	r3, #2
 149 0082 C3D9     		bls	.L9
  83:.\I2C.c       **** 		}		
  84:.\I2C.c       **** 	}
  85:.\I2C.c       **** 	return 1;
 150              		.loc 1 85 0 is_stmt 1
 151 0084 0123     		movs	r3, #1
 152              	.L5:
  86:.\I2C.c       **** }
 153              		.loc 1 86 0
 154 0086 1846     		mov	r0, r3
 155 0088 0837     		adds	r7, r7, #8
 156              		.cfi_def_cfa_offset 8
 157 008a BD46     		mov	sp, r7
 158              		.cfi_def_cfa_register 13
 159              		@ sp needed
 160 008c 80BD     		pop	{r7, pc}
 161              	.L12:
 162 008e 00BF     		.align	2
 163              	.L11:
 164 0090 00000000 		.word	time
 165              		.cfi_endproc
 166              	.LFE56:
 167              		.size	read_time, .-read_time
 168              		.section	.text.read_date,"ax",%progbits
 169              		.align	2
 170              		.global	read_date
 171              		.thumb
 172              		.thumb_func
 173              		.type	read_date, %function
 174              	read_date:
 175              	.LFB57:
  87:.\I2C.c       **** 
  88:.\I2C.c       **** /*
  89:.\I2C.c       **** ***************************************************************************************************
  90:.\I2C.c       **** *                                         uint8 read_date( void )
  91:.\I2C.c       **** *
  92:.\I2C.c       **** * Description : 
  93:.\I2C.c       **** *               
  94:.\I2C.c       **** *
  95:.\I2C.c       **** * Argument(s) : none
  96:.\I2C.c       **** *
  97:.\I2C.c       **** * Return(s)   : none
  98:.\I2C.c       **** *
  99:.\I2C.c       **** * Caller(s)   : 
 100:.\I2C.c       **** *
 101:.\I2C.c       **** * Note(s)     : none.
 102:.\I2C.c       **** ***************************************************************************************************
 103:.\I2C.c       **** */
 104:.\I2C.c       **** uint8 read_date(){
 176              		.loc 1 104 0
 177              		.cfi_startproc
 178              		@ args = 0, pretend = 0, frame = 8
ARM GAS  C:\Users\PROYEC~1\AppData\Local\Temp\ccfWqKHS.s 			page 6


 179              		@ frame_needed = 1, uses_anonymous_args = 0
 180 0000 90B5     		push	{r4, r7, lr}
 181              		.cfi_def_cfa_offset 12
 182              		.cfi_offset 4, -12
 183              		.cfi_offset 7, -8
 184              		.cfi_offset 14, -4
 185 0002 83B0     		sub	sp, sp, #12
 186              		.cfi_def_cfa_offset 24
 187 0004 00AF     		add	r7, sp, #0
 188              		.cfi_def_cfa_register 7
 105:.\I2C.c       **** 	uint8 status;
 106:.\I2C.c       ****     uint32 i;
 107:.\I2C.c       **** 	for(i=4;i<=6;i++){
 189              		.loc 1 107 0
 190 0006 0423     		movs	r3, #4
 191 0008 7B60     		str	r3, [r7, #4]
 192 000a 37E0     		b	.L14
 193              	.L21:
 108:.\I2C.c       ****         I2C_1_MasterClearStatus();
 194              		.loc 1 108 0
 195 000c FFF7FEFF 		bl	I2C_1_MasterClearStatus
 109:.\I2C.c       ****         status = I2C_1_MasterSendStart(0x68, I2C_1_WRITE_XFER_MODE);
 196              		.loc 1 109 0
 197 0010 6820     		movs	r0, #104
 198 0012 0021     		movs	r1, #0
 199 0014 FFF7FEFF 		bl	I2C_1_MasterSendStart
 200 0018 0346     		mov	r3, r0
 201 001a FB70     		strb	r3, [r7, #3]
 110:.\I2C.c       ****         if(I2C_1_MSTR_NO_ERROR == status)								 		/* Check if transfer completed without errors *
 202              		.loc 1 110 0
 203 001c FB78     		ldrb	r3, [r7, #3]	@ zero_extendqisi2
 204 001e 002B     		cmp	r3, #0
 205 0020 27D1     		bne	.L15
 111:.\I2C.c       ****     	{
 112:.\I2C.c       ****             status = I2C_1_MasterWriteByte(i);
 206              		.loc 1 112 0
 207 0022 7B68     		ldr	r3, [r7, #4]
 208 0024 DBB2     		uxtb	r3, r3
 209 0026 1846     		mov	r0, r3
 210 0028 FFF7FEFF 		bl	I2C_1_MasterWriteByte
 211 002c 0346     		mov	r3, r0
 212 002e FB70     		strb	r3, [r7, #3]
 113:.\I2C.c       ****             if(status != I2C_1_MSTR_NO_ERROR)
 213              		.loc 1 113 0
 214 0030 FB78     		ldrb	r3, [r7, #3]	@ zero_extendqisi2
 215 0032 002B     		cmp	r3, #0
 216 0034 01D0     		beq	.L16
 114:.\I2C.c       ****             {
 115:.\I2C.c       ****                 return 0;
 217              		.loc 1 115 0
 218 0036 0023     		movs	r3, #0
 219 0038 24E0     		b	.L17
 220              	.L16:
 116:.\I2C.c       ****             }
 117:.\I2C.c       **** 			else{
 118:.\I2C.c       **** 		        I2C_1_MasterSendStop(); 										/* Send Stop */
 221              		.loc 1 118 0
ARM GAS  C:\Users\PROYEC~1\AppData\Local\Temp\ccfWqKHS.s 			page 7


 222 003a FFF7FEFF 		bl	I2C_1_MasterSendStop
 119:.\I2C.c       **** 		        CyDelay(10);
 223              		.loc 1 119 0
 224 003e 0A20     		movs	r0, #10
 225 0040 FFF7FEFF 		bl	CyDelay
 120:.\I2C.c       **** 		        status = I2C_1_MasterSendStart(0x68, I2C_1_READ_XFER_MODE);
 226              		.loc 1 120 0
 227 0044 6820     		movs	r0, #104
 228 0046 0121     		movs	r1, #1
 229 0048 FFF7FEFF 		bl	I2C_1_MasterSendStart
 230 004c 0346     		mov	r3, r0
 231 004e FB70     		strb	r3, [r7, #3]
 121:.\I2C.c       **** 		        if(I2C_1_MSTR_NO_ERROR == status){
 232              		.loc 1 121 0
 233 0050 FB78     		ldrb	r3, [r7, #3]	@ zero_extendqisi2
 234 0052 002B     		cmp	r3, #0
 235 0054 0BD1     		bne	.L18
 122:.\I2C.c       **** 		            date[i-4] = I2C_1_MasterReadByte(I2C_1_NAK_DATA);
 236              		.loc 1 122 0
 237 0056 7B68     		ldr	r3, [r7, #4]
 238 0058 1C1F     		subs	r4, r3, #4
 239 005a 0020     		movs	r0, #0
 240 005c FFF7FEFF 		bl	I2C_1_MasterReadByte
 241 0060 0346     		mov	r3, r0
 242 0062 1A46     		mov	r2, r3
 243 0064 094B     		ldr	r3, .L23
 244 0066 1A55     		strb	r2, [r3, r4]
 123:.\I2C.c       **** 		        }
 124:.\I2C.c       **** 				else{
 125:.\I2C.c       **** 					return 0;
 126:.\I2C.c       **** 				}
 127:.\I2C.c       **** 		        I2C_1_MasterSendStop();	
 245              		.loc 1 127 0
 246 0068 FFF7FEFF 		bl	I2C_1_MasterSendStop
 247 006c 03E0     		b	.L22
 248              	.L18:
 125:.\I2C.c       **** 				}
 249              		.loc 1 125 0
 250 006e 0023     		movs	r3, #0
 251 0070 08E0     		b	.L17
 252              	.L15:
 128:.\I2C.c       **** 			}
 129:.\I2C.c       ****         }
 130:.\I2C.c       **** 		else{
 131:.\I2C.c       **** 			return 0;
 253              		.loc 1 131 0
 254 0072 0023     		movs	r3, #0
 255 0074 06E0     		b	.L17
 256              	.L22:
 107:.\I2C.c       ****         I2C_1_MasterClearStatus();
 257              		.loc 1 107 0 discriminator 2
 258 0076 7B68     		ldr	r3, [r7, #4]
 259 0078 0133     		adds	r3, r3, #1
 260 007a 7B60     		str	r3, [r7, #4]
 261              	.L14:
 107:.\I2C.c       ****         I2C_1_MasterClearStatus();
 262              		.loc 1 107 0 is_stmt 0 discriminator 1
ARM GAS  C:\Users\PROYEC~1\AppData\Local\Temp\ccfWqKHS.s 			page 8


 263 007c 7B68     		ldr	r3, [r7, #4]
 264 007e 062B     		cmp	r3, #6
 265 0080 C4D9     		bls	.L21
 132:.\I2C.c       **** 		}		
 133:.\I2C.c       **** 	}
 134:.\I2C.c       **** 	return 1;
 266              		.loc 1 134 0 is_stmt 1
 267 0082 0123     		movs	r3, #1
 268              	.L17:
 135:.\I2C.c       **** }
 269              		.loc 1 135 0
 270 0084 1846     		mov	r0, r3
 271 0086 0C37     		adds	r7, r7, #12
 272              		.cfi_def_cfa_offset 12
 273 0088 BD46     		mov	sp, r7
 274              		.cfi_def_cfa_register 13
 275              		@ sp needed
 276 008a 90BD     		pop	{r4, r7, pc}
 277              	.L24:
 278              		.align	2
 279              	.L23:
 280 008c 00000000 		.word	date
 281              		.cfi_endproc
 282              	.LFE57:
 283              		.size	read_date, .-read_date
 284              		.section	.text.write_time,"ax",%progbits
 285              		.align	2
 286              		.global	write_time
 287              		.thumb
 288              		.thumb_func
 289              		.type	write_time, %function
 290              	write_time:
 291              	.LFB58:
 136:.\I2C.c       **** 
 137:.\I2C.c       **** /*
 138:.\I2C.c       **** ***************************************************************************************************
 139:.\I2C.c       **** *                                         uint8 write_time( void )
 140:.\I2C.c       **** *
 141:.\I2C.c       **** * Description : 
 142:.\I2C.c       **** *               
 143:.\I2C.c       **** *
 144:.\I2C.c       **** * Argument(s) : none
 145:.\I2C.c       **** *
 146:.\I2C.c       **** * Return(s)   : none
 147:.\I2C.c       **** *
 148:.\I2C.c       **** * Caller(s)   : 
 149:.\I2C.c       **** *
 150:.\I2C.c       **** * Note(s)     : none.
 151:.\I2C.c       **** ***************************************************************************************************
 152:.\I2C.c       **** */
 153:.\I2C.c       **** 
 154:.\I2C.c       **** uint8 write_time( void ){
 292              		.loc 1 154 0
 293              		.cfi_startproc
 294              		@ args = 0, pretend = 0, frame = 16
 295              		@ frame_needed = 1, uses_anonymous_args = 0
 296 0000 80B5     		push	{r7, lr}
ARM GAS  C:\Users\PROYEC~1\AppData\Local\Temp\ccfWqKHS.s 			page 9


 297              		.cfi_def_cfa_offset 8
 298              		.cfi_offset 7, -8
 299              		.cfi_offset 14, -4
 300 0002 84B0     		sub	sp, sp, #16
 301              		.cfi_def_cfa_offset 24
 302 0004 00AF     		add	r7, sp, #0
 303              		.cfi_def_cfa_register 7
 155:.\I2C.c       **** 	uint8 status, data[6];
 156:.\I2C.c       ****     uint32 i;
 157:.\I2C.c       **** 	data[0]=0;
 304              		.loc 1 157 0
 305 0006 0023     		movs	r3, #0
 306 0008 3B71     		strb	r3, [r7, #4]
 158:.\I2C.c       **** 	data[1]=time[0];
 307              		.loc 1 158 0
 308 000a 1C4B     		ldr	r3, .L34
 309 000c 1B78     		ldrb	r3, [r3]
 310 000e DBB2     		uxtb	r3, r3
 311 0010 7B71     		strb	r3, [r7, #5]
 159:.\I2C.c       **** 	data[2]=time[1];
 312              		.loc 1 159 0
 313 0012 1A4B     		ldr	r3, .L34
 314 0014 5B78     		ldrb	r3, [r3, #1]
 315 0016 DBB2     		uxtb	r3, r3
 316 0018 BB71     		strb	r3, [r7, #6]
 160:.\I2C.c       ****     data[3]=time[2];
 317              		.loc 1 160 0
 318 001a 184B     		ldr	r3, .L34
 319 001c 9B78     		ldrb	r3, [r3, #2]
 320 001e DBB2     		uxtb	r3, r3
 321 0020 FB71     		strb	r3, [r7, #7]
 161:.\I2C.c       **** 	I2C_1_MasterClearStatus();
 322              		.loc 1 161 0
 323 0022 FFF7FEFF 		bl	I2C_1_MasterClearStatus
 162:.\I2C.c       ****     status = I2C_1_MasterSendStart(0x68, I2C_1_WRITE_XFER_MODE);
 324              		.loc 1 162 0
 325 0026 6820     		movs	r0, #104
 326 0028 0021     		movs	r1, #0
 327 002a FFF7FEFF 		bl	I2C_1_MasterSendStart
 328 002e 0346     		mov	r3, r0
 329 0030 FB72     		strb	r3, [r7, #11]
 163:.\I2C.c       ****     if(I2C_1_MSTR_NO_ERROR == status) 
 330              		.loc 1 163 0
 331 0032 FB7A     		ldrb	r3, [r7, #11]	@ zero_extendqisi2
 332 0034 002B     		cmp	r3, #0
 333 0036 17D1     		bne	.L26
 164:.\I2C.c       ****     {
 165:.\I2C.c       ****         for(i=0; i<4; i++)
 334              		.loc 1 165 0
 335 0038 0023     		movs	r3, #0
 336 003a FB60     		str	r3, [r7, #12]
 337 003c 10E0     		b	.L27
 338              	.L30:
 166:.\I2C.c       ****         {
 167:.\I2C.c       ****             status = I2C_1_MasterWriteByte(data[i]);
 339              		.loc 1 167 0
 340 003e 3A1D     		adds	r2, r7, #4
ARM GAS  C:\Users\PROYEC~1\AppData\Local\Temp\ccfWqKHS.s 			page 10


 341 0040 FB68     		ldr	r3, [r7, #12]
 342 0042 1344     		add	r3, r3, r2
 343 0044 1B78     		ldrb	r3, [r3]	@ zero_extendqisi2
 344 0046 1846     		mov	r0, r3
 345 0048 FFF7FEFF 		bl	I2C_1_MasterWriteByte
 346 004c 0346     		mov	r3, r0
 347 004e FB72     		strb	r3, [r7, #11]
 168:.\I2C.c       ****             if(status != I2C_1_MSTR_NO_ERROR)
 348              		.loc 1 168 0
 349 0050 FB7A     		ldrb	r3, [r7, #11]	@ zero_extendqisi2
 350 0052 002B     		cmp	r3, #0
 351 0054 01D0     		beq	.L28
 169:.\I2C.c       ****             {
 170:.\I2C.c       ****                 return 0;
 352              		.loc 1 170 0
 353 0056 0023     		movs	r3, #0
 354 0058 0BE0     		b	.L32
 355              	.L28:
 165:.\I2C.c       ****         {
 356              		.loc 1 165 0 discriminator 2
 357 005a FB68     		ldr	r3, [r7, #12]
 358 005c 0133     		adds	r3, r3, #1
 359 005e FB60     		str	r3, [r7, #12]
 360              	.L27:
 165:.\I2C.c       ****         {
 361              		.loc 1 165 0 is_stmt 0 discriminator 1
 362 0060 FB68     		ldr	r3, [r7, #12]
 363 0062 032B     		cmp	r3, #3
 364 0064 EBD9     		bls	.L30
 365 0066 01E0     		b	.L33
 366              	.L26:
 171:.\I2C.c       ****             }
 172:.\I2C.c       ****         }
 173:.\I2C.c       ****     }
 174:.\I2C.c       ****     else{
 175:.\I2C.c       **** 		return 0;
 367              		.loc 1 175 0 is_stmt 1
 368 0068 0023     		movs	r3, #0
 369 006a 02E0     		b	.L32
 370              	.L33:
 176:.\I2C.c       ****     }
 177:.\I2C.c       ****     I2C_1_MasterSendStop();	
 371              		.loc 1 177 0
 372 006c FFF7FEFF 		bl	I2C_1_MasterSendStop
 178:.\I2C.c       **** 	return 1;
 373              		.loc 1 178 0
 374 0070 0123     		movs	r3, #1
 375              	.L32:
 179:.\I2C.c       **** }
 376              		.loc 1 179 0 discriminator 1
 377 0072 1846     		mov	r0, r3
 378 0074 1037     		adds	r7, r7, #16
 379              		.cfi_def_cfa_offset 8
 380 0076 BD46     		mov	sp, r7
 381              		.cfi_def_cfa_register 13
 382              		@ sp needed
 383 0078 80BD     		pop	{r7, pc}
ARM GAS  C:\Users\PROYEC~1\AppData\Local\Temp\ccfWqKHS.s 			page 11


 384              	.L35:
 385 007a 00BF     		.align	2
 386              	.L34:
 387 007c 00000000 		.word	time
 388              		.cfi_endproc
 389              	.LFE58:
 390              		.size	write_time, .-write_time
 391              		.section	.text.write_date,"ax",%progbits
 392              		.align	2
 393              		.global	write_date
 394              		.thumb
 395              		.thumb_func
 396              		.type	write_date, %function
 397              	write_date:
 398              	.LFB59:
 180:.\I2C.c       **** 
 181:.\I2C.c       **** /*
 182:.\I2C.c       **** ***************************************************************************************************
 183:.\I2C.c       **** *                                         uint8 write_date( void )
 184:.\I2C.c       **** *
 185:.\I2C.c       **** * Description : 
 186:.\I2C.c       **** *               
 187:.\I2C.c       **** *
 188:.\I2C.c       **** * Argument(s) : none
 189:.\I2C.c       **** *
 190:.\I2C.c       **** * Return(s)   : none
 191:.\I2C.c       **** *
 192:.\I2C.c       **** * Caller(s)   : 
 193:.\I2C.c       **** *
 194:.\I2C.c       **** * Note(s)     : none.
 195:.\I2C.c       **** ***************************************************************************************************
 196:.\I2C.c       **** */
 197:.\I2C.c       **** 
 198:.\I2C.c       **** uint8 write_date( void ){
 399              		.loc 1 198 0
 400              		.cfi_startproc
 401              		@ args = 0, pretend = 0, frame = 16
 402              		@ frame_needed = 1, uses_anonymous_args = 0
 403 0000 80B5     		push	{r7, lr}
 404              		.cfi_def_cfa_offset 8
 405              		.cfi_offset 7, -8
 406              		.cfi_offset 14, -4
 407 0002 84B0     		sub	sp, sp, #16
 408              		.cfi_def_cfa_offset 24
 409 0004 00AF     		add	r7, sp, #0
 410              		.cfi_def_cfa_register 7
 199:.\I2C.c       **** 	uint8 status, data[6];
 200:.\I2C.c       ****     uint32 i;
 201:.\I2C.c       **** 	data[0]=4;
 411              		.loc 1 201 0
 412 0006 0423     		movs	r3, #4
 413 0008 3B71     		strb	r3, [r7, #4]
 202:.\I2C.c       **** 	data[1]=date[0];
 414              		.loc 1 202 0
 415 000a 1C4B     		ldr	r3, .L45
 416 000c 1B78     		ldrb	r3, [r3]
 417 000e DBB2     		uxtb	r3, r3
ARM GAS  C:\Users\PROYEC~1\AppData\Local\Temp\ccfWqKHS.s 			page 12


 418 0010 7B71     		strb	r3, [r7, #5]
 203:.\I2C.c       **** 	data[2]=date[1];
 419              		.loc 1 203 0
 420 0012 1A4B     		ldr	r3, .L45
 421 0014 5B78     		ldrb	r3, [r3, #1]
 422 0016 DBB2     		uxtb	r3, r3
 423 0018 BB71     		strb	r3, [r7, #6]
 204:.\I2C.c       **** 	data[3]=date[2];
 424              		.loc 1 204 0
 425 001a 184B     		ldr	r3, .L45
 426 001c 9B78     		ldrb	r3, [r3, #2]
 427 001e DBB2     		uxtb	r3, r3
 428 0020 FB71     		strb	r3, [r7, #7]
 205:.\I2C.c       **** 	I2C_1_MasterClearStatus();
 429              		.loc 1 205 0
 430 0022 FFF7FEFF 		bl	I2C_1_MasterClearStatus
 206:.\I2C.c       ****     status = I2C_1_MasterSendStart(0x68, I2C_1_WRITE_XFER_MODE);
 431              		.loc 1 206 0
 432 0026 6820     		movs	r0, #104
 433 0028 0021     		movs	r1, #0
 434 002a FFF7FEFF 		bl	I2C_1_MasterSendStart
 435 002e 0346     		mov	r3, r0
 436 0030 FB72     		strb	r3, [r7, #11]
 207:.\I2C.c       ****     if(I2C_1_MSTR_NO_ERROR == status) 
 437              		.loc 1 207 0
 438 0032 FB7A     		ldrb	r3, [r7, #11]	@ zero_extendqisi2
 439 0034 002B     		cmp	r3, #0
 440 0036 17D1     		bne	.L37
 208:.\I2C.c       ****     {
 209:.\I2C.c       ****         for(i=0; i<4; i++)
 441              		.loc 1 209 0
 442 0038 0023     		movs	r3, #0
 443 003a FB60     		str	r3, [r7, #12]
 444 003c 10E0     		b	.L38
 445              	.L41:
 210:.\I2C.c       ****         {
 211:.\I2C.c       ****             status = I2C_1_MasterWriteByte(data[i]);
 446              		.loc 1 211 0
 447 003e 3A1D     		adds	r2, r7, #4
 448 0040 FB68     		ldr	r3, [r7, #12]
 449 0042 1344     		add	r3, r3, r2
 450 0044 1B78     		ldrb	r3, [r3]	@ zero_extendqisi2
 451 0046 1846     		mov	r0, r3
 452 0048 FFF7FEFF 		bl	I2C_1_MasterWriteByte
 453 004c 0346     		mov	r3, r0
 454 004e FB72     		strb	r3, [r7, #11]
 212:.\I2C.c       ****             if(status != I2C_1_MSTR_NO_ERROR)
 455              		.loc 1 212 0
 456 0050 FB7A     		ldrb	r3, [r7, #11]	@ zero_extendqisi2
 457 0052 002B     		cmp	r3, #0
 458 0054 01D0     		beq	.L39
 213:.\I2C.c       ****             {
 214:.\I2C.c       ****                 return 0;
 459              		.loc 1 214 0
 460 0056 0023     		movs	r3, #0
 461 0058 0BE0     		b	.L43
 462              	.L39:
ARM GAS  C:\Users\PROYEC~1\AppData\Local\Temp\ccfWqKHS.s 			page 13


 209:.\I2C.c       ****         {
 463              		.loc 1 209 0 discriminator 2
 464 005a FB68     		ldr	r3, [r7, #12]
 465 005c 0133     		adds	r3, r3, #1
 466 005e FB60     		str	r3, [r7, #12]
 467              	.L38:
 209:.\I2C.c       ****         {
 468              		.loc 1 209 0 is_stmt 0 discriminator 1
 469 0060 FB68     		ldr	r3, [r7, #12]
 470 0062 032B     		cmp	r3, #3
 471 0064 EBD9     		bls	.L41
 472 0066 01E0     		b	.L44
 473              	.L37:
 215:.\I2C.c       ****             }
 216:.\I2C.c       ****         }
 217:.\I2C.c       ****     }
 218:.\I2C.c       ****     else{
 219:.\I2C.c       **** 		return 0;
 474              		.loc 1 219 0 is_stmt 1
 475 0068 0023     		movs	r3, #0
 476 006a 02E0     		b	.L43
 477              	.L44:
 220:.\I2C.c       ****     }
 221:.\I2C.c       ****     I2C_1_MasterSendStop();	
 478              		.loc 1 221 0
 479 006c FFF7FEFF 		bl	I2C_1_MasterSendStop
 222:.\I2C.c       **** 	return 1;
 480              		.loc 1 222 0
 481 0070 0123     		movs	r3, #1
 482              	.L43:
 223:.\I2C.c       **** }
 483              		.loc 1 223 0 discriminator 1
 484 0072 1846     		mov	r0, r3
 485 0074 1037     		adds	r7, r7, #16
 486              		.cfi_def_cfa_offset 8
 487 0076 BD46     		mov	sp, r7
 488              		.cfi_def_cfa_register 13
 489              		@ sp needed
 490 0078 80BD     		pop	{r7, pc}
 491              	.L46:
 492 007a 00BF     		.align	2
 493              	.L45:
 494 007c 00000000 		.word	date
 495              		.cfi_endproc
 496              	.LFE59:
 497              		.size	write_date, .-write_date
 498              		.text
 499              	.Letext0:
 500              		.file 2 "c:\\program files (x86)\\cypress\\psoc creator\\3.3\\psoc creator\\import\\gnu\\arm\\4.9.
 501              		.file 3 "c:\\program files (x86)\\cypress\\psoc creator\\3.3\\psoc creator\\import\\gnu\\arm\\4.9.
 502              		.file 4 "Generated_Source\\PSoC5/cytypes.h"
 503              		.file 5 ".\\variables.h"
 504              		.file 6 "Generated_Source\\PSoC5/core_cm3.h"
 505              		.section	.debug_info,"",%progbits
 506              	.Ldebug_info0:
 507 0000 8C080000 		.4byte	0x88c
 508 0004 0400     		.2byte	0x4
ARM GAS  C:\Users\PROYEC~1\AppData\Local\Temp\ccfWqKHS.s 			page 14


 509 0006 00000000 		.4byte	.Ldebug_abbrev0
 510 000a 04       		.byte	0x4
 511 000b 01       		.uleb128 0x1
 512 000c 8C010000 		.4byte	.LASF115
 513 0010 01       		.byte	0x1
 514 0011 DE050000 		.4byte	.LASF116
 515 0015 CB020000 		.4byte	.LASF117
 516 0019 00000000 		.4byte	.Ldebug_ranges0+0
 517 001d 00000000 		.4byte	0
 518 0021 00000000 		.4byte	.Ldebug_line0
 519 0025 02       		.uleb128 0x2
 520 0026 01       		.byte	0x1
 521 0027 06       		.byte	0x6
 522 0028 0B010000 		.4byte	.LASF0
 523 002c 02       		.uleb128 0x2
 524 002d 01       		.byte	0x1
 525 002e 08       		.byte	0x8
 526 002f A2020000 		.4byte	.LASF1
 527 0033 02       		.uleb128 0x2
 528 0034 02       		.byte	0x2
 529 0035 05       		.byte	0x5
 530 0036 41000000 		.4byte	.LASF2
 531 003a 02       		.uleb128 0x2
 532 003b 02       		.byte	0x2
 533 003c 07       		.byte	0x7
 534 003d E7040000 		.4byte	.LASF3
 535 0041 03       		.uleb128 0x3
 536 0042 7C050000 		.4byte	.LASF9
 537 0046 02       		.byte	0x2
 538 0047 3F       		.byte	0x3f
 539 0048 4C000000 		.4byte	0x4c
 540 004c 02       		.uleb128 0x2
 541 004d 04       		.byte	0x4
 542 004e 05       		.byte	0x5
 543 004f 90040000 		.4byte	.LASF4
 544 0053 02       		.uleb128 0x2
 545 0054 04       		.byte	0x4
 546 0055 07       		.byte	0x7
 547 0056 17000000 		.4byte	.LASF5
 548 005a 02       		.uleb128 0x2
 549 005b 08       		.byte	0x8
 550 005c 05       		.byte	0x5
 551 005d 58010000 		.4byte	.LASF6
 552 0061 02       		.uleb128 0x2
 553 0062 08       		.byte	0x8
 554 0063 07       		.byte	0x7
 555 0064 B2030000 		.4byte	.LASF7
 556 0068 04       		.uleb128 0x4
 557 0069 04       		.byte	0x4
 558 006a 05       		.byte	0x5
 559 006b 696E7400 		.ascii	"int\000"
 560 006f 02       		.uleb128 0x2
 561 0070 04       		.byte	0x4
 562 0071 07       		.byte	0x7
 563 0072 E3030000 		.4byte	.LASF8
 564 0076 03       		.uleb128 0x3
 565 0077 99040000 		.4byte	.LASF10
ARM GAS  C:\Users\PROYEC~1\AppData\Local\Temp\ccfWqKHS.s 			page 15


 566 007b 03       		.byte	0x3
 567 007c 2C       		.byte	0x2c
 568 007d 41000000 		.4byte	0x41
 569 0081 03       		.uleb128 0x3
 570 0082 FC000000 		.4byte	.LASF11
 571 0086 04       		.byte	0x4
 572 0087 A1       		.byte	0xa1
 573 0088 2C000000 		.4byte	0x2c
 574 008c 03       		.uleb128 0x3
 575 008d FA040000 		.4byte	.LASF12
 576 0091 04       		.byte	0x4
 577 0092 A3       		.byte	0xa3
 578 0093 53000000 		.4byte	0x53
 579 0097 02       		.uleb128 0x2
 580 0098 04       		.byte	0x4
 581 0099 04       		.byte	0x4
 582 009a 24010000 		.4byte	.LASF13
 583 009e 02       		.uleb128 0x2
 584 009f 08       		.byte	0x8
 585 00a0 04       		.byte	0x4
 586 00a1 D7050000 		.4byte	.LASF14
 587 00a5 03       		.uleb128 0x3
 588 00a6 1A020000 		.4byte	.LASF15
 589 00aa 04       		.byte	0x4
 590 00ab AD       		.byte	0xad
 591 00ac 61000000 		.4byte	0x61
 592 00b0 02       		.uleb128 0x2
 593 00b1 01       		.byte	0x1
 594 00b2 08       		.byte	0x8
 595 00b3 83040000 		.4byte	.LASF16
 596 00b7 05       		.uleb128 0x5
 597 00b8 81000000 		.4byte	0x81
 598 00bc 05       		.uleb128 0x5
 599 00bd 8C000000 		.4byte	0x8c
 600 00c1 02       		.uleb128 0x2
 601 00c2 04       		.byte	0x4
 602 00c3 07       		.byte	0x7
 603 00c4 63000000 		.4byte	.LASF17
 604 00c8 06       		.uleb128 0x6
 605 00c9 E0040000 		.4byte	.LASF66
 606 00cd 7B02     		.2byte	0x27b
 607 00cf 05       		.byte	0x5
 608 00d0 52       		.byte	0x52
 609 00d1 2A030000 		.4byte	0x32a
 610 00d5 07       		.uleb128 0x7
 611 00d6 F5000000 		.4byte	.LASF18
 612 00da 05       		.byte	0x5
 613 00db 53       		.byte	0x53
 614 00dc 81000000 		.4byte	0x81
 615 00e0 00       		.byte	0
 616 00e1 07       		.uleb128 0x7
 617 00e2 38000000 		.4byte	.LASF19
 618 00e6 05       		.byte	0x5
 619 00e7 54       		.byte	0x54
 620 00e8 2A030000 		.4byte	0x32a
 621 00ec 01       		.byte	0x1
 622 00ed 07       		.uleb128 0x7
ARM GAS  C:\Users\PROYEC~1\AppData\Local\Temp\ccfWqKHS.s 			page 16


 623 00ee D4000000 		.4byte	.LASF20
 624 00f2 05       		.byte	0x5
 625 00f3 55       		.byte	0x55
 626 00f4 81000000 		.4byte	0x81
 627 00f8 1A       		.byte	0x1a
 628 00f9 07       		.uleb128 0x7
 629 00fa 6F050000 		.4byte	.LASF21
 630 00fe 05       		.byte	0x5
 631 00ff 56       		.byte	0x56
 632 0100 3A030000 		.4byte	0x33a
 633 0104 1B       		.byte	0x1b
 634 0105 07       		.uleb128 0x7
 635 0106 5F030000 		.4byte	.LASF22
 636 010a 05       		.byte	0x5
 637 010b 57       		.byte	0x57
 638 010c 3A030000 		.4byte	0x33a
 639 0110 25       		.byte	0x25
 640 0111 07       		.uleb128 0x7
 641 0112 87000000 		.4byte	.LASF23
 642 0116 05       		.byte	0x5
 643 0117 58       		.byte	0x58
 644 0118 2A030000 		.4byte	0x32a
 645 011c 2F       		.byte	0x2f
 646 011d 07       		.uleb128 0x7
 647 011e 7B010000 		.4byte	.LASF24
 648 0122 05       		.byte	0x5
 649 0123 59       		.byte	0x59
 650 0124 81000000 		.4byte	0x81
 651 0128 48       		.byte	0x48
 652 0129 07       		.uleb128 0x7
 653 012a 86050000 		.4byte	.LASF25
 654 012e 05       		.byte	0x5
 655 012f 5A       		.byte	0x5a
 656 0130 81000000 		.4byte	0x81
 657 0134 49       		.byte	0x49
 658 0135 07       		.uleb128 0x7
 659 0136 67020000 		.4byte	.LASF26
 660 013a 05       		.byte	0x5
 661 013b 5B       		.byte	0x5b
 662 013c 4A030000 		.4byte	0x34a
 663 0140 4A       		.byte	0x4a
 664 0141 07       		.uleb128 0x7
 665 0142 01050000 		.4byte	.LASF27
 666 0146 05       		.byte	0x5
 667 0147 5C       		.byte	0x5c
 668 0148 81000000 		.4byte	0x81
 669 014c 5F       		.byte	0x5f
 670 014d 07       		.uleb128 0x7
 671 014e 75000000 		.4byte	.LASF28
 672 0152 05       		.byte	0x5
 673 0153 5D       		.byte	0x5d
 674 0154 81000000 		.4byte	0x81
 675 0158 60       		.byte	0x60
 676 0159 07       		.uleb128 0x7
 677 015a DD000000 		.4byte	.LASF29
 678 015e 05       		.byte	0x5
 679 015f 5E       		.byte	0x5e
ARM GAS  C:\Users\PROYEC~1\AppData\Local\Temp\ccfWqKHS.s 			page 17


 680 0160 81000000 		.4byte	0x81
 681 0164 61       		.byte	0x61
 682 0165 07       		.uleb128 0x7
 683 0166 2D030000 		.4byte	.LASF30
 684 016a 05       		.byte	0x5
 685 016b 5F       		.byte	0x5f
 686 016c 5A030000 		.4byte	0x35a
 687 0170 62       		.byte	0x62
 688 0171 07       		.uleb128 0x7
 689 0172 C8000000 		.4byte	.LASF31
 690 0176 05       		.byte	0x5
 691 0177 60       		.byte	0x60
 692 0178 6A030000 		.4byte	0x36a
 693 017c 64       		.byte	0x64
 694 017d 07       		.uleb128 0x7
 695 017e 0B000000 		.4byte	.LASF32
 696 0182 05       		.byte	0x5
 697 0183 61       		.byte	0x61
 698 0184 81000000 		.4byte	0x81
 699 0188 78       		.byte	0x78
 700 0189 07       		.uleb128 0x7
 701 018a 6C000000 		.4byte	.LASF33
 702 018e 05       		.byte	0x5
 703 018f 62       		.byte	0x62
 704 0190 80030000 		.4byte	0x380
 705 0194 79       		.byte	0x79
 706 0195 07       		.uleb128 0x7
 707 0196 29000000 		.4byte	.LASF34
 708 019a 05       		.byte	0x5
 709 019b 63       		.byte	0x63
 710 019c 90030000 		.4byte	0x390
 711 01a0 7E       		.byte	0x7e
 712 01a1 07       		.uleb128 0x7
 713 01a2 C7040000 		.4byte	.LASF35
 714 01a6 05       		.byte	0x5
 715 01a7 64       		.byte	0x64
 716 01a8 90030000 		.4byte	0x390
 717 01ac 84       		.byte	0x84
 718 01ad 07       		.uleb128 0x7
 719 01ae A1040000 		.4byte	.LASF36
 720 01b2 05       		.byte	0x5
 721 01b3 65       		.byte	0x65
 722 01b4 90030000 		.4byte	0x390
 723 01b8 8A       		.byte	0x8a
 724 01b9 07       		.uleb128 0x7
 725 01ba 15050000 		.4byte	.LASF37
 726 01be 05       		.byte	0x5
 727 01bf 66       		.byte	0x66
 728 01c0 90030000 		.4byte	0x390
 729 01c4 90       		.byte	0x90
 730 01c5 07       		.uleb128 0x7
 731 01c6 D0030000 		.4byte	.LASF38
 732 01ca 05       		.byte	0x5
 733 01cb 67       		.byte	0x67
 734 01cc A0030000 		.4byte	0x3a0
 735 01d0 96       		.byte	0x96
 736 01d1 07       		.uleb128 0x7
ARM GAS  C:\Users\PROYEC~1\AppData\Local\Temp\ccfWqKHS.s 			page 18


 737 01d2 53020000 		.4byte	.LASF39
 738 01d6 05       		.byte	0x5
 739 01d7 68       		.byte	0x68
 740 01d8 A0030000 		.4byte	0x3a0
 741 01dc A4       		.byte	0xa4
 742 01dd 07       		.uleb128 0x7
 743 01de C6050000 		.4byte	.LASF40
 744 01e2 05       		.byte	0x5
 745 01e3 69       		.byte	0x69
 746 01e4 A0030000 		.4byte	0x3a0
 747 01e8 B2       		.byte	0xb2
 748 01e9 07       		.uleb128 0x7
 749 01ea 92020000 		.4byte	.LASF41
 750 01ee 05       		.byte	0x5
 751 01ef 6A       		.byte	0x6a
 752 01f0 A0030000 		.4byte	0x3a0
 753 01f4 C0       		.byte	0xc0
 754 01f5 07       		.uleb128 0x7
 755 01f6 18040000 		.4byte	.LASF42
 756 01fa 05       		.byte	0x5
 757 01fb 6B       		.byte	0x6b
 758 01fc A0030000 		.4byte	0x3a0
 759 0200 CE       		.byte	0xce
 760 0201 07       		.uleb128 0x7
 761 0202 B0040000 		.4byte	.LASF43
 762 0206 05       		.byte	0x5
 763 0207 6C       		.byte	0x6c
 764 0208 A0030000 		.4byte	0x3a0
 765 020c DC       		.byte	0xdc
 766 020d 07       		.uleb128 0x7
 767 020e 4B000000 		.4byte	.LASF44
 768 0212 05       		.byte	0x5
 769 0213 6D       		.byte	0x6d
 770 0214 B0030000 		.4byte	0x3b0
 771 0218 EA       		.byte	0xea
 772 0219 07       		.uleb128 0x7
 773 021a E9000000 		.4byte	.LASF45
 774 021e 05       		.byte	0x5
 775 021f 6E       		.byte	0x6e
 776 0220 B0030000 		.4byte	0x3b0
 777 0224 F5       		.byte	0xf5
 778 0225 08       		.uleb128 0x8
 779 0226 F8030000 		.4byte	.LASF46
 780 022a 05       		.byte	0x5
 781 022b 6F       		.byte	0x6f
 782 022c B0030000 		.4byte	0x3b0
 783 0230 0001     		.2byte	0x100
 784 0232 08       		.uleb128 0x8
 785 0233 38030000 		.4byte	.LASF47
 786 0237 05       		.byte	0x5
 787 0238 70       		.byte	0x70
 788 0239 81000000 		.4byte	0x81
 789 023d 0B01     		.2byte	0x10b
 790 023f 08       		.uleb128 0x8
 791 0240 66040000 		.4byte	.LASF48
 792 0244 05       		.byte	0x5
 793 0245 71       		.byte	0x71
ARM GAS  C:\Users\PROYEC~1\AppData\Local\Temp\ccfWqKHS.s 			page 19


 794 0246 81000000 		.4byte	0x81
 795 024a 0C01     		.2byte	0x10c
 796 024c 08       		.uleb128 0x8
 797 024d 44020000 		.4byte	.LASF49
 798 0251 05       		.byte	0x5
 799 0252 72       		.byte	0x72
 800 0253 81000000 		.4byte	0x81
 801 0257 0D01     		.2byte	0x10d
 802 0259 08       		.uleb128 0x8
 803 025a 78020000 		.4byte	.LASF50
 804 025e 05       		.byte	0x5
 805 025f 73       		.byte	0x73
 806 0260 81000000 		.4byte	0x81
 807 0264 0E01     		.2byte	0x10e
 808 0266 08       		.uleb128 0x8
 809 0267 0D050000 		.4byte	.LASF51
 810 026b 05       		.byte	0x5
 811 026c 74       		.byte	0x74
 812 026d C0030000 		.4byte	0x3c0
 813 0271 0F01     		.2byte	0x10f
 814 0273 08       		.uleb128 0x8
 815 0274 00000000 		.4byte	.LASF52
 816 0278 05       		.byte	0x5
 817 0279 75       		.byte	0x75
 818 027a 3A030000 		.4byte	0x33a
 819 027e 5001     		.2byte	0x150
 820 0280 08       		.uleb128 0x8
 821 0281 5A040000 		.4byte	.LASF53
 822 0285 05       		.byte	0x5
 823 0286 76       		.byte	0x76
 824 0287 3A030000 		.4byte	0x33a
 825 028b 5A01     		.2byte	0x15a
 826 028d 08       		.uleb128 0x8
 827 028e B1000000 		.4byte	.LASF54
 828 0292 05       		.byte	0x5
 829 0293 77       		.byte	0x77
 830 0294 3A030000 		.4byte	0x33a
 831 0298 6401     		.2byte	0x164
 832 029a 08       		.uleb128 0x8
 833 029b A5030000 		.4byte	.LASF55
 834 029f 05       		.byte	0x5
 835 02a0 78       		.byte	0x78
 836 02a1 D0030000 		.4byte	0x3d0
 837 02a5 6E01     		.2byte	0x16e
 838 02a7 08       		.uleb128 0x8
 839 02a8 41040000 		.4byte	.LASF56
 840 02ac 05       		.byte	0x5
 841 02ad 79       		.byte	0x79
 842 02ae D0030000 		.4byte	0x3d0
 843 02b2 B901     		.2byte	0x1b9
 844 02b4 08       		.uleb128 0x8
 845 02b5 50030000 		.4byte	.LASF57
 846 02b9 05       		.byte	0x5
 847 02ba 7A       		.byte	0x7a
 848 02bb E6030000 		.4byte	0x3e6
 849 02bf 0402     		.2byte	0x204
 850 02c1 08       		.uleb128 0x8
ARM GAS  C:\Users\PROYEC~1\AppData\Local\Temp\ccfWqKHS.s 			page 20


 851 02c2 84030000 		.4byte	.LASF58
 852 02c6 05       		.byte	0x5
 853 02c7 7B       		.byte	0x7b
 854 02c8 E6030000 		.4byte	0x3e6
 855 02cc 1302     		.2byte	0x213
 856 02ce 08       		.uleb128 0x8
 857 02cf 1B060000 		.4byte	.LASF59
 858 02d3 05       		.byte	0x5
 859 02d4 7C       		.byte	0x7c
 860 02d5 FC030000 		.4byte	0x3fc
 861 02d9 2202     		.2byte	0x222
 862 02db 08       		.uleb128 0x8
 863 02dc 03040000 		.4byte	.LASF60
 864 02e0 05       		.byte	0x5
 865 02e1 7D       		.byte	0x7d
 866 02e2 FC030000 		.4byte	0x3fc
 867 02e6 4002     		.2byte	0x240
 868 02e8 08       		.uleb128 0x8
 869 02e9 2C060000 		.4byte	.LASF61
 870 02ed 05       		.byte	0x5
 871 02ee 7E       		.byte	0x7e
 872 02ef 3A030000 		.4byte	0x33a
 873 02f3 5E02     		.2byte	0x25e
 874 02f5 08       		.uleb128 0x8
 875 02f6 42050000 		.4byte	.LASF62
 876 02fa 05       		.byte	0x5
 877 02fb 7F       		.byte	0x7f
 878 02fc 81000000 		.4byte	0x81
 879 0300 6802     		.2byte	0x268
 880 0302 08       		.uleb128 0x8
 881 0303 54050000 		.4byte	.LASF63
 882 0307 05       		.byte	0x5
 883 0308 80       		.byte	0x80
 884 0309 12040000 		.4byte	0x412
 885 030d 6902     		.2byte	0x269
 886 030f 08       		.uleb128 0x8
 887 0310 7E000000 		.4byte	.LASF64
 888 0314 05       		.byte	0x5
 889 0315 81       		.byte	0x81
 890 0316 5A030000 		.4byte	0x35a
 891 031a 7802     		.2byte	0x278
 892 031c 08       		.uleb128 0x8
 893 031d 61050000 		.4byte	.LASF65
 894 0321 05       		.byte	0x5
 895 0322 82       		.byte	0x82
 896 0323 81000000 		.4byte	0x81
 897 0327 7A02     		.2byte	0x27a
 898 0329 00       		.byte	0
 899 032a 09       		.uleb128 0x9
 900 032b 81000000 		.4byte	0x81
 901 032f 3A030000 		.4byte	0x33a
 902 0333 0A       		.uleb128 0xa
 903 0334 C1000000 		.4byte	0xc1
 904 0338 18       		.byte	0x18
 905 0339 00       		.byte	0
 906 033a 09       		.uleb128 0x9
 907 033b 81000000 		.4byte	0x81
ARM GAS  C:\Users\PROYEC~1\AppData\Local\Temp\ccfWqKHS.s 			page 21


 908 033f 4A030000 		.4byte	0x34a
 909 0343 0A       		.uleb128 0xa
 910 0344 C1000000 		.4byte	0xc1
 911 0348 09       		.byte	0x9
 912 0349 00       		.byte	0
 913 034a 09       		.uleb128 0x9
 914 034b 81000000 		.4byte	0x81
 915 034f 5A030000 		.4byte	0x35a
 916 0353 0A       		.uleb128 0xa
 917 0354 C1000000 		.4byte	0xc1
 918 0358 14       		.byte	0x14
 919 0359 00       		.byte	0
 920 035a 09       		.uleb128 0x9
 921 035b 81000000 		.4byte	0x81
 922 035f 6A030000 		.4byte	0x36a
 923 0363 0A       		.uleb128 0xa
 924 0364 C1000000 		.4byte	0xc1
 925 0368 01       		.byte	0x1
 926 0369 00       		.byte	0
 927 036a 09       		.uleb128 0x9
 928 036b 81000000 		.4byte	0x81
 929 036f 80030000 		.4byte	0x380
 930 0373 0A       		.uleb128 0xa
 931 0374 C1000000 		.4byte	0xc1
 932 0378 01       		.byte	0x1
 933 0379 0A       		.uleb128 0xa
 934 037a C1000000 		.4byte	0xc1
 935 037e 09       		.byte	0x9
 936 037f 00       		.byte	0
 937 0380 09       		.uleb128 0x9
 938 0381 81000000 		.4byte	0x81
 939 0385 90030000 		.4byte	0x390
 940 0389 0A       		.uleb128 0xa
 941 038a C1000000 		.4byte	0xc1
 942 038e 04       		.byte	0x4
 943 038f 00       		.byte	0
 944 0390 09       		.uleb128 0x9
 945 0391 81000000 		.4byte	0x81
 946 0395 A0030000 		.4byte	0x3a0
 947 0399 0A       		.uleb128 0xa
 948 039a C1000000 		.4byte	0xc1
 949 039e 05       		.byte	0x5
 950 039f 00       		.byte	0
 951 03a0 09       		.uleb128 0x9
 952 03a1 81000000 		.4byte	0x81
 953 03a5 B0030000 		.4byte	0x3b0
 954 03a9 0A       		.uleb128 0xa
 955 03aa C1000000 		.4byte	0xc1
 956 03ae 0D       		.byte	0xd
 957 03af 00       		.byte	0
 958 03b0 09       		.uleb128 0x9
 959 03b1 81000000 		.4byte	0x81
 960 03b5 C0030000 		.4byte	0x3c0
 961 03b9 0A       		.uleb128 0xa
 962 03ba C1000000 		.4byte	0xc1
 963 03be 0A       		.byte	0xa
 964 03bf 00       		.byte	0
ARM GAS  C:\Users\PROYEC~1\AppData\Local\Temp\ccfWqKHS.s 			page 22


 965 03c0 09       		.uleb128 0x9
 966 03c1 81000000 		.4byte	0x81
 967 03c5 D0030000 		.4byte	0x3d0
 968 03c9 0A       		.uleb128 0xa
 969 03ca C1000000 		.4byte	0xc1
 970 03ce 40       		.byte	0x40
 971 03cf 00       		.byte	0
 972 03d0 09       		.uleb128 0x9
 973 03d1 81000000 		.4byte	0x81
 974 03d5 E6030000 		.4byte	0x3e6
 975 03d9 0A       		.uleb128 0xa
 976 03da C1000000 		.4byte	0xc1
 977 03de 02       		.byte	0x2
 978 03df 0A       		.uleb128 0xa
 979 03e0 C1000000 		.4byte	0xc1
 980 03e4 18       		.byte	0x18
 981 03e5 00       		.byte	0
 982 03e6 09       		.uleb128 0x9
 983 03e7 81000000 		.4byte	0x81
 984 03eb FC030000 		.4byte	0x3fc
 985 03ef 0A       		.uleb128 0xa
 986 03f0 C1000000 		.4byte	0xc1
 987 03f4 02       		.byte	0x2
 988 03f5 0A       		.uleb128 0xa
 989 03f6 C1000000 		.4byte	0xc1
 990 03fa 04       		.byte	0x4
 991 03fb 00       		.byte	0
 992 03fc 09       		.uleb128 0x9
 993 03fd 81000000 		.4byte	0x81
 994 0401 12040000 		.4byte	0x412
 995 0405 0A       		.uleb128 0xa
 996 0406 C1000000 		.4byte	0xc1
 997 040a 02       		.byte	0x2
 998 040b 0A       		.uleb128 0xa
 999 040c C1000000 		.4byte	0xc1
 1000 0410 09       		.byte	0x9
 1001 0411 00       		.byte	0
 1002 0412 09       		.uleb128 0x9
 1003 0413 81000000 		.4byte	0x81
 1004 0417 22040000 		.4byte	0x422
 1005 041b 0A       		.uleb128 0xa
 1006 041c C1000000 		.4byte	0xc1
 1007 0420 0E       		.byte	0xe
 1008 0421 00       		.byte	0
 1009 0422 06       		.uleb128 0x6
 1010 0423 BA000000 		.4byte	.LASF67
 1011 0427 0001     		.2byte	0x100
 1012 0429 05       		.byte	0x5
 1013 042a 90       		.byte	0x90
 1014 042b 84040000 		.4byte	0x484
 1015 042f 0B       		.uleb128 0xb
 1016 0430 64697200 		.ascii	"dir\000"
 1017 0434 05       		.byte	0x5
 1018 0435 91       		.byte	0x91
 1019 0436 81000000 		.4byte	0x81
 1020 043a 00       		.byte	0
 1021 043b 07       		.uleb128 0x7
ARM GAS  C:\Users\PROYEC~1\AppData\Local\Temp\ccfWqKHS.s 			page 23


 1022 043c 17010000 		.4byte	.LASF68
 1023 0440 05       		.byte	0x5
 1024 0441 92       		.byte	0x92
 1025 0442 84040000 		.4byte	0x484
 1026 0446 01       		.byte	0x1
 1027 0447 07       		.uleb128 0x7
 1028 0448 84020000 		.4byte	.LASF69
 1029 044c 05       		.byte	0x5
 1030 044d 93       		.byte	0x93
 1031 044e A0040000 		.4byte	0x4a0
 1032 0452 B5       		.byte	0xb5
 1033 0453 07       		.uleb128 0x7
 1034 0454 37040000 		.4byte	.LASF70
 1035 0458 05       		.byte	0x5
 1036 0459 94       		.byte	0x94
 1037 045a A0030000 		.4byte	0x3a0
 1038 045e D5       		.byte	0xd5
 1039 045f 07       		.uleb128 0x7
 1040 0460 4F040000 		.4byte	.LASF71
 1041 0464 05       		.byte	0x5
 1042 0465 95       		.byte	0x95
 1043 0466 A0030000 		.4byte	0x3a0
 1044 046a E3       		.byte	0xe3
 1045 046b 07       		.uleb128 0x7
 1046 046c F0030000 		.4byte	.LASF72
 1047 0470 05       		.byte	0x5
 1048 0471 96       		.byte	0x96
 1049 0472 A0030000 		.4byte	0x3a0
 1050 0476 F1       		.byte	0xf1
 1051 0477 07       		.uleb128 0x7
 1052 0478 B0020000 		.4byte	.LASF73
 1053 047c 05       		.byte	0x5
 1054 047d 97       		.byte	0x97
 1055 047e 81000000 		.4byte	0x81
 1056 0482 FF       		.byte	0xff
 1057 0483 00       		.byte	0
 1058 0484 09       		.uleb128 0x9
 1059 0485 81000000 		.4byte	0x81
 1060 0489 A0040000 		.4byte	0x4a0
 1061 048d 0A       		.uleb128 0xa
 1062 048e C1000000 		.4byte	0xc1
 1063 0492 03       		.byte	0x3
 1064 0493 0A       		.uleb128 0xa
 1065 0494 C1000000 		.4byte	0xc1
 1066 0498 02       		.byte	0x2
 1067 0499 0A       		.uleb128 0xa
 1068 049a C1000000 		.4byte	0xc1
 1069 049e 0E       		.byte	0xe
 1070 049f 00       		.byte	0
 1071 04a0 09       		.uleb128 0x9
 1072 04a1 81000000 		.4byte	0x81
 1073 04a5 B6040000 		.4byte	0x4b6
 1074 04a9 0A       		.uleb128 0xa
 1075 04aa C1000000 		.4byte	0xc1
 1076 04ae 03       		.byte	0x3
 1077 04af 0A       		.uleb128 0xa
 1078 04b0 C1000000 		.4byte	0xc1
ARM GAS  C:\Users\PROYEC~1\AppData\Local\Temp\ccfWqKHS.s 			page 24


 1079 04b4 07       		.byte	0x7
 1080 04b5 00       		.byte	0
 1081 04b6 06       		.uleb128 0x6
 1082 04b7 D6040000 		.4byte	.LASF74
 1083 04bb 0002     		.2byte	0x200
 1084 04bd 05       		.byte	0x5
 1085 04be 9A       		.byte	0x9a
 1086 04bf D9040000 		.4byte	0x4d9
 1087 04c3 0B       		.uleb128 0xb
 1088 04c4 6100     		.ascii	"a\000"
 1089 04c6 05       		.byte	0x5
 1090 04c7 9B       		.byte	0x9b
 1091 04c8 22040000 		.4byte	0x422
 1092 04cc 00       		.byte	0
 1093 04cd 0C       		.uleb128 0xc
 1094 04ce 6200     		.ascii	"b\000"
 1095 04d0 05       		.byte	0x5
 1096 04d1 9C       		.byte	0x9c
 1097 04d2 22040000 		.4byte	0x422
 1098 04d6 0001     		.2byte	0x100
 1099 04d8 00       		.byte	0
 1100 04d9 0D       		.uleb128 0xd
 1101 04da 79040000 		.4byte	.LASF76
 1102 04de 01       		.byte	0x1
 1103 04df 37       		.byte	0x37
 1104 04e0 81000000 		.4byte	0x81
 1105 04e4 00000000 		.4byte	.LFB56
 1106 04e8 94000000 		.4byte	.LFE56-.LFB56
 1107 04ec 01       		.uleb128 0x1
 1108 04ed 9C       		.byte	0x9c
 1109 04ee 0D050000 		.4byte	0x50d
 1110 04f2 0E       		.uleb128 0xe
 1111 04f3 72040000 		.4byte	.LASF75
 1112 04f7 01       		.byte	0x1
 1113 04f8 38       		.byte	0x38
 1114 04f9 81000000 		.4byte	0x81
 1115 04fd 02       		.uleb128 0x2
 1116 04fe 91       		.byte	0x91
 1117 04ff 73       		.sleb128 -13
 1118 0500 0F       		.uleb128 0xf
 1119 0501 6900     		.ascii	"i\000"
 1120 0503 01       		.byte	0x1
 1121 0504 39       		.byte	0x39
 1122 0505 8C000000 		.4byte	0x8c
 1123 0509 02       		.uleb128 0x2
 1124 050a 91       		.byte	0x91
 1125 050b 74       		.sleb128 -12
 1126 050c 00       		.byte	0
 1127 050d 0D       		.uleb128 0xd
 1128 050e 71010000 		.4byte	.LASF77
 1129 0512 01       		.byte	0x1
 1130 0513 68       		.byte	0x68
 1131 0514 81000000 		.4byte	0x81
 1132 0518 00000000 		.4byte	.LFB57
 1133 051c 90000000 		.4byte	.LFE57-.LFB57
 1134 0520 01       		.uleb128 0x1
 1135 0521 9C       		.byte	0x9c
ARM GAS  C:\Users\PROYEC~1\AppData\Local\Temp\ccfWqKHS.s 			page 25


 1136 0522 41050000 		.4byte	0x541
 1137 0526 0E       		.uleb128 0xe
 1138 0527 72040000 		.4byte	.LASF75
 1139 052b 01       		.byte	0x1
 1140 052c 69       		.byte	0x69
 1141 052d 81000000 		.4byte	0x81
 1142 0531 02       		.uleb128 0x2
 1143 0532 91       		.byte	0x91
 1144 0533 6B       		.sleb128 -21
 1145 0534 0F       		.uleb128 0xf
 1146 0535 6900     		.ascii	"i\000"
 1147 0537 01       		.byte	0x1
 1148 0538 6A       		.byte	0x6a
 1149 0539 8C000000 		.4byte	0x8c
 1150 053d 02       		.uleb128 0x2
 1151 053e 91       		.byte	0x91
 1152 053f 6C       		.sleb128 -20
 1153 0540 00       		.byte	0
 1154 0541 10       		.uleb128 0x10
 1155 0542 66010000 		.4byte	.LASF79
 1156 0546 01       		.byte	0x1
 1157 0547 9A       		.byte	0x9a
 1158 0548 81000000 		.4byte	0x81
 1159 054c 00000000 		.4byte	.LFB58
 1160 0550 80000000 		.4byte	.LFE58-.LFB58
 1161 0554 01       		.uleb128 0x1
 1162 0555 9C       		.byte	0x9c
 1163 0556 83050000 		.4byte	0x583
 1164 055a 0E       		.uleb128 0xe
 1165 055b 72040000 		.4byte	.LASF75
 1166 055f 01       		.byte	0x1
 1167 0560 9B       		.byte	0x9b
 1168 0561 81000000 		.4byte	0x81
 1169 0565 02       		.uleb128 0x2
 1170 0566 91       		.byte	0x91
 1171 0567 73       		.sleb128 -13
 1172 0568 0E       		.uleb128 0xe
 1173 0569 DB040000 		.4byte	.LASF78
 1174 056d 01       		.byte	0x1
 1175 056e 9B       		.byte	0x9b
 1176 056f 90030000 		.4byte	0x390
 1177 0573 02       		.uleb128 0x2
 1178 0574 91       		.byte	0x91
 1179 0575 6C       		.sleb128 -20
 1180 0576 0F       		.uleb128 0xf
 1181 0577 6900     		.ascii	"i\000"
 1182 0579 01       		.byte	0x1
 1183 057a 9C       		.byte	0x9c
 1184 057b 8C000000 		.4byte	0x8c
 1185 057f 02       		.uleb128 0x2
 1186 0580 91       		.byte	0x91
 1187 0581 74       		.sleb128 -12
 1188 0582 00       		.byte	0
 1189 0583 10       		.uleb128 0x10
 1190 0584 37010000 		.4byte	.LASF80
 1191 0588 01       		.byte	0x1
 1192 0589 C6       		.byte	0xc6
ARM GAS  C:\Users\PROYEC~1\AppData\Local\Temp\ccfWqKHS.s 			page 26


 1193 058a 81000000 		.4byte	0x81
 1194 058e 00000000 		.4byte	.LFB59
 1195 0592 80000000 		.4byte	.LFE59-.LFB59
 1196 0596 01       		.uleb128 0x1
 1197 0597 9C       		.byte	0x9c
 1198 0598 C5050000 		.4byte	0x5c5
 1199 059c 0E       		.uleb128 0xe
 1200 059d 72040000 		.4byte	.LASF75
 1201 05a1 01       		.byte	0x1
 1202 05a2 C7       		.byte	0xc7
 1203 05a3 81000000 		.4byte	0x81
 1204 05a7 02       		.uleb128 0x2
 1205 05a8 91       		.byte	0x91
 1206 05a9 73       		.sleb128 -13
 1207 05aa 0E       		.uleb128 0xe
 1208 05ab DB040000 		.4byte	.LASF78
 1209 05af 01       		.byte	0x1
 1210 05b0 C7       		.byte	0xc7
 1211 05b1 90030000 		.4byte	0x390
 1212 05b5 02       		.uleb128 0x2
 1213 05b6 91       		.byte	0x91
 1214 05b7 6C       		.sleb128 -20
 1215 05b8 0F       		.uleb128 0xf
 1216 05b9 6900     		.ascii	"i\000"
 1217 05bb 01       		.byte	0x1
 1218 05bc C8       		.byte	0xc8
 1219 05bd 8C000000 		.4byte	0x8c
 1220 05c1 02       		.uleb128 0x2
 1221 05c2 91       		.byte	0x91
 1222 05c3 74       		.sleb128 -12
 1223 05c4 00       		.byte	0
 1224 05c5 11       		.uleb128 0x11
 1225 05c6 EB050000 		.4byte	.LASF81
 1226 05ca 06       		.byte	0x6
 1227 05cb 1606     		.2byte	0x616
 1228 05cd D1050000 		.4byte	0x5d1
 1229 05d1 05       		.uleb128 0x5
 1230 05d2 76000000 		.4byte	0x76
 1231 05d6 12       		.uleb128 0x12
 1232 05d7 A6050000 		.4byte	.LASF82
 1233 05db 05       		.byte	0x5
 1234 05dc 2C       		.byte	0x2c
 1235 05dd E7050000 		.4byte	0x5e7
 1236 05e1 05       		.uleb128 0x5
 1237 05e2 03       		.byte	0x3
 1238 05e3 00000000 		.4byte	countAnimation1
 1239 05e7 05       		.uleb128 0x5
 1240 05e8 A5000000 		.4byte	0xa5
 1241 05ec 12       		.uleb128 0x12
 1242 05ed B6050000 		.4byte	.LASF83
 1243 05f1 05       		.byte	0x5
 1244 05f2 2D       		.byte	0x2d
 1245 05f3 E7050000 		.4byte	0x5e7
 1246 05f7 05       		.uleb128 0x5
 1247 05f8 03       		.byte	0x3
 1248 05f9 00000000 		.4byte	countAnimation2
 1249 05fd 12       		.uleb128 0x12
ARM GAS  C:\Users\PROYEC~1\AppData\Local\Temp\ccfWqKHS.s 			page 27


 1250 05fe A3000000 		.4byte	.LASF84
 1251 0602 05       		.byte	0x5
 1252 0603 2E       		.byte	0x2e
 1253 0604 E7050000 		.4byte	0x5e7
 1254 0608 05       		.uleb128 0x5
 1255 0609 03       		.byte	0x3
 1256 060a 00000000 		.4byte	countBeagleTX
 1257 060e 12       		.uleb128 0x12
 1258 060f 29040000 		.4byte	.LASF85
 1259 0613 05       		.byte	0x5
 1260 0614 2F       		.byte	0x2f
 1261 0615 BC000000 		.4byte	0xbc
 1262 0619 05       		.uleb128 0x5
 1263 061a 03       		.byte	0x3
 1264 061b 00000000 		.4byte	flowLCD1
 1265 061f 12       		.uleb128 0x12
 1266 0620 BE040000 		.4byte	.LASF86
 1267 0624 05       		.byte	0x5
 1268 0625 30       		.byte	0x30
 1269 0626 BC000000 		.4byte	0xbc
 1270 062a 05       		.uleb128 0x5
 1271 062b 03       		.byte	0x3
 1272 062c 00000000 		.4byte	flowLCD2
 1273 0630 12       		.uleb128 0x12
 1274 0631 71020000 		.4byte	.LASF87
 1275 0635 05       		.byte	0x5
 1276 0636 31       		.byte	0x31
 1277 0637 B7000000 		.4byte	0xb7
 1278 063b 05       		.uleb128 0x5
 1279 063c 03       		.byte	0x3
 1280 063d 00000000 		.4byte	digits
 1281 0641 09       		.uleb128 0x9
 1282 0642 81000000 		.4byte	0x81
 1283 0646 51060000 		.4byte	0x651
 1284 064a 0A       		.uleb128 0xa
 1285 064b C1000000 		.4byte	0xc1
 1286 064f 0B       		.byte	0xb
 1287 0650 00       		.byte	0
 1288 0651 12       		.uleb128 0x12
 1289 0652 9A000000 		.4byte	.LASF88
 1290 0656 05       		.byte	0x5
 1291 0657 32       		.byte	0x32
 1292 0658 62060000 		.4byte	0x662
 1293 065c 05       		.uleb128 0x5
 1294 065d 03       		.byte	0x3
 1295 065e 00000000 		.4byte	ipAdress
 1296 0662 05       		.uleb128 0x5
 1297 0663 41060000 		.4byte	0x641
 1298 0667 12       		.uleb128 0x12
 1299 0668 71030000 		.4byte	.LASF89
 1300 066c 05       		.byte	0x5
 1301 066d 33       		.byte	0x33
 1302 066e B7000000 		.4byte	0xb7
 1303 0672 05       		.uleb128 0x5
 1304 0673 03       		.byte	0x3
 1305 0674 00000000 		.4byte	numberKeys1
 1306 0678 12       		.uleb128 0x12
ARM GAS  C:\Users\PROYEC~1\AppData\Local\Temp\ccfWqKHS.s 			page 28


 1307 0679 57000000 		.4byte	.LASF90
 1308 067d 05       		.byte	0x5
 1309 067e 34       		.byte	0x34
 1310 067f B7000000 		.4byte	0xb7
 1311 0683 05       		.uleb128 0x5
 1312 0684 03       		.byte	0x3
 1313 0685 00000000 		.4byte	numberKeys2
 1314 0689 12       		.uleb128 0x12
 1315 068a 42010000 		.4byte	.LASF91
 1316 068e 05       		.byte	0x5
 1317 068f 35       		.byte	0x35
 1318 0690 B7000000 		.4byte	0xb7
 1319 0694 05       		.uleb128 0x5
 1320 0695 03       		.byte	0x3
 1321 0696 00000000 		.4byte	flagPoint1
 1322 069a 12       		.uleb128 0x12
 1323 069b 4D010000 		.4byte	.LASF92
 1324 069f 05       		.byte	0x5
 1325 06a0 36       		.byte	0x36
 1326 06a1 B7000000 		.4byte	0xb7
 1327 06a5 05       		.uleb128 0x5
 1328 06a6 03       		.byte	0x3
 1329 06a7 00000000 		.4byte	flagPoint2
 1330 06ab 09       		.uleb128 0x9
 1331 06ac 81000000 		.4byte	0x81
 1332 06b0 C1060000 		.4byte	0x6c1
 1333 06b4 0A       		.uleb128 0xa
 1334 06b5 C1000000 		.4byte	0xc1
 1335 06b9 77       		.byte	0x77
 1336 06ba 0A       		.uleb128 0xa
 1337 06bb C1000000 		.4byte	0xc1
 1338 06bf 07       		.byte	0x7
 1339 06c0 00       		.byte	0
 1340 06c1 12       		.uleb128 0x12
 1341 06c2 21020000 		.4byte	.LASF93
 1342 06c6 05       		.byte	0x5
 1343 06c7 37       		.byte	0x37
 1344 06c8 D2060000 		.4byte	0x6d2
 1345 06cc 05       		.uleb128 0x5
 1346 06cd 03       		.byte	0x3
 1347 06ce 00000000 		.4byte	button
 1348 06d2 05       		.uleb128 0x5
 1349 06d3 AB060000 		.4byte	0x6ab
 1350 06d7 12       		.uleb128 0x12
 1351 06d8 98050000 		.4byte	.LASF94
 1352 06dc 05       		.byte	0x5
 1353 06dd 38       		.byte	0x38
 1354 06de B7000000 		.4byte	0xb7
 1355 06e2 05       		.uleb128 0x5
 1356 06e3 03       		.byte	0x3
 1357 06e4 00000000 		.4byte	productNumber
 1358 06e8 12       		.uleb128 0x12
 1359 06e9 45030000 		.4byte	.LASF95
 1360 06ed 05       		.byte	0x5
 1361 06ee 39       		.byte	0x39
 1362 06ef FC030000 		.4byte	0x3fc
 1363 06f3 05       		.uleb128 0x5
ARM GAS  C:\Users\PROYEC~1\AppData\Local\Temp\ccfWqKHS.s 			page 29


 1364 06f4 03       		.byte	0x3
 1365 06f5 00000000 		.4byte	presetFast
 1366 06f9 12       		.uleb128 0x12
 1367 06fa 28020000 		.4byte	.LASF96
 1368 06fe 05       		.byte	0x5
 1369 06ff 3A       		.byte	0x3a
 1370 0700 BC000000 		.4byte	0xbc
 1371 0704 05       		.uleb128 0x5
 1372 0705 03       		.byte	0x3
 1373 0706 00000000 		.4byte	delayPicture1
 1374 070a 12       		.uleb128 0x12
 1375 070b 36020000 		.4byte	.LASF97
 1376 070f 05       		.byte	0x5
 1377 0710 3B       		.byte	0x3b
 1378 0711 BC000000 		.4byte	0xbc
 1379 0715 05       		.uleb128 0x5
 1380 0716 03       		.byte	0x3
 1381 0717 00000000 		.4byte	delayPicture2
 1382 071b 12       		.uleb128 0x12
 1383 071c C9030000 		.4byte	.LASF98
 1384 0720 05       		.byte	0x5
 1385 0721 3C       		.byte	0x3c
 1386 0722 B7000000 		.4byte	0xb7
 1387 0726 05       		.uleb128 0x5
 1388 0727 03       		.byte	0x3
 1389 0728 00000000 		.4byte	ppux10
 1390 072c 12       		.uleb128 0x12
 1391 072d 2A010000 		.4byte	.LASF99
 1392 0731 05       		.byte	0x5
 1393 0732 3D       		.byte	0x3d
 1394 0733 B7000000 		.4byte	0xb7
 1395 0737 05       		.uleb128 0x5
 1396 0738 03       		.byte	0x3
 1397 0739 00000000 		.4byte	decimalMoney
 1398 073d 12       		.uleb128 0x12
 1399 073e 97030000 		.4byte	.LASF100
 1400 0742 05       		.byte	0x5
 1401 0743 3E       		.byte	0x3e
 1402 0744 B7000000 		.4byte	0xb7
 1403 0748 05       		.uleb128 0x5
 1404 0749 03       		.byte	0x3
 1405 074a 00000000 		.4byte	decimalVolume
 1406 074e 12       		.uleb128 0x12
 1407 074f 88040000 		.4byte	.LASF101
 1408 0753 05       		.byte	0x5
 1409 0754 3F       		.byte	0x3f
 1410 0755 5F070000 		.4byte	0x75f
 1411 0759 05       		.uleb128 0x5
 1412 075a 03       		.byte	0x3
 1413 075b 00000000 		.4byte	symbols
 1414 075f 05       		.uleb128 0x5
 1415 0760 5A030000 		.4byte	0x35a
 1416 0764 09       		.uleb128 0x9
 1417 0765 81000000 		.4byte	0x81
 1418 0769 74070000 		.4byte	0x774
 1419 076d 0A       		.uleb128 0xa
 1420 076e C1000000 		.4byte	0xc1
ARM GAS  C:\Users\PROYEC~1\AppData\Local\Temp\ccfWqKHS.s 			page 30


 1421 0772 02       		.byte	0x2
 1422 0773 00       		.byte	0
 1423 0774 12       		.uleb128 0x12
 1424 0775 32040000 		.4byte	.LASF102
 1425 0779 05       		.byte	0x5
 1426 077a 40       		.byte	0x40
 1427 077b 85070000 		.4byte	0x785
 1428 077f 05       		.uleb128 0x5
 1429 0780 03       		.byte	0x3
 1430 0781 00000000 		.4byte	time
 1431 0785 05       		.uleb128 0x5
 1432 0786 64070000 		.4byte	0x764
 1433 078a 12       		.uleb128 0x12
 1434 078b C3000000 		.4byte	.LASF103
 1435 078f 05       		.byte	0x5
 1436 0790 41       		.byte	0x41
 1437 0791 9B070000 		.4byte	0x79b
 1438 0795 05       		.uleb128 0x5
 1439 0796 03       		.byte	0x3
 1440 0797 00000000 		.4byte	date
 1441 079b 05       		.uleb128 0x5
 1442 079c 64070000 		.4byte	0x764
 1443 07a0 12       		.uleb128 0x12
 1444 07a1 7D030000 		.4byte	.LASF104
 1445 07a5 05       		.byte	0x5
 1446 07a6 42       		.byte	0x42
 1447 07a7 B1070000 		.4byte	0x7b1
 1448 07ab 05       		.uleb128 0x5
 1449 07ac 03       		.byte	0x3
 1450 07ad 00000000 		.4byte	screen
 1451 07b1 05       		.uleb128 0x5
 1452 07b2 5A030000 		.4byte	0x35a
 1453 07b6 12       		.uleb128 0x12
 1454 07b7 3A050000 		.4byte	.LASF105
 1455 07bb 05       		.byte	0x5
 1456 07bc 43       		.byte	0x43
 1457 07bd C7070000 		.4byte	0x7c7
 1458 07c1 05       		.uleb128 0x5
 1459 07c2 03       		.byte	0x3
 1460 07c3 00000000 		.4byte	residue
 1461 07c7 05       		.uleb128 0x5
 1462 07c8 A0030000 		.4byte	0x3a0
 1463 07cc 09       		.uleb128 0x9
 1464 07cd 81000000 		.4byte	0x81
 1465 07d1 DC070000 		.4byte	0x7dc
 1466 07d5 0A       		.uleb128 0xa
 1467 07d6 C1000000 		.4byte	0xc1
 1468 07da 1D       		.byte	0x1d
 1469 07db 00       		.byte	0
 1470 07dc 12       		.uleb128 0x12
 1471 07dd 05060000 		.4byte	.LASF106
 1472 07e1 05       		.byte	0x5
 1473 07e2 44       		.byte	0x44
 1474 07e3 CC070000 		.4byte	0x7cc
 1475 07e7 05       		.uleb128 0x5
 1476 07e8 03       		.byte	0x3
 1477 07e9 00000000 		.4byte	temporal
ARM GAS  C:\Users\PROYEC~1\AppData\Local\Temp\ccfWqKHS.s 			page 31


 1478 07ed 12       		.uleb128 0x12
 1479 07ee 13040000 		.4byte	.LASF107
 1480 07f2 05       		.byte	0x5
 1481 07f3 45       		.byte	0x45
 1482 07f4 B7000000 		.4byte	0xb7
 1483 07f8 05       		.uleb128 0x5
 1484 07f9 03       		.byte	0x3
 1485 07fa 00000000 		.4byte	turn
 1486 07fe 12       		.uleb128 0x12
 1487 07ff 02010000 		.4byte	.LASF108
 1488 0803 05       		.byte	0x5
 1489 0804 46       		.byte	0x46
 1490 0805 0F080000 		.4byte	0x80f
 1491 0809 05       		.uleb128 0x5
 1492 080a 03       		.byte	0x3
 1493 080b 00000000 		.4byte	idSeller
 1494 080f 05       		.uleb128 0x5
 1495 0810 2A030000 		.4byte	0x32a
 1496 0814 12       		.uleb128 0x12
 1497 0815 F8050000 		.4byte	.LASF109
 1498 0819 05       		.byte	0x5
 1499 081a 47       		.byte	0x47
 1500 081b B7000000 		.4byte	0xb7
 1501 081f 05       		.uleb128 0x5
 1502 0820 03       		.byte	0x3
 1503 0821 00000000 		.4byte	typeIdSeller
 1504 0825 09       		.uleb128 0x9
 1505 0826 81000000 		.4byte	0x81
 1506 082a 35080000 		.4byte	0x835
 1507 082e 0A       		.uleb128 0xa
 1508 082f C1000000 		.4byte	0xc1
 1509 0833 07       		.byte	0x7
 1510 0834 00       		.byte	0
 1511 0835 12       		.uleb128 0x12
 1512 0836 BC020000 		.4byte	.LASF110
 1513 083a 05       		.byte	0x5
 1514 083b 48       		.byte	0x48
 1515 083c 46080000 		.4byte	0x846
 1516 0840 05       		.uleb128 0x5
 1517 0841 03       		.byte	0x3
 1518 0842 00000000 		.4byte	passwordSeller
 1519 0846 05       		.uleb128 0x5
 1520 0847 25080000 		.4byte	0x825
 1521 084b 12       		.uleb128 0x12
 1522 084c 0E060000 		.4byte	.LASF111
 1523 0850 05       		.byte	0x5
 1524 0851 49       		.byte	0x49
 1525 0852 B7000000 		.4byte	0xb7
 1526 0856 05       		.uleb128 0x5
 1527 0857 03       		.byte	0x3
 1528 0858 00000000 		.4byte	flagResetMux
 1529 085c 12       		.uleb128 0x12
 1530 085d 24050000 		.4byte	.LASF112
 1531 0861 05       		.byte	0x5
 1532 0862 85       		.byte	0x85
 1533 0863 C8000000 		.4byte	0xc8
 1534 0867 05       		.uleb128 0x5
ARM GAS  C:\Users\PROYEC~1\AppData\Local\Temp\ccfWqKHS.s 			page 32


 1535 0868 03       		.byte	0x3
 1536 0869 00000000 		.4byte	bufferLCD1
 1537 086d 12       		.uleb128 0x12
 1538 086e 2F050000 		.4byte	.LASF113
 1539 0872 05       		.byte	0x5
 1540 0873 86       		.byte	0x86
 1541 0874 C8000000 		.4byte	0xc8
 1542 0878 05       		.uleb128 0x5
 1543 0879 03       		.byte	0x3
 1544 087a 00000000 		.4byte	bufferLCD2
 1545 087e 12       		.uleb128 0x12
 1546 087f E6050000 		.4byte	.LASF114
 1547 0883 05       		.byte	0x5
 1548 0884 9F       		.byte	0x9f
 1549 0885 B6040000 		.4byte	0x4b6
 1550 0889 05       		.uleb128 0x5
 1551 088a 03       		.byte	0x3
 1552 088b 00000000 		.4byte	side
 1553 088f 00       		.byte	0
 1554              		.section	.debug_abbrev,"",%progbits
 1555              	.Ldebug_abbrev0:
 1556 0000 01       		.uleb128 0x1
 1557 0001 11       		.uleb128 0x11
 1558 0002 01       		.byte	0x1
 1559 0003 25       		.uleb128 0x25
 1560 0004 0E       		.uleb128 0xe
 1561 0005 13       		.uleb128 0x13
 1562 0006 0B       		.uleb128 0xb
 1563 0007 03       		.uleb128 0x3
 1564 0008 0E       		.uleb128 0xe
 1565 0009 1B       		.uleb128 0x1b
 1566 000a 0E       		.uleb128 0xe
 1567 000b 55       		.uleb128 0x55
 1568 000c 17       		.uleb128 0x17
 1569 000d 11       		.uleb128 0x11
 1570 000e 01       		.uleb128 0x1
 1571 000f 10       		.uleb128 0x10
 1572 0010 17       		.uleb128 0x17
 1573 0011 00       		.byte	0
 1574 0012 00       		.byte	0
 1575 0013 02       		.uleb128 0x2
 1576 0014 24       		.uleb128 0x24
 1577 0015 00       		.byte	0
 1578 0016 0B       		.uleb128 0xb
 1579 0017 0B       		.uleb128 0xb
 1580 0018 3E       		.uleb128 0x3e
 1581 0019 0B       		.uleb128 0xb
 1582 001a 03       		.uleb128 0x3
 1583 001b 0E       		.uleb128 0xe
 1584 001c 00       		.byte	0
 1585 001d 00       		.byte	0
 1586 001e 03       		.uleb128 0x3
 1587 001f 16       		.uleb128 0x16
 1588 0020 00       		.byte	0
 1589 0021 03       		.uleb128 0x3
 1590 0022 0E       		.uleb128 0xe
 1591 0023 3A       		.uleb128 0x3a
ARM GAS  C:\Users\PROYEC~1\AppData\Local\Temp\ccfWqKHS.s 			page 33


 1592 0024 0B       		.uleb128 0xb
 1593 0025 3B       		.uleb128 0x3b
 1594 0026 0B       		.uleb128 0xb
 1595 0027 49       		.uleb128 0x49
 1596 0028 13       		.uleb128 0x13
 1597 0029 00       		.byte	0
 1598 002a 00       		.byte	0
 1599 002b 04       		.uleb128 0x4
 1600 002c 24       		.uleb128 0x24
 1601 002d 00       		.byte	0
 1602 002e 0B       		.uleb128 0xb
 1603 002f 0B       		.uleb128 0xb
 1604 0030 3E       		.uleb128 0x3e
 1605 0031 0B       		.uleb128 0xb
 1606 0032 03       		.uleb128 0x3
 1607 0033 08       		.uleb128 0x8
 1608 0034 00       		.byte	0
 1609 0035 00       		.byte	0
 1610 0036 05       		.uleb128 0x5
 1611 0037 35       		.uleb128 0x35
 1612 0038 00       		.byte	0
 1613 0039 49       		.uleb128 0x49
 1614 003a 13       		.uleb128 0x13
 1615 003b 00       		.byte	0
 1616 003c 00       		.byte	0
 1617 003d 06       		.uleb128 0x6
 1618 003e 13       		.uleb128 0x13
 1619 003f 01       		.byte	0x1
 1620 0040 03       		.uleb128 0x3
 1621 0041 0E       		.uleb128 0xe
 1622 0042 0B       		.uleb128 0xb
 1623 0043 05       		.uleb128 0x5
 1624 0044 3A       		.uleb128 0x3a
 1625 0045 0B       		.uleb128 0xb
 1626 0046 3B       		.uleb128 0x3b
 1627 0047 0B       		.uleb128 0xb
 1628 0048 01       		.uleb128 0x1
 1629 0049 13       		.uleb128 0x13
 1630 004a 00       		.byte	0
 1631 004b 00       		.byte	0
 1632 004c 07       		.uleb128 0x7
 1633 004d 0D       		.uleb128 0xd
 1634 004e 00       		.byte	0
 1635 004f 03       		.uleb128 0x3
 1636 0050 0E       		.uleb128 0xe
 1637 0051 3A       		.uleb128 0x3a
 1638 0052 0B       		.uleb128 0xb
 1639 0053 3B       		.uleb128 0x3b
 1640 0054 0B       		.uleb128 0xb
 1641 0055 49       		.uleb128 0x49
 1642 0056 13       		.uleb128 0x13
 1643 0057 38       		.uleb128 0x38
 1644 0058 0B       		.uleb128 0xb
 1645 0059 00       		.byte	0
 1646 005a 00       		.byte	0
 1647 005b 08       		.uleb128 0x8
 1648 005c 0D       		.uleb128 0xd
ARM GAS  C:\Users\PROYEC~1\AppData\Local\Temp\ccfWqKHS.s 			page 34


 1649 005d 00       		.byte	0
 1650 005e 03       		.uleb128 0x3
 1651 005f 0E       		.uleb128 0xe
 1652 0060 3A       		.uleb128 0x3a
 1653 0061 0B       		.uleb128 0xb
 1654 0062 3B       		.uleb128 0x3b
 1655 0063 0B       		.uleb128 0xb
 1656 0064 49       		.uleb128 0x49
 1657 0065 13       		.uleb128 0x13
 1658 0066 38       		.uleb128 0x38
 1659 0067 05       		.uleb128 0x5
 1660 0068 00       		.byte	0
 1661 0069 00       		.byte	0
 1662 006a 09       		.uleb128 0x9
 1663 006b 01       		.uleb128 0x1
 1664 006c 01       		.byte	0x1
 1665 006d 49       		.uleb128 0x49
 1666 006e 13       		.uleb128 0x13
 1667 006f 01       		.uleb128 0x1
 1668 0070 13       		.uleb128 0x13
 1669 0071 00       		.byte	0
 1670 0072 00       		.byte	0
 1671 0073 0A       		.uleb128 0xa
 1672 0074 21       		.uleb128 0x21
 1673 0075 00       		.byte	0
 1674 0076 49       		.uleb128 0x49
 1675 0077 13       		.uleb128 0x13
 1676 0078 2F       		.uleb128 0x2f
 1677 0079 0B       		.uleb128 0xb
 1678 007a 00       		.byte	0
 1679 007b 00       		.byte	0
 1680 007c 0B       		.uleb128 0xb
 1681 007d 0D       		.uleb128 0xd
 1682 007e 00       		.byte	0
 1683 007f 03       		.uleb128 0x3
 1684 0080 08       		.uleb128 0x8
 1685 0081 3A       		.uleb128 0x3a
 1686 0082 0B       		.uleb128 0xb
 1687 0083 3B       		.uleb128 0x3b
 1688 0084 0B       		.uleb128 0xb
 1689 0085 49       		.uleb128 0x49
 1690 0086 13       		.uleb128 0x13
 1691 0087 38       		.uleb128 0x38
 1692 0088 0B       		.uleb128 0xb
 1693 0089 00       		.byte	0
 1694 008a 00       		.byte	0
 1695 008b 0C       		.uleb128 0xc
 1696 008c 0D       		.uleb128 0xd
 1697 008d 00       		.byte	0
 1698 008e 03       		.uleb128 0x3
 1699 008f 08       		.uleb128 0x8
 1700 0090 3A       		.uleb128 0x3a
 1701 0091 0B       		.uleb128 0xb
 1702 0092 3B       		.uleb128 0x3b
 1703 0093 0B       		.uleb128 0xb
 1704 0094 49       		.uleb128 0x49
 1705 0095 13       		.uleb128 0x13
ARM GAS  C:\Users\PROYEC~1\AppData\Local\Temp\ccfWqKHS.s 			page 35


 1706 0096 38       		.uleb128 0x38
 1707 0097 05       		.uleb128 0x5
 1708 0098 00       		.byte	0
 1709 0099 00       		.byte	0
 1710 009a 0D       		.uleb128 0xd
 1711 009b 2E       		.uleb128 0x2e
 1712 009c 01       		.byte	0x1
 1713 009d 3F       		.uleb128 0x3f
 1714 009e 19       		.uleb128 0x19
 1715 009f 03       		.uleb128 0x3
 1716 00a0 0E       		.uleb128 0xe
 1717 00a1 3A       		.uleb128 0x3a
 1718 00a2 0B       		.uleb128 0xb
 1719 00a3 3B       		.uleb128 0x3b
 1720 00a4 0B       		.uleb128 0xb
 1721 00a5 49       		.uleb128 0x49
 1722 00a6 13       		.uleb128 0x13
 1723 00a7 11       		.uleb128 0x11
 1724 00a8 01       		.uleb128 0x1
 1725 00a9 12       		.uleb128 0x12
 1726 00aa 06       		.uleb128 0x6
 1727 00ab 40       		.uleb128 0x40
 1728 00ac 18       		.uleb128 0x18
 1729 00ad 9642     		.uleb128 0x2116
 1730 00af 19       		.uleb128 0x19
 1731 00b0 01       		.uleb128 0x1
 1732 00b1 13       		.uleb128 0x13
 1733 00b2 00       		.byte	0
 1734 00b3 00       		.byte	0
 1735 00b4 0E       		.uleb128 0xe
 1736 00b5 34       		.uleb128 0x34
 1737 00b6 00       		.byte	0
 1738 00b7 03       		.uleb128 0x3
 1739 00b8 0E       		.uleb128 0xe
 1740 00b9 3A       		.uleb128 0x3a
 1741 00ba 0B       		.uleb128 0xb
 1742 00bb 3B       		.uleb128 0x3b
 1743 00bc 0B       		.uleb128 0xb
 1744 00bd 49       		.uleb128 0x49
 1745 00be 13       		.uleb128 0x13
 1746 00bf 02       		.uleb128 0x2
 1747 00c0 18       		.uleb128 0x18
 1748 00c1 00       		.byte	0
 1749 00c2 00       		.byte	0
 1750 00c3 0F       		.uleb128 0xf
 1751 00c4 34       		.uleb128 0x34
 1752 00c5 00       		.byte	0
 1753 00c6 03       		.uleb128 0x3
 1754 00c7 08       		.uleb128 0x8
 1755 00c8 3A       		.uleb128 0x3a
 1756 00c9 0B       		.uleb128 0xb
 1757 00ca 3B       		.uleb128 0x3b
 1758 00cb 0B       		.uleb128 0xb
 1759 00cc 49       		.uleb128 0x49
 1760 00cd 13       		.uleb128 0x13
 1761 00ce 02       		.uleb128 0x2
 1762 00cf 18       		.uleb128 0x18
ARM GAS  C:\Users\PROYEC~1\AppData\Local\Temp\ccfWqKHS.s 			page 36


 1763 00d0 00       		.byte	0
 1764 00d1 00       		.byte	0
 1765 00d2 10       		.uleb128 0x10
 1766 00d3 2E       		.uleb128 0x2e
 1767 00d4 01       		.byte	0x1
 1768 00d5 3F       		.uleb128 0x3f
 1769 00d6 19       		.uleb128 0x19
 1770 00d7 03       		.uleb128 0x3
 1771 00d8 0E       		.uleb128 0xe
 1772 00d9 3A       		.uleb128 0x3a
 1773 00da 0B       		.uleb128 0xb
 1774 00db 3B       		.uleb128 0x3b
 1775 00dc 0B       		.uleb128 0xb
 1776 00dd 27       		.uleb128 0x27
 1777 00de 19       		.uleb128 0x19
 1778 00df 49       		.uleb128 0x49
 1779 00e0 13       		.uleb128 0x13
 1780 00e1 11       		.uleb128 0x11
 1781 00e2 01       		.uleb128 0x1
 1782 00e3 12       		.uleb128 0x12
 1783 00e4 06       		.uleb128 0x6
 1784 00e5 40       		.uleb128 0x40
 1785 00e6 18       		.uleb128 0x18
 1786 00e7 9642     		.uleb128 0x2116
 1787 00e9 19       		.uleb128 0x19
 1788 00ea 01       		.uleb128 0x1
 1789 00eb 13       		.uleb128 0x13
 1790 00ec 00       		.byte	0
 1791 00ed 00       		.byte	0
 1792 00ee 11       		.uleb128 0x11
 1793 00ef 34       		.uleb128 0x34
 1794 00f0 00       		.byte	0
 1795 00f1 03       		.uleb128 0x3
 1796 00f2 0E       		.uleb128 0xe
 1797 00f3 3A       		.uleb128 0x3a
 1798 00f4 0B       		.uleb128 0xb
 1799 00f5 3B       		.uleb128 0x3b
 1800 00f6 05       		.uleb128 0x5
 1801 00f7 49       		.uleb128 0x49
 1802 00f8 13       		.uleb128 0x13
 1803 00f9 3F       		.uleb128 0x3f
 1804 00fa 19       		.uleb128 0x19
 1805 00fb 3C       		.uleb128 0x3c
 1806 00fc 19       		.uleb128 0x19
 1807 00fd 00       		.byte	0
 1808 00fe 00       		.byte	0
 1809 00ff 12       		.uleb128 0x12
 1810 0100 34       		.uleb128 0x34
 1811 0101 00       		.byte	0
 1812 0102 03       		.uleb128 0x3
 1813 0103 0E       		.uleb128 0xe
 1814 0104 3A       		.uleb128 0x3a
 1815 0105 0B       		.uleb128 0xb
 1816 0106 3B       		.uleb128 0x3b
 1817 0107 0B       		.uleb128 0xb
 1818 0108 49       		.uleb128 0x49
 1819 0109 13       		.uleb128 0x13
ARM GAS  C:\Users\PROYEC~1\AppData\Local\Temp\ccfWqKHS.s 			page 37


 1820 010a 3F       		.uleb128 0x3f
 1821 010b 19       		.uleb128 0x19
 1822 010c 02       		.uleb128 0x2
 1823 010d 18       		.uleb128 0x18
 1824 010e 00       		.byte	0
 1825 010f 00       		.byte	0
 1826 0110 00       		.byte	0
 1827              		.section	.debug_aranges,"",%progbits
 1828 0000 34000000 		.4byte	0x34
 1829 0004 0200     		.2byte	0x2
 1830 0006 00000000 		.4byte	.Ldebug_info0
 1831 000a 04       		.byte	0x4
 1832 000b 00       		.byte	0
 1833 000c 0000     		.2byte	0
 1834 000e 0000     		.2byte	0
 1835 0010 00000000 		.4byte	.LFB56
 1836 0014 94000000 		.4byte	.LFE56-.LFB56
 1837 0018 00000000 		.4byte	.LFB57
 1838 001c 90000000 		.4byte	.LFE57-.LFB57
 1839 0020 00000000 		.4byte	.LFB58
 1840 0024 80000000 		.4byte	.LFE58-.LFB58
 1841 0028 00000000 		.4byte	.LFB59
 1842 002c 80000000 		.4byte	.LFE59-.LFB59
 1843 0030 00000000 		.4byte	0
 1844 0034 00000000 		.4byte	0
 1845              		.section	.debug_ranges,"",%progbits
 1846              	.Ldebug_ranges0:
 1847 0000 00000000 		.4byte	.LFB56
 1848 0004 94000000 		.4byte	.LFE56
 1849 0008 00000000 		.4byte	.LFB57
 1850 000c 90000000 		.4byte	.LFE57
 1851 0010 00000000 		.4byte	.LFB58
 1852 0014 80000000 		.4byte	.LFE58
 1853 0018 00000000 		.4byte	.LFB59
 1854 001c 80000000 		.4byte	.LFE59
 1855 0020 00000000 		.4byte	0
 1856 0024 00000000 		.4byte	0
 1857              		.section	.debug_line,"",%progbits
 1858              	.Ldebug_line0:
 1859 0000 22020000 		.section	.debug_str,"MS",%progbits,1
 1859      02005901 
 1859      00000201 
 1859      FB0E0D00 
 1859      01010101 
 1860              	.LASF52:
 1861 0000 6D6F6E65 		.ascii	"moneyQuota\000"
 1861      7951756F 
 1861      746100
 1862              	.LASF32:
 1863 000b 70726F64 		.ascii	"productType\000"
 1863      75637454 
 1863      79706500 
 1864              	.LASF5:
 1865 0017 6C6F6E67 		.ascii	"long unsigned int\000"
 1865      20756E73 
 1865      69676E65 
 1865      6420696E 
ARM GAS  C:\Users\PROYEC~1\AppData\Local\Temp\ccfWqKHS.s 			page 38


 1865      7400
 1866              	.LASF34:
 1867 0029 64617465 		.ascii	"dateLiftHandle\000"
 1867      4C696674 
 1867      48616E64 
 1867      6C6500
 1868              	.LASF19:
 1869 0038 69645365 		.ascii	"idSerial\000"
 1869      7269616C 
 1869      00
 1870              	.LASF2:
 1871 0041 73686F72 		.ascii	"short int\000"
 1871      7420696E 
 1871      7400
 1872              	.LASF44:
 1873 004b 6C696365 		.ascii	"licenceSale\000"
 1873      6E636553 
 1873      616C6500 
 1874              	.LASF90:
 1875 0057 6E756D62 		.ascii	"numberKeys2\000"
 1875      65724B65 
 1875      79733200 
 1876              	.LASF17:
 1877 0063 73697A65 		.ascii	"sizetype\000"
 1877      74797065 
 1877      00
 1878              	.LASF33:
 1879 006c 73746174 		.ascii	"stateMux\000"
 1879      654D7578 
 1879      00
 1880              	.LASF28:
 1881 0075 73616C65 		.ascii	"saleType\000"
 1881      54797065 
 1881      00
 1882              	.LASF64:
 1883 007e 7072696E 		.ascii	"printers\000"
 1883      74657273 
 1883      00
 1884              	.LASF23:
 1885 0087 73657269 		.ascii	"serialSelectedSale\000"
 1885      616C5365 
 1885      6C656374 
 1885      65645361 
 1885      6C6500
 1886              	.LASF88:
 1887 009a 69704164 		.ascii	"ipAdress\000"
 1887      72657373 
 1887      00
 1888              	.LASF84:
 1889 00a3 636F756E 		.ascii	"countBeagleTX\000"
 1889      74426561 
 1889      676C6554 
 1889      5800
 1890              	.LASF54:
 1891 00b1 70707551 		.ascii	"ppuQuota\000"
 1891      756F7461 
 1891      00
ARM GAS  C:\Users\PROYEC~1\AppData\Local\Temp\ccfWqKHS.s 			page 39


 1892              	.LASF67:
 1893 00ba 706F7369 		.ascii	"position\000"
 1893      74696F6E 
 1893      00
 1894              	.LASF103:
 1895 00c3 64617465 		.ascii	"date\000"
 1895      00
 1896              	.LASF31:
 1897 00c8 70726573 		.ascii	"presetValue\000"
 1897      65745661 
 1897      6C756500 
 1898              	.LASF20:
 1899 00d4 77617954 		.ascii	"wayToPay\000"
 1899      6F506179 
 1899      00
 1900              	.LASF29:
 1901 00dd 73616C65 		.ascii	"salePerform\000"
 1901      50657266 
 1901      6F726D00 
 1902              	.LASF45:
 1903 00e9 6D696C65 		.ascii	"mileageSale\000"
 1903      61676553 
 1903      616C6500 
 1904              	.LASF18:
 1905 00f5 69645479 		.ascii	"idType\000"
 1905      706500
 1906              	.LASF11:
 1907 00fc 75696E74 		.ascii	"uint8\000"
 1907      3800
 1908              	.LASF108:
 1909 0102 69645365 		.ascii	"idSeller\000"
 1909      6C6C6572 
 1909      00
 1910              	.LASF0:
 1911 010b 7369676E 		.ascii	"signed char\000"
 1911      65642063 
 1911      68617200 
 1912              	.LASF68:
 1913 0117 746F7461 		.ascii	"totalsHandle\000"
 1913      6C734861 
 1913      6E646C65 
 1913      00
 1914              	.LASF13:
 1915 0124 666C6F61 		.ascii	"float\000"
 1915      7400
 1916              	.LASF99:
 1917 012a 64656369 		.ascii	"decimalMoney\000"
 1917      6D616C4D 
 1917      6F6E6579 
 1917      00
 1918              	.LASF80:
 1919 0137 77726974 		.ascii	"write_date\000"
 1919      655F6461 
 1919      746500
 1920              	.LASF91:
 1921 0142 666C6167 		.ascii	"flagPoint1\000"
 1921      506F696E 
ARM GAS  C:\Users\PROYEC~1\AppData\Local\Temp\ccfWqKHS.s 			page 40


 1921      743100
 1922              	.LASF92:
 1923 014d 666C6167 		.ascii	"flagPoint2\000"
 1923      506F696E 
 1923      743200
 1924              	.LASF6:
 1925 0158 6C6F6E67 		.ascii	"long long int\000"
 1925      206C6F6E 
 1925      6720696E 
 1925      7400
 1926              	.LASF79:
 1927 0166 77726974 		.ascii	"write_time\000"
 1927      655F7469 
 1927      6D6500
 1928              	.LASF77:
 1929 0171 72656164 		.ascii	"read_date\000"
 1929      5F646174 
 1929      6500
 1930              	.LASF24:
 1931 017b 6B657962 		.ascii	"keyboardWayToPay\000"
 1931      6F617264 
 1931      57617954 
 1931      6F506179 
 1931      00
 1932              	.LASF115:
 1933 018c 474E5520 		.ascii	"GNU C 4.9.3 20150303 (release) [ARM/embedded-4_9-br"
 1933      4320342E 
 1933      392E3320 
 1933      32303135 
 1933      30333033 
 1934 01bf 616E6368 		.ascii	"anch revision 221220] -mcpu=cortex-m3 -mthumb -g -O"
 1934      20726576 
 1934      6973696F 
 1934      6E203232 
 1934      31323230 
 1935 01f2 30202D66 		.ascii	"0 -ffunction-sections -ffat-lto-objects\000"
 1935      66756E63 
 1935      74696F6E 
 1935      2D736563 
 1935      74696F6E 
 1936              	.LASF15:
 1937 021a 75696E74 		.ascii	"uint64\000"
 1937      363400
 1938              	.LASF93:
 1939 0221 62757474 		.ascii	"button\000"
 1939      6F6E00
 1940              	.LASF96:
 1941 0228 64656C61 		.ascii	"delayPicture1\000"
 1941      79506963 
 1941      74757265 
 1941      3100
 1942              	.LASF97:
 1943 0236 64656C61 		.ascii	"delayPicture2\000"
 1943      79506963 
 1943      74757265 
 1943      3200
 1944              	.LASF49:
ARM GAS  C:\Users\PROYEC~1\AppData\Local\Temp\ccfWqKHS.s 			page 41


 1945 0244 666C6167 		.ascii	"flagLiftHandle\000"
 1945      4C696674 
 1945      48616E64 
 1945      6C6500
 1946              	.LASF39:
 1947 0253 746F7461 		.ascii	"totalVolumePrevious\000"
 1947      6C566F6C 
 1947      756D6550 
 1947      72657669 
 1947      6F757300 
 1948              	.LASF26:
 1949 0267 76616C75 		.ascii	"valueKeys\000"
 1949      654B6579 
 1949      7300
 1950              	.LASF87:
 1951 0271 64696769 		.ascii	"digits\000"
 1951      747300
 1952              	.LASF50:
 1953 0278 666C6167 		.ascii	"flagEndSale\000"
 1953      456E6453 
 1953      616C6500 
 1954              	.LASF69:
 1955 0284 70707541 		.ascii	"ppuAuthorized\000"
 1955      7574686F 
 1955      72697A65 
 1955      6400
 1956              	.LASF41:
 1957 0292 746F7461 		.ascii	"totalMoneyAfter\000"
 1957      6C4D6F6E 
 1957      65794166 
 1957      74657200 
 1958              	.LASF1:
 1959 02a2 756E7369 		.ascii	"unsigned char\000"
 1959      676E6564 
 1959      20636861 
 1959      7200
 1960              	.LASF73:
 1961 02b0 70726F64 		.ascii	"productSale\000"
 1961      75637453 
 1961      616C6500 
 1962              	.LASF110:
 1963 02bc 70617373 		.ascii	"passwordSeller\000"
 1963      776F7264 
 1963      53656C6C 
 1963      657200
 1964              	.LASF117:
 1965 02cb 433A5C55 		.ascii	"C:\\Users\\Proyectos_Hardware\\Dropbox\\Proyecto Co"
 1965      73657273 
 1965      5C50726F 
 1965      79656374 
 1965      6F735F48 
 1966 02fa 6E74726F 		.ascii	"ntroller\\Mux Advance Encore V5_00\\MuxAdvance.cyds"
 1966      6C6C6572 
 1966      5C4D7578 
 1966      20416476 
 1966      616E6365 
 1967 032b 6E00     		.ascii	"n\000"
ARM GAS  C:\Users\PROYEC~1\AppData\Local\Temp\ccfWqKHS.s 			page 42


 1968              	.LASF30:
 1969 032d 70726573 		.ascii	"presetType\000"
 1969      65745479 
 1969      706500
 1970              	.LASF47:
 1971 0338 666C6167 		.ascii	"flagKeyboard\000"
 1971      4B657962 
 1971      6F617264 
 1971      00
 1972              	.LASF95:
 1973 0345 70726573 		.ascii	"presetFast\000"
 1973      65744661 
 1973      737400
 1974              	.LASF57:
 1975 0350 7175616E 		.ascii	"quantityMarket\000"
 1975      74697479 
 1975      4D61726B 
 1975      657400
 1976              	.LASF22:
 1977 035f 6D6F6E65 		.ascii	"moneySelectedSale\000"
 1977      7953656C 
 1977      65637465 
 1977      6453616C 
 1977      6500
 1978              	.LASF89:
 1979 0371 6E756D62 		.ascii	"numberKeys1\000"
 1979      65724B65 
 1979      79733100 
 1980              	.LASF104:
 1981 037d 73637265 		.ascii	"screen\000"
 1981      656E00
 1982              	.LASF58:
 1983 0384 7175616E 		.ascii	"quantAvailableMark\000"
 1983      74417661 
 1983      696C6162 
 1983      6C654D61 
 1983      726B00
 1984              	.LASF100:
 1985 0397 64656369 		.ascii	"decimalVolume\000"
 1985      6D616C56 
 1985      6F6C756D 
 1985      6500
 1986              	.LASF55:
 1987 03a5 73657269 		.ascii	"serialMarket\000"
 1987      616C4D61 
 1987      726B6574 
 1987      00
 1988              	.LASF7:
 1989 03b2 6C6F6E67 		.ascii	"long long unsigned int\000"
 1989      206C6F6E 
 1989      6720756E 
 1989      7369676E 
 1989      65642069 
 1990              	.LASF98:
 1991 03c9 70707578 		.ascii	"ppux10\000"
 1991      313000
 1992              	.LASF38:
ARM GAS  C:\Users\PROYEC~1\AppData\Local\Temp\ccfWqKHS.s 			page 43


 1993 03d0 746F7461 		.ascii	"totalMoneyPrevious\000"
 1993      6C4D6F6E 
 1993      65795072 
 1993      6576696F 
 1993      757300
 1994              	.LASF8:
 1995 03e3 756E7369 		.ascii	"unsigned int\000"
 1995      676E6564 
 1995      20696E74 
 1995      00
 1996              	.LASF72:
 1997 03f0 70707553 		.ascii	"ppuSale\000"
 1997      616C6500 
 1998              	.LASF46:
 1999 03f8 6964656E 		.ascii	"identySale\000"
 1999      74795361 
 1999      6C6500
 2000              	.LASF60:
 2001 0403 70726963 		.ascii	"priceUnitMarket\000"
 2001      65556E69 
 2001      744D6172 
 2001      6B657400 
 2002              	.LASF107:
 2003 0413 7475726E 		.ascii	"turn\000"
 2003      00
 2004              	.LASF42:
 2005 0418 746F7461 		.ascii	"totalVolumeAfter\000"
 2005      6C566F6C 
 2005      756D6541 
 2005      66746572 
 2005      00
 2006              	.LASF85:
 2007 0429 666C6F77 		.ascii	"flowLCD1\000"
 2007      4C434431 
 2007      00
 2008              	.LASF102:
 2009 0432 74696D65 		.ascii	"time\000"
 2009      00
 2010              	.LASF70:
 2011 0437 6D6F6E65 		.ascii	"moneySale\000"
 2011      7953616C 
 2011      6500
 2012              	.LASF56:
 2013 0441 70726F64 		.ascii	"productMarket\000"
 2013      7563744D 
 2013      61726B65 
 2013      7400
 2014              	.LASF71:
 2015 044f 766F6C75 		.ascii	"volumeSale\000"
 2015      6D655361 
 2015      6C6500
 2016              	.LASF53:
 2017 045a 766F6C75 		.ascii	"volumeQuota\000"
 2017      6D655175 
 2017      6F746100 
 2018              	.LASF48:
 2019 0466 666C6167 		.ascii	"flagPayment\000"
ARM GAS  C:\Users\PROYEC~1\AppData\Local\Temp\ccfWqKHS.s 			page 44


 2019      5061796D 
 2019      656E7400 
 2020              	.LASF75:
 2021 0472 73746174 		.ascii	"status\000"
 2021      757300
 2022              	.LASF76:
 2023 0479 72656164 		.ascii	"read_time\000"
 2023      5F74696D 
 2023      6500
 2024              	.LASF16:
 2025 0483 63686172 		.ascii	"char\000"
 2025      00
 2026              	.LASF101:
 2027 0488 73796D62 		.ascii	"symbols\000"
 2027      6F6C7300 
 2028              	.LASF4:
 2029 0490 6C6F6E67 		.ascii	"long int\000"
 2029      20696E74 
 2029      00
 2030              	.LASF10:
 2031 0499 696E7433 		.ascii	"int32_t\000"
 2031      325F7400 
 2032              	.LASF36:
 2033 04a1 74696D65 		.ascii	"timeLiftHandle\000"
 2033      4C696674 
 2033      48616E64 
 2033      6C6500
 2034              	.LASF43:
 2035 04b0 746F7461 		.ascii	"totalPPUAfter\000"
 2035      6C505055 
 2035      41667465 
 2035      7200
 2036              	.LASF86:
 2037 04be 666C6F77 		.ascii	"flowLCD2\000"
 2037      4C434432 
 2037      00
 2038              	.LASF35:
 2039 04c7 64617465 		.ascii	"dateDownHandle\000"
 2039      446F776E 
 2039      48616E64 
 2039      6C6500
 2040              	.LASF74:
 2041 04d6 70756D70 		.ascii	"pump\000"
 2041      00
 2042              	.LASF78:
 2043 04db 64617461 		.ascii	"data\000"
 2043      00
 2044              	.LASF66:
 2045 04e0 62756666 		.ascii	"buffer\000"
 2045      657200
 2046              	.LASF3:
 2047 04e7 73686F72 		.ascii	"short unsigned int\000"
 2047      7420756E 
 2047      7369676E 
 2047      65642069 
 2047      6E7400
 2048              	.LASF12:
ARM GAS  C:\Users\PROYEC~1\AppData\Local\Temp\ccfWqKHS.s 			page 45


 2049 04fa 75696E74 		.ascii	"uint32\000"
 2049      333200
 2050              	.LASF27:
 2051 0501 76656869 		.ascii	"vehicleType\000"
 2051      636C6554 
 2051      79706500 
 2052              	.LASF51:
 2053 050d 6D657373 		.ascii	"message\000"
 2053      61676500 
 2054              	.LASF37:
 2055 0515 74696D65 		.ascii	"timeDownHandle\000"
 2055      446F776E 
 2055      48616E64 
 2055      6C6500
 2056              	.LASF112:
 2057 0524 62756666 		.ascii	"bufferLCD1\000"
 2057      65724C43 
 2057      443100
 2058              	.LASF113:
 2059 052f 62756666 		.ascii	"bufferLCD2\000"
 2059      65724C43 
 2059      443200
 2060              	.LASF105:
 2061 053a 72657369 		.ascii	"residue\000"
 2061      64756500 
 2062              	.LASF62:
 2063 0542 666C6167 		.ascii	"flagProductmarket\000"
 2063      50726F64 
 2063      7563746D 
 2063      61726B65 
 2063      7400
 2064              	.LASF63:
 2065 0554 70726963 		.ascii	"priceConsign\000"
 2065      65436F6E 
 2065      7369676E 
 2065      00
 2066              	.LASF65:
 2067 0561 666C6167 		.ascii	"flagChangePPU\000"
 2067      4368616E 
 2067      67655050 
 2067      5500
 2068              	.LASF21:
 2069 056f 73656C65 		.ascii	"selectedSale\000"
 2069      63746564 
 2069      53616C65 
 2069      00
 2070              	.LASF9:
 2071 057c 5F5F696E 		.ascii	"__int32_t\000"
 2071      7433325F 
 2071      7400
 2072              	.LASF25:
 2073 0586 61757468 		.ascii	"authorizationFlag\000"
 2073      6F72697A 
 2073      6174696F 
 2073      6E466C61 
 2073      6700
 2074              	.LASF94:
ARM GAS  C:\Users\PROYEC~1\AppData\Local\Temp\ccfWqKHS.s 			page 46


 2075 0598 70726F64 		.ascii	"productNumber\000"
 2075      7563744E 
 2075      756D6265 
 2075      7200
 2076              	.LASF82:
 2077 05a6 636F756E 		.ascii	"countAnimation1\000"
 2077      74416E69 
 2077      6D617469 
 2077      6F6E3100 
 2078              	.LASF83:
 2079 05b6 636F756E 		.ascii	"countAnimation2\000"
 2079      74416E69 
 2079      6D617469 
 2079      6F6E3200 
 2080              	.LASF40:
 2081 05c6 746F7461 		.ascii	"totalPPUPrevious\000"
 2081      6C505055 
 2081      50726576 
 2081      696F7573 
 2081      00
 2082              	.LASF14:
 2083 05d7 646F7562 		.ascii	"double\000"
 2083      6C6500
 2084              	.LASF116:
 2085 05de 2E5C4932 		.ascii	".\\I2C.c\000"
 2085      432E6300 
 2086              	.LASF114:
 2087 05e6 73696465 		.ascii	"side\000"
 2087      00
 2088              	.LASF81:
 2089 05eb 49544D5F 		.ascii	"ITM_RxBuffer\000"
 2089      52784275 
 2089      66666572 
 2089      00
 2090              	.LASF109:
 2091 05f8 74797065 		.ascii	"typeIdSeller\000"
 2091      49645365 
 2091      6C6C6572 
 2091      00
 2092              	.LASF106:
 2093 0605 74656D70 		.ascii	"temporal\000"
 2093      6F72616C 
 2093      00
 2094              	.LASF111:
 2095 060e 666C6167 		.ascii	"flagResetMux\000"
 2095      52657365 
 2095      744D7578 
 2095      00
 2096              	.LASF59:
 2097 061b 70726963 		.ascii	"priceTotalMarket\000"
 2097      65546F74 
 2097      616C4D61 
 2097      726B6574 
 2097      00
 2098              	.LASF61:
 2099 062c 746F7461 		.ascii	"totalMarket\000"
 2099      6C4D6172 
ARM GAS  C:\Users\PROYEC~1\AppData\Local\Temp\ccfWqKHS.s 			page 47


 2099      6B657400 
 2100              		.ident	"GCC: (GNU Tools for ARM Embedded Processors) 4.9.3 20150303 (release) [ARM/embedded-4_9-br
