ARM GAS  C:\Users\PROYEC~1\AppData\Local\Temp\ccmz5nLj.s 			page 1


   1              		.syntax unified
   2              		.cpu cortex-m3
   3              		.fpu softvfp
   4              		.eabi_attribute 20, 1
   5              		.eabi_attribute 21, 1
   6              		.eabi_attribute 23, 3
   7              		.eabi_attribute 24, 1
   8              		.eabi_attribute 25, 1
   9              		.eabi_attribute 26, 1
  10              		.eabi_attribute 30, 6
  11              		.eabi_attribute 34, 1
  12              		.eabi_attribute 18, 4
  13              		.thumb
  14              		.file	"ibuton.c"
  15              		.text
  16              	.Ltext0:
  17              		.cfi_sections	.debug_frame
  18              		.section	.text.touch_present,"ax",%progbits
  19              		.align	2
  20              		.global	touch_present
  21              		.thumb
  22              		.thumb_func
  23              		.type	touch_present, %function
  24              	touch_present:
  25              	.LFB56:
  26              		.file 1 ".\\ibuton.c"
   1:.\ibuton.c    **** /*
   2:.\ibuton.c    **** ***************************************************************************************************
   3:.\ibuton.c    **** *                                         MUX ADVANCE CODE
   4:.\ibuton.c    **** *
   5:.\ibuton.c    **** *                             (c) Copyright 2013; Sistemas Insepet LTDA
   6:.\ibuton.c    **** *
   7:.\ibuton.c    **** *               All rights reserved.  Protected by international copyright laws.
   8:.\ibuton.c    **** *               Knowledge of the source code may NOT be used to develop a similar product.
   9:.\ibuton.c    **** *               Please help us continue to provide the Embedded community with the finest
  10:.\ibuton.c    **** *               software available.  Your honesty is greatly appreciated.
  11:.\ibuton.c    **** ***************************************************************************************************
  12:.\ibuton.c    **** */
  13:.\ibuton.c    **** 
  14:.\ibuton.c    **** /*
  15:.\ibuton.c    **** ***************************************************************************************************
  16:.\ibuton.c    **** *
  17:.\ibuton.c    **** *                                             MUX ADVANCE CODE
  18:.\ibuton.c    **** *
  19:.\ibuton.c    **** *                                             CYPRESS PSoC5LP
  20:.\ibuton.c    **** *                                                with the
  21:.\ibuton.c    **** *                                            CY8C5969AXI-LP035
  22:.\ibuton.c    **** *
  23:.\ibuton.c    **** * Filename      : ibutton.c
  24:.\ibuton.c    **** * Version       : V1.00
  25:.\ibuton.c    **** * Programmer(s) : 
  26:.\ibuton.c    ****                   
  27:.\ibuton.c    **** ***************************************************************************************************
  28:.\ibuton.c    **** */
  29:.\ibuton.c    **** 
  30:.\ibuton.c    **** /*
  31:.\ibuton.c    **** ***************************************************************************************************
ARM GAS  C:\Users\PROYEC~1\AppData\Local\Temp\ccmz5nLj.s 			page 2


  32:.\ibuton.c    **** *                                             INCLUDE FILES
  33:.\ibuton.c    **** ***************************************************************************************************
  34:.\ibuton.c    **** */
  35:.\ibuton.c    **** #include <device.h>
  36:.\ibuton.c    **** 
  37:.\ibuton.c    **** /*
  38:.\ibuton.c    **** ***************************************************************************************************
  39:.\ibuton.c    **** *                                       uint8 touch_present(uint8 ibutton)
  40:.\ibuton.c    **** *
  41:.\ibuton.c    **** * Description : Revisa que hay ibutton en el lector
  42:.\ibuton.c    **** *               
  43:.\ibuton.c    **** *
  44:.\ibuton.c    **** * Argument(s) : uint8 ibutton, indica el lado donde se encuentra el ibutton
  45:.\ibuton.c    **** *
  46:.\ibuton.c    **** * Return(s)   : 0 no hay ibutton , 1 si hay ibutton
  47:.\ibuton.c    **** *
  48:.\ibuton.c    **** * Caller(s)   : 
  49:.\ibuton.c    **** *
  50:.\ibuton.c    **** * Note(s)     : none.
  51:.\ibuton.c    **** ***************************************************************************************************
  52:.\ibuton.c    **** */
  53:.\ibuton.c    **** 
  54:.\ibuton.c    **** uint8 touch_present(uint8 ibutton){  
  27              		.loc 1 54 0
  28              		.cfi_startproc
  29              		@ args = 0, pretend = 0, frame = 16
  30              		@ frame_needed = 1, uses_anonymous_args = 0
  31 0000 80B5     		push	{r7, lr}
  32              		.cfi_def_cfa_offset 8
  33              		.cfi_offset 7, -8
  34              		.cfi_offset 14, -4
  35 0002 84B0     		sub	sp, sp, #16
  36              		.cfi_def_cfa_offset 24
  37 0004 00AF     		add	r7, sp, #0
  38              		.cfi_def_cfa_register 7
  39 0006 0346     		mov	r3, r0
  40 0008 FB71     		strb	r3, [r7, #7]
  55:.\ibuton.c    ****     uint8 present;
  56:.\ibuton.c    **** 	if(ibutton==1){
  41              		.loc 1 56 0
  42 000a FB79     		ldrb	r3, [r7, #7]	@ zero_extendqisi2
  43 000c 012B     		cmp	r3, #1
  44 000e 29D1     		bne	.L2
  57:.\ibuton.c    **** 	    IB1_Write(0);
  45              		.loc 1 57 0
  46 0010 0020     		movs	r0, #0
  47 0012 FFF7FEFF 		bl	IB1_Write
  58:.\ibuton.c    **** 	    CyDelayUs(500);
  48              		.loc 1 58 0
  49 0016 4FF4FA70 		mov	r0, #500
  50 001a FFF7FEFF 		bl	CyDelayUs
  59:.\ibuton.c    **** 	    IB1_Write(1);
  51              		.loc 1 59 0
  52 001e 0120     		movs	r0, #1
  53 0020 FFF7FEFF 		bl	IB1_Write
  60:.\ibuton.c    **** 	    CyDelayUs(5);
  54              		.loc 1 60 0
ARM GAS  C:\Users\PROYEC~1\AppData\Local\Temp\ccmz5nLj.s 			page 3


  55 0024 0520     		movs	r0, #5
  56 0026 FFF7FEFF 		bl	CyDelayUs
  61:.\ibuton.c    **** 
  62:.\ibuton.c    **** 	    if(!IB1_Read()){
  57              		.loc 1 62 0
  58 002a FFF7FEFF 		bl	IB1_Read
  59 002e 0346     		mov	r3, r0
  60 0030 002B     		cmp	r3, #0
  61 0032 01D1     		bne	.L3
  63:.\ibuton.c    **** 	        return 0;
  62              		.loc 1 63 0
  63 0034 0023     		movs	r3, #0
  64 0036 3EE0     		b	.L4
  65              	.L3:
  64:.\ibuton.c    **** 	    }
  65:.\ibuton.c    **** 
  66:.\ibuton.c    **** 	    CyDelayUs(65);
  66              		.loc 1 66 0
  67 0038 4120     		movs	r0, #65
  68 003a FFF7FEFF 		bl	CyDelayUs
  67:.\ibuton.c    **** 	    present=!IB1_Read();
  69              		.loc 1 67 0
  70 003e FFF7FEFF 		bl	IB1_Read
  71 0042 0346     		mov	r3, r0
  72 0044 002B     		cmp	r3, #0
  73 0046 0CBF     		ite	eq
  74 0048 0123     		moveq	r3, #1
  75 004a 0023     		movne	r3, #0
  76 004c DBB2     		uxtb	r3, r3
  77 004e FB73     		strb	r3, [r7, #15]
  68:.\ibuton.c    **** 	    CyDelayUs(240);
  78              		.loc 1 68 0
  79 0050 F020     		movs	r0, #240
  80 0052 FFF7FEFF 		bl	CyDelayUs
  69:.\ibuton.c    **** 	    if(present){
  81              		.loc 1 69 0
  82 0056 FB7B     		ldrb	r3, [r7, #15]	@ zero_extendqisi2
  83 0058 002B     		cmp	r3, #0
  84 005a 01D0     		beq	.L5
  70:.\ibuton.c    **** 	        return 1;
  85              		.loc 1 70 0
  86 005c 0123     		movs	r3, #1
  87 005e 2AE0     		b	.L4
  88              	.L5:
  71:.\ibuton.c    **** 	    }
  72:.\ibuton.c    **** 	    else{
  73:.\ibuton.c    **** 	        return 0;
  89              		.loc 1 73 0
  90 0060 0023     		movs	r3, #0
  91 0062 28E0     		b	.L4
  92              	.L2:
  74:.\ibuton.c    **** 	    } 
  75:.\ibuton.c    **** 	}
  76:.\ibuton.c    **** 	else{
  77:.\ibuton.c    **** 	    IB2_Write(0);
  93              		.loc 1 77 0
  94 0064 0020     		movs	r0, #0
ARM GAS  C:\Users\PROYEC~1\AppData\Local\Temp\ccmz5nLj.s 			page 4


  95 0066 FFF7FEFF 		bl	IB2_Write
  78:.\ibuton.c    **** 	    CyDelayUs(500);
  96              		.loc 1 78 0
  97 006a 4FF4FA70 		mov	r0, #500
  98 006e FFF7FEFF 		bl	CyDelayUs
  79:.\ibuton.c    **** 	    IB2_Write(1);
  99              		.loc 1 79 0
 100 0072 0120     		movs	r0, #1
 101 0074 FFF7FEFF 		bl	IB2_Write
  80:.\ibuton.c    **** 	    CyDelayUs(5);
 102              		.loc 1 80 0
 103 0078 0520     		movs	r0, #5
 104 007a FFF7FEFF 		bl	CyDelayUs
  81:.\ibuton.c    **** 
  82:.\ibuton.c    **** 	    if(!IB2_Read()){
 105              		.loc 1 82 0
 106 007e FFF7FEFF 		bl	IB2_Read
 107 0082 0346     		mov	r3, r0
 108 0084 002B     		cmp	r3, #0
 109 0086 01D1     		bne	.L6
  83:.\ibuton.c    **** 	        return 0;
 110              		.loc 1 83 0
 111 0088 0023     		movs	r3, #0
 112 008a 14E0     		b	.L4
 113              	.L6:
  84:.\ibuton.c    **** 	    }
  85:.\ibuton.c    **** 
  86:.\ibuton.c    **** 	    CyDelayUs(65);
 114              		.loc 1 86 0
 115 008c 4120     		movs	r0, #65
 116 008e FFF7FEFF 		bl	CyDelayUs
  87:.\ibuton.c    **** 	    present=!IB2_Read();
 117              		.loc 1 87 0
 118 0092 FFF7FEFF 		bl	IB2_Read
 119 0096 0346     		mov	r3, r0
 120 0098 002B     		cmp	r3, #0
 121 009a 0CBF     		ite	eq
 122 009c 0123     		moveq	r3, #1
 123 009e 0023     		movne	r3, #0
 124 00a0 DBB2     		uxtb	r3, r3
 125 00a2 FB73     		strb	r3, [r7, #15]
  88:.\ibuton.c    **** 	    CyDelayUs(240);
 126              		.loc 1 88 0
 127 00a4 F020     		movs	r0, #240
 128 00a6 FFF7FEFF 		bl	CyDelayUs
  89:.\ibuton.c    **** 	    if(present){
 129              		.loc 1 89 0
 130 00aa FB7B     		ldrb	r3, [r7, #15]	@ zero_extendqisi2
 131 00ac 002B     		cmp	r3, #0
 132 00ae 01D0     		beq	.L7
  90:.\ibuton.c    **** 	        return 1;
 133              		.loc 1 90 0
 134 00b0 0123     		movs	r3, #1
 135 00b2 00E0     		b	.L4
 136              	.L7:
  91:.\ibuton.c    **** 	    }
  92:.\ibuton.c    **** 	    else{
ARM GAS  C:\Users\PROYEC~1\AppData\Local\Temp\ccmz5nLj.s 			page 5


  93:.\ibuton.c    **** 	        return 0;
 137              		.loc 1 93 0
 138 00b4 0023     		movs	r3, #0
 139              	.L4:
  94:.\ibuton.c    **** 	    }	
  95:.\ibuton.c    **** 	}
  96:.\ibuton.c    **** }
 140              		.loc 1 96 0
 141 00b6 1846     		mov	r0, r3
 142 00b8 1037     		adds	r7, r7, #16
 143              		.cfi_def_cfa_offset 8
 144 00ba BD46     		mov	sp, r7
 145              		.cfi_def_cfa_register 13
 146              		@ sp needed
 147 00bc 80BD     		pop	{r7, pc}
 148              		.cfi_endproc
 149              	.LFE56:
 150              		.size	touch_present, .-touch_present
 151 00be 00BF     		.section	.text.touch_write,"ax",%progbits
 152              		.align	2
 153              		.global	touch_write
 154              		.thumb
 155              		.thumb_func
 156              		.type	touch_write, %function
 157              	touch_write:
 158              	.LFB57:
  97:.\ibuton.c    **** 
  98:.\ibuton.c    **** /*
  99:.\ibuton.c    **** ***************************************************************************************************
 100:.\ibuton.c    **** *                                  uint8 touch_write(uint8 ibutton, uint8 dato)
 101:.\ibuton.c    **** *
 102:.\ibuton.c    **** * Description : Escribe un byte en el Ibutton
 103:.\ibuton.c    **** *               
 104:.\ibuton.c    **** *
 105:.\ibuton.c    **** * Argument(s) : uint8 ibutton = lado
 106:.\ibuton.c    **** 				uint8 dato = byte que se va a escribir
 107:.\ibuton.c    **** *
 108:.\ibuton.c    **** * Return(s)   : 0 operacion correcta
 109:.\ibuton.c    **** 				1 operacion incorrecta
 110:.\ibuton.c    **** *
 111:.\ibuton.c    **** * Caller(s)   : 
 112:.\ibuton.c    **** *
 113:.\ibuton.c    **** * Note(s)     : none.
 114:.\ibuton.c    **** ***************************************************************************************************
 115:.\ibuton.c    **** */
 116:.\ibuton.c    **** 
 117:.\ibuton.c    **** uint8 touch_write(uint8 ibutton, uint8 data){
 159              		.loc 1 117 0
 160              		.cfi_startproc
 161              		@ args = 0, pretend = 0, frame = 16
 162              		@ frame_needed = 1, uses_anonymous_args = 0
 163 0000 80B5     		push	{r7, lr}
 164              		.cfi_def_cfa_offset 8
 165              		.cfi_offset 7, -8
 166              		.cfi_offset 14, -4
 167 0002 84B0     		sub	sp, sp, #16
 168              		.cfi_def_cfa_offset 24
ARM GAS  C:\Users\PROYEC~1\AppData\Local\Temp\ccmz5nLj.s 			page 6


 169 0004 00AF     		add	r7, sp, #0
 170              		.cfi_def_cfa_register 7
 171 0006 0346     		mov	r3, r0
 172 0008 0A46     		mov	r2, r1
 173 000a FB71     		strb	r3, [r7, #7]
 174 000c 1346     		mov	r3, r2
 175 000e BB71     		strb	r3, [r7, #6]
 118:.\ibuton.c    ****     uint8 i;
 119:.\ibuton.c    **** 	if(ibutton==1){
 176              		.loc 1 119 0
 177 0010 FB79     		ldrb	r3, [r7, #7]	@ zero_extendqisi2
 178 0012 012B     		cmp	r3, #1
 179 0014 3BD1     		bne	.L9
 120:.\ibuton.c    **** 	    for(i=0;i<=7;i++){
 180              		.loc 1 120 0
 181 0016 0023     		movs	r3, #0
 182 0018 FB73     		strb	r3, [r7, #15]
 183 001a 33E0     		b	.L10
 184              	.L14:
 121:.\ibuton.c    **** 	        IB1_Write(0); 
 185              		.loc 1 121 0
 186 001c 0020     		movs	r0, #0
 187 001e FFF7FEFF 		bl	IB1_Write
 122:.\ibuton.c    **** 	        CyDelayUs(10);
 188              		.loc 1 122 0
 189 0022 0A20     		movs	r0, #10
 190 0024 FFF7FEFF 		bl	CyDelayUs
 123:.\ibuton.c    **** 	        if(((data>>i)&1)){
 191              		.loc 1 123 0
 192 0028 BA79     		ldrb	r2, [r7, #6]	@ zero_extendqisi2
 193 002a FB7B     		ldrb	r3, [r7, #15]	@ zero_extendqisi2
 194 002c 42FA03F3 		asr	r3, r2, r3
 195 0030 03F00103 		and	r3, r3, #1
 196 0034 002B     		cmp	r3, #0
 197 0036 0CD0     		beq	.L11
 124:.\ibuton.c    **** 	           IB1_Write(1);
 198              		.loc 1 124 0
 199 0038 0120     		movs	r0, #1
 200 003a FFF7FEFF 		bl	IB1_Write
 125:.\ibuton.c    **** 	           CyDelayUs(10);
 201              		.loc 1 125 0
 202 003e 0A20     		movs	r0, #10
 203 0040 FFF7FEFF 		bl	CyDelayUs
 126:.\ibuton.c    **** 	           if(!IB1_Read()){
 204              		.loc 1 126 0
 205 0044 FFF7FEFF 		bl	IB1_Read
 206 0048 0346     		mov	r3, r0
 207 004a 002B     		cmp	r3, #0
 208 004c 0ED1     		bne	.L12
 127:.\ibuton.c    **** 	                return 0;                
 209              		.loc 1 127 0
 210 004e 0023     		movs	r3, #0
 211 0050 58E0     		b	.L13
 212              	.L11:
 128:.\ibuton.c    **** 	           }
 129:.\ibuton.c    **** 	        }
 130:.\ibuton.c    **** 	        else{
ARM GAS  C:\Users\PROYEC~1\AppData\Local\Temp\ccmz5nLj.s 			page 7


 131:.\ibuton.c    **** 	            IB1_Write(0); 
 213              		.loc 1 131 0
 214 0052 0020     		movs	r0, #0
 215 0054 FFF7FEFF 		bl	IB1_Write
 132:.\ibuton.c    **** 	            CyDelayUs(10);
 216              		.loc 1 132 0
 217 0058 0A20     		movs	r0, #10
 218 005a FFF7FEFF 		bl	CyDelayUs
 133:.\ibuton.c    **** 	           if(IB1_Read()){
 219              		.loc 1 133 0
 220 005e FFF7FEFF 		bl	IB1_Read
 221 0062 0346     		mov	r3, r0
 222 0064 002B     		cmp	r3, #0
 223 0066 01D0     		beq	.L12
 134:.\ibuton.c    **** 	                return 0;                
 224              		.loc 1 134 0
 225 0068 0023     		movs	r3, #0
 226 006a 4BE0     		b	.L13
 227              	.L12:
 135:.\ibuton.c    **** 	           }            
 136:.\ibuton.c    **** 	        }
 137:.\ibuton.c    **** 	        CyDelayUs(50);
 228              		.loc 1 137 0 discriminator 2
 229 006c 3220     		movs	r0, #50
 230 006e FFF7FEFF 		bl	CyDelayUs
 138:.\ibuton.c    **** 	        IB1_Write(1);
 231              		.loc 1 138 0 discriminator 2
 232 0072 0120     		movs	r0, #1
 233 0074 FFF7FEFF 		bl	IB1_Write
 139:.\ibuton.c    **** 	        CyDelayUs(50);
 234              		.loc 1 139 0 discriminator 2
 235 0078 3220     		movs	r0, #50
 236 007a FFF7FEFF 		bl	CyDelayUs
 120:.\ibuton.c    **** 	        IB1_Write(0); 
 237              		.loc 1 120 0 discriminator 2
 238 007e FB7B     		ldrb	r3, [r7, #15]	@ zero_extendqisi2
 239 0080 0133     		adds	r3, r3, #1
 240 0082 FB73     		strb	r3, [r7, #15]
 241              	.L10:
 120:.\ibuton.c    **** 	        IB1_Write(0); 
 242              		.loc 1 120 0 is_stmt 0 discriminator 1
 243 0084 FB7B     		ldrb	r3, [r7, #15]	@ zero_extendqisi2
 244 0086 072B     		cmp	r3, #7
 245 0088 C8D9     		bls	.L14
 140:.\ibuton.c    **** 	    }
 141:.\ibuton.c    **** 	    return 1;
 246              		.loc 1 141 0 is_stmt 1
 247 008a 0123     		movs	r3, #1
 248 008c 3AE0     		b	.L13
 249              	.L9:
 142:.\ibuton.c    **** 	}
 143:.\ibuton.c    **** 	else{
 144:.\ibuton.c    **** 	    for(i=0;i<=7;i++){
 250              		.loc 1 144 0
 251 008e 0023     		movs	r3, #0
 252 0090 FB73     		strb	r3, [r7, #15]
 253 0092 33E0     		b	.L15
ARM GAS  C:\Users\PROYEC~1\AppData\Local\Temp\ccmz5nLj.s 			page 8


 254              	.L18:
 145:.\ibuton.c    **** 	        IB2_Write(0); 
 255              		.loc 1 145 0
 256 0094 0020     		movs	r0, #0
 257 0096 FFF7FEFF 		bl	IB2_Write
 146:.\ibuton.c    **** 	        CyDelayUs(10);
 258              		.loc 1 146 0
 259 009a 0A20     		movs	r0, #10
 260 009c FFF7FEFF 		bl	CyDelayUs
 147:.\ibuton.c    **** 	        if(((data>>i)&1)){
 261              		.loc 1 147 0
 262 00a0 BA79     		ldrb	r2, [r7, #6]	@ zero_extendqisi2
 263 00a2 FB7B     		ldrb	r3, [r7, #15]	@ zero_extendqisi2
 264 00a4 42FA03F3 		asr	r3, r2, r3
 265 00a8 03F00103 		and	r3, r3, #1
 266 00ac 002B     		cmp	r3, #0
 267 00ae 0CD0     		beq	.L16
 148:.\ibuton.c    **** 	           IB2_Write(1);
 268              		.loc 1 148 0
 269 00b0 0120     		movs	r0, #1
 270 00b2 FFF7FEFF 		bl	IB2_Write
 149:.\ibuton.c    **** 	           CyDelayUs(10);
 271              		.loc 1 149 0
 272 00b6 0A20     		movs	r0, #10
 273 00b8 FFF7FEFF 		bl	CyDelayUs
 150:.\ibuton.c    **** 	           if(!IB2_Read()){
 274              		.loc 1 150 0
 275 00bc FFF7FEFF 		bl	IB2_Read
 276 00c0 0346     		mov	r3, r0
 277 00c2 002B     		cmp	r3, #0
 278 00c4 0ED1     		bne	.L17
 151:.\ibuton.c    **** 	                return 0;                
 279              		.loc 1 151 0
 280 00c6 0023     		movs	r3, #0
 281 00c8 1CE0     		b	.L13
 282              	.L16:
 152:.\ibuton.c    **** 	           }
 153:.\ibuton.c    **** 	        }
 154:.\ibuton.c    **** 	        else{
 155:.\ibuton.c    **** 	            IB2_Write(0); 
 283              		.loc 1 155 0
 284 00ca 0020     		movs	r0, #0
 285 00cc FFF7FEFF 		bl	IB2_Write
 156:.\ibuton.c    **** 	            CyDelayUs(10);
 286              		.loc 1 156 0
 287 00d0 0A20     		movs	r0, #10
 288 00d2 FFF7FEFF 		bl	CyDelayUs
 157:.\ibuton.c    **** 	           if(IB2_Read()){
 289              		.loc 1 157 0
 290 00d6 FFF7FEFF 		bl	IB2_Read
 291 00da 0346     		mov	r3, r0
 292 00dc 002B     		cmp	r3, #0
 293 00de 01D0     		beq	.L17
 158:.\ibuton.c    **** 	                return 0;                
 294              		.loc 1 158 0
 295 00e0 0023     		movs	r3, #0
 296 00e2 0FE0     		b	.L13
ARM GAS  C:\Users\PROYEC~1\AppData\Local\Temp\ccmz5nLj.s 			page 9


 297              	.L17:
 159:.\ibuton.c    **** 	           }            
 160:.\ibuton.c    **** 	        }
 161:.\ibuton.c    **** 	        CyDelayUs(50);
 298              		.loc 1 161 0 discriminator 2
 299 00e4 3220     		movs	r0, #50
 300 00e6 FFF7FEFF 		bl	CyDelayUs
 162:.\ibuton.c    **** 	        IB2_Write(1);
 301              		.loc 1 162 0 discriminator 2
 302 00ea 0120     		movs	r0, #1
 303 00ec FFF7FEFF 		bl	IB2_Write
 163:.\ibuton.c    **** 	        CyDelayUs(50);
 304              		.loc 1 163 0 discriminator 2
 305 00f0 3220     		movs	r0, #50
 306 00f2 FFF7FEFF 		bl	CyDelayUs
 144:.\ibuton.c    **** 	        IB2_Write(0); 
 307              		.loc 1 144 0 discriminator 2
 308 00f6 FB7B     		ldrb	r3, [r7, #15]	@ zero_extendqisi2
 309 00f8 0133     		adds	r3, r3, #1
 310 00fa FB73     		strb	r3, [r7, #15]
 311              	.L15:
 144:.\ibuton.c    **** 	        IB2_Write(0); 
 312              		.loc 1 144 0 is_stmt 0 discriminator 1
 313 00fc FB7B     		ldrb	r3, [r7, #15]	@ zero_extendqisi2
 314 00fe 072B     		cmp	r3, #7
 315 0100 C8D9     		bls	.L18
 164:.\ibuton.c    **** 	    }
 165:.\ibuton.c    **** 	    return 1;	
 316              		.loc 1 165 0 is_stmt 1
 317 0102 0123     		movs	r3, #1
 318              	.L13:
 166:.\ibuton.c    **** 	}
 167:.\ibuton.c    **** }
 319              		.loc 1 167 0
 320 0104 1846     		mov	r0, r3
 321 0106 1037     		adds	r7, r7, #16
 322              		.cfi_def_cfa_offset 8
 323 0108 BD46     		mov	sp, r7
 324              		.cfi_def_cfa_register 13
 325              		@ sp needed
 326 010a 80BD     		pop	{r7, pc}
 327              		.cfi_endproc
 328              	.LFE57:
 329              		.size	touch_write, .-touch_write
 330              		.section	.text.touch_read_byte,"ax",%progbits
 331              		.align	2
 332              		.global	touch_read_byte
 333              		.thumb
 334              		.thumb_func
 335              		.type	touch_read_byte, %function
 336              	touch_read_byte:
 337              	.LFB58:
 168:.\ibuton.c    **** 
 169:.\ibuton.c    **** /*
 170:.\ibuton.c    **** ***************************************************************************************************
 171:.\ibuton.c    **** *                                   uint8 touch_read_byte(uint8 ibutton)
 172:.\ibuton.c    **** *
ARM GAS  C:\Users\PROYEC~1\AppData\Local\Temp\ccmz5nLj.s 			page 10


 173:.\ibuton.c    **** * Description : Lee un byte del ibutton, se usa para leer los bytes del serial
 174:.\ibuton.c    **** *               
 175:.\ibuton.c    **** *
 176:.\ibuton.c    **** * Argument(s) : uint8 ibutton = lado
 177:.\ibuton.c    **** *
 178:.\ibuton.c    **** * Return(s)   : 0 = no hubo lectura
 179:.\ibuton.c    **** 				!=0 dato leido
 180:.\ibuton.c    **** *
 181:.\ibuton.c    **** * Caller(s)   : 
 182:.\ibuton.c    **** *
 183:.\ibuton.c    **** * Note(s)     : none.
 184:.\ibuton.c    **** ***************************************************************************************************
 185:.\ibuton.c    **** */
 186:.\ibuton.c    **** 
 187:.\ibuton.c    **** uint8 touch_read_byte(uint8 ibutton){
 338              		.loc 1 187 0
 339              		.cfi_startproc
 340              		@ args = 0, pretend = 0, frame = 16
 341              		@ frame_needed = 1, uses_anonymous_args = 0
 342 0000 80B5     		push	{r7, lr}
 343              		.cfi_def_cfa_offset 8
 344              		.cfi_offset 7, -8
 345              		.cfi_offset 14, -4
 346 0002 84B0     		sub	sp, sp, #16
 347              		.cfi_def_cfa_offset 24
 348 0004 00AF     		add	r7, sp, #0
 349              		.cfi_def_cfa_register 7
 350 0006 0346     		mov	r3, r0
 351 0008 FB71     		strb	r3, [r7, #7]
 188:.\ibuton.c    ****     uint8 i, dato=0;
 352              		.loc 1 188 0
 353 000a 0023     		movs	r3, #0
 354 000c BB73     		strb	r3, [r7, #14]
 189:.\ibuton.c    **** 	if(ibutton==1){
 355              		.loc 1 189 0
 356 000e FB79     		ldrb	r3, [r7, #7]	@ zero_extendqisi2
 357 0010 012B     		cmp	r3, #1
 358 0012 25D1     		bne	.L20
 190:.\ibuton.c    **** 	    for(i=0;i<=7;i++){
 359              		.loc 1 190 0
 360 0014 0023     		movs	r3, #0
 361 0016 FB73     		strb	r3, [r7, #15]
 362 0018 1DE0     		b	.L21
 363              	.L22:
 191:.\ibuton.c    **** 	        IB1_Write(0);    
 364              		.loc 1 191 0 discriminator 3
 365 001a 0020     		movs	r0, #0
 366 001c FFF7FEFF 		bl	IB1_Write
 192:.\ibuton.c    **** 	        CyDelayUs(14);
 367              		.loc 1 192 0 discriminator 3
 368 0020 0E20     		movs	r0, #14
 369 0022 FFF7FEFF 		bl	CyDelayUs
 193:.\ibuton.c    **** 	        IB1_Write(1);
 370              		.loc 1 193 0 discriminator 3
 371 0026 0120     		movs	r0, #1
 372 0028 FFF7FEFF 		bl	IB1_Write
 194:.\ibuton.c    **** 	        CyDelayUs(7);
ARM GAS  C:\Users\PROYEC~1\AppData\Local\Temp\ccmz5nLj.s 			page 11


 373              		.loc 1 194 0 discriminator 3
 374 002c 0720     		movs	r0, #7
 375 002e FFF7FEFF 		bl	CyDelayUs
 195:.\ibuton.c    **** 	        dato|=(IB1_Read()<<i);
 376              		.loc 1 195 0 discriminator 3
 377 0032 FFF7FEFF 		bl	IB1_Read
 378 0036 0346     		mov	r3, r0
 379 0038 1A46     		mov	r2, r3
 380 003a FB7B     		ldrb	r3, [r7, #15]	@ zero_extendqisi2
 381 003c 02FA03F3 		lsl	r3, r2, r3
 382 0040 DAB2     		uxtb	r2, r3
 383 0042 BB7B     		ldrb	r3, [r7, #14]	@ zero_extendqisi2
 384 0044 1343     		orrs	r3, r3, r2
 385 0046 DBB2     		uxtb	r3, r3
 386 0048 BB73     		strb	r3, [r7, #14]
 196:.\ibuton.c    **** 	        CyDelayUs(100);
 387              		.loc 1 196 0 discriminator 3
 388 004a 6420     		movs	r0, #100
 389 004c FFF7FEFF 		bl	CyDelayUs
 190:.\ibuton.c    **** 	        IB1_Write(0);    
 390              		.loc 1 190 0 discriminator 3
 391 0050 FB7B     		ldrb	r3, [r7, #15]	@ zero_extendqisi2
 392 0052 0133     		adds	r3, r3, #1
 393 0054 FB73     		strb	r3, [r7, #15]
 394              	.L21:
 190:.\ibuton.c    **** 	        IB1_Write(0);    
 395              		.loc 1 190 0 is_stmt 0 discriminator 1
 396 0056 FB7B     		ldrb	r3, [r7, #15]	@ zero_extendqisi2
 397 0058 072B     		cmp	r3, #7
 398 005a DED9     		bls	.L22
 197:.\ibuton.c    **** 	    }
 198:.\ibuton.c    **** 	    return dato;
 399              		.loc 1 198 0 is_stmt 1
 400 005c BB7B     		ldrb	r3, [r7, #14]	@ zero_extendqisi2
 401 005e 24E0     		b	.L23
 402              	.L20:
 199:.\ibuton.c    **** 	}
 200:.\ibuton.c    **** 	else{
 201:.\ibuton.c    **** 	    for(i=0;i<=7;i++){
 403              		.loc 1 201 0
 404 0060 0023     		movs	r3, #0
 405 0062 FB73     		strb	r3, [r7, #15]
 406 0064 1DE0     		b	.L24
 407              	.L25:
 202:.\ibuton.c    **** 	        IB2_Write(0);    
 408              		.loc 1 202 0 discriminator 3
 409 0066 0020     		movs	r0, #0
 410 0068 FFF7FEFF 		bl	IB2_Write
 203:.\ibuton.c    **** 	        CyDelayUs(14);
 411              		.loc 1 203 0 discriminator 3
 412 006c 0E20     		movs	r0, #14
 413 006e FFF7FEFF 		bl	CyDelayUs
 204:.\ibuton.c    **** 	        IB2_Write(1);
 414              		.loc 1 204 0 discriminator 3
 415 0072 0120     		movs	r0, #1
 416 0074 FFF7FEFF 		bl	IB2_Write
 205:.\ibuton.c    **** 	        CyDelayUs(7);
ARM GAS  C:\Users\PROYEC~1\AppData\Local\Temp\ccmz5nLj.s 			page 12


 417              		.loc 1 205 0 discriminator 3
 418 0078 0720     		movs	r0, #7
 419 007a FFF7FEFF 		bl	CyDelayUs
 206:.\ibuton.c    **** 	        dato|=(IB2_Read()<<i);
 420              		.loc 1 206 0 discriminator 3
 421 007e FFF7FEFF 		bl	IB2_Read
 422 0082 0346     		mov	r3, r0
 423 0084 1A46     		mov	r2, r3
 424 0086 FB7B     		ldrb	r3, [r7, #15]	@ zero_extendqisi2
 425 0088 02FA03F3 		lsl	r3, r2, r3
 426 008c DAB2     		uxtb	r2, r3
 427 008e BB7B     		ldrb	r3, [r7, #14]	@ zero_extendqisi2
 428 0090 1343     		orrs	r3, r3, r2
 429 0092 DBB2     		uxtb	r3, r3
 430 0094 BB73     		strb	r3, [r7, #14]
 207:.\ibuton.c    **** 	        CyDelayUs(100);
 431              		.loc 1 207 0 discriminator 3
 432 0096 6420     		movs	r0, #100
 433 0098 FFF7FEFF 		bl	CyDelayUs
 201:.\ibuton.c    **** 	        IB2_Write(0);    
 434              		.loc 1 201 0 discriminator 3
 435 009c FB7B     		ldrb	r3, [r7, #15]	@ zero_extendqisi2
 436 009e 0133     		adds	r3, r3, #1
 437 00a0 FB73     		strb	r3, [r7, #15]
 438              	.L24:
 201:.\ibuton.c    **** 	        IB2_Write(0);    
 439              		.loc 1 201 0 is_stmt 0 discriminator 1
 440 00a2 FB7B     		ldrb	r3, [r7, #15]	@ zero_extendqisi2
 441 00a4 072B     		cmp	r3, #7
 442 00a6 DED9     		bls	.L25
 208:.\ibuton.c    **** 	    }
 209:.\ibuton.c    **** 	    return dato;	
 443              		.loc 1 209 0 is_stmt 1
 444 00a8 BB7B     		ldrb	r3, [r7, #14]	@ zero_extendqisi2
 445              	.L23:
 210:.\ibuton.c    **** 	}
 211:.\ibuton.c    **** } 
 446              		.loc 1 211 0
 447 00aa 1846     		mov	r0, r3
 448 00ac 1037     		adds	r7, r7, #16
 449              		.cfi_def_cfa_offset 8
 450 00ae BD46     		mov	sp, r7
 451              		.cfi_def_cfa_register 13
 452              		@ sp needed
 453 00b0 80BD     		pop	{r7, pc}
 454              		.cfi_endproc
 455              	.LFE58:
 456              		.size	touch_read_byte, .-touch_read_byte
 457 00b2 00BF     		.section	.text.crc_check,"ax",%progbits
 458              		.align	2
 459              		.global	crc_check
 460              		.thumb
 461              		.thumb_func
 462              		.type	crc_check, %function
 463              	crc_check:
 464              	.LFB59:
 212:.\ibuton.c    **** 
ARM GAS  C:\Users\PROYEC~1\AppData\Local\Temp\ccmz5nLj.s 			page 13


 213:.\ibuton.c    **** /*
 214:.\ibuton.c    **** ***************************************************************************************************
 215:.\ibuton.c    **** *                                   uint8 crc_check(uint8 crc, uint8 dato)
 216:.\ibuton.c    **** *
 217:.\ibuton.c    **** * Description : Lee un byte del ibutton, se usa para leer los bytes del serial
 218:.\ibuton.c    **** *               
 219:.\ibuton.c    **** *
 220:.\ibuton.c    **** * Argument(s) : uint8 ibutton = lado
 221:.\ibuton.c    **** *
 222:.\ibuton.c    **** * Return(s)   : 0 = no hubo lectura
 223:.\ibuton.c    **** 				!=0 dato leido
 224:.\ibuton.c    **** *
 225:.\ibuton.c    **** * Caller(s)   : 
 226:.\ibuton.c    **** *
 227:.\ibuton.c    **** * Note(s)     : none.
 228:.\ibuton.c    **** ***************************************************************************************************
 229:.\ibuton.c    **** */
 230:.\ibuton.c    **** uint8 crc_check(uint8 crc, uint8 data){
 465              		.loc 1 230 0
 466              		.cfi_startproc
 467              		@ args = 0, pretend = 0, frame = 16
 468              		@ frame_needed = 1, uses_anonymous_args = 0
 469              		@ link register save eliminated.
 470 0000 80B4     		push	{r7}
 471              		.cfi_def_cfa_offset 4
 472              		.cfi_offset 7, -4
 473 0002 85B0     		sub	sp, sp, #20
 474              		.cfi_def_cfa_offset 24
 475 0004 00AF     		add	r7, sp, #0
 476              		.cfi_def_cfa_register 7
 477 0006 0346     		mov	r3, r0
 478 0008 0A46     		mov	r2, r1
 479 000a FB71     		strb	r3, [r7, #7]
 480 000c 1346     		mov	r3, r2
 481 000e BB71     		strb	r3, [r7, #6]
 231:.\ibuton.c    ****     uint32 i;
 232:.\ibuton.c    ****     crc = crc ^ data;
 482              		.loc 1 232 0
 483 0010 FA79     		ldrb	r2, [r7, #7]
 484 0012 BB79     		ldrb	r3, [r7, #6]
 485 0014 5340     		eors	r3, r3, r2
 486 0016 FB71     		strb	r3, [r7, #7]
 233:.\ibuton.c    ****     for (i = 0; i < 8; i++){
 487              		.loc 1 233 0
 488 0018 0023     		movs	r3, #0
 489 001a FB60     		str	r3, [r7, #12]
 490 001c 12E0     		b	.L27
 491              	.L30:
 234:.\ibuton.c    ****         if (crc & 0x01){
 492              		.loc 1 234 0
 493 001e FB79     		ldrb	r3, [r7, #7]	@ zero_extendqisi2
 494 0020 03F00103 		and	r3, r3, #1
 495 0024 002B     		cmp	r3, #0
 496 0026 07D0     		beq	.L28
 235:.\ibuton.c    ****             crc = (crc >> 1) ^ 0x8C;
 497              		.loc 1 235 0
 498 0028 FB79     		ldrb	r3, [r7, #7]	@ zero_extendqisi2
ARM GAS  C:\Users\PROYEC~1\AppData\Local\Temp\ccmz5nLj.s 			page 14


 499 002a 5B08     		lsrs	r3, r3, #1
 500 002c DBB2     		uxtb	r3, r3
 501 002e 83F07303 		eor	r3, r3, #115
 502 0032 DB43     		mvns	r3, r3
 503 0034 FB71     		strb	r3, [r7, #7]
 504 0036 02E0     		b	.L29
 505              	.L28:
 236:.\ibuton.c    ****         }else{
 237:.\ibuton.c    ****             crc >>= 1;
 506              		.loc 1 237 0
 507 0038 FB79     		ldrb	r3, [r7, #7]	@ zero_extendqisi2
 508 003a 5B08     		lsrs	r3, r3, #1
 509 003c FB71     		strb	r3, [r7, #7]
 510              	.L29:
 233:.\ibuton.c    ****         if (crc & 0x01){
 511              		.loc 1 233 0 discriminator 2
 512 003e FB68     		ldr	r3, [r7, #12]
 513 0040 0133     		adds	r3, r3, #1
 514 0042 FB60     		str	r3, [r7, #12]
 515              	.L27:
 233:.\ibuton.c    ****         if (crc & 0x01){
 516              		.loc 1 233 0 is_stmt 0 discriminator 1
 517 0044 FB68     		ldr	r3, [r7, #12]
 518 0046 072B     		cmp	r3, #7
 519 0048 E9D9     		bls	.L30
 238:.\ibuton.c    ****         }
 239:.\ibuton.c    ****     }
 240:.\ibuton.c    ****     return crc;
 520              		.loc 1 240 0 is_stmt 1
 521 004a FB79     		ldrb	r3, [r7, #7]	@ zero_extendqisi2
 241:.\ibuton.c    **** }
 522              		.loc 1 241 0
 523 004c 1846     		mov	r0, r3
 524 004e 1437     		adds	r7, r7, #20
 525              		.cfi_def_cfa_offset 4
 526 0050 BD46     		mov	sp, r7
 527              		.cfi_def_cfa_register 13
 528              		@ sp needed
 529 0052 5DF8047B 		ldr	r7, [sp], #4
 530              		.cfi_restore 7
 531              		.cfi_def_cfa_offset 0
 532 0056 7047     		bx	lr
 533              		.cfi_endproc
 534              	.LFE59:
 535              		.size	crc_check, .-crc_check
 536              		.text
 537              	.Letext0:
 538              		.file 2 "c:\\program files (x86)\\cypress\\psoc creator\\3.3\\psoc creator\\import\\gnu\\arm\\4.9.
 539              		.file 3 "c:\\program files (x86)\\cypress\\psoc creator\\3.3\\psoc creator\\import\\gnu\\arm\\4.9.
 540              		.file 4 "Generated_Source\\PSoC5/cytypes.h"
 541              		.file 5 "Generated_Source\\PSoC5/core_cm3.h"
 542              		.section	.debug_info,"",%progbits
 543              	.Ldebug_info0:
 544 0000 BD010000 		.4byte	0x1bd
 545 0004 0400     		.2byte	0x4
 546 0006 00000000 		.4byte	.Ldebug_abbrev0
 547 000a 04       		.byte	0x4
ARM GAS  C:\Users\PROYEC~1\AppData\Local\Temp\ccmz5nLj.s 			page 15


 548 000b 01       		.uleb128 0x1
 549 000c 12000000 		.4byte	.LASF25
 550 0010 01       		.byte	0x1
 551 0011 69010000 		.4byte	.LASF26
 552 0015 D0000000 		.4byte	.LASF27
 553 0019 00000000 		.4byte	.Ldebug_ranges0+0
 554 001d 00000000 		.4byte	0
 555 0021 00000000 		.4byte	.Ldebug_line0
 556 0025 02       		.uleb128 0x2
 557 0026 01       		.byte	0x1
 558 0027 06       		.byte	0x6
 559 0028 FA010000 		.4byte	.LASF0
 560 002c 02       		.uleb128 0x2
 561 002d 01       		.byte	0x1
 562 002e 08       		.byte	0x8
 563 002f C2000000 		.4byte	.LASF1
 564 0033 02       		.uleb128 0x2
 565 0034 02       		.byte	0x2
 566 0035 05       		.byte	0x5
 567 0036 E1010000 		.4byte	.LASF2
 568 003a 02       		.uleb128 0x2
 569 003b 02       		.byte	0x2
 570 003c 07       		.byte	0x7
 571 003d 32010000 		.4byte	.LASF3
 572 0041 03       		.uleb128 0x3
 573 0042 08000000 		.4byte	.LASF9
 574 0046 02       		.byte	0x2
 575 0047 3F       		.byte	0x3f
 576 0048 4C000000 		.4byte	0x4c
 577 004c 02       		.uleb128 0x2
 578 004d 04       		.byte	0x4
 579 004e 05       		.byte	0x5
 580 004f F1010000 		.4byte	.LASF4
 581 0053 02       		.uleb128 0x2
 582 0054 04       		.byte	0x4
 583 0055 07       		.byte	0x7
 584 0056 57010000 		.4byte	.LASF5
 585 005a 02       		.uleb128 0x2
 586 005b 08       		.byte	0x8
 587 005c 05       		.byte	0x5
 588 005d CE010000 		.4byte	.LASF6
 589 0061 02       		.uleb128 0x2
 590 0062 08       		.byte	0x8
 591 0063 07       		.byte	0x7
 592 0064 A4010000 		.4byte	.LASF7
 593 0068 04       		.uleb128 0x4
 594 0069 04       		.byte	0x4
 595 006a 05       		.byte	0x5
 596 006b 696E7400 		.ascii	"int\000"
 597 006f 02       		.uleb128 0x2
 598 0070 04       		.byte	0x4
 599 0071 07       		.byte	0x7
 600 0072 87010000 		.4byte	.LASF8
 601 0076 03       		.uleb128 0x3
 602 0077 A7000000 		.4byte	.LASF10
 603 007b 03       		.byte	0x3
 604 007c 2C       		.byte	0x2c
ARM GAS  C:\Users\PROYEC~1\AppData\Local\Temp\ccmz5nLj.s 			page 16


 605 007d 41000000 		.4byte	0x41
 606 0081 03       		.uleb128 0x3
 607 0082 EB010000 		.4byte	.LASF11
 608 0086 04       		.byte	0x4
 609 0087 A1       		.byte	0xa1
 610 0088 2C000000 		.4byte	0x2c
 611 008c 03       		.uleb128 0x3
 612 008d 80010000 		.4byte	.LASF12
 613 0091 04       		.byte	0x4
 614 0092 A3       		.byte	0xa3
 615 0093 53000000 		.4byte	0x53
 616 0097 02       		.uleb128 0x2
 617 0098 04       		.byte	0x4
 618 0099 04       		.byte	0x4
 619 009a B7000000 		.4byte	.LASF13
 620 009e 02       		.uleb128 0x2
 621 009f 08       		.byte	0x8
 622 00a0 04       		.byte	0x4
 623 00a1 A0000000 		.4byte	.LASF14
 624 00a5 02       		.uleb128 0x2
 625 00a6 01       		.byte	0x1
 626 00a7 08       		.byte	0x8
 627 00a8 DC010000 		.4byte	.LASF15
 628 00ac 02       		.uleb128 0x2
 629 00ad 04       		.byte	0x4
 630 00ae 07       		.byte	0x7
 631 00af C5010000 		.4byte	.LASF16
 632 00b3 05       		.uleb128 0x5
 633 00b4 06020000 		.4byte	.LASF17
 634 00b8 01       		.byte	0x1
 635 00b9 36       		.byte	0x36
 636 00ba 81000000 		.4byte	0x81
 637 00be 00000000 		.4byte	.LFB56
 638 00c2 BE000000 		.4byte	.LFE56-.LFB56
 639 00c6 01       		.uleb128 0x1
 640 00c7 9C       		.byte	0x9c
 641 00c8 E9000000 		.4byte	0xe9
 642 00cc 06       		.uleb128 0x6
 643 00cd AF000000 		.4byte	.LASF19
 644 00d1 01       		.byte	0x1
 645 00d2 36       		.byte	0x36
 646 00d3 81000000 		.4byte	0x81
 647 00d7 02       		.uleb128 0x2
 648 00d8 91       		.byte	0x91
 649 00d9 6F       		.sleb128 -17
 650 00da 07       		.uleb128 0x7
 651 00db 00000000 		.4byte	.LASF21
 652 00df 01       		.byte	0x1
 653 00e0 37       		.byte	0x37
 654 00e1 81000000 		.4byte	0x81
 655 00e5 02       		.uleb128 0x2
 656 00e6 91       		.byte	0x91
 657 00e7 77       		.sleb128 -9
 658 00e8 00       		.byte	0
 659 00e9 05       		.uleb128 0x5
 660 00ea 74010000 		.4byte	.LASF18
 661 00ee 01       		.byte	0x1
ARM GAS  C:\Users\PROYEC~1\AppData\Local\Temp\ccmz5nLj.s 			page 17


 662 00ef 75       		.byte	0x75
 663 00f0 81000000 		.4byte	0x81
 664 00f4 00000000 		.4byte	.LFB57
 665 00f8 0C010000 		.4byte	.LFE57-.LFB57
 666 00fc 01       		.uleb128 0x1
 667 00fd 9C       		.byte	0x9c
 668 00fe 2B010000 		.4byte	0x12b
 669 0102 06       		.uleb128 0x6
 670 0103 AF000000 		.4byte	.LASF19
 671 0107 01       		.byte	0x1
 672 0108 75       		.byte	0x75
 673 0109 81000000 		.4byte	0x81
 674 010d 02       		.uleb128 0x2
 675 010e 91       		.byte	0x91
 676 010f 6F       		.sleb128 -17
 677 0110 06       		.uleb128 0x6
 678 0111 BD000000 		.4byte	.LASF20
 679 0115 01       		.byte	0x1
 680 0116 75       		.byte	0x75
 681 0117 81000000 		.4byte	0x81
 682 011b 02       		.uleb128 0x2
 683 011c 91       		.byte	0x91
 684 011d 6E       		.sleb128 -18
 685 011e 08       		.uleb128 0x8
 686 011f 6900     		.ascii	"i\000"
 687 0121 01       		.byte	0x1
 688 0122 76       		.byte	0x76
 689 0123 81000000 		.4byte	0x81
 690 0127 02       		.uleb128 0x2
 691 0128 91       		.byte	0x91
 692 0129 77       		.sleb128 -9
 693 012a 00       		.byte	0
 694 012b 05       		.uleb128 0x5
 695 012c 94010000 		.4byte	.LASF22
 696 0130 01       		.byte	0x1
 697 0131 BB       		.byte	0xbb
 698 0132 81000000 		.4byte	0x81
 699 0136 00000000 		.4byte	.LFB58
 700 013a B2000000 		.4byte	.LFE58-.LFB58
 701 013e 01       		.uleb128 0x1
 702 013f 9C       		.byte	0x9c
 703 0140 6D010000 		.4byte	0x16d
 704 0144 06       		.uleb128 0x6
 705 0145 AF000000 		.4byte	.LASF19
 706 0149 01       		.byte	0x1
 707 014a BB       		.byte	0xbb
 708 014b 81000000 		.4byte	0x81
 709 014f 02       		.uleb128 0x2
 710 0150 91       		.byte	0x91
 711 0151 6F       		.sleb128 -17
 712 0152 08       		.uleb128 0x8
 713 0153 6900     		.ascii	"i\000"
 714 0155 01       		.byte	0x1
 715 0156 BC       		.byte	0xbc
 716 0157 81000000 		.4byte	0x81
 717 015b 02       		.uleb128 0x2
 718 015c 91       		.byte	0x91
ARM GAS  C:\Users\PROYEC~1\AppData\Local\Temp\ccmz5nLj.s 			page 18


 719 015d 77       		.sleb128 -9
 720 015e 07       		.uleb128 0x7
 721 015f 45010000 		.4byte	.LASF23
 722 0163 01       		.byte	0x1
 723 0164 BC       		.byte	0xbc
 724 0165 81000000 		.4byte	0x81
 725 0169 02       		.uleb128 0x2
 726 016a 91       		.byte	0x91
 727 016b 76       		.sleb128 -10
 728 016c 00       		.byte	0
 729 016d 09       		.uleb128 0x9
 730 016e BB010000 		.4byte	.LASF24
 731 0172 01       		.byte	0x1
 732 0173 E6       		.byte	0xe6
 733 0174 81000000 		.4byte	0x81
 734 0178 00000000 		.4byte	.LFB59
 735 017c 58000000 		.4byte	.LFE59-.LFB59
 736 0180 01       		.uleb128 0x1
 737 0181 9C       		.byte	0x9c
 738 0182 AF010000 		.4byte	0x1af
 739 0186 0A       		.uleb128 0xa
 740 0187 63726300 		.ascii	"crc\000"
 741 018b 01       		.byte	0x1
 742 018c E6       		.byte	0xe6
 743 018d 81000000 		.4byte	0x81
 744 0191 02       		.uleb128 0x2
 745 0192 91       		.byte	0x91
 746 0193 6F       		.sleb128 -17
 747 0194 06       		.uleb128 0x6
 748 0195 BD000000 		.4byte	.LASF20
 749 0199 01       		.byte	0x1
 750 019a E6       		.byte	0xe6
 751 019b 81000000 		.4byte	0x81
 752 019f 02       		.uleb128 0x2
 753 01a0 91       		.byte	0x91
 754 01a1 6E       		.sleb128 -18
 755 01a2 08       		.uleb128 0x8
 756 01a3 6900     		.ascii	"i\000"
 757 01a5 01       		.byte	0x1
 758 01a6 E7       		.byte	0xe7
 759 01a7 8C000000 		.4byte	0x8c
 760 01ab 02       		.uleb128 0x2
 761 01ac 91       		.byte	0x91
 762 01ad 74       		.sleb128 -12
 763 01ae 00       		.byte	0
 764 01af 0B       		.uleb128 0xb
 765 01b0 4A010000 		.4byte	.LASF28
 766 01b4 05       		.byte	0x5
 767 01b5 1606     		.2byte	0x616
 768 01b7 BB010000 		.4byte	0x1bb
 769 01bb 0C       		.uleb128 0xc
 770 01bc 76000000 		.4byte	0x76
 771 01c0 00       		.byte	0
 772              		.section	.debug_abbrev,"",%progbits
 773              	.Ldebug_abbrev0:
 774 0000 01       		.uleb128 0x1
 775 0001 11       		.uleb128 0x11
ARM GAS  C:\Users\PROYEC~1\AppData\Local\Temp\ccmz5nLj.s 			page 19


 776 0002 01       		.byte	0x1
 777 0003 25       		.uleb128 0x25
 778 0004 0E       		.uleb128 0xe
 779 0005 13       		.uleb128 0x13
 780 0006 0B       		.uleb128 0xb
 781 0007 03       		.uleb128 0x3
 782 0008 0E       		.uleb128 0xe
 783 0009 1B       		.uleb128 0x1b
 784 000a 0E       		.uleb128 0xe
 785 000b 55       		.uleb128 0x55
 786 000c 17       		.uleb128 0x17
 787 000d 11       		.uleb128 0x11
 788 000e 01       		.uleb128 0x1
 789 000f 10       		.uleb128 0x10
 790 0010 17       		.uleb128 0x17
 791 0011 00       		.byte	0
 792 0012 00       		.byte	0
 793 0013 02       		.uleb128 0x2
 794 0014 24       		.uleb128 0x24
 795 0015 00       		.byte	0
 796 0016 0B       		.uleb128 0xb
 797 0017 0B       		.uleb128 0xb
 798 0018 3E       		.uleb128 0x3e
 799 0019 0B       		.uleb128 0xb
 800 001a 03       		.uleb128 0x3
 801 001b 0E       		.uleb128 0xe
 802 001c 00       		.byte	0
 803 001d 00       		.byte	0
 804 001e 03       		.uleb128 0x3
 805 001f 16       		.uleb128 0x16
 806 0020 00       		.byte	0
 807 0021 03       		.uleb128 0x3
 808 0022 0E       		.uleb128 0xe
 809 0023 3A       		.uleb128 0x3a
 810 0024 0B       		.uleb128 0xb
 811 0025 3B       		.uleb128 0x3b
 812 0026 0B       		.uleb128 0xb
 813 0027 49       		.uleb128 0x49
 814 0028 13       		.uleb128 0x13
 815 0029 00       		.byte	0
 816 002a 00       		.byte	0
 817 002b 04       		.uleb128 0x4
 818 002c 24       		.uleb128 0x24
 819 002d 00       		.byte	0
 820 002e 0B       		.uleb128 0xb
 821 002f 0B       		.uleb128 0xb
 822 0030 3E       		.uleb128 0x3e
 823 0031 0B       		.uleb128 0xb
 824 0032 03       		.uleb128 0x3
 825 0033 08       		.uleb128 0x8
 826 0034 00       		.byte	0
 827 0035 00       		.byte	0
 828 0036 05       		.uleb128 0x5
 829 0037 2E       		.uleb128 0x2e
 830 0038 01       		.byte	0x1
 831 0039 3F       		.uleb128 0x3f
 832 003a 19       		.uleb128 0x19
ARM GAS  C:\Users\PROYEC~1\AppData\Local\Temp\ccmz5nLj.s 			page 20


 833 003b 03       		.uleb128 0x3
 834 003c 0E       		.uleb128 0xe
 835 003d 3A       		.uleb128 0x3a
 836 003e 0B       		.uleb128 0xb
 837 003f 3B       		.uleb128 0x3b
 838 0040 0B       		.uleb128 0xb
 839 0041 27       		.uleb128 0x27
 840 0042 19       		.uleb128 0x19
 841 0043 49       		.uleb128 0x49
 842 0044 13       		.uleb128 0x13
 843 0045 11       		.uleb128 0x11
 844 0046 01       		.uleb128 0x1
 845 0047 12       		.uleb128 0x12
 846 0048 06       		.uleb128 0x6
 847 0049 40       		.uleb128 0x40
 848 004a 18       		.uleb128 0x18
 849 004b 9642     		.uleb128 0x2116
 850 004d 19       		.uleb128 0x19
 851 004e 01       		.uleb128 0x1
 852 004f 13       		.uleb128 0x13
 853 0050 00       		.byte	0
 854 0051 00       		.byte	0
 855 0052 06       		.uleb128 0x6
 856 0053 05       		.uleb128 0x5
 857 0054 00       		.byte	0
 858 0055 03       		.uleb128 0x3
 859 0056 0E       		.uleb128 0xe
 860 0057 3A       		.uleb128 0x3a
 861 0058 0B       		.uleb128 0xb
 862 0059 3B       		.uleb128 0x3b
 863 005a 0B       		.uleb128 0xb
 864 005b 49       		.uleb128 0x49
 865 005c 13       		.uleb128 0x13
 866 005d 02       		.uleb128 0x2
 867 005e 18       		.uleb128 0x18
 868 005f 00       		.byte	0
 869 0060 00       		.byte	0
 870 0061 07       		.uleb128 0x7
 871 0062 34       		.uleb128 0x34
 872 0063 00       		.byte	0
 873 0064 03       		.uleb128 0x3
 874 0065 0E       		.uleb128 0xe
 875 0066 3A       		.uleb128 0x3a
 876 0067 0B       		.uleb128 0xb
 877 0068 3B       		.uleb128 0x3b
 878 0069 0B       		.uleb128 0xb
 879 006a 49       		.uleb128 0x49
 880 006b 13       		.uleb128 0x13
 881 006c 02       		.uleb128 0x2
 882 006d 18       		.uleb128 0x18
 883 006e 00       		.byte	0
 884 006f 00       		.byte	0
 885 0070 08       		.uleb128 0x8
 886 0071 34       		.uleb128 0x34
 887 0072 00       		.byte	0
 888 0073 03       		.uleb128 0x3
 889 0074 08       		.uleb128 0x8
ARM GAS  C:\Users\PROYEC~1\AppData\Local\Temp\ccmz5nLj.s 			page 21


 890 0075 3A       		.uleb128 0x3a
 891 0076 0B       		.uleb128 0xb
 892 0077 3B       		.uleb128 0x3b
 893 0078 0B       		.uleb128 0xb
 894 0079 49       		.uleb128 0x49
 895 007a 13       		.uleb128 0x13
 896 007b 02       		.uleb128 0x2
 897 007c 18       		.uleb128 0x18
 898 007d 00       		.byte	0
 899 007e 00       		.byte	0
 900 007f 09       		.uleb128 0x9
 901 0080 2E       		.uleb128 0x2e
 902 0081 01       		.byte	0x1
 903 0082 3F       		.uleb128 0x3f
 904 0083 19       		.uleb128 0x19
 905 0084 03       		.uleb128 0x3
 906 0085 0E       		.uleb128 0xe
 907 0086 3A       		.uleb128 0x3a
 908 0087 0B       		.uleb128 0xb
 909 0088 3B       		.uleb128 0x3b
 910 0089 0B       		.uleb128 0xb
 911 008a 27       		.uleb128 0x27
 912 008b 19       		.uleb128 0x19
 913 008c 49       		.uleb128 0x49
 914 008d 13       		.uleb128 0x13
 915 008e 11       		.uleb128 0x11
 916 008f 01       		.uleb128 0x1
 917 0090 12       		.uleb128 0x12
 918 0091 06       		.uleb128 0x6
 919 0092 40       		.uleb128 0x40
 920 0093 18       		.uleb128 0x18
 921 0094 9742     		.uleb128 0x2117
 922 0096 19       		.uleb128 0x19
 923 0097 01       		.uleb128 0x1
 924 0098 13       		.uleb128 0x13
 925 0099 00       		.byte	0
 926 009a 00       		.byte	0
 927 009b 0A       		.uleb128 0xa
 928 009c 05       		.uleb128 0x5
 929 009d 00       		.byte	0
 930 009e 03       		.uleb128 0x3
 931 009f 08       		.uleb128 0x8
 932 00a0 3A       		.uleb128 0x3a
 933 00a1 0B       		.uleb128 0xb
 934 00a2 3B       		.uleb128 0x3b
 935 00a3 0B       		.uleb128 0xb
 936 00a4 49       		.uleb128 0x49
 937 00a5 13       		.uleb128 0x13
 938 00a6 02       		.uleb128 0x2
 939 00a7 18       		.uleb128 0x18
 940 00a8 00       		.byte	0
 941 00a9 00       		.byte	0
 942 00aa 0B       		.uleb128 0xb
 943 00ab 34       		.uleb128 0x34
 944 00ac 00       		.byte	0
 945 00ad 03       		.uleb128 0x3
 946 00ae 0E       		.uleb128 0xe
ARM GAS  C:\Users\PROYEC~1\AppData\Local\Temp\ccmz5nLj.s 			page 22


 947 00af 3A       		.uleb128 0x3a
 948 00b0 0B       		.uleb128 0xb
 949 00b1 3B       		.uleb128 0x3b
 950 00b2 05       		.uleb128 0x5
 951 00b3 49       		.uleb128 0x49
 952 00b4 13       		.uleb128 0x13
 953 00b5 3F       		.uleb128 0x3f
 954 00b6 19       		.uleb128 0x19
 955 00b7 3C       		.uleb128 0x3c
 956 00b8 19       		.uleb128 0x19
 957 00b9 00       		.byte	0
 958 00ba 00       		.byte	0
 959 00bb 0C       		.uleb128 0xc
 960 00bc 35       		.uleb128 0x35
 961 00bd 00       		.byte	0
 962 00be 49       		.uleb128 0x49
 963 00bf 13       		.uleb128 0x13
 964 00c0 00       		.byte	0
 965 00c1 00       		.byte	0
 966 00c2 00       		.byte	0
 967              		.section	.debug_aranges,"",%progbits
 968 0000 34000000 		.4byte	0x34
 969 0004 0200     		.2byte	0x2
 970 0006 00000000 		.4byte	.Ldebug_info0
 971 000a 04       		.byte	0x4
 972 000b 00       		.byte	0
 973 000c 0000     		.2byte	0
 974 000e 0000     		.2byte	0
 975 0010 00000000 		.4byte	.LFB56
 976 0014 BE000000 		.4byte	.LFE56-.LFB56
 977 0018 00000000 		.4byte	.LFB57
 978 001c 0C010000 		.4byte	.LFE57-.LFB57
 979 0020 00000000 		.4byte	.LFB58
 980 0024 B2000000 		.4byte	.LFE58-.LFB58
 981 0028 00000000 		.4byte	.LFB59
 982 002c 58000000 		.4byte	.LFE59-.LFB59
 983 0030 00000000 		.4byte	0
 984 0034 00000000 		.4byte	0
 985              		.section	.debug_ranges,"",%progbits
 986              	.Ldebug_ranges0:
 987 0000 00000000 		.4byte	.LFB56
 988 0004 BE000000 		.4byte	.LFE56
 989 0008 00000000 		.4byte	.LFB57
 990 000c 0C010000 		.4byte	.LFE57
 991 0010 00000000 		.4byte	.LFB58
 992 0014 B2000000 		.4byte	.LFE58
 993 0018 00000000 		.4byte	.LFB59
 994 001c 58000000 		.4byte	.LFE59
 995 0020 00000000 		.4byte	0
 996 0024 00000000 		.4byte	0
 997              		.section	.debug_line,"",%progbits
 998              	.Ldebug_line0:
 999 0000 76020000 		.section	.debug_str,"MS",%progbits,1
 999      02004B01 
 999      00000201 
 999      FB0E0D00 
 999      01010101 
ARM GAS  C:\Users\PROYEC~1\AppData\Local\Temp\ccmz5nLj.s 			page 23


 1000              	.LASF21:
 1001 0000 70726573 		.ascii	"present\000"
 1001      656E7400 
 1002              	.LASF9:
 1003 0008 5F5F696E 		.ascii	"__int32_t\000"
 1003      7433325F 
 1003      7400
 1004              	.LASF25:
 1005 0012 474E5520 		.ascii	"GNU C 4.9.3 20150303 (release) [ARM/embedded-4_9-br"
 1005      4320342E 
 1005      392E3320 
 1005      32303135 
 1005      30333033 
 1006 0045 616E6368 		.ascii	"anch revision 221220] -mcpu=cortex-m3 -mthumb -g -O"
 1006      20726576 
 1006      6973696F 
 1006      6E203232 
 1006      31323230 
 1007 0078 30202D66 		.ascii	"0 -ffunction-sections -ffat-lto-objects\000"
 1007      66756E63 
 1007      74696F6E 
 1007      2D736563 
 1007      74696F6E 
 1008              	.LASF14:
 1009 00a0 646F7562 		.ascii	"double\000"
 1009      6C6500
 1010              	.LASF10:
 1011 00a7 696E7433 		.ascii	"int32_t\000"
 1011      325F7400 
 1012              	.LASF19:
 1013 00af 69627574 		.ascii	"ibutton\000"
 1013      746F6E00 
 1014              	.LASF13:
 1015 00b7 666C6F61 		.ascii	"float\000"
 1015      7400
 1016              	.LASF20:
 1017 00bd 64617461 		.ascii	"data\000"
 1017      00
 1018              	.LASF1:
 1019 00c2 756E7369 		.ascii	"unsigned char\000"
 1019      676E6564 
 1019      20636861 
 1019      7200
 1020              	.LASF27:
 1021 00d0 433A5C55 		.ascii	"C:\\Users\\Proyectos_Hardware\\Dropbox\\Proyecto Co"
 1021      73657273 
 1021      5C50726F 
 1021      79656374 
 1021      6F735F48 
 1022 00ff 6E74726F 		.ascii	"ntroller\\Mux Advance Encore V4_00\\MuxAdvance.cyds"
 1022      6C6C6572 
 1022      5C4D7578 
 1022      20416476 
 1022      616E6365 
 1023 0130 6E00     		.ascii	"n\000"
 1024              	.LASF3:
 1025 0132 73686F72 		.ascii	"short unsigned int\000"
ARM GAS  C:\Users\PROYEC~1\AppData\Local\Temp\ccmz5nLj.s 			page 24


 1025      7420756E 
 1025      7369676E 
 1025      65642069 
 1025      6E7400
 1026              	.LASF23:
 1027 0145 6461746F 		.ascii	"dato\000"
 1027      00
 1028              	.LASF28:
 1029 014a 49544D5F 		.ascii	"ITM_RxBuffer\000"
 1029      52784275 
 1029      66666572 
 1029      00
 1030              	.LASF5:
 1031 0157 6C6F6E67 		.ascii	"long unsigned int\000"
 1031      20756E73 
 1031      69676E65 
 1031      6420696E 
 1031      7400
 1032              	.LASF26:
 1033 0169 2E5C6962 		.ascii	".\\ibuton.c\000"
 1033      75746F6E 
 1033      2E6300
 1034              	.LASF18:
 1035 0174 746F7563 		.ascii	"touch_write\000"
 1035      685F7772 
 1035      69746500 
 1036              	.LASF12:
 1037 0180 75696E74 		.ascii	"uint32\000"
 1037      333200
 1038              	.LASF8:
 1039 0187 756E7369 		.ascii	"unsigned int\000"
 1039      676E6564 
 1039      20696E74 
 1039      00
 1040              	.LASF22:
 1041 0194 746F7563 		.ascii	"touch_read_byte\000"
 1041      685F7265 
 1041      61645F62 
 1041      79746500 
 1042              	.LASF7:
 1043 01a4 6C6F6E67 		.ascii	"long long unsigned int\000"
 1043      206C6F6E 
 1043      6720756E 
 1043      7369676E 
 1043      65642069 
 1044              	.LASF24:
 1045 01bb 6372635F 		.ascii	"crc_check\000"
 1045      63686563 
 1045      6B00
 1046              	.LASF16:
 1047 01c5 73697A65 		.ascii	"sizetype\000"
 1047      74797065 
 1047      00
 1048              	.LASF6:
 1049 01ce 6C6F6E67 		.ascii	"long long int\000"
 1049      206C6F6E 
 1049      6720696E 
ARM GAS  C:\Users\PROYEC~1\AppData\Local\Temp\ccmz5nLj.s 			page 25


 1049      7400
 1050              	.LASF15:
 1051 01dc 63686172 		.ascii	"char\000"
 1051      00
 1052              	.LASF2:
 1053 01e1 73686F72 		.ascii	"short int\000"
 1053      7420696E 
 1053      7400
 1054              	.LASF11:
 1055 01eb 75696E74 		.ascii	"uint8\000"
 1055      3800
 1056              	.LASF4:
 1057 01f1 6C6F6E67 		.ascii	"long int\000"
 1057      20696E74 
 1057      00
 1058              	.LASF0:
 1059 01fa 7369676E 		.ascii	"signed char\000"
 1059      65642063 
 1059      68617200 
 1060              	.LASF17:
 1061 0206 746F7563 		.ascii	"touch_present\000"
 1061      685F7072 
 1061      6573656E 
 1061      7400
 1062              		.ident	"GCC: (GNU Tools for ARM Embedded Processors) 4.9.3 20150303 (release) [ARM/embedded-4_9-br
