ARM GAS  C:\Users\PROYEC~1\AppData\Local\Temp\cc5TjmEE.s 			page 1


   1              		.syntax unified
   2              		.cpu cortex-m3
   3              		.fpu softvfp
   4              		.eabi_attribute 20, 1
   5              		.eabi_attribute 21, 1
   6              		.eabi_attribute 23, 3
   7              		.eabi_attribute 24, 1
   8              		.eabi_attribute 25, 1
   9              		.eabi_attribute 26, 1
  10              		.eabi_attribute 30, 6
  11              		.eabi_attribute 34, 1
  12              		.eabi_attribute 18, 4
  13              		.thumb
  14              		.file	"Print_Bill_INT.c"
  15              		.text
  16              	.Ltext0:
  17              		.cfi_sections	.debug_frame
  18              		.section	.text.Print_Bill_RXISR,"ax",%progbits
  19              		.align	2
  20              		.global	Print_Bill_RXISR
  21              		.thumb
  22              		.thumb_func
  23              		.type	Print_Bill_RXISR, %function
  24              	Print_Bill_RXISR:
  25              	.LFB0:
  26              		.file 1 ".\\Generated_Source\\PSoC5\\Print_Bill_INT.c"
   1:.\Generated_Source\PSoC5/Print_Bill_INT.c **** /*******************************************************************************
   2:.\Generated_Source\PSoC5/Print_Bill_INT.c **** * File Name: Print_Bill_INT.c
   3:.\Generated_Source\PSoC5/Print_Bill_INT.c **** * Version 2.30
   4:.\Generated_Source\PSoC5/Print_Bill_INT.c **** *
   5:.\Generated_Source\PSoC5/Print_Bill_INT.c **** * Description:
   6:.\Generated_Source\PSoC5/Print_Bill_INT.c **** *  This file provides all Interrupt Service functionality of the UART component
   7:.\Generated_Source\PSoC5/Print_Bill_INT.c **** *
   8:.\Generated_Source\PSoC5/Print_Bill_INT.c **** * Note:
   9:.\Generated_Source\PSoC5/Print_Bill_INT.c **** *  Any unusual or non-standard behavior should be noted here. Other-
  10:.\Generated_Source\PSoC5/Print_Bill_INT.c **** *  wise, this section should remain blank.
  11:.\Generated_Source\PSoC5/Print_Bill_INT.c **** *
  12:.\Generated_Source\PSoC5/Print_Bill_INT.c **** ********************************************************************************
  13:.\Generated_Source\PSoC5/Print_Bill_INT.c **** * Copyright 2008-2012, Cypress Semiconductor Corporation.  All rights reserved.
  14:.\Generated_Source\PSoC5/Print_Bill_INT.c **** * You may use this file only in accordance with the license, terms, conditions,
  15:.\Generated_Source\PSoC5/Print_Bill_INT.c **** * disclaimers, and limitations in the end user license agreement accompanying
  16:.\Generated_Source\PSoC5/Print_Bill_INT.c **** * the software package with which this file was provided.
  17:.\Generated_Source\PSoC5/Print_Bill_INT.c **** *******************************************************************************/
  18:.\Generated_Source\PSoC5/Print_Bill_INT.c **** 
  19:.\Generated_Source\PSoC5/Print_Bill_INT.c **** #include "Print_Bill.h"
  20:.\Generated_Source\PSoC5/Print_Bill_INT.c **** #include "CyLib.h"
  21:.\Generated_Source\PSoC5/Print_Bill_INT.c **** 
  22:.\Generated_Source\PSoC5/Print_Bill_INT.c **** 
  23:.\Generated_Source\PSoC5/Print_Bill_INT.c **** /***************************************
  24:.\Generated_Source\PSoC5/Print_Bill_INT.c **** * Custom Declratations
  25:.\Generated_Source\PSoC5/Print_Bill_INT.c **** ***************************************/
  26:.\Generated_Source\PSoC5/Print_Bill_INT.c **** /* `#START CUSTOM_DECLARATIONS` Place your declaration here */
  27:.\Generated_Source\PSoC5/Print_Bill_INT.c **** 
  28:.\Generated_Source\PSoC5/Print_Bill_INT.c **** /* `#END` */
  29:.\Generated_Source\PSoC5/Print_Bill_INT.c **** 
  30:.\Generated_Source\PSoC5/Print_Bill_INT.c **** #if( (Print_Bill_RX_ENABLED || Print_Bill_HD_ENABLED) && \
  31:.\Generated_Source\PSoC5/Print_Bill_INT.c ****      (Print_Bill_RXBUFFERSIZE > Print_Bill_FIFO_LENGTH))
ARM GAS  C:\Users\PROYEC~1\AppData\Local\Temp\cc5TjmEE.s 			page 2


  32:.\Generated_Source\PSoC5/Print_Bill_INT.c **** 
  33:.\Generated_Source\PSoC5/Print_Bill_INT.c **** 
  34:.\Generated_Source\PSoC5/Print_Bill_INT.c ****     /*******************************************************************************
  35:.\Generated_Source\PSoC5/Print_Bill_INT.c ****     * Function Name: Print_Bill_RXISR
  36:.\Generated_Source\PSoC5/Print_Bill_INT.c ****     ********************************************************************************
  37:.\Generated_Source\PSoC5/Print_Bill_INT.c ****     *
  38:.\Generated_Source\PSoC5/Print_Bill_INT.c ****     * Summary:
  39:.\Generated_Source\PSoC5/Print_Bill_INT.c ****     *  Interrupt Service Routine for RX portion of the UART
  40:.\Generated_Source\PSoC5/Print_Bill_INT.c ****     *
  41:.\Generated_Source\PSoC5/Print_Bill_INT.c ****     * Parameters:
  42:.\Generated_Source\PSoC5/Print_Bill_INT.c ****     *  None.
  43:.\Generated_Source\PSoC5/Print_Bill_INT.c ****     *
  44:.\Generated_Source\PSoC5/Print_Bill_INT.c ****     * Return:
  45:.\Generated_Source\PSoC5/Print_Bill_INT.c ****     *  None.
  46:.\Generated_Source\PSoC5/Print_Bill_INT.c ****     *
  47:.\Generated_Source\PSoC5/Print_Bill_INT.c ****     * Global Variables:
  48:.\Generated_Source\PSoC5/Print_Bill_INT.c ****     *  Print_Bill_rxBuffer - RAM buffer pointer for save received data.
  49:.\Generated_Source\PSoC5/Print_Bill_INT.c ****     *  Print_Bill_rxBufferWrite - cyclic index for write to rxBuffer,
  50:.\Generated_Source\PSoC5/Print_Bill_INT.c ****     *     increments after each byte saved to buffer.
  51:.\Generated_Source\PSoC5/Print_Bill_INT.c ****     *  Print_Bill_rxBufferRead - cyclic index for read from rxBuffer,
  52:.\Generated_Source\PSoC5/Print_Bill_INT.c ****     *     checked to detect overflow condition.
  53:.\Generated_Source\PSoC5/Print_Bill_INT.c ****     *  Print_Bill_rxBufferOverflow - software overflow flag. Set to one
  54:.\Generated_Source\PSoC5/Print_Bill_INT.c ****     *     when Print_Bill_rxBufferWrite index overtakes
  55:.\Generated_Source\PSoC5/Print_Bill_INT.c ****     *     Print_Bill_rxBufferRead index.
  56:.\Generated_Source\PSoC5/Print_Bill_INT.c ****     *  Print_Bill_rxBufferLoopDetect - additional variable to detect overflow.
  57:.\Generated_Source\PSoC5/Print_Bill_INT.c ****     *     Set to one when Print_Bill_rxBufferWrite is equal to
  58:.\Generated_Source\PSoC5/Print_Bill_INT.c ****     *    Print_Bill_rxBufferRead
  59:.\Generated_Source\PSoC5/Print_Bill_INT.c ****     *  Print_Bill_rxAddressMode - this variable contains the Address mode,
  60:.\Generated_Source\PSoC5/Print_Bill_INT.c ****     *     selected in customizer or set by UART_SetRxAddressMode() API.
  61:.\Generated_Source\PSoC5/Print_Bill_INT.c ****     *  Print_Bill_rxAddressDetected - set to 1 when correct address received,
  62:.\Generated_Source\PSoC5/Print_Bill_INT.c ****     *     and analysed to store following addressed data bytes to the buffer.
  63:.\Generated_Source\PSoC5/Print_Bill_INT.c ****     *     When not correct address received, set to 0 to skip following data bytes.
  64:.\Generated_Source\PSoC5/Print_Bill_INT.c ****     *
  65:.\Generated_Source\PSoC5/Print_Bill_INT.c ****     *******************************************************************************/
  66:.\Generated_Source\PSoC5/Print_Bill_INT.c ****     CY_ISR(Print_Bill_RXISR)
  67:.\Generated_Source\PSoC5/Print_Bill_INT.c ****     {
  27              		.loc 1 67 0
  28              		.cfi_startproc
  29              		@ args = 0, pretend = 0, frame = 8
  30              		@ frame_needed = 1, uses_anonymous_args = 0
  31              		@ link register save eliminated.
  32 0000 80B4     		push	{r7}
  33              		.cfi_def_cfa_offset 4
  34              		.cfi_offset 7, -4
  35 0002 83B0     		sub	sp, sp, #12
  36              		.cfi_def_cfa_offset 16
  37 0004 00AF     		add	r7, sp, #0
  38              		.cfi_def_cfa_register 7
  68:.\Generated_Source\PSoC5/Print_Bill_INT.c ****         uint8 readData;
  69:.\Generated_Source\PSoC5/Print_Bill_INT.c ****         uint8 increment_pointer = 0u;
  39              		.loc 1 69 0
  40 0006 0023     		movs	r3, #0
  41 0008 BB71     		strb	r3, [r7, #6]
  70:.\Generated_Source\PSoC5/Print_Bill_INT.c ****         #if(CY_PSOC3)
  71:.\Generated_Source\PSoC5/Print_Bill_INT.c ****             uint8 int_en;
  72:.\Generated_Source\PSoC5/Print_Bill_INT.c ****         #endif /* CY_PSOC3 */
  73:.\Generated_Source\PSoC5/Print_Bill_INT.c **** 
ARM GAS  C:\Users\PROYEC~1\AppData\Local\Temp\cc5TjmEE.s 			page 3


  74:.\Generated_Source\PSoC5/Print_Bill_INT.c ****         /* User code required at start of ISR */
  75:.\Generated_Source\PSoC5/Print_Bill_INT.c ****         /* `#START Print_Bill_RXISR_START` */
  76:.\Generated_Source\PSoC5/Print_Bill_INT.c **** 
  77:.\Generated_Source\PSoC5/Print_Bill_INT.c ****         /* `#END` */
  78:.\Generated_Source\PSoC5/Print_Bill_INT.c **** 
  79:.\Generated_Source\PSoC5/Print_Bill_INT.c ****         #if(CY_PSOC3)   /* Make sure nested interrupt is enabled */
  80:.\Generated_Source\PSoC5/Print_Bill_INT.c ****             int_en = EA;
  81:.\Generated_Source\PSoC5/Print_Bill_INT.c ****             CyGlobalIntEnable;
  82:.\Generated_Source\PSoC5/Print_Bill_INT.c ****         #endif /* CY_PSOC3 */
  83:.\Generated_Source\PSoC5/Print_Bill_INT.c **** 
  84:.\Generated_Source\PSoC5/Print_Bill_INT.c ****         readData = Print_Bill_RXSTATUS_REG;
  42              		.loc 1 84 0
  43 000a 204B     		ldr	r3, .L7
  44 000c 1B78     		ldrb	r3, [r3]
  45 000e FB71     		strb	r3, [r7, #7]
  85:.\Generated_Source\PSoC5/Print_Bill_INT.c **** 
  86:.\Generated_Source\PSoC5/Print_Bill_INT.c ****         if((readData & (Print_Bill_RX_STS_BREAK | Print_Bill_RX_STS_PAR_ERROR |
  87:.\Generated_Source\PSoC5/Print_Bill_INT.c ****                         Print_Bill_RX_STS_STOP_ERROR | Print_Bill_RX_STS_OVERRUN)) != 0u)
  88:.\Generated_Source\PSoC5/Print_Bill_INT.c ****         {
  89:.\Generated_Source\PSoC5/Print_Bill_INT.c ****             /* ERROR handling. */
  90:.\Generated_Source\PSoC5/Print_Bill_INT.c ****             /* `#START Print_Bill_RXISR_ERROR` */
  91:.\Generated_Source\PSoC5/Print_Bill_INT.c **** 
  92:.\Generated_Source\PSoC5/Print_Bill_INT.c ****             /* `#END` */
  93:.\Generated_Source\PSoC5/Print_Bill_INT.c ****         }
  94:.\Generated_Source\PSoC5/Print_Bill_INT.c **** 
  95:.\Generated_Source\PSoC5/Print_Bill_INT.c ****         while((readData & Print_Bill_RX_STS_FIFO_NOTEMPTY) != 0u)
  46              		.loc 1 95 0
  47 0010 32E0     		b	.L2
  48              	.L6:
  96:.\Generated_Source\PSoC5/Print_Bill_INT.c ****         {
  97:.\Generated_Source\PSoC5/Print_Bill_INT.c **** 
  98:.\Generated_Source\PSoC5/Print_Bill_INT.c ****             #if (Print_Bill_RXHW_ADDRESS_ENABLED)
  99:.\Generated_Source\PSoC5/Print_Bill_INT.c ****                 if(Print_Bill_rxAddressMode == (uint8)Print_Bill__B_UART__AM_SW_DETECT_TO_BUFFER)
 100:.\Generated_Source\PSoC5/Print_Bill_INT.c ****                 {
 101:.\Generated_Source\PSoC5/Print_Bill_INT.c ****                     if((readData & Print_Bill_RX_STS_MRKSPC) != 0u)
 102:.\Generated_Source\PSoC5/Print_Bill_INT.c ****                     {
 103:.\Generated_Source\PSoC5/Print_Bill_INT.c ****                         if ((readData & Print_Bill_RX_STS_ADDR_MATCH) != 0u)
 104:.\Generated_Source\PSoC5/Print_Bill_INT.c ****                         {
 105:.\Generated_Source\PSoC5/Print_Bill_INT.c ****                             Print_Bill_rxAddressDetected = 1u;
 106:.\Generated_Source\PSoC5/Print_Bill_INT.c ****                         }
 107:.\Generated_Source\PSoC5/Print_Bill_INT.c ****                         else
 108:.\Generated_Source\PSoC5/Print_Bill_INT.c ****                         {
 109:.\Generated_Source\PSoC5/Print_Bill_INT.c ****                             Print_Bill_rxAddressDetected = 0u;
 110:.\Generated_Source\PSoC5/Print_Bill_INT.c ****                         }
 111:.\Generated_Source\PSoC5/Print_Bill_INT.c ****                     }
 112:.\Generated_Source\PSoC5/Print_Bill_INT.c **** 
 113:.\Generated_Source\PSoC5/Print_Bill_INT.c ****                     readData = Print_Bill_RXDATA_REG;
 114:.\Generated_Source\PSoC5/Print_Bill_INT.c ****                     if(Print_Bill_rxAddressDetected != 0u)
 115:.\Generated_Source\PSoC5/Print_Bill_INT.c ****                     {   /* store only addressed data */
 116:.\Generated_Source\PSoC5/Print_Bill_INT.c ****                         Print_Bill_rxBuffer[Print_Bill_rxBufferWrite] = readData;
 117:.\Generated_Source\PSoC5/Print_Bill_INT.c ****                         increment_pointer = 1u;
 118:.\Generated_Source\PSoC5/Print_Bill_INT.c ****                     }
 119:.\Generated_Source\PSoC5/Print_Bill_INT.c ****                 }
 120:.\Generated_Source\PSoC5/Print_Bill_INT.c ****                 else /* without software addressing */
 121:.\Generated_Source\PSoC5/Print_Bill_INT.c ****                 {
 122:.\Generated_Source\PSoC5/Print_Bill_INT.c ****                     Print_Bill_rxBuffer[Print_Bill_rxBufferWrite] = Print_Bill_RXDATA_REG;
 123:.\Generated_Source\PSoC5/Print_Bill_INT.c ****                     increment_pointer = 1u;
ARM GAS  C:\Users\PROYEC~1\AppData\Local\Temp\cc5TjmEE.s 			page 4


 124:.\Generated_Source\PSoC5/Print_Bill_INT.c ****                 }
 125:.\Generated_Source\PSoC5/Print_Bill_INT.c ****             #else  /* without addressing */
 126:.\Generated_Source\PSoC5/Print_Bill_INT.c ****                 Print_Bill_rxBuffer[Print_Bill_rxBufferWrite] = Print_Bill_RXDATA_REG;
  49              		.loc 1 126 0
  50 0012 1F4B     		ldr	r3, .L7+4
  51 0014 1B78     		ldrb	r3, [r3]
  52 0016 DBB2     		uxtb	r3, r3
  53 0018 1A46     		mov	r2, r3
  54 001a 1E4B     		ldr	r3, .L7+8
  55 001c 1B78     		ldrb	r3, [r3]
  56 001e D9B2     		uxtb	r1, r3
  57 0020 1D4B     		ldr	r3, .L7+12
  58 0022 9954     		strb	r1, [r3, r2]
 127:.\Generated_Source\PSoC5/Print_Bill_INT.c ****                 increment_pointer = 1u;
  59              		.loc 1 127 0
  60 0024 0123     		movs	r3, #1
  61 0026 BB71     		strb	r3, [r7, #6]
 128:.\Generated_Source\PSoC5/Print_Bill_INT.c ****             #endif /* End SW_DETECT_TO_BUFFER */
 129:.\Generated_Source\PSoC5/Print_Bill_INT.c **** 
 130:.\Generated_Source\PSoC5/Print_Bill_INT.c ****             /* do not increment buffer pointer when skip not adderessed data */
 131:.\Generated_Source\PSoC5/Print_Bill_INT.c ****             if( increment_pointer != 0u )
  62              		.loc 1 131 0
  63 0028 BB79     		ldrb	r3, [r7, #6]	@ zero_extendqisi2
  64 002a 002B     		cmp	r3, #0
  65 002c 21D0     		beq	.L3
 132:.\Generated_Source\PSoC5/Print_Bill_INT.c ****             {
 133:.\Generated_Source\PSoC5/Print_Bill_INT.c ****                 if(Print_Bill_rxBufferLoopDetect != 0u)
  66              		.loc 1 133 0
  67 002e 1B4B     		ldr	r3, .L7+16
  68 0030 1B78     		ldrb	r3, [r3]
  69 0032 DBB2     		uxtb	r3, r3
  70 0034 002B     		cmp	r3, #0
  71 0036 02D0     		beq	.L4
 134:.\Generated_Source\PSoC5/Print_Bill_INT.c ****                 {   /* Set Software Buffer status Overflow */
 135:.\Generated_Source\PSoC5/Print_Bill_INT.c ****                     Print_Bill_rxBufferOverflow = 1u;
  72              		.loc 1 135 0
  73 0038 194B     		ldr	r3, .L7+20
  74 003a 0122     		movs	r2, #1
  75 003c 1A70     		strb	r2, [r3]
  76              	.L4:
 136:.\Generated_Source\PSoC5/Print_Bill_INT.c ****                 }
 137:.\Generated_Source\PSoC5/Print_Bill_INT.c ****                 /* Set next pointer. */
 138:.\Generated_Source\PSoC5/Print_Bill_INT.c ****                 Print_Bill_rxBufferWrite++;
  77              		.loc 1 138 0
  78 003e 144B     		ldr	r3, .L7+4
  79 0040 1B78     		ldrb	r3, [r3]
  80 0042 DBB2     		uxtb	r3, r3
  81 0044 0133     		adds	r3, r3, #1
  82 0046 DAB2     		uxtb	r2, r3
  83 0048 114B     		ldr	r3, .L7+4
  84 004a 1A70     		strb	r2, [r3]
 139:.\Generated_Source\PSoC5/Print_Bill_INT.c **** 
 140:.\Generated_Source\PSoC5/Print_Bill_INT.c ****                 /* Check pointer for a loop condition */
 141:.\Generated_Source\PSoC5/Print_Bill_INT.c ****                 if(Print_Bill_rxBufferWrite >= Print_Bill_RXBUFFERSIZE)
  85              		.loc 1 141 0
  86 004c 104B     		ldr	r3, .L7+4
  87 004e 1B78     		ldrb	r3, [r3]
ARM GAS  C:\Users\PROYEC~1\AppData\Local\Temp\cc5TjmEE.s 			page 5


  88 0050 DBB2     		uxtb	r3, r3
  89 0052 132B     		cmp	r3, #19
  90 0054 02D9     		bls	.L5
 142:.\Generated_Source\PSoC5/Print_Bill_INT.c ****                 {
 143:.\Generated_Source\PSoC5/Print_Bill_INT.c ****                     Print_Bill_rxBufferWrite = 0u;
  91              		.loc 1 143 0
  92 0056 0E4B     		ldr	r3, .L7+4
  93 0058 0022     		movs	r2, #0
  94 005a 1A70     		strb	r2, [r3]
  95              	.L5:
 144:.\Generated_Source\PSoC5/Print_Bill_INT.c ****                 }
 145:.\Generated_Source\PSoC5/Print_Bill_INT.c ****                 /* Detect pre-overload condition and set flag */
 146:.\Generated_Source\PSoC5/Print_Bill_INT.c ****                 if(Print_Bill_rxBufferWrite == Print_Bill_rxBufferRead)
  96              		.loc 1 146 0
  97 005c 0C4B     		ldr	r3, .L7+4
  98 005e 1B78     		ldrb	r3, [r3]
  99 0060 DAB2     		uxtb	r2, r3
 100 0062 104B     		ldr	r3, .L7+24
 101 0064 1B78     		ldrb	r3, [r3]
 102 0066 DBB2     		uxtb	r3, r3
 103 0068 9A42     		cmp	r2, r3
 104 006a 02D1     		bne	.L3
 147:.\Generated_Source\PSoC5/Print_Bill_INT.c ****                 {
 148:.\Generated_Source\PSoC5/Print_Bill_INT.c ****                     Print_Bill_rxBufferLoopDetect = 1u;
 105              		.loc 1 148 0
 106 006c 0B4B     		ldr	r3, .L7+16
 107 006e 0122     		movs	r2, #1
 108 0070 1A70     		strb	r2, [r3]
 109              	.L3:
 149:.\Generated_Source\PSoC5/Print_Bill_INT.c ****                     /* When Hardware Flow Control selected */
 150:.\Generated_Source\PSoC5/Print_Bill_INT.c ****                     #if(Print_Bill_FLOW_CONTROL != 0u)
 151:.\Generated_Source\PSoC5/Print_Bill_INT.c ****                     /* Disable RX interrupt mask, it will be enabled when user read data from the b
 152:.\Generated_Source\PSoC5/Print_Bill_INT.c ****                         Print_Bill_RXSTATUS_MASK_REG  &= (uint8)~Print_Bill_RX_STS_FIFO_NOTEMPTY;
 153:.\Generated_Source\PSoC5/Print_Bill_INT.c ****                         CyIntClearPending(Print_Bill_RX_VECT_NUM);
 154:.\Generated_Source\PSoC5/Print_Bill_INT.c ****                         break; /* Break the reading of the FIFO loop, leave the data there for gene
 155:.\Generated_Source\PSoC5/Print_Bill_INT.c ****                     #endif /* End Print_Bill_FLOW_CONTROL != 0 */
 156:.\Generated_Source\PSoC5/Print_Bill_INT.c ****                 }
 157:.\Generated_Source\PSoC5/Print_Bill_INT.c ****             }
 158:.\Generated_Source\PSoC5/Print_Bill_INT.c **** 
 159:.\Generated_Source\PSoC5/Print_Bill_INT.c ****             /* Check again if there is data. */
 160:.\Generated_Source\PSoC5/Print_Bill_INT.c ****             readData = Print_Bill_RXSTATUS_REG;
 110              		.loc 1 160 0
 111 0072 064B     		ldr	r3, .L7
 112 0074 1B78     		ldrb	r3, [r3]
 113 0076 FB71     		strb	r3, [r7, #7]
 114              	.L2:
  95:.\Generated_Source\PSoC5/Print_Bill_INT.c ****         {
 115              		.loc 1 95 0
 116 0078 FB79     		ldrb	r3, [r7, #7]	@ zero_extendqisi2
 117 007a 03F02003 		and	r3, r3, #32
 118 007e 002B     		cmp	r3, #0
 119 0080 C7D1     		bne	.L6
 161:.\Generated_Source\PSoC5/Print_Bill_INT.c ****         }
 162:.\Generated_Source\PSoC5/Print_Bill_INT.c **** 
 163:.\Generated_Source\PSoC5/Print_Bill_INT.c ****         /* User code required at end of ISR (Optional) */
 164:.\Generated_Source\PSoC5/Print_Bill_INT.c ****         /* `#START Print_Bill_RXISR_END` */
 165:.\Generated_Source\PSoC5/Print_Bill_INT.c **** 
ARM GAS  C:\Users\PROYEC~1\AppData\Local\Temp\cc5TjmEE.s 			page 6


 166:.\Generated_Source\PSoC5/Print_Bill_INT.c ****         /* `#END` */
 167:.\Generated_Source\PSoC5/Print_Bill_INT.c **** 
 168:.\Generated_Source\PSoC5/Print_Bill_INT.c ****         #if(CY_PSOC3)
 169:.\Generated_Source\PSoC5/Print_Bill_INT.c ****             EA = int_en;
 170:.\Generated_Source\PSoC5/Print_Bill_INT.c ****         #endif /* CY_PSOC3 */
 171:.\Generated_Source\PSoC5/Print_Bill_INT.c **** 
 172:.\Generated_Source\PSoC5/Print_Bill_INT.c ****     }
 120              		.loc 1 172 0
 121 0082 0C37     		adds	r7, r7, #12
 122              		.cfi_def_cfa_offset 4
 123 0084 BD46     		mov	sp, r7
 124              		.cfi_def_cfa_register 13
 125              		@ sp needed
 126 0086 5DF8047B 		ldr	r7, [sp], #4
 127              		.cfi_restore 7
 128              		.cfi_def_cfa_offset 0
 129 008a 7047     		bx	lr
 130              	.L8:
 131              		.align	2
 132              	.L7:
 133 008c 6C640040 		.word	1073767532
 134 0090 00000000 		.word	Print_Bill_rxBufferWrite
 135 0094 4C640040 		.word	1073767500
 136 0098 00000000 		.word	Print_Bill_rxBuffer
 137 009c 00000000 		.word	Print_Bill_rxBufferLoopDetect
 138 00a0 00000000 		.word	Print_Bill_rxBufferOverflow
 139 00a4 00000000 		.word	Print_Bill_rxBufferRead
 140              		.cfi_endproc
 141              	.LFE0:
 142              		.size	Print_Bill_RXISR, .-Print_Bill_RXISR
 143              		.text
 144              	.Letext0:
 145              		.file 2 ".\\Generated_Source\\PSoC5\\cytypes.h"
 146              		.file 3 ".\\Generated_Source\\PSoC5\\Print_Bill.h"
 147              		.section	.debug_info,"",%progbits
 148              	.Ldebug_info0:
 149 0000 23010000 		.4byte	0x123
 150 0004 0400     		.2byte	0x4
 151 0006 00000000 		.4byte	.Ldebug_abbrev0
 152 000a 04       		.byte	0x4
 153 000b 01       		.uleb128 0x1
 154 000c 40010000 		.4byte	.LASF22
 155 0010 01       		.byte	0x1
 156 0011 E1000000 		.4byte	.LASF23
 157 0015 0E000000 		.4byte	.LASF24
 158 0019 00000000 		.4byte	.Ldebug_ranges0+0
 159 001d 00000000 		.4byte	0
 160 0021 00000000 		.4byte	.Ldebug_line0
 161 0025 02       		.uleb128 0x2
 162 0026 01       		.byte	0x1
 163 0027 06       		.byte	0x6
 164 0028 06020000 		.4byte	.LASF0
 165 002c 02       		.uleb128 0x2
 166 002d 01       		.byte	0x1
 167 002e 08       		.byte	0x8
 168 002f 24010000 		.4byte	.LASF1
 169 0033 02       		.uleb128 0x2
ARM GAS  C:\Users\PROYEC~1\AppData\Local\Temp\cc5TjmEE.s 			page 7


 170 0034 02       		.byte	0x2
 171 0035 05       		.byte	0x5
 172 0036 33020000 		.4byte	.LASF2
 173 003a 02       		.uleb128 0x2
 174 003b 02       		.byte	0x2
 175 003c 07       		.byte	0x7
 176 003d F3010000 		.4byte	.LASF3
 177 0041 02       		.uleb128 0x2
 178 0042 04       		.byte	0x4
 179 0043 05       		.byte	0x5
 180 0044 37010000 		.4byte	.LASF4
 181 0048 02       		.uleb128 0x2
 182 0049 04       		.byte	0x4
 183 004a 07       		.byte	0x7
 184 004b B2000000 		.4byte	.LASF5
 185 004f 02       		.uleb128 0x2
 186 0050 08       		.byte	0x8
 187 0051 05       		.byte	0x5
 188 0052 00000000 		.4byte	.LASF6
 189 0056 02       		.uleb128 0x2
 190 0057 08       		.byte	0x8
 191 0058 07       		.byte	0x7
 192 0059 C4000000 		.4byte	.LASF7
 193 005d 03       		.uleb128 0x3
 194 005e 04       		.byte	0x4
 195 005f 05       		.byte	0x5
 196 0060 696E7400 		.ascii	"int\000"
 197 0064 02       		.uleb128 0x2
 198 0065 04       		.byte	0x4
 199 0066 07       		.byte	0x7
 200 0067 8D000000 		.4byte	.LASF8
 201 006b 04       		.uleb128 0x4
 202 006c AC000000 		.4byte	.LASF12
 203 0070 02       		.byte	0x2
 204 0071 A1       		.byte	0xa1
 205 0072 2C000000 		.4byte	0x2c
 206 0076 02       		.uleb128 0x2
 207 0077 04       		.byte	0x4
 208 0078 04       		.byte	0x4
 209 0079 DB000000 		.4byte	.LASF9
 210 007d 02       		.uleb128 0x2
 211 007e 08       		.byte	0x8
 212 007f 04       		.byte	0x4
 213 0080 CE010000 		.4byte	.LASF10
 214 0084 02       		.uleb128 0x2
 215 0085 01       		.byte	0x1
 216 0086 08       		.byte	0x8
 217 0087 32010000 		.4byte	.LASF11
 218 008b 05       		.uleb128 0x5
 219 008c 3D020000 		.4byte	.LASF13
 220 0090 02       		.byte	0x2
 221 0091 4B01     		.2byte	0x14b
 222 0093 97000000 		.4byte	0x97
 223 0097 06       		.uleb128 0x6
 224 0098 6B000000 		.4byte	0x6b
 225 009c 02       		.uleb128 0x2
 226 009d 04       		.byte	0x4
ARM GAS  C:\Users\PROYEC~1\AppData\Local\Temp\cc5TjmEE.s 			page 8


 227 009e 07       		.byte	0x7
 228 009f 2A020000 		.4byte	.LASF14
 229 00a3 07       		.uleb128 0x7
 230 00a4 5F020000 		.4byte	.LASF25
 231 00a8 01       		.byte	0x1
 232 00a9 42       		.byte	0x42
 233 00aa 00000000 		.4byte	.LFB0
 234 00ae A8000000 		.4byte	.LFE0-.LFB0
 235 00b2 01       		.uleb128 0x1
 236 00b3 9C       		.byte	0x9c
 237 00b4 D5000000 		.4byte	0xd5
 238 00b8 08       		.uleb128 0x8
 239 00b9 56020000 		.4byte	.LASF15
 240 00bd 01       		.byte	0x1
 241 00be 44       		.byte	0x44
 242 00bf 6B000000 		.4byte	0x6b
 243 00c3 02       		.uleb128 0x2
 244 00c4 91       		.byte	0x91
 245 00c5 77       		.sleb128 -9
 246 00c6 08       		.uleb128 0x8
 247 00c7 9A000000 		.4byte	.LASF16
 248 00cb 01       		.byte	0x1
 249 00cc 45       		.byte	0x45
 250 00cd 6B000000 		.4byte	0x6b
 251 00d1 02       		.uleb128 0x2
 252 00d2 91       		.byte	0x91
 253 00d3 76       		.sleb128 -10
 254 00d4 00       		.byte	0
 255 00d5 09       		.uleb128 0x9
 256 00d6 6B000000 		.4byte	0x6b
 257 00da E5000000 		.4byte	0xe5
 258 00de 0A       		.uleb128 0xa
 259 00df 9C000000 		.4byte	0x9c
 260 00e3 13       		.byte	0x13
 261 00e4 00       		.byte	0
 262 00e5 0B       		.uleb128 0xb
 263 00e6 42020000 		.4byte	.LASF17
 264 00ea 03       		.byte	0x3
 265 00eb 5201     		.2byte	0x152
 266 00ed F1000000 		.4byte	0xf1
 267 00f1 06       		.uleb128 0x6
 268 00f2 D5000000 		.4byte	0xd5
 269 00f6 0B       		.uleb128 0xb
 270 00f7 12020000 		.4byte	.LASF18
 271 00fb 03       		.byte	0x3
 272 00fc 5301     		.2byte	0x153
 273 00fe 97000000 		.4byte	0x97
 274 0102 0B       		.uleb128 0xb
 275 0103 0B010000 		.4byte	.LASF19
 276 0107 03       		.byte	0x3
 277 0108 5401     		.2byte	0x154
 278 010a 97000000 		.4byte	0x97
 279 010e 0B       		.uleb128 0xb
 280 010f D5010000 		.4byte	.LASF20
 281 0113 03       		.byte	0x3
 282 0114 5501     		.2byte	0x155
 283 0116 97000000 		.4byte	0x97
ARM GAS  C:\Users\PROYEC~1\AppData\Local\Temp\cc5TjmEE.s 			page 9


 284 011a 0B       		.uleb128 0xb
 285 011b 71000000 		.4byte	.LASF21
 286 011f 03       		.byte	0x3
 287 0120 5601     		.2byte	0x156
 288 0122 97000000 		.4byte	0x97
 289 0126 00       		.byte	0
 290              		.section	.debug_abbrev,"",%progbits
 291              	.Ldebug_abbrev0:
 292 0000 01       		.uleb128 0x1
 293 0001 11       		.uleb128 0x11
 294 0002 01       		.byte	0x1
 295 0003 25       		.uleb128 0x25
 296 0004 0E       		.uleb128 0xe
 297 0005 13       		.uleb128 0x13
 298 0006 0B       		.uleb128 0xb
 299 0007 03       		.uleb128 0x3
 300 0008 0E       		.uleb128 0xe
 301 0009 1B       		.uleb128 0x1b
 302 000a 0E       		.uleb128 0xe
 303 000b 55       		.uleb128 0x55
 304 000c 17       		.uleb128 0x17
 305 000d 11       		.uleb128 0x11
 306 000e 01       		.uleb128 0x1
 307 000f 10       		.uleb128 0x10
 308 0010 17       		.uleb128 0x17
 309 0011 00       		.byte	0
 310 0012 00       		.byte	0
 311 0013 02       		.uleb128 0x2
 312 0014 24       		.uleb128 0x24
 313 0015 00       		.byte	0
 314 0016 0B       		.uleb128 0xb
 315 0017 0B       		.uleb128 0xb
 316 0018 3E       		.uleb128 0x3e
 317 0019 0B       		.uleb128 0xb
 318 001a 03       		.uleb128 0x3
 319 001b 0E       		.uleb128 0xe
 320 001c 00       		.byte	0
 321 001d 00       		.byte	0
 322 001e 03       		.uleb128 0x3
 323 001f 24       		.uleb128 0x24
 324 0020 00       		.byte	0
 325 0021 0B       		.uleb128 0xb
 326 0022 0B       		.uleb128 0xb
 327 0023 3E       		.uleb128 0x3e
 328 0024 0B       		.uleb128 0xb
 329 0025 03       		.uleb128 0x3
 330 0026 08       		.uleb128 0x8
 331 0027 00       		.byte	0
 332 0028 00       		.byte	0
 333 0029 04       		.uleb128 0x4
 334 002a 16       		.uleb128 0x16
 335 002b 00       		.byte	0
 336 002c 03       		.uleb128 0x3
 337 002d 0E       		.uleb128 0xe
 338 002e 3A       		.uleb128 0x3a
 339 002f 0B       		.uleb128 0xb
 340 0030 3B       		.uleb128 0x3b
ARM GAS  C:\Users\PROYEC~1\AppData\Local\Temp\cc5TjmEE.s 			page 10


 341 0031 0B       		.uleb128 0xb
 342 0032 49       		.uleb128 0x49
 343 0033 13       		.uleb128 0x13
 344 0034 00       		.byte	0
 345 0035 00       		.byte	0
 346 0036 05       		.uleb128 0x5
 347 0037 16       		.uleb128 0x16
 348 0038 00       		.byte	0
 349 0039 03       		.uleb128 0x3
 350 003a 0E       		.uleb128 0xe
 351 003b 3A       		.uleb128 0x3a
 352 003c 0B       		.uleb128 0xb
 353 003d 3B       		.uleb128 0x3b
 354 003e 05       		.uleb128 0x5
 355 003f 49       		.uleb128 0x49
 356 0040 13       		.uleb128 0x13
 357 0041 00       		.byte	0
 358 0042 00       		.byte	0
 359 0043 06       		.uleb128 0x6
 360 0044 35       		.uleb128 0x35
 361 0045 00       		.byte	0
 362 0046 49       		.uleb128 0x49
 363 0047 13       		.uleb128 0x13
 364 0048 00       		.byte	0
 365 0049 00       		.byte	0
 366 004a 07       		.uleb128 0x7
 367 004b 2E       		.uleb128 0x2e
 368 004c 01       		.byte	0x1
 369 004d 3F       		.uleb128 0x3f
 370 004e 19       		.uleb128 0x19
 371 004f 03       		.uleb128 0x3
 372 0050 0E       		.uleb128 0xe
 373 0051 3A       		.uleb128 0x3a
 374 0052 0B       		.uleb128 0xb
 375 0053 3B       		.uleb128 0x3b
 376 0054 0B       		.uleb128 0xb
 377 0055 27       		.uleb128 0x27
 378 0056 19       		.uleb128 0x19
 379 0057 11       		.uleb128 0x11
 380 0058 01       		.uleb128 0x1
 381 0059 12       		.uleb128 0x12
 382 005a 06       		.uleb128 0x6
 383 005b 40       		.uleb128 0x40
 384 005c 18       		.uleb128 0x18
 385 005d 9742     		.uleb128 0x2117
 386 005f 19       		.uleb128 0x19
 387 0060 01       		.uleb128 0x1
 388 0061 13       		.uleb128 0x13
 389 0062 00       		.byte	0
 390 0063 00       		.byte	0
 391 0064 08       		.uleb128 0x8
 392 0065 34       		.uleb128 0x34
 393 0066 00       		.byte	0
 394 0067 03       		.uleb128 0x3
 395 0068 0E       		.uleb128 0xe
 396 0069 3A       		.uleb128 0x3a
 397 006a 0B       		.uleb128 0xb
ARM GAS  C:\Users\PROYEC~1\AppData\Local\Temp\cc5TjmEE.s 			page 11


 398 006b 3B       		.uleb128 0x3b
 399 006c 0B       		.uleb128 0xb
 400 006d 49       		.uleb128 0x49
 401 006e 13       		.uleb128 0x13
 402 006f 02       		.uleb128 0x2
 403 0070 18       		.uleb128 0x18
 404 0071 00       		.byte	0
 405 0072 00       		.byte	0
 406 0073 09       		.uleb128 0x9
 407 0074 01       		.uleb128 0x1
 408 0075 01       		.byte	0x1
 409 0076 49       		.uleb128 0x49
 410 0077 13       		.uleb128 0x13
 411 0078 01       		.uleb128 0x1
 412 0079 13       		.uleb128 0x13
 413 007a 00       		.byte	0
 414 007b 00       		.byte	0
 415 007c 0A       		.uleb128 0xa
 416 007d 21       		.uleb128 0x21
 417 007e 00       		.byte	0
 418 007f 49       		.uleb128 0x49
 419 0080 13       		.uleb128 0x13
 420 0081 2F       		.uleb128 0x2f
 421 0082 0B       		.uleb128 0xb
 422 0083 00       		.byte	0
 423 0084 00       		.byte	0
 424 0085 0B       		.uleb128 0xb
 425 0086 34       		.uleb128 0x34
 426 0087 00       		.byte	0
 427 0088 03       		.uleb128 0x3
 428 0089 0E       		.uleb128 0xe
 429 008a 3A       		.uleb128 0x3a
 430 008b 0B       		.uleb128 0xb
 431 008c 3B       		.uleb128 0x3b
 432 008d 05       		.uleb128 0x5
 433 008e 49       		.uleb128 0x49
 434 008f 13       		.uleb128 0x13
 435 0090 3F       		.uleb128 0x3f
 436 0091 19       		.uleb128 0x19
 437 0092 3C       		.uleb128 0x3c
 438 0093 19       		.uleb128 0x19
 439 0094 00       		.byte	0
 440 0095 00       		.byte	0
 441 0096 00       		.byte	0
 442              		.section	.debug_aranges,"",%progbits
 443 0000 1C000000 		.4byte	0x1c
 444 0004 0200     		.2byte	0x2
 445 0006 00000000 		.4byte	.Ldebug_info0
 446 000a 04       		.byte	0x4
 447 000b 00       		.byte	0
 448 000c 0000     		.2byte	0
 449 000e 0000     		.2byte	0
 450 0010 00000000 		.4byte	.LFB0
 451 0014 A8000000 		.4byte	.LFE0-.LFB0
 452 0018 00000000 		.4byte	0
 453 001c 00000000 		.4byte	0
 454              		.section	.debug_ranges,"",%progbits
ARM GAS  C:\Users\PROYEC~1\AppData\Local\Temp\cc5TjmEE.s 			page 12


 455              	.Ldebug_ranges0:
 456 0000 00000000 		.4byte	.LFB0
 457 0004 A8000000 		.4byte	.LFE0
 458 0008 00000000 		.4byte	0
 459 000c 00000000 		.4byte	0
 460              		.section	.debug_line,"",%progbits
 461              	.Ldebug_line0:
 462 0000 91000000 		.section	.debug_str,"MS",%progbits,1
 462      02005D00 
 462      00000201 
 462      FB0E0D00 
 462      01010101 
 463              	.LASF6:
 464 0000 6C6F6E67 		.ascii	"long long int\000"
 464      206C6F6E 
 464      6720696E 
 464      7400
 465              	.LASF24:
 466 000e 433A5C55 		.ascii	"C:\\Users\\Proyectos_Hardware\\Dropbox\\Proyecto Mu"
 466      73657273 
 466      5C50726F 
 466      79656374 
 466      6F735F48 
 467 003d 78204164 		.ascii	"x Advance\\Mux_Advance Encore V2_01\\MuxAdvance.cyd"
 467      76616E63 
 467      655C4D75 
 467      785F4164 
 467      76616E63 
 468 006e 736E00   		.ascii	"sn\000"
 469              	.LASF21:
 470 0071 5072696E 		.ascii	"Print_Bill_rxBufferOverflow\000"
 470      745F4269 
 470      6C6C5F72 
 470      78427566 
 470      6665724F 
 471              	.LASF8:
 472 008d 756E7369 		.ascii	"unsigned int\000"
 472      676E6564 
 472      20696E74 
 472      00
 473              	.LASF16:
 474 009a 696E6372 		.ascii	"increment_pointer\000"
 474      656D656E 
 474      745F706F 
 474      696E7465 
 474      7200
 475              	.LASF12:
 476 00ac 75696E74 		.ascii	"uint8\000"
 476      3800
 477              	.LASF5:
 478 00b2 6C6F6E67 		.ascii	"long unsigned int\000"
 478      20756E73 
 478      69676E65 
 478      6420696E 
 478      7400
 479              	.LASF7:
 480 00c4 6C6F6E67 		.ascii	"long long unsigned int\000"
ARM GAS  C:\Users\PROYEC~1\AppData\Local\Temp\cc5TjmEE.s 			page 13


 480      206C6F6E 
 480      6720756E 
 480      7369676E 
 480      65642069 
 481              	.LASF9:
 482 00db 666C6F61 		.ascii	"float\000"
 482      7400
 483              	.LASF23:
 484 00e1 2E5C4765 		.ascii	".\\Generated_Source\\PSoC5\\Print_Bill_INT.c\000"
 484      6E657261 
 484      7465645F 
 484      536F7572 
 484      63655C50 
 485              	.LASF19:
 486 010b 5072696E 		.ascii	"Print_Bill_rxBufferWrite\000"
 486      745F4269 
 486      6C6C5F72 
 486      78427566 
 486      66657257 
 487              	.LASF1:
 488 0124 756E7369 		.ascii	"unsigned char\000"
 488      676E6564 
 488      20636861 
 488      7200
 489              	.LASF11:
 490 0132 63686172 		.ascii	"char\000"
 490      00
 491              	.LASF4:
 492 0137 6C6F6E67 		.ascii	"long int\000"
 492      20696E74 
 492      00
 493              	.LASF22:
 494 0140 474E5520 		.ascii	"GNU C 4.9.3 20150303 (release) [ARM/embedded-4_9-br"
 494      4320342E 
 494      392E3320 
 494      32303135 
 494      30333033 
 495 0173 616E6368 		.ascii	"anch revision 221220] -mcpu=cortex-m3 -mthumb -g -O"
 495      20726576 
 495      6973696F 
 495      6E203232 
 495      31323230 
 496 01a6 30202D66 		.ascii	"0 -ffunction-sections -ffat-lto-objects\000"
 496      66756E63 
 496      74696F6E 
 496      2D736563 
 496      74696F6E 
 497              	.LASF10:
 498 01ce 646F7562 		.ascii	"double\000"
 498      6C6500
 499              	.LASF20:
 500 01d5 5072696E 		.ascii	"Print_Bill_rxBufferLoopDetect\000"
 500      745F4269 
 500      6C6C5F72 
 500      78427566 
 500      6665724C 
 501              	.LASF3:
ARM GAS  C:\Users\PROYEC~1\AppData\Local\Temp\cc5TjmEE.s 			page 14


 502 01f3 73686F72 		.ascii	"short unsigned int\000"
 502      7420756E 
 502      7369676E 
 502      65642069 
 502      6E7400
 503              	.LASF0:
 504 0206 7369676E 		.ascii	"signed char\000"
 504      65642063 
 504      68617200 
 505              	.LASF18:
 506 0212 5072696E 		.ascii	"Print_Bill_rxBufferRead\000"
 506      745F4269 
 506      6C6C5F72 
 506      78427566 
 506      66657252 
 507              	.LASF14:
 508 022a 73697A65 		.ascii	"sizetype\000"
 508      74797065 
 508      00
 509              	.LASF2:
 510 0233 73686F72 		.ascii	"short int\000"
 510      7420696E 
 510      7400
 511              	.LASF13:
 512 023d 72656738 		.ascii	"reg8\000"
 512      00
 513              	.LASF17:
 514 0242 5072696E 		.ascii	"Print_Bill_rxBuffer\000"
 514      745F4269 
 514      6C6C5F72 
 514      78427566 
 514      66657200 
 515              	.LASF15:
 516 0256 72656164 		.ascii	"readData\000"
 516      44617461 
 516      00
 517              	.LASF25:
 518 025f 5072696E 		.ascii	"Print_Bill_RXISR\000"
 518      745F4269 
 518      6C6C5F52 
 518      58495352 
 518      00
 519              		.ident	"GCC: (GNU Tools for ARM Embedded Processors) 4.9.3 20150303 (release) [ARM/embedded-4_9-br
