ARM GAS  C:\Users\PROYEC~1\AppData\Local\Temp\ccfg77xd.s 			page 1


   1              		.syntax unified
   2              		.cpu cortex-m3
   3              		.fpu softvfp
   4              		.eabi_attribute 20, 1
   5              		.eabi_attribute 21, 1
   6              		.eabi_attribute 23, 3
   7              		.eabi_attribute 24, 1
   8              		.eabi_attribute 25, 1
   9              		.eabi_attribute 26, 1
  10              		.eabi_attribute 30, 6
  11              		.eabi_attribute 34, 1
  12              		.eabi_attribute 18, 4
  13              		.thumb
  14              		.file	"Pump_INT.c"
  15              		.text
  16              	.Ltext0:
  17              		.cfi_sections	.debug_frame
  18              		.section	.text.Pump_RXISR,"ax",%progbits
  19              		.align	2
  20              		.global	Pump_RXISR
  21              		.thumb
  22              		.thumb_func
  23              		.type	Pump_RXISR, %function
  24              	Pump_RXISR:
  25              	.LFB0:
  26              		.file 1 ".\\Generated_Source\\PSoC5\\Pump_INT.c"
   1:.\Generated_Source\PSoC5/Pump_INT.c **** /*******************************************************************************
   2:.\Generated_Source\PSoC5/Pump_INT.c **** * File Name: Pump_INT.c
   3:.\Generated_Source\PSoC5/Pump_INT.c **** * Version 2.30
   4:.\Generated_Source\PSoC5/Pump_INT.c **** *
   5:.\Generated_Source\PSoC5/Pump_INT.c **** * Description:
   6:.\Generated_Source\PSoC5/Pump_INT.c **** *  This file provides all Interrupt Service functionality of the UART component
   7:.\Generated_Source\PSoC5/Pump_INT.c **** *
   8:.\Generated_Source\PSoC5/Pump_INT.c **** * Note:
   9:.\Generated_Source\PSoC5/Pump_INT.c **** *  Any unusual or non-standard behavior should be noted here. Other-
  10:.\Generated_Source\PSoC5/Pump_INT.c **** *  wise, this section should remain blank.
  11:.\Generated_Source\PSoC5/Pump_INT.c **** *
  12:.\Generated_Source\PSoC5/Pump_INT.c **** ********************************************************************************
  13:.\Generated_Source\PSoC5/Pump_INT.c **** * Copyright 2008-2012, Cypress Semiconductor Corporation.  All rights reserved.
  14:.\Generated_Source\PSoC5/Pump_INT.c **** * You may use this file only in accordance with the license, terms, conditions,
  15:.\Generated_Source\PSoC5/Pump_INT.c **** * disclaimers, and limitations in the end user license agreement accompanying
  16:.\Generated_Source\PSoC5/Pump_INT.c **** * the software package with which this file was provided.
  17:.\Generated_Source\PSoC5/Pump_INT.c **** *******************************************************************************/
  18:.\Generated_Source\PSoC5/Pump_INT.c **** 
  19:.\Generated_Source\PSoC5/Pump_INT.c **** #include "Pump.h"
  20:.\Generated_Source\PSoC5/Pump_INT.c **** #include "CyLib.h"
  21:.\Generated_Source\PSoC5/Pump_INT.c **** 
  22:.\Generated_Source\PSoC5/Pump_INT.c **** 
  23:.\Generated_Source\PSoC5/Pump_INT.c **** /***************************************
  24:.\Generated_Source\PSoC5/Pump_INT.c **** * Custom Declratations
  25:.\Generated_Source\PSoC5/Pump_INT.c **** ***************************************/
  26:.\Generated_Source\PSoC5/Pump_INT.c **** /* `#START CUSTOM_DECLARATIONS` Place your declaration here */
  27:.\Generated_Source\PSoC5/Pump_INT.c **** 
  28:.\Generated_Source\PSoC5/Pump_INT.c **** /* `#END` */
  29:.\Generated_Source\PSoC5/Pump_INT.c **** 
  30:.\Generated_Source\PSoC5/Pump_INT.c **** #if( (Pump_RX_ENABLED || Pump_HD_ENABLED) && \
  31:.\Generated_Source\PSoC5/Pump_INT.c ****      (Pump_RXBUFFERSIZE > Pump_FIFO_LENGTH))
ARM GAS  C:\Users\PROYEC~1\AppData\Local\Temp\ccfg77xd.s 			page 2


  32:.\Generated_Source\PSoC5/Pump_INT.c **** 
  33:.\Generated_Source\PSoC5/Pump_INT.c **** 
  34:.\Generated_Source\PSoC5/Pump_INT.c ****     /*******************************************************************************
  35:.\Generated_Source\PSoC5/Pump_INT.c ****     * Function Name: Pump_RXISR
  36:.\Generated_Source\PSoC5/Pump_INT.c ****     ********************************************************************************
  37:.\Generated_Source\PSoC5/Pump_INT.c ****     *
  38:.\Generated_Source\PSoC5/Pump_INT.c ****     * Summary:
  39:.\Generated_Source\PSoC5/Pump_INT.c ****     *  Interrupt Service Routine for RX portion of the UART
  40:.\Generated_Source\PSoC5/Pump_INT.c ****     *
  41:.\Generated_Source\PSoC5/Pump_INT.c ****     * Parameters:
  42:.\Generated_Source\PSoC5/Pump_INT.c ****     *  None.
  43:.\Generated_Source\PSoC5/Pump_INT.c ****     *
  44:.\Generated_Source\PSoC5/Pump_INT.c ****     * Return:
  45:.\Generated_Source\PSoC5/Pump_INT.c ****     *  None.
  46:.\Generated_Source\PSoC5/Pump_INT.c ****     *
  47:.\Generated_Source\PSoC5/Pump_INT.c ****     * Global Variables:
  48:.\Generated_Source\PSoC5/Pump_INT.c ****     *  Pump_rxBuffer - RAM buffer pointer for save received data.
  49:.\Generated_Source\PSoC5/Pump_INT.c ****     *  Pump_rxBufferWrite - cyclic index for write to rxBuffer,
  50:.\Generated_Source\PSoC5/Pump_INT.c ****     *     increments after each byte saved to buffer.
  51:.\Generated_Source\PSoC5/Pump_INT.c ****     *  Pump_rxBufferRead - cyclic index for read from rxBuffer,
  52:.\Generated_Source\PSoC5/Pump_INT.c ****     *     checked to detect overflow condition.
  53:.\Generated_Source\PSoC5/Pump_INT.c ****     *  Pump_rxBufferOverflow - software overflow flag. Set to one
  54:.\Generated_Source\PSoC5/Pump_INT.c ****     *     when Pump_rxBufferWrite index overtakes
  55:.\Generated_Source\PSoC5/Pump_INT.c ****     *     Pump_rxBufferRead index.
  56:.\Generated_Source\PSoC5/Pump_INT.c ****     *  Pump_rxBufferLoopDetect - additional variable to detect overflow.
  57:.\Generated_Source\PSoC5/Pump_INT.c ****     *     Set to one when Pump_rxBufferWrite is equal to
  58:.\Generated_Source\PSoC5/Pump_INT.c ****     *    Pump_rxBufferRead
  59:.\Generated_Source\PSoC5/Pump_INT.c ****     *  Pump_rxAddressMode - this variable contains the Address mode,
  60:.\Generated_Source\PSoC5/Pump_INT.c ****     *     selected in customizer or set by UART_SetRxAddressMode() API.
  61:.\Generated_Source\PSoC5/Pump_INT.c ****     *  Pump_rxAddressDetected - set to 1 when correct address received,
  62:.\Generated_Source\PSoC5/Pump_INT.c ****     *     and analysed to store following addressed data bytes to the buffer.
  63:.\Generated_Source\PSoC5/Pump_INT.c ****     *     When not correct address received, set to 0 to skip following data bytes.
  64:.\Generated_Source\PSoC5/Pump_INT.c ****     *
  65:.\Generated_Source\PSoC5/Pump_INT.c ****     *******************************************************************************/
  66:.\Generated_Source\PSoC5/Pump_INT.c ****     CY_ISR(Pump_RXISR)
  67:.\Generated_Source\PSoC5/Pump_INT.c ****     {
  27              		.loc 1 67 0
  28              		.cfi_startproc
  29              		@ args = 0, pretend = 0, frame = 8
  30              		@ frame_needed = 1, uses_anonymous_args = 0
  31              		@ link register save eliminated.
  32 0000 80B4     		push	{r7}
  33              		.cfi_def_cfa_offset 4
  34              		.cfi_offset 7, -4
  35 0002 83B0     		sub	sp, sp, #12
  36              		.cfi_def_cfa_offset 16
  37 0004 00AF     		add	r7, sp, #0
  38              		.cfi_def_cfa_register 7
  68:.\Generated_Source\PSoC5/Pump_INT.c ****         uint8 readData;
  69:.\Generated_Source\PSoC5/Pump_INT.c ****         uint8 increment_pointer = 0u;
  39              		.loc 1 69 0
  40 0006 0023     		movs	r3, #0
  41 0008 BB71     		strb	r3, [r7, #6]
  70:.\Generated_Source\PSoC5/Pump_INT.c ****         #if(CY_PSOC3)
  71:.\Generated_Source\PSoC5/Pump_INT.c ****             uint8 int_en;
  72:.\Generated_Source\PSoC5/Pump_INT.c ****         #endif /* CY_PSOC3 */
  73:.\Generated_Source\PSoC5/Pump_INT.c **** 
ARM GAS  C:\Users\PROYEC~1\AppData\Local\Temp\ccfg77xd.s 			page 3


  74:.\Generated_Source\PSoC5/Pump_INT.c ****         /* User code required at start of ISR */
  75:.\Generated_Source\PSoC5/Pump_INT.c ****         /* `#START Pump_RXISR_START` */
  76:.\Generated_Source\PSoC5/Pump_INT.c **** 
  77:.\Generated_Source\PSoC5/Pump_INT.c ****         /* `#END` */
  78:.\Generated_Source\PSoC5/Pump_INT.c **** 
  79:.\Generated_Source\PSoC5/Pump_INT.c ****         #if(CY_PSOC3)   /* Make sure nested interrupt is enabled */
  80:.\Generated_Source\PSoC5/Pump_INT.c ****             int_en = EA;
  81:.\Generated_Source\PSoC5/Pump_INT.c ****             CyGlobalIntEnable;
  82:.\Generated_Source\PSoC5/Pump_INT.c ****         #endif /* CY_PSOC3 */
  83:.\Generated_Source\PSoC5/Pump_INT.c **** 
  84:.\Generated_Source\PSoC5/Pump_INT.c ****         readData = Pump_RXSTATUS_REG;
  42              		.loc 1 84 0
  43 000a 204B     		ldr	r3, .L7
  44 000c 1B78     		ldrb	r3, [r3]
  45 000e FB71     		strb	r3, [r7, #7]
  85:.\Generated_Source\PSoC5/Pump_INT.c **** 
  86:.\Generated_Source\PSoC5/Pump_INT.c ****         if((readData & (Pump_RX_STS_BREAK | Pump_RX_STS_PAR_ERROR |
  87:.\Generated_Source\PSoC5/Pump_INT.c ****                         Pump_RX_STS_STOP_ERROR | Pump_RX_STS_OVERRUN)) != 0u)
  88:.\Generated_Source\PSoC5/Pump_INT.c ****         {
  89:.\Generated_Source\PSoC5/Pump_INT.c ****             /* ERROR handling. */
  90:.\Generated_Source\PSoC5/Pump_INT.c ****             /* `#START Pump_RXISR_ERROR` */
  91:.\Generated_Source\PSoC5/Pump_INT.c **** 
  92:.\Generated_Source\PSoC5/Pump_INT.c ****             /* `#END` */
  93:.\Generated_Source\PSoC5/Pump_INT.c ****         }
  94:.\Generated_Source\PSoC5/Pump_INT.c **** 
  95:.\Generated_Source\PSoC5/Pump_INT.c ****         while((readData & Pump_RX_STS_FIFO_NOTEMPTY) != 0u)
  46              		.loc 1 95 0
  47 0010 32E0     		b	.L2
  48              	.L6:
  96:.\Generated_Source\PSoC5/Pump_INT.c ****         {
  97:.\Generated_Source\PSoC5/Pump_INT.c **** 
  98:.\Generated_Source\PSoC5/Pump_INT.c ****             #if (Pump_RXHW_ADDRESS_ENABLED)
  99:.\Generated_Source\PSoC5/Pump_INT.c ****                 if(Pump_rxAddressMode == (uint8)Pump__B_UART__AM_SW_DETECT_TO_BUFFER)
 100:.\Generated_Source\PSoC5/Pump_INT.c ****                 {
 101:.\Generated_Source\PSoC5/Pump_INT.c ****                     if((readData & Pump_RX_STS_MRKSPC) != 0u)
 102:.\Generated_Source\PSoC5/Pump_INT.c ****                     {
 103:.\Generated_Source\PSoC5/Pump_INT.c ****                         if ((readData & Pump_RX_STS_ADDR_MATCH) != 0u)
 104:.\Generated_Source\PSoC5/Pump_INT.c ****                         {
 105:.\Generated_Source\PSoC5/Pump_INT.c ****                             Pump_rxAddressDetected = 1u;
 106:.\Generated_Source\PSoC5/Pump_INT.c ****                         }
 107:.\Generated_Source\PSoC5/Pump_INT.c ****                         else
 108:.\Generated_Source\PSoC5/Pump_INT.c ****                         {
 109:.\Generated_Source\PSoC5/Pump_INT.c ****                             Pump_rxAddressDetected = 0u;
 110:.\Generated_Source\PSoC5/Pump_INT.c ****                         }
 111:.\Generated_Source\PSoC5/Pump_INT.c ****                     }
 112:.\Generated_Source\PSoC5/Pump_INT.c **** 
 113:.\Generated_Source\PSoC5/Pump_INT.c ****                     readData = Pump_RXDATA_REG;
 114:.\Generated_Source\PSoC5/Pump_INT.c ****                     if(Pump_rxAddressDetected != 0u)
 115:.\Generated_Source\PSoC5/Pump_INT.c ****                     {   /* store only addressed data */
 116:.\Generated_Source\PSoC5/Pump_INT.c ****                         Pump_rxBuffer[Pump_rxBufferWrite] = readData;
 117:.\Generated_Source\PSoC5/Pump_INT.c ****                         increment_pointer = 1u;
 118:.\Generated_Source\PSoC5/Pump_INT.c ****                     }
 119:.\Generated_Source\PSoC5/Pump_INT.c ****                 }
 120:.\Generated_Source\PSoC5/Pump_INT.c ****                 else /* without software addressing */
 121:.\Generated_Source\PSoC5/Pump_INT.c ****                 {
 122:.\Generated_Source\PSoC5/Pump_INT.c ****                     Pump_rxBuffer[Pump_rxBufferWrite] = Pump_RXDATA_REG;
 123:.\Generated_Source\PSoC5/Pump_INT.c ****                     increment_pointer = 1u;
ARM GAS  C:\Users\PROYEC~1\AppData\Local\Temp\ccfg77xd.s 			page 4


 124:.\Generated_Source\PSoC5/Pump_INT.c ****                 }
 125:.\Generated_Source\PSoC5/Pump_INT.c ****             #else  /* without addressing */
 126:.\Generated_Source\PSoC5/Pump_INT.c ****                 Pump_rxBuffer[Pump_rxBufferWrite] = Pump_RXDATA_REG;
  49              		.loc 1 126 0
  50 0012 1F4B     		ldr	r3, .L7+4
  51 0014 1B88     		ldrh	r3, [r3]	@ movhi
  52 0016 9BB2     		uxth	r3, r3
  53 0018 1A46     		mov	r2, r3
  54 001a 1E4B     		ldr	r3, .L7+8
  55 001c 1B78     		ldrb	r3, [r3]
  56 001e D9B2     		uxtb	r1, r3
  57 0020 1D4B     		ldr	r3, .L7+12
  58 0022 9954     		strb	r1, [r3, r2]
 127:.\Generated_Source\PSoC5/Pump_INT.c ****                 increment_pointer = 1u;
  59              		.loc 1 127 0
  60 0024 0123     		movs	r3, #1
  61 0026 BB71     		strb	r3, [r7, #6]
 128:.\Generated_Source\PSoC5/Pump_INT.c ****             #endif /* End SW_DETECT_TO_BUFFER */
 129:.\Generated_Source\PSoC5/Pump_INT.c **** 
 130:.\Generated_Source\PSoC5/Pump_INT.c ****             /* do not increment buffer pointer when skip not adderessed data */
 131:.\Generated_Source\PSoC5/Pump_INT.c ****             if( increment_pointer != 0u )
  62              		.loc 1 131 0
  63 0028 BB79     		ldrb	r3, [r7, #6]	@ zero_extendqisi2
  64 002a 002B     		cmp	r3, #0
  65 002c 21D0     		beq	.L3
 132:.\Generated_Source\PSoC5/Pump_INT.c ****             {
 133:.\Generated_Source\PSoC5/Pump_INT.c ****                 if(Pump_rxBufferLoopDetect != 0u)
  66              		.loc 1 133 0
  67 002e 1B4B     		ldr	r3, .L7+16
  68 0030 1B78     		ldrb	r3, [r3]
  69 0032 DBB2     		uxtb	r3, r3
  70 0034 002B     		cmp	r3, #0
  71 0036 02D0     		beq	.L4
 134:.\Generated_Source\PSoC5/Pump_INT.c ****                 {   /* Set Software Buffer status Overflow */
 135:.\Generated_Source\PSoC5/Pump_INT.c ****                     Pump_rxBufferOverflow = 1u;
  72              		.loc 1 135 0
  73 0038 194B     		ldr	r3, .L7+20
  74 003a 0122     		movs	r2, #1
  75 003c 1A70     		strb	r2, [r3]
  76              	.L4:
 136:.\Generated_Source\PSoC5/Pump_INT.c ****                 }
 137:.\Generated_Source\PSoC5/Pump_INT.c ****                 /* Set next pointer. */
 138:.\Generated_Source\PSoC5/Pump_INT.c ****                 Pump_rxBufferWrite++;
  77              		.loc 1 138 0
  78 003e 144B     		ldr	r3, .L7+4
  79 0040 1B88     		ldrh	r3, [r3]	@ movhi
  80 0042 9BB2     		uxth	r3, r3
  81 0044 0133     		adds	r3, r3, #1
  82 0046 9AB2     		uxth	r2, r3
  83 0048 114B     		ldr	r3, .L7+4
  84 004a 1A80     		strh	r2, [r3]	@ movhi
 139:.\Generated_Source\PSoC5/Pump_INT.c **** 
 140:.\Generated_Source\PSoC5/Pump_INT.c ****                 /* Check pointer for a loop condition */
 141:.\Generated_Source\PSoC5/Pump_INT.c ****                 if(Pump_rxBufferWrite >= Pump_RXBUFFERSIZE)
  85              		.loc 1 141 0
  86 004c 104B     		ldr	r3, .L7+4
  87 004e 1B88     		ldrh	r3, [r3]	@ movhi
ARM GAS  C:\Users\PROYEC~1\AppData\Local\Temp\ccfg77xd.s 			page 5


  88 0050 9BB2     		uxth	r3, r3
  89 0052 FF2B     		cmp	r3, #255
  90 0054 02D9     		bls	.L5
 142:.\Generated_Source\PSoC5/Pump_INT.c ****                 {
 143:.\Generated_Source\PSoC5/Pump_INT.c ****                     Pump_rxBufferWrite = 0u;
  91              		.loc 1 143 0
  92 0056 0E4B     		ldr	r3, .L7+4
  93 0058 0022     		movs	r2, #0
  94 005a 1A80     		strh	r2, [r3]	@ movhi
  95              	.L5:
 144:.\Generated_Source\PSoC5/Pump_INT.c ****                 }
 145:.\Generated_Source\PSoC5/Pump_INT.c ****                 /* Detect pre-overload condition and set flag */
 146:.\Generated_Source\PSoC5/Pump_INT.c ****                 if(Pump_rxBufferWrite == Pump_rxBufferRead)
  96              		.loc 1 146 0
  97 005c 0C4B     		ldr	r3, .L7+4
  98 005e 1B88     		ldrh	r3, [r3]	@ movhi
  99 0060 9AB2     		uxth	r2, r3
 100 0062 104B     		ldr	r3, .L7+24
 101 0064 1B88     		ldrh	r3, [r3]	@ movhi
 102 0066 9BB2     		uxth	r3, r3
 103 0068 9A42     		cmp	r2, r3
 104 006a 02D1     		bne	.L3
 147:.\Generated_Source\PSoC5/Pump_INT.c ****                 {
 148:.\Generated_Source\PSoC5/Pump_INT.c ****                     Pump_rxBufferLoopDetect = 1u;
 105              		.loc 1 148 0
 106 006c 0B4B     		ldr	r3, .L7+16
 107 006e 0122     		movs	r2, #1
 108 0070 1A70     		strb	r2, [r3]
 109              	.L3:
 149:.\Generated_Source\PSoC5/Pump_INT.c ****                     /* When Hardware Flow Control selected */
 150:.\Generated_Source\PSoC5/Pump_INT.c ****                     #if(Pump_FLOW_CONTROL != 0u)
 151:.\Generated_Source\PSoC5/Pump_INT.c ****                     /* Disable RX interrupt mask, it will be enabled when user read data from the b
 152:.\Generated_Source\PSoC5/Pump_INT.c ****                         Pump_RXSTATUS_MASK_REG  &= (uint8)~Pump_RX_STS_FIFO_NOTEMPTY;
 153:.\Generated_Source\PSoC5/Pump_INT.c ****                         CyIntClearPending(Pump_RX_VECT_NUM);
 154:.\Generated_Source\PSoC5/Pump_INT.c ****                         break; /* Break the reading of the FIFO loop, leave the data there for gene
 155:.\Generated_Source\PSoC5/Pump_INT.c ****                     #endif /* End Pump_FLOW_CONTROL != 0 */
 156:.\Generated_Source\PSoC5/Pump_INT.c ****                 }
 157:.\Generated_Source\PSoC5/Pump_INT.c ****             }
 158:.\Generated_Source\PSoC5/Pump_INT.c **** 
 159:.\Generated_Source\PSoC5/Pump_INT.c ****             /* Check again if there is data. */
 160:.\Generated_Source\PSoC5/Pump_INT.c ****             readData = Pump_RXSTATUS_REG;
 110              		.loc 1 160 0
 111 0072 064B     		ldr	r3, .L7
 112 0074 1B78     		ldrb	r3, [r3]
 113 0076 FB71     		strb	r3, [r7, #7]
 114              	.L2:
  95:.\Generated_Source\PSoC5/Pump_INT.c ****         {
 115              		.loc 1 95 0
 116 0078 FB79     		ldrb	r3, [r7, #7]	@ zero_extendqisi2
 117 007a 03F02003 		and	r3, r3, #32
 118 007e 002B     		cmp	r3, #0
 119 0080 C7D1     		bne	.L6
 161:.\Generated_Source\PSoC5/Pump_INT.c ****         }
 162:.\Generated_Source\PSoC5/Pump_INT.c **** 
 163:.\Generated_Source\PSoC5/Pump_INT.c ****         /* User code required at end of ISR (Optional) */
 164:.\Generated_Source\PSoC5/Pump_INT.c ****         /* `#START Pump_RXISR_END` */
 165:.\Generated_Source\PSoC5/Pump_INT.c **** 
ARM GAS  C:\Users\PROYEC~1\AppData\Local\Temp\ccfg77xd.s 			page 6


 166:.\Generated_Source\PSoC5/Pump_INT.c ****         /* `#END` */
 167:.\Generated_Source\PSoC5/Pump_INT.c **** 
 168:.\Generated_Source\PSoC5/Pump_INT.c ****         #if(CY_PSOC3)
 169:.\Generated_Source\PSoC5/Pump_INT.c ****             EA = int_en;
 170:.\Generated_Source\PSoC5/Pump_INT.c ****         #endif /* CY_PSOC3 */
 171:.\Generated_Source\PSoC5/Pump_INT.c **** 
 172:.\Generated_Source\PSoC5/Pump_INT.c ****     }
 120              		.loc 1 172 0
 121 0082 0C37     		adds	r7, r7, #12
 122              		.cfi_def_cfa_offset 4
 123 0084 BD46     		mov	sp, r7
 124              		.cfi_def_cfa_register 13
 125              		@ sp needed
 126 0086 5DF8047B 		ldr	r7, [sp], #4
 127              		.cfi_restore 7
 128              		.cfi_def_cfa_offset 0
 129 008a 7047     		bx	lr
 130              	.L8:
 131              		.align	2
 132              	.L7:
 133 008c 6B640040 		.word	1073767531
 134 0090 00000000 		.word	Pump_rxBufferWrite
 135 0094 4B640040 		.word	1073767499
 136 0098 00000000 		.word	Pump_rxBuffer
 137 009c 00000000 		.word	Pump_rxBufferLoopDetect
 138 00a0 00000000 		.word	Pump_rxBufferOverflow
 139 00a4 00000000 		.word	Pump_rxBufferRead
 140              		.cfi_endproc
 141              	.LFE0:
 142              		.size	Pump_RXISR, .-Pump_RXISR
 143              		.text
 144              	.Letext0:
 145              		.file 2 ".\\Generated_Source\\PSoC5\\cytypes.h"
 146              		.file 3 ".\\Generated_Source\\PSoC5\\Pump.h"
 147              		.section	.debug_info,"",%progbits
 148              	.Ldebug_info0:
 149 0000 33010000 		.4byte	0x133
 150 0004 0400     		.2byte	0x4
 151 0006 00000000 		.4byte	.Ldebug_abbrev0
 152 000a 04       		.byte	0x4
 153 000b 01       		.uleb128 0x1
 154 000c DA000000 		.4byte	.LASF23
 155 0010 01       		.byte	0x1
 156 0011 3F000000 		.4byte	.LASF24
 157 0015 6F010000 		.4byte	.LASF25
 158 0019 00000000 		.4byte	.Ldebug_ranges0+0
 159 001d 00000000 		.4byte	0
 160 0021 00000000 		.4byte	.Ldebug_line0
 161 0025 02       		.uleb128 0x2
 162 0026 01       		.byte	0x1
 163 0027 06       		.byte	0x6
 164 0028 F2010000 		.4byte	.LASF0
 165 002c 02       		.uleb128 0x2
 166 002d 01       		.byte	0x1
 167 002e 08       		.byte	0x8
 168 002f BE000000 		.4byte	.LASF1
 169 0033 02       		.uleb128 0x2
ARM GAS  C:\Users\PROYEC~1\AppData\Local\Temp\ccfg77xd.s 			page 7


 170 0034 02       		.byte	0x2
 171 0035 05       		.byte	0x5
 172 0036 1C020000 		.4byte	.LASF2
 173 003a 02       		.uleb128 0x2
 174 003b 02       		.byte	0x2
 175 003c 07       		.byte	0x7
 176 003d DF010000 		.4byte	.LASF3
 177 0041 02       		.uleb128 0x2
 178 0042 04       		.byte	0x4
 179 0043 05       		.byte	0x5
 180 0044 D1000000 		.4byte	.LASF4
 181 0048 02       		.uleb128 0x2
 182 0049 04       		.byte	0x4
 183 004a 07       		.byte	0x7
 184 004b 79000000 		.4byte	.LASF5
 185 004f 02       		.uleb128 0x2
 186 0050 08       		.byte	0x8
 187 0051 05       		.byte	0x5
 188 0052 00000000 		.4byte	.LASF6
 189 0056 02       		.uleb128 0x2
 190 0057 08       		.byte	0x8
 191 0058 07       		.byte	0x7
 192 0059 8B000000 		.4byte	.LASF7
 193 005d 03       		.uleb128 0x3
 194 005e 04       		.byte	0x4
 195 005f 05       		.byte	0x5
 196 0060 696E7400 		.ascii	"int\000"
 197 0064 02       		.uleb128 0x2
 198 0065 04       		.byte	0x4
 199 0066 07       		.byte	0x7
 200 0067 20000000 		.4byte	.LASF8
 201 006b 04       		.uleb128 0x4
 202 006c 73000000 		.4byte	.LASF9
 203 0070 02       		.byte	0x2
 204 0071 A1       		.byte	0xa1
 205 0072 2C000000 		.4byte	0x2c
 206 0076 04       		.uleb128 0x4
 207 0077 26020000 		.4byte	.LASF10
 208 007b 02       		.byte	0x2
 209 007c A2       		.byte	0xa2
 210 007d 3A000000 		.4byte	0x3a
 211 0081 02       		.uleb128 0x2
 212 0082 04       		.byte	0x4
 213 0083 04       		.byte	0x4
 214 0084 FE010000 		.4byte	.LASF11
 215 0088 02       		.uleb128 0x2
 216 0089 08       		.byte	0x8
 217 008a 04       		.byte	0x4
 218 008b 68010000 		.4byte	.LASF12
 219 008f 02       		.uleb128 0x2
 220 0090 01       		.byte	0x1
 221 0091 08       		.byte	0x8
 222 0092 CC000000 		.4byte	.LASF13
 223 0096 05       		.uleb128 0x5
 224 0097 6E000000 		.4byte	.LASF14
 225 009b 02       		.byte	0x2
 226 009c 4B01     		.2byte	0x14b
ARM GAS  C:\Users\PROYEC~1\AppData\Local\Temp\ccfg77xd.s 			page 8


 227 009e A2000000 		.4byte	0xa2
 228 00a2 06       		.uleb128 0x6
 229 00a3 6B000000 		.4byte	0x6b
 230 00a7 06       		.uleb128 0x6
 231 00a8 76000000 		.4byte	0x76
 232 00ac 02       		.uleb128 0x2
 233 00ad 04       		.byte	0x4
 234 00ae 07       		.byte	0x7
 235 00af 43020000 		.4byte	.LASF15
 236 00b3 07       		.uleb128 0x7
 237 00b4 63000000 		.4byte	.LASF26
 238 00b8 01       		.byte	0x1
 239 00b9 42       		.byte	0x42
 240 00ba 00000000 		.4byte	.LFB0
 241 00be A8000000 		.4byte	.LFE0-.LFB0
 242 00c2 01       		.uleb128 0x1
 243 00c3 9C       		.byte	0x9c
 244 00c4 E5000000 		.4byte	0xe5
 245 00c8 08       		.uleb128 0x8
 246 00c9 A2000000 		.4byte	.LASF16
 247 00cd 01       		.byte	0x1
 248 00ce 44       		.byte	0x44
 249 00cf 6B000000 		.4byte	0x6b
 250 00d3 02       		.uleb128 0x2
 251 00d4 91       		.byte	0x91
 252 00d5 77       		.sleb128 -9
 253 00d6 08       		.uleb128 0x8
 254 00d7 2D000000 		.4byte	.LASF17
 255 00db 01       		.byte	0x1
 256 00dc 45       		.byte	0x45
 257 00dd 6B000000 		.4byte	0x6b
 258 00e1 02       		.uleb128 0x2
 259 00e2 91       		.byte	0x91
 260 00e3 76       		.sleb128 -10
 261 00e4 00       		.byte	0
 262 00e5 09       		.uleb128 0x9
 263 00e6 6B000000 		.4byte	0x6b
 264 00ea F5000000 		.4byte	0xf5
 265 00ee 0A       		.uleb128 0xa
 266 00ef AC000000 		.4byte	0xac
 267 00f3 FF       		.byte	0xff
 268 00f4 00       		.byte	0
 269 00f5 0B       		.uleb128 0xb
 270 00f6 D1010000 		.4byte	.LASF18
 271 00fa 03       		.byte	0x3
 272 00fb 5201     		.2byte	0x152
 273 00fd 01010000 		.4byte	0x101
 274 0101 06       		.uleb128 0x6
 275 0102 E5000000 		.4byte	0xe5
 276 0106 0B       		.uleb128 0xb
 277 0107 0E000000 		.4byte	.LASF19
 278 010b 03       		.byte	0x3
 279 010c 5301     		.2byte	0x153
 280 010e A7000000 		.4byte	0xa7
 281 0112 0B       		.uleb128 0xb
 282 0113 AB000000 		.4byte	.LASF20
 283 0117 03       		.byte	0x3
ARM GAS  C:\Users\PROYEC~1\AppData\Local\Temp\ccfg77xd.s 			page 9


 284 0118 5401     		.2byte	0x154
 285 011a A7000000 		.4byte	0xa7
 286 011e 0B       		.uleb128 0xb
 287 011f 04020000 		.4byte	.LASF21
 288 0123 03       		.byte	0x3
 289 0124 5501     		.2byte	0x155
 290 0126 A2000000 		.4byte	0xa2
 291 012a 0B       		.uleb128 0xb
 292 012b 2D020000 		.4byte	.LASF22
 293 012f 03       		.byte	0x3
 294 0130 5601     		.2byte	0x156
 295 0132 A2000000 		.4byte	0xa2
 296 0136 00       		.byte	0
 297              		.section	.debug_abbrev,"",%progbits
 298              	.Ldebug_abbrev0:
 299 0000 01       		.uleb128 0x1
 300 0001 11       		.uleb128 0x11
 301 0002 01       		.byte	0x1
 302 0003 25       		.uleb128 0x25
 303 0004 0E       		.uleb128 0xe
 304 0005 13       		.uleb128 0x13
 305 0006 0B       		.uleb128 0xb
 306 0007 03       		.uleb128 0x3
 307 0008 0E       		.uleb128 0xe
 308 0009 1B       		.uleb128 0x1b
 309 000a 0E       		.uleb128 0xe
 310 000b 55       		.uleb128 0x55
 311 000c 17       		.uleb128 0x17
 312 000d 11       		.uleb128 0x11
 313 000e 01       		.uleb128 0x1
 314 000f 10       		.uleb128 0x10
 315 0010 17       		.uleb128 0x17
 316 0011 00       		.byte	0
 317 0012 00       		.byte	0
 318 0013 02       		.uleb128 0x2
 319 0014 24       		.uleb128 0x24
 320 0015 00       		.byte	0
 321 0016 0B       		.uleb128 0xb
 322 0017 0B       		.uleb128 0xb
 323 0018 3E       		.uleb128 0x3e
 324 0019 0B       		.uleb128 0xb
 325 001a 03       		.uleb128 0x3
 326 001b 0E       		.uleb128 0xe
 327 001c 00       		.byte	0
 328 001d 00       		.byte	0
 329 001e 03       		.uleb128 0x3
 330 001f 24       		.uleb128 0x24
 331 0020 00       		.byte	0
 332 0021 0B       		.uleb128 0xb
 333 0022 0B       		.uleb128 0xb
 334 0023 3E       		.uleb128 0x3e
 335 0024 0B       		.uleb128 0xb
 336 0025 03       		.uleb128 0x3
 337 0026 08       		.uleb128 0x8
 338 0027 00       		.byte	0
 339 0028 00       		.byte	0
 340 0029 04       		.uleb128 0x4
ARM GAS  C:\Users\PROYEC~1\AppData\Local\Temp\ccfg77xd.s 			page 10


 341 002a 16       		.uleb128 0x16
 342 002b 00       		.byte	0
 343 002c 03       		.uleb128 0x3
 344 002d 0E       		.uleb128 0xe
 345 002e 3A       		.uleb128 0x3a
 346 002f 0B       		.uleb128 0xb
 347 0030 3B       		.uleb128 0x3b
 348 0031 0B       		.uleb128 0xb
 349 0032 49       		.uleb128 0x49
 350 0033 13       		.uleb128 0x13
 351 0034 00       		.byte	0
 352 0035 00       		.byte	0
 353 0036 05       		.uleb128 0x5
 354 0037 16       		.uleb128 0x16
 355 0038 00       		.byte	0
 356 0039 03       		.uleb128 0x3
 357 003a 0E       		.uleb128 0xe
 358 003b 3A       		.uleb128 0x3a
 359 003c 0B       		.uleb128 0xb
 360 003d 3B       		.uleb128 0x3b
 361 003e 05       		.uleb128 0x5
 362 003f 49       		.uleb128 0x49
 363 0040 13       		.uleb128 0x13
 364 0041 00       		.byte	0
 365 0042 00       		.byte	0
 366 0043 06       		.uleb128 0x6
 367 0044 35       		.uleb128 0x35
 368 0045 00       		.byte	0
 369 0046 49       		.uleb128 0x49
 370 0047 13       		.uleb128 0x13
 371 0048 00       		.byte	0
 372 0049 00       		.byte	0
 373 004a 07       		.uleb128 0x7
 374 004b 2E       		.uleb128 0x2e
 375 004c 01       		.byte	0x1
 376 004d 3F       		.uleb128 0x3f
 377 004e 19       		.uleb128 0x19
 378 004f 03       		.uleb128 0x3
 379 0050 0E       		.uleb128 0xe
 380 0051 3A       		.uleb128 0x3a
 381 0052 0B       		.uleb128 0xb
 382 0053 3B       		.uleb128 0x3b
 383 0054 0B       		.uleb128 0xb
 384 0055 27       		.uleb128 0x27
 385 0056 19       		.uleb128 0x19
 386 0057 11       		.uleb128 0x11
 387 0058 01       		.uleb128 0x1
 388 0059 12       		.uleb128 0x12
 389 005a 06       		.uleb128 0x6
 390 005b 40       		.uleb128 0x40
 391 005c 18       		.uleb128 0x18
 392 005d 9742     		.uleb128 0x2117
 393 005f 19       		.uleb128 0x19
 394 0060 01       		.uleb128 0x1
 395 0061 13       		.uleb128 0x13
 396 0062 00       		.byte	0
 397 0063 00       		.byte	0
ARM GAS  C:\Users\PROYEC~1\AppData\Local\Temp\ccfg77xd.s 			page 11


 398 0064 08       		.uleb128 0x8
 399 0065 34       		.uleb128 0x34
 400 0066 00       		.byte	0
 401 0067 03       		.uleb128 0x3
 402 0068 0E       		.uleb128 0xe
 403 0069 3A       		.uleb128 0x3a
 404 006a 0B       		.uleb128 0xb
 405 006b 3B       		.uleb128 0x3b
 406 006c 0B       		.uleb128 0xb
 407 006d 49       		.uleb128 0x49
 408 006e 13       		.uleb128 0x13
 409 006f 02       		.uleb128 0x2
 410 0070 18       		.uleb128 0x18
 411 0071 00       		.byte	0
 412 0072 00       		.byte	0
 413 0073 09       		.uleb128 0x9
 414 0074 01       		.uleb128 0x1
 415 0075 01       		.byte	0x1
 416 0076 49       		.uleb128 0x49
 417 0077 13       		.uleb128 0x13
 418 0078 01       		.uleb128 0x1
 419 0079 13       		.uleb128 0x13
 420 007a 00       		.byte	0
 421 007b 00       		.byte	0
 422 007c 0A       		.uleb128 0xa
 423 007d 21       		.uleb128 0x21
 424 007e 00       		.byte	0
 425 007f 49       		.uleb128 0x49
 426 0080 13       		.uleb128 0x13
 427 0081 2F       		.uleb128 0x2f
 428 0082 0B       		.uleb128 0xb
 429 0083 00       		.byte	0
 430 0084 00       		.byte	0
 431 0085 0B       		.uleb128 0xb
 432 0086 34       		.uleb128 0x34
 433 0087 00       		.byte	0
 434 0088 03       		.uleb128 0x3
 435 0089 0E       		.uleb128 0xe
 436 008a 3A       		.uleb128 0x3a
 437 008b 0B       		.uleb128 0xb
 438 008c 3B       		.uleb128 0x3b
 439 008d 05       		.uleb128 0x5
 440 008e 49       		.uleb128 0x49
 441 008f 13       		.uleb128 0x13
 442 0090 3F       		.uleb128 0x3f
 443 0091 19       		.uleb128 0x19
 444 0092 3C       		.uleb128 0x3c
 445 0093 19       		.uleb128 0x19
 446 0094 00       		.byte	0
 447 0095 00       		.byte	0
 448 0096 00       		.byte	0
 449              		.section	.debug_aranges,"",%progbits
 450 0000 1C000000 		.4byte	0x1c
 451 0004 0200     		.2byte	0x2
 452 0006 00000000 		.4byte	.Ldebug_info0
 453 000a 04       		.byte	0x4
 454 000b 00       		.byte	0
ARM GAS  C:\Users\PROYEC~1\AppData\Local\Temp\ccfg77xd.s 			page 12


 455 000c 0000     		.2byte	0
 456 000e 0000     		.2byte	0
 457 0010 00000000 		.4byte	.LFB0
 458 0014 A8000000 		.4byte	.LFE0-.LFB0
 459 0018 00000000 		.4byte	0
 460 001c 00000000 		.4byte	0
 461              		.section	.debug_ranges,"",%progbits
 462              	.Ldebug_ranges0:
 463 0000 00000000 		.4byte	.LFB0
 464 0004 A8000000 		.4byte	.LFE0
 465 0008 00000000 		.4byte	0
 466 000c 00000000 		.4byte	0
 467              		.section	.debug_line,"",%progbits
 468              	.Ldebug_line0:
 469 0000 85000000 		.section	.debug_str,"MS",%progbits,1
 469      02005100 
 469      00000201 
 469      FB0E0D00 
 469      01010101 
 470              	.LASF6:
 471 0000 6C6F6E67 		.ascii	"long long int\000"
 471      206C6F6E 
 471      6720696E 
 471      7400
 472              	.LASF19:
 473 000e 50756D70 		.ascii	"Pump_rxBufferRead\000"
 473      5F727842 
 473      75666665 
 473      72526561 
 473      6400
 474              	.LASF8:
 475 0020 756E7369 		.ascii	"unsigned int\000"
 475      676E6564 
 475      20696E74 
 475      00
 476              	.LASF17:
 477 002d 696E6372 		.ascii	"increment_pointer\000"
 477      656D656E 
 477      745F706F 
 477      696E7465 
 477      7200
 478              	.LASF24:
 479 003f 2E5C4765 		.ascii	".\\Generated_Source\\PSoC5\\Pump_INT.c\000"
 479      6E657261 
 479      7465645F 
 479      536F7572 
 479      63655C50 
 480              	.LASF26:
 481 0063 50756D70 		.ascii	"Pump_RXISR\000"
 481      5F525849 
 481      535200
 482              	.LASF14:
 483 006e 72656738 		.ascii	"reg8\000"
 483      00
 484              	.LASF9:
 485 0073 75696E74 		.ascii	"uint8\000"
 485      3800
ARM GAS  C:\Users\PROYEC~1\AppData\Local\Temp\ccfg77xd.s 			page 13


 486              	.LASF5:
 487 0079 6C6F6E67 		.ascii	"long unsigned int\000"
 487      20756E73 
 487      69676E65 
 487      6420696E 
 487      7400
 488              	.LASF7:
 489 008b 6C6F6E67 		.ascii	"long long unsigned int\000"
 489      206C6F6E 
 489      6720756E 
 489      7369676E 
 489      65642069 
 490              	.LASF16:
 491 00a2 72656164 		.ascii	"readData\000"
 491      44617461 
 491      00
 492              	.LASF20:
 493 00ab 50756D70 		.ascii	"Pump_rxBufferWrite\000"
 493      5F727842 
 493      75666665 
 493      72577269 
 493      746500
 494              	.LASF1:
 495 00be 756E7369 		.ascii	"unsigned char\000"
 495      676E6564 
 495      20636861 
 495      7200
 496              	.LASF13:
 497 00cc 63686172 		.ascii	"char\000"
 497      00
 498              	.LASF4:
 499 00d1 6C6F6E67 		.ascii	"long int\000"
 499      20696E74 
 499      00
 500              	.LASF23:
 501 00da 474E5520 		.ascii	"GNU C 4.9.3 20150303 (release) [ARM/embedded-4_9-br"
 501      4320342E 
 501      392E3320 
 501      32303135 
 501      30333033 
 502 010d 616E6368 		.ascii	"anch revision 221220] -mcpu=cortex-m3 -mthumb -g -O"
 502      20726576 
 502      6973696F 
 502      6E203232 
 502      31323230 
 503 0140 30202D66 		.ascii	"0 -ffunction-sections -ffat-lto-objects\000"
 503      66756E63 
 503      74696F6E 
 503      2D736563 
 503      74696F6E 
 504              	.LASF12:
 505 0168 646F7562 		.ascii	"double\000"
 505      6C6500
 506              	.LASF25:
 507 016f 433A5C55 		.ascii	"C:\\Users\\Proyectos_Hardware\\Dropbox\\Proyecto Co"
 507      73657273 
 507      5C50726F 
ARM GAS  C:\Users\PROYEC~1\AppData\Local\Temp\ccfg77xd.s 			page 14


 507      79656374 
 507      6F735F48 
 508 019e 6E74726F 		.ascii	"ntroller\\Mux Advance Encore V1_00\\MuxAdvance.cyds"
 508      6C6C6572 
 508      5C4D7578 
 508      20416476 
 508      616E6365 
 509 01cf 6E00     		.ascii	"n\000"
 510              	.LASF18:
 511 01d1 50756D70 		.ascii	"Pump_rxBuffer\000"
 511      5F727842 
 511      75666665 
 511      7200
 512              	.LASF3:
 513 01df 73686F72 		.ascii	"short unsigned int\000"
 513      7420756E 
 513      7369676E 
 513      65642069 
 513      6E7400
 514              	.LASF0:
 515 01f2 7369676E 		.ascii	"signed char\000"
 515      65642063 
 515      68617200 
 516              	.LASF11:
 517 01fe 666C6F61 		.ascii	"float\000"
 517      7400
 518              	.LASF21:
 519 0204 50756D70 		.ascii	"Pump_rxBufferLoopDetect\000"
 519      5F727842 
 519      75666665 
 519      724C6F6F 
 519      70446574 
 520              	.LASF2:
 521 021c 73686F72 		.ascii	"short int\000"
 521      7420696E 
 521      7400
 522              	.LASF10:
 523 0226 75696E74 		.ascii	"uint16\000"
 523      313600
 524              	.LASF22:
 525 022d 50756D70 		.ascii	"Pump_rxBufferOverflow\000"
 525      5F727842 
 525      75666665 
 525      724F7665 
 525      72666C6F 
 526              	.LASF15:
 527 0243 73697A65 		.ascii	"sizetype\000"
 527      74797065 
 527      00
 528              		.ident	"GCC: (GNU Tools for ARM Embedded Processors) 4.9.3 20150303 (release) [ARM/embedded-4_9-br
