ARM GAS  C:\Users\PROYEC~1\AppData\Local\Temp\cc9iJHMX.s 			page 1


   1              		.syntax unified
   2              		.cpu cortex-m3
   3              		.fpu softvfp
   4              		.eabi_attribute 20, 1
   5              		.eabi_attribute 21, 1
   6              		.eabi_attribute 23, 3
   7              		.eabi_attribute 24, 1
   8              		.eabi_attribute 25, 1
   9              		.eabi_attribute 26, 1
  10              		.eabi_attribute 30, 6
  11              		.eabi_attribute 34, 1
  12              		.eabi_attribute 18, 4
  13              		.thumb
  14              		.file	"Timer_1_PM.c"
  15              		.text
  16              	.Ltext0:
  17              		.cfi_sections	.debug_frame
  18              		.bss
  19              		.align	2
  20              	Timer_1_backup:
  21 0000 00000000 		.space	4
  22              		.section	.text.Timer_1_SaveConfig,"ax",%progbits
  23              		.align	2
  24              		.global	Timer_1_SaveConfig
  25              		.thumb
  26              		.thumb_func
  27              		.type	Timer_1_SaveConfig, %function
  28              	Timer_1_SaveConfig:
  29              	.LFB0:
  30              		.file 1 ".\\Generated_Source\\PSoC5\\Timer_1_PM.c"
   1:.\Generated_Source\PSoC5/Timer_1_PM.c **** /*******************************************************************************
   2:.\Generated_Source\PSoC5/Timer_1_PM.c **** * File Name: Timer_1_PM.c
   3:.\Generated_Source\PSoC5/Timer_1_PM.c **** * Version 2.70
   4:.\Generated_Source\PSoC5/Timer_1_PM.c **** *
   5:.\Generated_Source\PSoC5/Timer_1_PM.c **** *  Description:
   6:.\Generated_Source\PSoC5/Timer_1_PM.c **** *     This file provides the power management source code to API for the
   7:.\Generated_Source\PSoC5/Timer_1_PM.c **** *     Timer.
   8:.\Generated_Source\PSoC5/Timer_1_PM.c **** *
   9:.\Generated_Source\PSoC5/Timer_1_PM.c **** *   Note:
  10:.\Generated_Source\PSoC5/Timer_1_PM.c **** *     None
  11:.\Generated_Source\PSoC5/Timer_1_PM.c **** *
  12:.\Generated_Source\PSoC5/Timer_1_PM.c **** *******************************************************************************
  13:.\Generated_Source\PSoC5/Timer_1_PM.c **** * Copyright 2008-2014, Cypress Semiconductor Corporation.  All rights reserved.
  14:.\Generated_Source\PSoC5/Timer_1_PM.c **** * You may use this file only in accordance with the license, terms, conditions,
  15:.\Generated_Source\PSoC5/Timer_1_PM.c **** * disclaimers, and limitations in the end user license agreement accompanying
  16:.\Generated_Source\PSoC5/Timer_1_PM.c **** * the software package with which this file was provided.
  17:.\Generated_Source\PSoC5/Timer_1_PM.c **** ********************************************************************************/
  18:.\Generated_Source\PSoC5/Timer_1_PM.c **** 
  19:.\Generated_Source\PSoC5/Timer_1_PM.c **** #include "Timer_1.h"
  20:.\Generated_Source\PSoC5/Timer_1_PM.c **** 
  21:.\Generated_Source\PSoC5/Timer_1_PM.c **** static Timer_1_backupStruct Timer_1_backup;
  22:.\Generated_Source\PSoC5/Timer_1_PM.c **** 
  23:.\Generated_Source\PSoC5/Timer_1_PM.c **** 
  24:.\Generated_Source\PSoC5/Timer_1_PM.c **** /*******************************************************************************
  25:.\Generated_Source\PSoC5/Timer_1_PM.c **** * Function Name: Timer_1_SaveConfig
  26:.\Generated_Source\PSoC5/Timer_1_PM.c **** ********************************************************************************
  27:.\Generated_Source\PSoC5/Timer_1_PM.c **** *
ARM GAS  C:\Users\PROYEC~1\AppData\Local\Temp\cc9iJHMX.s 			page 2


  28:.\Generated_Source\PSoC5/Timer_1_PM.c **** * Summary:
  29:.\Generated_Source\PSoC5/Timer_1_PM.c **** *     Save the current user configuration
  30:.\Generated_Source\PSoC5/Timer_1_PM.c **** *
  31:.\Generated_Source\PSoC5/Timer_1_PM.c **** * Parameters:
  32:.\Generated_Source\PSoC5/Timer_1_PM.c **** *  void
  33:.\Generated_Source\PSoC5/Timer_1_PM.c **** *
  34:.\Generated_Source\PSoC5/Timer_1_PM.c **** * Return:
  35:.\Generated_Source\PSoC5/Timer_1_PM.c **** *  void
  36:.\Generated_Source\PSoC5/Timer_1_PM.c **** *
  37:.\Generated_Source\PSoC5/Timer_1_PM.c **** * Global variables:
  38:.\Generated_Source\PSoC5/Timer_1_PM.c **** *  Timer_1_backup:  Variables of this global structure are modified to
  39:.\Generated_Source\PSoC5/Timer_1_PM.c **** *  store the values of non retention configuration registers when Sleep() API is
  40:.\Generated_Source\PSoC5/Timer_1_PM.c **** *  called.
  41:.\Generated_Source\PSoC5/Timer_1_PM.c **** *
  42:.\Generated_Source\PSoC5/Timer_1_PM.c **** *******************************************************************************/
  43:.\Generated_Source\PSoC5/Timer_1_PM.c **** void Timer_1_SaveConfig(void) 
  44:.\Generated_Source\PSoC5/Timer_1_PM.c **** {
  31              		.loc 1 44 0
  32              		.cfi_startproc
  33              		@ args = 0, pretend = 0, frame = 0
  34              		@ frame_needed = 1, uses_anonymous_args = 0
  35 0000 80B5     		push	{r7, lr}
  36              		.cfi_def_cfa_offset 8
  37              		.cfi_offset 7, -8
  38              		.cfi_offset 14, -4
  39 0002 00AF     		add	r7, sp, #0
  40              		.cfi_def_cfa_register 7
  45:.\Generated_Source\PSoC5/Timer_1_PM.c ****     #if (!Timer_1_UsingFixedFunction)
  46:.\Generated_Source\PSoC5/Timer_1_PM.c ****         Timer_1_backup.TimerUdb = Timer_1_ReadCounter();
  41              		.loc 1 46 0
  42 0004 FFF7FEFF 		bl	Timer_1_ReadCounter
  43 0008 0346     		mov	r3, r0
  44 000a 1A46     		mov	r2, r3
  45 000c 064B     		ldr	r3, .L2
  46 000e 5A70     		strb	r2, [r3, #1]
  47:.\Generated_Source\PSoC5/Timer_1_PM.c ****         Timer_1_backup.InterruptMaskValue = Timer_1_STATUS_MASK;
  47              		.loc 1 47 0
  48 0010 064B     		ldr	r3, .L2+4
  49 0012 1B78     		ldrb	r3, [r3]
  50 0014 DAB2     		uxtb	r2, r3
  51 0016 044B     		ldr	r3, .L2
  52 0018 9A70     		strb	r2, [r3, #2]
  48:.\Generated_Source\PSoC5/Timer_1_PM.c ****         #if (Timer_1_UsingHWCaptureCounter)
  49:.\Generated_Source\PSoC5/Timer_1_PM.c ****             Timer_1_backup.TimerCaptureCounter = Timer_1_ReadCaptureCount();
  50:.\Generated_Source\PSoC5/Timer_1_PM.c ****         #endif /* Back Up capture counter register  */
  51:.\Generated_Source\PSoC5/Timer_1_PM.c **** 
  52:.\Generated_Source\PSoC5/Timer_1_PM.c ****         #if(!Timer_1_UDB_CONTROL_REG_REMOVED)
  53:.\Generated_Source\PSoC5/Timer_1_PM.c ****             Timer_1_backup.TimerControlRegister = Timer_1_ReadControlRegister();
  53              		.loc 1 53 0
  54 001a FFF7FEFF 		bl	Timer_1_ReadControlRegister
  55 001e 0346     		mov	r3, r0
  56 0020 1A46     		mov	r2, r3
  57 0022 014B     		ldr	r3, .L2
  58 0024 DA70     		strb	r2, [r3, #3]
  54:.\Generated_Source\PSoC5/Timer_1_PM.c ****         #endif /* Backup the enable state of the Timer component */
  55:.\Generated_Source\PSoC5/Timer_1_PM.c ****     #endif /* Backup non retention registers in UDB implementation. All fixed function registers ar
  56:.\Generated_Source\PSoC5/Timer_1_PM.c **** }
ARM GAS  C:\Users\PROYEC~1\AppData\Local\Temp\cc9iJHMX.s 			page 3


  59              		.loc 1 56 0
  60 0026 80BD     		pop	{r7, pc}
  61              	.L3:
  62              		.align	2
  63              	.L2:
  64 0028 00000000 		.word	Timer_1_backup
  65 002c 87650040 		.word	1073767815
  66              		.cfi_endproc
  67              	.LFE0:
  68              		.size	Timer_1_SaveConfig, .-Timer_1_SaveConfig
  69              		.section	.text.Timer_1_RestoreConfig,"ax",%progbits
  70              		.align	2
  71              		.global	Timer_1_RestoreConfig
  72              		.thumb
  73              		.thumb_func
  74              		.type	Timer_1_RestoreConfig, %function
  75              	Timer_1_RestoreConfig:
  76              	.LFB1:
  57:.\Generated_Source\PSoC5/Timer_1_PM.c **** 
  58:.\Generated_Source\PSoC5/Timer_1_PM.c **** 
  59:.\Generated_Source\PSoC5/Timer_1_PM.c **** /*******************************************************************************
  60:.\Generated_Source\PSoC5/Timer_1_PM.c **** * Function Name: Timer_1_RestoreConfig
  61:.\Generated_Source\PSoC5/Timer_1_PM.c **** ********************************************************************************
  62:.\Generated_Source\PSoC5/Timer_1_PM.c **** *
  63:.\Generated_Source\PSoC5/Timer_1_PM.c **** * Summary:
  64:.\Generated_Source\PSoC5/Timer_1_PM.c **** *  Restores the current user configuration.
  65:.\Generated_Source\PSoC5/Timer_1_PM.c **** *
  66:.\Generated_Source\PSoC5/Timer_1_PM.c **** * Parameters:
  67:.\Generated_Source\PSoC5/Timer_1_PM.c **** *  void
  68:.\Generated_Source\PSoC5/Timer_1_PM.c **** *
  69:.\Generated_Source\PSoC5/Timer_1_PM.c **** * Return:
  70:.\Generated_Source\PSoC5/Timer_1_PM.c **** *  void
  71:.\Generated_Source\PSoC5/Timer_1_PM.c **** *
  72:.\Generated_Source\PSoC5/Timer_1_PM.c **** * Global variables:
  73:.\Generated_Source\PSoC5/Timer_1_PM.c **** *  Timer_1_backup:  Variables of this global structure are used to
  74:.\Generated_Source\PSoC5/Timer_1_PM.c **** *  restore the values of non retention registers on wakeup from sleep mode.
  75:.\Generated_Source\PSoC5/Timer_1_PM.c **** *
  76:.\Generated_Source\PSoC5/Timer_1_PM.c **** *******************************************************************************/
  77:.\Generated_Source\PSoC5/Timer_1_PM.c **** void Timer_1_RestoreConfig(void) 
  78:.\Generated_Source\PSoC5/Timer_1_PM.c **** {   
  77              		.loc 1 78 0
  78              		.cfi_startproc
  79              		@ args = 0, pretend = 0, frame = 0
  80              		@ frame_needed = 1, uses_anonymous_args = 0
  81 0000 80B5     		push	{r7, lr}
  82              		.cfi_def_cfa_offset 8
  83              		.cfi_offset 7, -8
  84              		.cfi_offset 14, -4
  85 0002 00AF     		add	r7, sp, #0
  86              		.cfi_def_cfa_register 7
  79:.\Generated_Source\PSoC5/Timer_1_PM.c ****     #if (!Timer_1_UsingFixedFunction)
  80:.\Generated_Source\PSoC5/Timer_1_PM.c **** 
  81:.\Generated_Source\PSoC5/Timer_1_PM.c ****         Timer_1_WriteCounter(Timer_1_backup.TimerUdb);
  87              		.loc 1 81 0
  88 0004 074B     		ldr	r3, .L5
  89 0006 5B78     		ldrb	r3, [r3, #1]	@ zero_extendqisi2
  90 0008 1846     		mov	r0, r3
ARM GAS  C:\Users\PROYEC~1\AppData\Local\Temp\cc9iJHMX.s 			page 4


  91 000a FFF7FEFF 		bl	Timer_1_WriteCounter
  82:.\Generated_Source\PSoC5/Timer_1_PM.c ****         Timer_1_STATUS_MASK =Timer_1_backup.InterruptMaskValue;
  92              		.loc 1 82 0
  93 000e 064B     		ldr	r3, .L5+4
  94 0010 044A     		ldr	r2, .L5
  95 0012 9278     		ldrb	r2, [r2, #2]	@ zero_extendqisi2
  96 0014 1A70     		strb	r2, [r3]
  83:.\Generated_Source\PSoC5/Timer_1_PM.c ****         #if (Timer_1_UsingHWCaptureCounter)
  84:.\Generated_Source\PSoC5/Timer_1_PM.c ****             Timer_1_SetCaptureCount(Timer_1_backup.TimerCaptureCounter);
  85:.\Generated_Source\PSoC5/Timer_1_PM.c ****         #endif /* Restore Capture counter register*/
  86:.\Generated_Source\PSoC5/Timer_1_PM.c **** 
  87:.\Generated_Source\PSoC5/Timer_1_PM.c ****         #if(!Timer_1_UDB_CONTROL_REG_REMOVED)
  88:.\Generated_Source\PSoC5/Timer_1_PM.c ****             Timer_1_WriteControlRegister(Timer_1_backup.TimerControlRegister);
  97              		.loc 1 88 0
  98 0016 034B     		ldr	r3, .L5
  99 0018 DB78     		ldrb	r3, [r3, #3]	@ zero_extendqisi2
 100 001a 1846     		mov	r0, r3
 101 001c FFF7FEFF 		bl	Timer_1_WriteControlRegister
  89:.\Generated_Source\PSoC5/Timer_1_PM.c ****         #endif /* Restore the enable state of the Timer component */
  90:.\Generated_Source\PSoC5/Timer_1_PM.c ****     #endif /* Restore non retention registers in the UDB implementation only */
  91:.\Generated_Source\PSoC5/Timer_1_PM.c **** }
 102              		.loc 1 91 0
 103 0020 80BD     		pop	{r7, pc}
 104              	.L6:
 105 0022 00BF     		.align	2
 106              	.L5:
 107 0024 00000000 		.word	Timer_1_backup
 108 0028 87650040 		.word	1073767815
 109              		.cfi_endproc
 110              	.LFE1:
 111              		.size	Timer_1_RestoreConfig, .-Timer_1_RestoreConfig
 112              		.section	.text.Timer_1_Sleep,"ax",%progbits
 113              		.align	2
 114              		.global	Timer_1_Sleep
 115              		.thumb
 116              		.thumb_func
 117              		.type	Timer_1_Sleep, %function
 118              	Timer_1_Sleep:
 119              	.LFB2:
  92:.\Generated_Source\PSoC5/Timer_1_PM.c **** 
  93:.\Generated_Source\PSoC5/Timer_1_PM.c **** 
  94:.\Generated_Source\PSoC5/Timer_1_PM.c **** /*******************************************************************************
  95:.\Generated_Source\PSoC5/Timer_1_PM.c **** * Function Name: Timer_1_Sleep
  96:.\Generated_Source\PSoC5/Timer_1_PM.c **** ********************************************************************************
  97:.\Generated_Source\PSoC5/Timer_1_PM.c **** *
  98:.\Generated_Source\PSoC5/Timer_1_PM.c **** * Summary:
  99:.\Generated_Source\PSoC5/Timer_1_PM.c **** *     Stop and Save the user configuration
 100:.\Generated_Source\PSoC5/Timer_1_PM.c **** *
 101:.\Generated_Source\PSoC5/Timer_1_PM.c **** * Parameters:
 102:.\Generated_Source\PSoC5/Timer_1_PM.c **** *  void
 103:.\Generated_Source\PSoC5/Timer_1_PM.c **** *
 104:.\Generated_Source\PSoC5/Timer_1_PM.c **** * Return:
 105:.\Generated_Source\PSoC5/Timer_1_PM.c **** *  void
 106:.\Generated_Source\PSoC5/Timer_1_PM.c **** *
 107:.\Generated_Source\PSoC5/Timer_1_PM.c **** * Global variables:
 108:.\Generated_Source\PSoC5/Timer_1_PM.c **** *  Timer_1_backup.TimerEnableState:  Is modified depending on the
 109:.\Generated_Source\PSoC5/Timer_1_PM.c **** *  enable state of the block before entering sleep mode.
ARM GAS  C:\Users\PROYEC~1\AppData\Local\Temp\cc9iJHMX.s 			page 5


 110:.\Generated_Source\PSoC5/Timer_1_PM.c **** *
 111:.\Generated_Source\PSoC5/Timer_1_PM.c **** *******************************************************************************/
 112:.\Generated_Source\PSoC5/Timer_1_PM.c **** void Timer_1_Sleep(void) 
 113:.\Generated_Source\PSoC5/Timer_1_PM.c **** {
 120              		.loc 1 113 0
 121              		.cfi_startproc
 122              		@ args = 0, pretend = 0, frame = 0
 123              		@ frame_needed = 1, uses_anonymous_args = 0
 124 0000 80B5     		push	{r7, lr}
 125              		.cfi_def_cfa_offset 8
 126              		.cfi_offset 7, -8
 127              		.cfi_offset 14, -4
 128 0002 00AF     		add	r7, sp, #0
 129              		.cfi_def_cfa_register 7
 114:.\Generated_Source\PSoC5/Timer_1_PM.c ****     #if(!Timer_1_UDB_CONTROL_REG_REMOVED)
 115:.\Generated_Source\PSoC5/Timer_1_PM.c ****         /* Save Counter's enable state */
 116:.\Generated_Source\PSoC5/Timer_1_PM.c ****         if(Timer_1_CTRL_ENABLE == (Timer_1_CONTROL & Timer_1_CTRL_ENABLE))
 130              		.loc 1 116 0
 131 0004 094B     		ldr	r3, .L10
 132 0006 1B78     		ldrb	r3, [r3]
 133 0008 DBB2     		uxtb	r3, r3
 134 000a DBB2     		uxtb	r3, r3
 135 000c 5BB2     		sxtb	r3, r3
 136 000e 002B     		cmp	r3, #0
 137 0010 03DA     		bge	.L8
 117:.\Generated_Source\PSoC5/Timer_1_PM.c ****         {
 118:.\Generated_Source\PSoC5/Timer_1_PM.c ****             /* Timer is enabled */
 119:.\Generated_Source\PSoC5/Timer_1_PM.c ****             Timer_1_backup.TimerEnableState = 1u;
 138              		.loc 1 119 0
 139 0012 074B     		ldr	r3, .L10+4
 140 0014 0122     		movs	r2, #1
 141 0016 1A70     		strb	r2, [r3]
 142 0018 02E0     		b	.L9
 143              	.L8:
 120:.\Generated_Source\PSoC5/Timer_1_PM.c ****         }
 121:.\Generated_Source\PSoC5/Timer_1_PM.c ****         else
 122:.\Generated_Source\PSoC5/Timer_1_PM.c ****         {
 123:.\Generated_Source\PSoC5/Timer_1_PM.c ****             /* Timer is disabled */
 124:.\Generated_Source\PSoC5/Timer_1_PM.c ****             Timer_1_backup.TimerEnableState = 0u;
 144              		.loc 1 124 0
 145 001a 054B     		ldr	r3, .L10+4
 146 001c 0022     		movs	r2, #0
 147 001e 1A70     		strb	r2, [r3]
 148              	.L9:
 125:.\Generated_Source\PSoC5/Timer_1_PM.c ****         }
 126:.\Generated_Source\PSoC5/Timer_1_PM.c ****     #endif /* Back up enable state from the Timer control register */
 127:.\Generated_Source\PSoC5/Timer_1_PM.c ****     Timer_1_Stop();
 149              		.loc 1 127 0
 150 0020 FFF7FEFF 		bl	Timer_1_Stop
 128:.\Generated_Source\PSoC5/Timer_1_PM.c ****     Timer_1_SaveConfig();
 151              		.loc 1 128 0
 152 0024 FFF7FEFF 		bl	Timer_1_SaveConfig
 129:.\Generated_Source\PSoC5/Timer_1_PM.c **** }
 153              		.loc 1 129 0
 154 0028 80BD     		pop	{r7, pc}
 155              	.L11:
 156 002a 00BF     		.align	2
ARM GAS  C:\Users\PROYEC~1\AppData\Local\Temp\cc9iJHMX.s 			page 6


 157              	.L10:
 158 002c 74640040 		.word	1073767540
 159 0030 00000000 		.word	Timer_1_backup
 160              		.cfi_endproc
 161              	.LFE2:
 162              		.size	Timer_1_Sleep, .-Timer_1_Sleep
 163              		.section	.text.Timer_1_Wakeup,"ax",%progbits
 164              		.align	2
 165              		.global	Timer_1_Wakeup
 166              		.thumb
 167              		.thumb_func
 168              		.type	Timer_1_Wakeup, %function
 169              	Timer_1_Wakeup:
 170              	.LFB3:
 130:.\Generated_Source\PSoC5/Timer_1_PM.c **** 
 131:.\Generated_Source\PSoC5/Timer_1_PM.c **** 
 132:.\Generated_Source\PSoC5/Timer_1_PM.c **** /*******************************************************************************
 133:.\Generated_Source\PSoC5/Timer_1_PM.c **** * Function Name: Timer_1_Wakeup
 134:.\Generated_Source\PSoC5/Timer_1_PM.c **** ********************************************************************************
 135:.\Generated_Source\PSoC5/Timer_1_PM.c **** *
 136:.\Generated_Source\PSoC5/Timer_1_PM.c **** * Summary:
 137:.\Generated_Source\PSoC5/Timer_1_PM.c **** *  Restores and enables the user configuration
 138:.\Generated_Source\PSoC5/Timer_1_PM.c **** *
 139:.\Generated_Source\PSoC5/Timer_1_PM.c **** * Parameters:
 140:.\Generated_Source\PSoC5/Timer_1_PM.c **** *  void
 141:.\Generated_Source\PSoC5/Timer_1_PM.c **** *
 142:.\Generated_Source\PSoC5/Timer_1_PM.c **** * Return:
 143:.\Generated_Source\PSoC5/Timer_1_PM.c **** *  void
 144:.\Generated_Source\PSoC5/Timer_1_PM.c **** *
 145:.\Generated_Source\PSoC5/Timer_1_PM.c **** * Global variables:
 146:.\Generated_Source\PSoC5/Timer_1_PM.c **** *  Timer_1_backup.enableState:  Is used to restore the enable state of
 147:.\Generated_Source\PSoC5/Timer_1_PM.c **** *  block on wakeup from sleep mode.
 148:.\Generated_Source\PSoC5/Timer_1_PM.c **** *
 149:.\Generated_Source\PSoC5/Timer_1_PM.c **** *******************************************************************************/
 150:.\Generated_Source\PSoC5/Timer_1_PM.c **** void Timer_1_Wakeup(void) 
 151:.\Generated_Source\PSoC5/Timer_1_PM.c **** {
 171              		.loc 1 151 0
 172              		.cfi_startproc
 173              		@ args = 0, pretend = 0, frame = 0
 174              		@ frame_needed = 1, uses_anonymous_args = 0
 175 0000 80B5     		push	{r7, lr}
 176              		.cfi_def_cfa_offset 8
 177              		.cfi_offset 7, -8
 178              		.cfi_offset 14, -4
 179 0002 00AF     		add	r7, sp, #0
 180              		.cfi_def_cfa_register 7
 152:.\Generated_Source\PSoC5/Timer_1_PM.c ****     Timer_1_RestoreConfig();
 181              		.loc 1 152 0
 182 0004 FFF7FEFF 		bl	Timer_1_RestoreConfig
 153:.\Generated_Source\PSoC5/Timer_1_PM.c ****     #if(!Timer_1_UDB_CONTROL_REG_REMOVED)
 154:.\Generated_Source\PSoC5/Timer_1_PM.c ****         if(Timer_1_backup.TimerEnableState == 1u)
 183              		.loc 1 154 0
 184 0008 034B     		ldr	r3, .L14
 185 000a 1B78     		ldrb	r3, [r3]	@ zero_extendqisi2
 186 000c 012B     		cmp	r3, #1
 187 000e 01D1     		bne	.L12
 155:.\Generated_Source\PSoC5/Timer_1_PM.c ****         {     /* Enable Timer's operation */
ARM GAS  C:\Users\PROYEC~1\AppData\Local\Temp\cc9iJHMX.s 			page 7


 156:.\Generated_Source\PSoC5/Timer_1_PM.c ****                 Timer_1_Enable();
 188              		.loc 1 156 0
 189 0010 FFF7FEFF 		bl	Timer_1_Enable
 190              	.L12:
 157:.\Generated_Source\PSoC5/Timer_1_PM.c ****         } /* Do nothing if Timer was disabled before */
 158:.\Generated_Source\PSoC5/Timer_1_PM.c ****     #endif /* Remove this code section if Control register is removed */
 159:.\Generated_Source\PSoC5/Timer_1_PM.c **** }
 191              		.loc 1 159 0
 192 0014 80BD     		pop	{r7, pc}
 193              	.L15:
 194 0016 00BF     		.align	2
 195              	.L14:
 196 0018 00000000 		.word	Timer_1_backup
 197              		.cfi_endproc
 198              	.LFE3:
 199              		.size	Timer_1_Wakeup, .-Timer_1_Wakeup
 200              		.text
 201              	.Letext0:
 202              		.file 2 ".\\Generated_Source\\PSoC5\\cytypes.h"
 203              		.file 3 ".\\Generated_Source\\PSoC5\\Timer_1.h"
 204              		.section	.debug_info,"",%progbits
 205              	.Ldebug_info0:
 206 0000 39010000 		.4byte	0x139
 207 0004 0400     		.2byte	0x4
 208 0006 00000000 		.4byte	.Ldebug_abbrev0
 209 000a 04       		.byte	0x4
 210 000b 01       		.uleb128 0x1
 211 000c 23010000 		.4byte	.LASF24
 212 0010 01       		.byte	0x1
 213 0011 EF010000 		.4byte	.LASF25
 214 0015 4D000000 		.4byte	.LASF26
 215 0019 00000000 		.4byte	.Ldebug_ranges0+0
 216 001d 00000000 		.4byte	0
 217 0021 00000000 		.4byte	.Ldebug_line0
 218 0025 02       		.uleb128 0x2
 219 0026 01       		.byte	0x1
 220 0027 06       		.byte	0x6
 221 0028 D5010000 		.4byte	.LASF0
 222 002c 02       		.uleb128 0x2
 223 002d 01       		.byte	0x1
 224 002e 08       		.byte	0x8
 225 002f E1010000 		.4byte	.LASF1
 226 0033 02       		.uleb128 0x2
 227 0034 02       		.byte	0x2
 228 0035 05       		.byte	0x5
 229 0036 B1010000 		.4byte	.LASF2
 230 003a 02       		.uleb128 0x2
 231 003b 02       		.byte	0x2
 232 003c 07       		.byte	0x7
 233 003d C2010000 		.4byte	.LASF3
 234 0041 02       		.uleb128 0x2
 235 0042 04       		.byte	0x4
 236 0043 05       		.byte	0x5
 237 0044 1A010000 		.4byte	.LASF4
 238 0048 02       		.uleb128 0x2
 239 0049 04       		.byte	0x4
 240 004a 07       		.byte	0x7
ARM GAS  C:\Users\PROYEC~1\AppData\Local\Temp\cc9iJHMX.s 			page 8


 241 004b A4000000 		.4byte	.LASF5
 242 004f 02       		.uleb128 0x2
 243 0050 08       		.byte	0x8
 244 0051 05       		.byte	0x5
 245 0052 00000000 		.4byte	.LASF6
 246 0056 02       		.uleb128 0x2
 247 0057 08       		.byte	0x8
 248 0058 07       		.byte	0x7
 249 0059 B6000000 		.4byte	.LASF7
 250 005d 03       		.uleb128 0x3
 251 005e 04       		.byte	0x4
 252 005f 05       		.byte	0x5
 253 0060 696E7400 		.ascii	"int\000"
 254 0064 02       		.uleb128 0x2
 255 0065 04       		.byte	0x4
 256 0066 07       		.byte	0x7
 257 0067 0E000000 		.4byte	.LASF8
 258 006b 04       		.uleb128 0x4
 259 006c 9E000000 		.4byte	.LASF12
 260 0070 02       		.byte	0x2
 261 0071 A1       		.byte	0xa1
 262 0072 2C000000 		.4byte	0x2c
 263 0076 02       		.uleb128 0x2
 264 0077 04       		.byte	0x4
 265 0078 04       		.byte	0x4
 266 0079 15020000 		.4byte	.LASF9
 267 007d 02       		.uleb128 0x2
 268 007e 08       		.byte	0x8
 269 007f 04       		.byte	0x4
 270 0080 BB010000 		.4byte	.LASF10
 271 0084 02       		.uleb128 0x2
 272 0085 01       		.byte	0x1
 273 0086 08       		.byte	0x8
 274 0087 15010000 		.4byte	.LASF11
 275 008b 05       		.uleb128 0x5
 276 008c 3A020000 		.4byte	.LASF13
 277 0090 02       		.byte	0x2
 278 0091 4B01     		.2byte	0x14b
 279 0093 97000000 		.4byte	0x97
 280 0097 06       		.uleb128 0x6
 281 0098 6B000000 		.4byte	0x6b
 282 009c 02       		.uleb128 0x2
 283 009d 04       		.byte	0x4
 284 009e 07       		.byte	0x7
 285 009f 52020000 		.4byte	.LASF14
 286 00a3 07       		.uleb128 0x7
 287 00a4 04       		.byte	0x4
 288 00a5 03       		.byte	0x3
 289 00a6 43       		.byte	0x43
 290 00a7 DC000000 		.4byte	0xdc
 291 00ab 08       		.uleb128 0x8
 292 00ac E2000000 		.4byte	.LASF15
 293 00b0 03       		.byte	0x3
 294 00b1 45       		.byte	0x45
 295 00b2 6B000000 		.4byte	0x6b
 296 00b6 00       		.byte	0
 297 00b7 08       		.uleb128 0x8
ARM GAS  C:\Users\PROYEC~1\AppData\Local\Temp\cc9iJHMX.s 			page 9


 298 00b8 31020000 		.4byte	.LASF16
 299 00bc 03       		.byte	0x3
 300 00bd 48       		.byte	0x48
 301 00be 6B000000 		.4byte	0x6b
 302 00c2 01       		.byte	0x1
 303 00c3 08       		.uleb128 0x8
 304 00c4 3F020000 		.4byte	.LASF17
 305 00c8 03       		.byte	0x3
 306 00c9 49       		.byte	0x49
 307 00ca 6B000000 		.4byte	0x6b
 308 00ce 02       		.byte	0x2
 309 00cf 08       		.uleb128 0x8
 310 00d0 CD000000 		.4byte	.LASF18
 311 00d4 03       		.byte	0x3
 312 00d5 4F       		.byte	0x4f
 313 00d6 6B000000 		.4byte	0x6b
 314 00da 03       		.byte	0x3
 315 00db 00       		.byte	0
 316 00dc 04       		.uleb128 0x4
 317 00dd 1B000000 		.4byte	.LASF19
 318 00e1 03       		.byte	0x3
 319 00e2 53       		.byte	0x53
 320 00e3 A3000000 		.4byte	0xa3
 321 00e7 09       		.uleb128 0x9
 322 00e8 F3000000 		.4byte	.LASF20
 323 00ec 01       		.byte	0x1
 324 00ed 2B       		.byte	0x2b
 325 00ee 00000000 		.4byte	.LFB0
 326 00f2 30000000 		.4byte	.LFE0-.LFB0
 327 00f6 01       		.uleb128 0x1
 328 00f7 9C       		.byte	0x9c
 329 00f8 09       		.uleb128 0x9
 330 00f9 1B020000 		.4byte	.LASF21
 331 00fd 01       		.byte	0x1
 332 00fe 4D       		.byte	0x4d
 333 00ff 00000000 		.4byte	.LFB1
 334 0103 2C000000 		.4byte	.LFE1-.LFB1
 335 0107 01       		.uleb128 0x1
 336 0108 9C       		.byte	0x9c
 337 0109 09       		.uleb128 0x9
 338 010a 30000000 		.4byte	.LASF22
 339 010e 01       		.byte	0x1
 340 010f 70       		.byte	0x70
 341 0110 00000000 		.4byte	.LFB2
 342 0114 34000000 		.4byte	.LFE2-.LFB2
 343 0118 01       		.uleb128 0x1
 344 0119 9C       		.byte	0x9c
 345 011a 09       		.uleb128 0x9
 346 011b 06010000 		.4byte	.LASF23
 347 011f 01       		.byte	0x1
 348 0120 96       		.byte	0x96
 349 0121 00000000 		.4byte	.LFB3
 350 0125 1C000000 		.4byte	.LFE3-.LFB3
 351 0129 01       		.uleb128 0x1
 352 012a 9C       		.byte	0x9c
 353 012b 0A       		.uleb128 0xa
 354 012c 3E000000 		.4byte	.LASF27
ARM GAS  C:\Users\PROYEC~1\AppData\Local\Temp\cc9iJHMX.s 			page 10


 355 0130 01       		.byte	0x1
 356 0131 15       		.byte	0x15
 357 0132 DC000000 		.4byte	0xdc
 358 0136 05       		.uleb128 0x5
 359 0137 03       		.byte	0x3
 360 0138 00000000 		.4byte	Timer_1_backup
 361 013c 00       		.byte	0
 362              		.section	.debug_abbrev,"",%progbits
 363              	.Ldebug_abbrev0:
 364 0000 01       		.uleb128 0x1
 365 0001 11       		.uleb128 0x11
 366 0002 01       		.byte	0x1
 367 0003 25       		.uleb128 0x25
 368 0004 0E       		.uleb128 0xe
 369 0005 13       		.uleb128 0x13
 370 0006 0B       		.uleb128 0xb
 371 0007 03       		.uleb128 0x3
 372 0008 0E       		.uleb128 0xe
 373 0009 1B       		.uleb128 0x1b
 374 000a 0E       		.uleb128 0xe
 375 000b 55       		.uleb128 0x55
 376 000c 17       		.uleb128 0x17
 377 000d 11       		.uleb128 0x11
 378 000e 01       		.uleb128 0x1
 379 000f 10       		.uleb128 0x10
 380 0010 17       		.uleb128 0x17
 381 0011 00       		.byte	0
 382 0012 00       		.byte	0
 383 0013 02       		.uleb128 0x2
 384 0014 24       		.uleb128 0x24
 385 0015 00       		.byte	0
 386 0016 0B       		.uleb128 0xb
 387 0017 0B       		.uleb128 0xb
 388 0018 3E       		.uleb128 0x3e
 389 0019 0B       		.uleb128 0xb
 390 001a 03       		.uleb128 0x3
 391 001b 0E       		.uleb128 0xe
 392 001c 00       		.byte	0
 393 001d 00       		.byte	0
 394 001e 03       		.uleb128 0x3
 395 001f 24       		.uleb128 0x24
 396 0020 00       		.byte	0
 397 0021 0B       		.uleb128 0xb
 398 0022 0B       		.uleb128 0xb
 399 0023 3E       		.uleb128 0x3e
 400 0024 0B       		.uleb128 0xb
 401 0025 03       		.uleb128 0x3
 402 0026 08       		.uleb128 0x8
 403 0027 00       		.byte	0
 404 0028 00       		.byte	0
 405 0029 04       		.uleb128 0x4
 406 002a 16       		.uleb128 0x16
 407 002b 00       		.byte	0
 408 002c 03       		.uleb128 0x3
 409 002d 0E       		.uleb128 0xe
 410 002e 3A       		.uleb128 0x3a
 411 002f 0B       		.uleb128 0xb
ARM GAS  C:\Users\PROYEC~1\AppData\Local\Temp\cc9iJHMX.s 			page 11


 412 0030 3B       		.uleb128 0x3b
 413 0031 0B       		.uleb128 0xb
 414 0032 49       		.uleb128 0x49
 415 0033 13       		.uleb128 0x13
 416 0034 00       		.byte	0
 417 0035 00       		.byte	0
 418 0036 05       		.uleb128 0x5
 419 0037 16       		.uleb128 0x16
 420 0038 00       		.byte	0
 421 0039 03       		.uleb128 0x3
 422 003a 0E       		.uleb128 0xe
 423 003b 3A       		.uleb128 0x3a
 424 003c 0B       		.uleb128 0xb
 425 003d 3B       		.uleb128 0x3b
 426 003e 05       		.uleb128 0x5
 427 003f 49       		.uleb128 0x49
 428 0040 13       		.uleb128 0x13
 429 0041 00       		.byte	0
 430 0042 00       		.byte	0
 431 0043 06       		.uleb128 0x6
 432 0044 35       		.uleb128 0x35
 433 0045 00       		.byte	0
 434 0046 49       		.uleb128 0x49
 435 0047 13       		.uleb128 0x13
 436 0048 00       		.byte	0
 437 0049 00       		.byte	0
 438 004a 07       		.uleb128 0x7
 439 004b 13       		.uleb128 0x13
 440 004c 01       		.byte	0x1
 441 004d 0B       		.uleb128 0xb
 442 004e 0B       		.uleb128 0xb
 443 004f 3A       		.uleb128 0x3a
 444 0050 0B       		.uleb128 0xb
 445 0051 3B       		.uleb128 0x3b
 446 0052 0B       		.uleb128 0xb
 447 0053 01       		.uleb128 0x1
 448 0054 13       		.uleb128 0x13
 449 0055 00       		.byte	0
 450 0056 00       		.byte	0
 451 0057 08       		.uleb128 0x8
 452 0058 0D       		.uleb128 0xd
 453 0059 00       		.byte	0
 454 005a 03       		.uleb128 0x3
 455 005b 0E       		.uleb128 0xe
 456 005c 3A       		.uleb128 0x3a
 457 005d 0B       		.uleb128 0xb
 458 005e 3B       		.uleb128 0x3b
 459 005f 0B       		.uleb128 0xb
 460 0060 49       		.uleb128 0x49
 461 0061 13       		.uleb128 0x13
 462 0062 38       		.uleb128 0x38
 463 0063 0B       		.uleb128 0xb
 464 0064 00       		.byte	0
 465 0065 00       		.byte	0
 466 0066 09       		.uleb128 0x9
 467 0067 2E       		.uleb128 0x2e
 468 0068 00       		.byte	0
ARM GAS  C:\Users\PROYEC~1\AppData\Local\Temp\cc9iJHMX.s 			page 12


 469 0069 3F       		.uleb128 0x3f
 470 006a 19       		.uleb128 0x19
 471 006b 03       		.uleb128 0x3
 472 006c 0E       		.uleb128 0xe
 473 006d 3A       		.uleb128 0x3a
 474 006e 0B       		.uleb128 0xb
 475 006f 3B       		.uleb128 0x3b
 476 0070 0B       		.uleb128 0xb
 477 0071 27       		.uleb128 0x27
 478 0072 19       		.uleb128 0x19
 479 0073 11       		.uleb128 0x11
 480 0074 01       		.uleb128 0x1
 481 0075 12       		.uleb128 0x12
 482 0076 06       		.uleb128 0x6
 483 0077 40       		.uleb128 0x40
 484 0078 18       		.uleb128 0x18
 485 0079 9642     		.uleb128 0x2116
 486 007b 19       		.uleb128 0x19
 487 007c 00       		.byte	0
 488 007d 00       		.byte	0
 489 007e 0A       		.uleb128 0xa
 490 007f 34       		.uleb128 0x34
 491 0080 00       		.byte	0
 492 0081 03       		.uleb128 0x3
 493 0082 0E       		.uleb128 0xe
 494 0083 3A       		.uleb128 0x3a
 495 0084 0B       		.uleb128 0xb
 496 0085 3B       		.uleb128 0x3b
 497 0086 0B       		.uleb128 0xb
 498 0087 49       		.uleb128 0x49
 499 0088 13       		.uleb128 0x13
 500 0089 02       		.uleb128 0x2
 501 008a 18       		.uleb128 0x18
 502 008b 00       		.byte	0
 503 008c 00       		.byte	0
 504 008d 00       		.byte	0
 505              		.section	.debug_aranges,"",%progbits
 506 0000 34000000 		.4byte	0x34
 507 0004 0200     		.2byte	0x2
 508 0006 00000000 		.4byte	.Ldebug_info0
 509 000a 04       		.byte	0x4
 510 000b 00       		.byte	0
 511 000c 0000     		.2byte	0
 512 000e 0000     		.2byte	0
 513 0010 00000000 		.4byte	.LFB0
 514 0014 30000000 		.4byte	.LFE0-.LFB0
 515 0018 00000000 		.4byte	.LFB1
 516 001c 2C000000 		.4byte	.LFE1-.LFB1
 517 0020 00000000 		.4byte	.LFB2
 518 0024 34000000 		.4byte	.LFE2-.LFB2
 519 0028 00000000 		.4byte	.LFB3
 520 002c 1C000000 		.4byte	.LFE3-.LFB3
 521 0030 00000000 		.4byte	0
 522 0034 00000000 		.4byte	0
 523              		.section	.debug_ranges,"",%progbits
 524              	.Ldebug_ranges0:
 525 0000 00000000 		.4byte	.LFB0
ARM GAS  C:\Users\PROYEC~1\AppData\Local\Temp\cc9iJHMX.s 			page 13


 526 0004 30000000 		.4byte	.LFE0
 527 0008 00000000 		.4byte	.LFB1
 528 000c 2C000000 		.4byte	.LFE1
 529 0010 00000000 		.4byte	.LFB2
 530 0014 34000000 		.4byte	.LFE2
 531 0018 00000000 		.4byte	.LFB3
 532 001c 1C000000 		.4byte	.LFE3
 533 0020 00000000 		.4byte	0
 534 0024 00000000 		.4byte	0
 535              		.section	.debug_line,"",%progbits
 536              	.Ldebug_line0:
 537 0000 AD000000 		.section	.debug_str,"MS",%progbits,1
 537      02005600 
 537      00000201 
 537      FB0E0D00 
 537      01010101 
 538              	.LASF6:
 539 0000 6C6F6E67 		.ascii	"long long int\000"
 539      206C6F6E 
 539      6720696E 
 539      7400
 540              	.LASF8:
 541 000e 756E7369 		.ascii	"unsigned int\000"
 541      676E6564 
 541      20696E74 
 541      00
 542              	.LASF19:
 543 001b 54696D65 		.ascii	"Timer_1_backupStruct\000"
 543      725F315F 
 543      6261636B 
 543      75705374 
 543      72756374 
 544              	.LASF22:
 545 0030 54696D65 		.ascii	"Timer_1_Sleep\000"
 545      725F315F 
 545      536C6565 
 545      7000
 546              	.LASF27:
 547 003e 54696D65 		.ascii	"Timer_1_backup\000"
 547      725F315F 
 547      6261636B 
 547      757000
 548              	.LASF26:
 549 004d 433A5C55 		.ascii	"C:\\Users\\Proyectos_Hardware\\Dropbox\\Proyecto NA"
 549      73657273 
 549      5C50726F 
 549      79656374 
 549      6F735F48 
 550 007c 43535C4D 		.ascii	"CS\\Mux_Advance_1\\MuxAdvance.cydsn\000"
 550      75785F41 
 550      6476616E 
 550      63655F31 
 550      5C4D7578 
 551              	.LASF12:
 552 009e 75696E74 		.ascii	"uint8\000"
 552      3800
 553              	.LASF5:
ARM GAS  C:\Users\PROYEC~1\AppData\Local\Temp\cc9iJHMX.s 			page 14


 554 00a4 6C6F6E67 		.ascii	"long unsigned int\000"
 554      20756E73 
 554      69676E65 
 554      6420696E 
 554      7400
 555              	.LASF7:
 556 00b6 6C6F6E67 		.ascii	"long long unsigned int\000"
 556      206C6F6E 
 556      6720756E 
 556      7369676E 
 556      65642069 
 557              	.LASF18:
 558 00cd 54696D65 		.ascii	"TimerControlRegister\000"
 558      72436F6E 
 558      74726F6C 
 558      52656769 
 558      73746572 
 559              	.LASF15:
 560 00e2 54696D65 		.ascii	"TimerEnableState\000"
 560      72456E61 
 560      626C6553 
 560      74617465 
 560      00
 561              	.LASF20:
 562 00f3 54696D65 		.ascii	"Timer_1_SaveConfig\000"
 562      725F315F 
 562      53617665 
 562      436F6E66 
 562      696700
 563              	.LASF23:
 564 0106 54696D65 		.ascii	"Timer_1_Wakeup\000"
 564      725F315F 
 564      57616B65 
 564      757000
 565              	.LASF11:
 566 0115 63686172 		.ascii	"char\000"
 566      00
 567              	.LASF4:
 568 011a 6C6F6E67 		.ascii	"long int\000"
 568      20696E74 
 568      00
 569              	.LASF24:
 570 0123 474E5520 		.ascii	"GNU C 4.9.3 20150303 (release) [ARM/embedded-4_9-br"
 570      4320342E 
 570      392E3320 
 570      32303135 
 570      30333033 
 571 0156 616E6368 		.ascii	"anch revision 221220] -mcpu=cortex-m3 -mthumb -g -O"
 571      20726576 
 571      6973696F 
 571      6E203232 
 571      31323230 
 572 0189 30202D66 		.ascii	"0 -ffunction-sections -ffat-lto-objects\000"
 572      66756E63 
 572      74696F6E 
 572      2D736563 
 572      74696F6E 
ARM GAS  C:\Users\PROYEC~1\AppData\Local\Temp\cc9iJHMX.s 			page 15


 573              	.LASF2:
 574 01b1 73686F72 		.ascii	"short int\000"
 574      7420696E 
 574      7400
 575              	.LASF10:
 576 01bb 646F7562 		.ascii	"double\000"
 576      6C6500
 577              	.LASF3:
 578 01c2 73686F72 		.ascii	"short unsigned int\000"
 578      7420756E 
 578      7369676E 
 578      65642069 
 578      6E7400
 579              	.LASF0:
 580 01d5 7369676E 		.ascii	"signed char\000"
 580      65642063 
 580      68617200 
 581              	.LASF1:
 582 01e1 756E7369 		.ascii	"unsigned char\000"
 582      676E6564 
 582      20636861 
 582      7200
 583              	.LASF25:
 584 01ef 2E5C4765 		.ascii	".\\Generated_Source\\PSoC5\\Timer_1_PM.c\000"
 584      6E657261 
 584      7465645F 
 584      536F7572 
 584      63655C50 
 585              	.LASF9:
 586 0215 666C6F61 		.ascii	"float\000"
 586      7400
 587              	.LASF21:
 588 021b 54696D65 		.ascii	"Timer_1_RestoreConfig\000"
 588      725F315F 
 588      52657374 
 588      6F726543 
 588      6F6E6669 
 589              	.LASF16:
 590 0231 54696D65 		.ascii	"TimerUdb\000"
 590      72556462 
 590      00
 591              	.LASF13:
 592 023a 72656738 		.ascii	"reg8\000"
 592      00
 593              	.LASF17:
 594 023f 496E7465 		.ascii	"InterruptMaskValue\000"
 594      72727570 
 594      744D6173 
 594      6B56616C 
 594      756500
 595              	.LASF14:
 596 0252 73697A65 		.ascii	"sizetype\000"
 596      74797065 
 596      00
 597              		.ident	"GCC: (GNU Tools for ARM Embedded Processors) 4.9.3 20150303 (release) [ARM/embedded-4_9-br
