ARM GAS  C:\Users\PROYEC~1\AppData\Local\Temp\cctzh2uu.s 			page 1


   1              		.syntax unified
   2              		.cpu cortex-m3
   3              		.fpu softvfp
   4              		.eabi_attribute 20, 1
   5              		.eabi_attribute 21, 1
   6              		.eabi_attribute 23, 3
   7              		.eabi_attribute 24, 1
   8              		.eabi_attribute 25, 1
   9              		.eabi_attribute 26, 1
  10              		.eabi_attribute 30, 6
  11              		.eabi_attribute 34, 1
  12              		.eabi_attribute 18, 4
  13              		.thumb
  14              		.file	"Waitable_2.c"
  15              		.text
  16              	.Ltext0:
  17              		.cfi_sections	.debug_frame
  18              		.global	Waitable_2_initVar
  19              		.bss
  20              		.type	Waitable_2_initVar, %object
  21              		.size	Waitable_2_initVar, 1
  22              	Waitable_2_initVar:
  23 0000 00       		.space	1
  24              		.section	.text.Waitable_2_Init,"ax",%progbits
  25              		.align	2
  26              		.global	Waitable_2_Init
  27              		.thumb
  28              		.thumb_func
  29              		.type	Waitable_2_Init, %function
  30              	Waitable_2_Init:
  31              	.LFB0:
  32              		.file 1 ".\\Generated_Source\\PSoC5\\Waitable_2.c"
   1:.\Generated_Source\PSoC5/Waitable_2.c **** /*******************************************************************************
   2:.\Generated_Source\PSoC5/Waitable_2.c **** * File Name: Waitable_2.c
   3:.\Generated_Source\PSoC5/Waitable_2.c **** * Version 2.70
   4:.\Generated_Source\PSoC5/Waitable_2.c **** *
   5:.\Generated_Source\PSoC5/Waitable_2.c **** * Description:
   6:.\Generated_Source\PSoC5/Waitable_2.c **** *  The Timer component consists of a 8, 16, 24 or 32-bit timer with
   7:.\Generated_Source\PSoC5/Waitable_2.c **** *  a selectable period between 2 and 2^Width - 1.  The timer may free run
   8:.\Generated_Source\PSoC5/Waitable_2.c **** *  or be used as a capture timer as well.  The capture can be initiated
   9:.\Generated_Source\PSoC5/Waitable_2.c **** *  by a positive or negative edge signal as well as via software.
  10:.\Generated_Source\PSoC5/Waitable_2.c **** *  A trigger input can be programmed to enable the timer on rising edge
  11:.\Generated_Source\PSoC5/Waitable_2.c **** *  falling edge, either edge or continous run.
  12:.\Generated_Source\PSoC5/Waitable_2.c **** *  Interrupts may be generated due to a terminal count condition
  13:.\Generated_Source\PSoC5/Waitable_2.c **** *  or a capture event.
  14:.\Generated_Source\PSoC5/Waitable_2.c **** *
  15:.\Generated_Source\PSoC5/Waitable_2.c **** * Note:
  16:.\Generated_Source\PSoC5/Waitable_2.c **** *
  17:.\Generated_Source\PSoC5/Waitable_2.c **** ********************************************************************************
  18:.\Generated_Source\PSoC5/Waitable_2.c **** * Copyright 2008-2014, Cypress Semiconductor Corporation.  All rights reserved.
  19:.\Generated_Source\PSoC5/Waitable_2.c **** * You may use this file only in accordance with the license, terms, conditions,
  20:.\Generated_Source\PSoC5/Waitable_2.c **** * disclaimers, and limitations in the end user license agreement accompanying
  21:.\Generated_Source\PSoC5/Waitable_2.c **** * the software package with which this file was provided.
  22:.\Generated_Source\PSoC5/Waitable_2.c **** ********************************************************************************/
  23:.\Generated_Source\PSoC5/Waitable_2.c **** 
  24:.\Generated_Source\PSoC5/Waitable_2.c **** #include "Waitable_2.h"
  25:.\Generated_Source\PSoC5/Waitable_2.c **** 
ARM GAS  C:\Users\PROYEC~1\AppData\Local\Temp\cctzh2uu.s 			page 2


  26:.\Generated_Source\PSoC5/Waitable_2.c **** uint8 Waitable_2_initVar = 0u;
  27:.\Generated_Source\PSoC5/Waitable_2.c **** 
  28:.\Generated_Source\PSoC5/Waitable_2.c **** 
  29:.\Generated_Source\PSoC5/Waitable_2.c **** /*******************************************************************************
  30:.\Generated_Source\PSoC5/Waitable_2.c **** * Function Name: Waitable_2_Init
  31:.\Generated_Source\PSoC5/Waitable_2.c **** ********************************************************************************
  32:.\Generated_Source\PSoC5/Waitable_2.c **** *
  33:.\Generated_Source\PSoC5/Waitable_2.c **** * Summary:
  34:.\Generated_Source\PSoC5/Waitable_2.c **** *  Initialize to the schematic state
  35:.\Generated_Source\PSoC5/Waitable_2.c **** *
  36:.\Generated_Source\PSoC5/Waitable_2.c **** * Parameters:
  37:.\Generated_Source\PSoC5/Waitable_2.c **** *  void
  38:.\Generated_Source\PSoC5/Waitable_2.c **** *
  39:.\Generated_Source\PSoC5/Waitable_2.c **** * Return:
  40:.\Generated_Source\PSoC5/Waitable_2.c **** *  void
  41:.\Generated_Source\PSoC5/Waitable_2.c **** *
  42:.\Generated_Source\PSoC5/Waitable_2.c **** *******************************************************************************/
  43:.\Generated_Source\PSoC5/Waitable_2.c **** void Waitable_2_Init(void) 
  44:.\Generated_Source\PSoC5/Waitable_2.c **** {
  33              		.loc 1 44 0
  34              		.cfi_startproc
  35              		@ args = 0, pretend = 0, frame = 0
  36              		@ frame_needed = 1, uses_anonymous_args = 0
  37 0000 80B5     		push	{r7, lr}
  38              		.cfi_def_cfa_offset 8
  39              		.cfi_offset 7, -8
  40              		.cfi_offset 14, -4
  41 0002 00AF     		add	r7, sp, #0
  42              		.cfi_def_cfa_register 7
  45:.\Generated_Source\PSoC5/Waitable_2.c ****     #if(!Waitable_2_UsingFixedFunction)
  46:.\Generated_Source\PSoC5/Waitable_2.c ****             /* Interrupt State Backup for Critical Region*/
  47:.\Generated_Source\PSoC5/Waitable_2.c ****             uint8 Waitable_2_interruptState;
  48:.\Generated_Source\PSoC5/Waitable_2.c ****     #endif /* Interrupt state back up for Fixed Function only */
  49:.\Generated_Source\PSoC5/Waitable_2.c **** 
  50:.\Generated_Source\PSoC5/Waitable_2.c ****     #if (Waitable_2_UsingFixedFunction)
  51:.\Generated_Source\PSoC5/Waitable_2.c ****         /* Clear all bits but the enable bit (if it's already set) for Timer operation */
  52:.\Generated_Source\PSoC5/Waitable_2.c ****         Waitable_2_CONTROL &= Waitable_2_CTRL_ENABLE;
  43              		.loc 1 52 0
  44 0004 204A     		ldr	r2, .L2
  45 0006 204B     		ldr	r3, .L2
  46 0008 1B78     		ldrb	r3, [r3]
  47 000a DBB2     		uxtb	r3, r3
  48 000c 03F00103 		and	r3, r3, #1
  49 0010 DBB2     		uxtb	r3, r3
  50 0012 1370     		strb	r3, [r2]
  53:.\Generated_Source\PSoC5/Waitable_2.c **** 
  54:.\Generated_Source\PSoC5/Waitable_2.c ****         /* Clear the mode bits for continuous run mode */
  55:.\Generated_Source\PSoC5/Waitable_2.c ****         #if (CY_PSOC5A)
  56:.\Generated_Source\PSoC5/Waitable_2.c ****             Waitable_2_CONTROL2 &= ((uint8)(~Waitable_2_CTRL_MODE_MASK));
  57:.\Generated_Source\PSoC5/Waitable_2.c ****         #endif /* Clear bits in CONTROL2 only in PSOC5A */
  58:.\Generated_Source\PSoC5/Waitable_2.c **** 
  59:.\Generated_Source\PSoC5/Waitable_2.c ****         #if (CY_PSOC3 || CY_PSOC5LP)
  60:.\Generated_Source\PSoC5/Waitable_2.c ****             Waitable_2_CONTROL3 &= ((uint8)(~Waitable_2_CTRL_MODE_MASK));
  51              		.loc 1 60 0
  52 0014 1D4A     		ldr	r2, .L2+4
  53 0016 1D4B     		ldr	r3, .L2+4
  54 0018 1B78     		ldrb	r3, [r3]
ARM GAS  C:\Users\PROYEC~1\AppData\Local\Temp\cctzh2uu.s 			page 3


  55 001a DBB2     		uxtb	r3, r3
  56 001c 23F00303 		bic	r3, r3, #3
  57 0020 DBB2     		uxtb	r3, r3
  58 0022 1370     		strb	r3, [r2]
  61:.\Generated_Source\PSoC5/Waitable_2.c ****         #endif /* CONTROL3 register exists only in PSoC3 OR PSoC5LP */
  62:.\Generated_Source\PSoC5/Waitable_2.c **** 
  63:.\Generated_Source\PSoC5/Waitable_2.c ****         /* Check if One Shot mode is enabled i.e. RunMode !=0*/
  64:.\Generated_Source\PSoC5/Waitable_2.c ****         #if (Waitable_2_RunModeUsed != 0x0u)
  65:.\Generated_Source\PSoC5/Waitable_2.c ****             /* Set 3rd bit of Control register to enable one shot mode */
  66:.\Generated_Source\PSoC5/Waitable_2.c ****             Waitable_2_CONTROL |= 0x04u;
  67:.\Generated_Source\PSoC5/Waitable_2.c ****         #endif /* One Shot enabled only when RunModeUsed is not Continuous*/
  68:.\Generated_Source\PSoC5/Waitable_2.c **** 
  69:.\Generated_Source\PSoC5/Waitable_2.c ****         #if (Waitable_2_RunModeUsed == 2)
  70:.\Generated_Source\PSoC5/Waitable_2.c ****             #if (CY_PSOC5A)
  71:.\Generated_Source\PSoC5/Waitable_2.c ****                 /* Set last 2 bits of control2 register if one shot(halt on
  72:.\Generated_Source\PSoC5/Waitable_2.c ****                 interrupt) is enabled*/
  73:.\Generated_Source\PSoC5/Waitable_2.c ****                 Waitable_2_CONTROL2 |= 0x03u;
  74:.\Generated_Source\PSoC5/Waitable_2.c ****             #endif /* Set One-Shot Halt on Interrupt bit in CONTROL2 for PSoC5A */
  75:.\Generated_Source\PSoC5/Waitable_2.c **** 
  76:.\Generated_Source\PSoC5/Waitable_2.c ****             #if (CY_PSOC3 || CY_PSOC5LP)
  77:.\Generated_Source\PSoC5/Waitable_2.c ****                 /* Set last 2 bits of control3 register if one shot(halt on
  78:.\Generated_Source\PSoC5/Waitable_2.c ****                 interrupt) is enabled*/
  79:.\Generated_Source\PSoC5/Waitable_2.c ****                 Waitable_2_CONTROL3 |= 0x03u;
  80:.\Generated_Source\PSoC5/Waitable_2.c ****             #endif /* Set One-Shot Halt on Interrupt bit in CONTROL3 for PSoC3 or PSoC5LP */
  81:.\Generated_Source\PSoC5/Waitable_2.c **** 
  82:.\Generated_Source\PSoC5/Waitable_2.c ****         #endif /* Remove section if One Shot Halt on Interrupt is not enabled */
  83:.\Generated_Source\PSoC5/Waitable_2.c **** 
  84:.\Generated_Source\PSoC5/Waitable_2.c ****         #if (Waitable_2_UsingHWEnable != 0)
  85:.\Generated_Source\PSoC5/Waitable_2.c ****             #if (CY_PSOC5A)
  86:.\Generated_Source\PSoC5/Waitable_2.c ****                 /* Set the default Run Mode of the Timer to Continuous */
  87:.\Generated_Source\PSoC5/Waitable_2.c ****                 Waitable_2_CONTROL2 |= Waitable_2_CTRL_MODE_PULSEWIDTH;
  88:.\Generated_Source\PSoC5/Waitable_2.c ****             #endif /* Set Continuous Run Mode in CONTROL2 for PSoC5A */
  89:.\Generated_Source\PSoC5/Waitable_2.c **** 
  90:.\Generated_Source\PSoC5/Waitable_2.c ****             #if (CY_PSOC3 || CY_PSOC5LP)
  91:.\Generated_Source\PSoC5/Waitable_2.c ****                 /* Clear and Set ROD and COD bits of CFG2 register */
  92:.\Generated_Source\PSoC5/Waitable_2.c ****                 Waitable_2_CONTROL3 &= ((uint8)(~Waitable_2_CTRL_RCOD_MASK));
  93:.\Generated_Source\PSoC5/Waitable_2.c ****                 Waitable_2_CONTROL3 |= Waitable_2_CTRL_RCOD;
  94:.\Generated_Source\PSoC5/Waitable_2.c **** 
  95:.\Generated_Source\PSoC5/Waitable_2.c ****                 /* Clear and Enable the HW enable bit in CFG2 register */
  96:.\Generated_Source\PSoC5/Waitable_2.c ****                 Waitable_2_CONTROL3 &= ((uint8)(~Waitable_2_CTRL_ENBL_MASK));
  97:.\Generated_Source\PSoC5/Waitable_2.c ****                 Waitable_2_CONTROL3 |= Waitable_2_CTRL_ENBL;
  98:.\Generated_Source\PSoC5/Waitable_2.c **** 
  99:.\Generated_Source\PSoC5/Waitable_2.c ****                 /* Set the default Run Mode of the Timer to Continuous */
 100:.\Generated_Source\PSoC5/Waitable_2.c ****                 Waitable_2_CONTROL3 |= Waitable_2_CTRL_MODE_CONTINUOUS;
 101:.\Generated_Source\PSoC5/Waitable_2.c ****             #endif /* Set Continuous Run Mode in CONTROL3 for PSoC3ES3 or PSoC5A */
 102:.\Generated_Source\PSoC5/Waitable_2.c **** 
 103:.\Generated_Source\PSoC5/Waitable_2.c ****         #endif /* Configure Run Mode with hardware enable */
 104:.\Generated_Source\PSoC5/Waitable_2.c **** 
 105:.\Generated_Source\PSoC5/Waitable_2.c ****         /* Clear and Set SYNCTC and SYNCCMP bits of RT1 register */
 106:.\Generated_Source\PSoC5/Waitable_2.c ****         Waitable_2_RT1 &= ((uint8)(~Waitable_2_RT1_MASK));
  59              		.loc 1 106 0
  60 0024 1A4A     		ldr	r2, .L2+8
  61 0026 1A4B     		ldr	r3, .L2+8
  62 0028 1B78     		ldrb	r3, [r3]
  63 002a DBB2     		uxtb	r3, r3
  64 002c 23F03003 		bic	r3, r3, #48
  65 0030 DBB2     		uxtb	r3, r3
ARM GAS  C:\Users\PROYEC~1\AppData\Local\Temp\cctzh2uu.s 			page 4


  66 0032 1370     		strb	r3, [r2]
 107:.\Generated_Source\PSoC5/Waitable_2.c ****         Waitable_2_RT1 |= Waitable_2_SYNC;
  67              		.loc 1 107 0
  68 0034 164A     		ldr	r2, .L2+8
  69 0036 164B     		ldr	r3, .L2+8
  70 0038 1B78     		ldrb	r3, [r3]
  71 003a DBB2     		uxtb	r3, r3
  72 003c 43F03003 		orr	r3, r3, #48
  73 0040 DBB2     		uxtb	r3, r3
  74 0042 1370     		strb	r3, [r2]
 108:.\Generated_Source\PSoC5/Waitable_2.c **** 
 109:.\Generated_Source\PSoC5/Waitable_2.c ****         /*Enable DSI Sync all all inputs of the Timer*/
 110:.\Generated_Source\PSoC5/Waitable_2.c ****         Waitable_2_RT1 &= ((uint8)(~Waitable_2_SYNCDSI_MASK));
  75              		.loc 1 110 0
  76 0044 124A     		ldr	r2, .L2+8
  77 0046 124B     		ldr	r3, .L2+8
  78 0048 1B78     		ldrb	r3, [r3]
  79 004a DBB2     		uxtb	r3, r3
  80 004c 23F00F03 		bic	r3, r3, #15
  81 0050 DBB2     		uxtb	r3, r3
  82 0052 1370     		strb	r3, [r2]
 111:.\Generated_Source\PSoC5/Waitable_2.c ****         Waitable_2_RT1 |= Waitable_2_SYNCDSI_EN;
  83              		.loc 1 111 0
  84 0054 0E4A     		ldr	r2, .L2+8
  85 0056 0E4B     		ldr	r3, .L2+8
  86 0058 1B78     		ldrb	r3, [r3]
  87 005a DBB2     		uxtb	r3, r3
  88 005c 43F00F03 		orr	r3, r3, #15
  89 0060 DBB2     		uxtb	r3, r3
  90 0062 1370     		strb	r3, [r2]
 112:.\Generated_Source\PSoC5/Waitable_2.c **** 
 113:.\Generated_Source\PSoC5/Waitable_2.c ****         /* Set the IRQ to use the status register interrupts */
 114:.\Generated_Source\PSoC5/Waitable_2.c ****         Waitable_2_CONTROL2 |= Waitable_2_CTRL2_IRQ_SEL;
  91              		.loc 1 114 0
  92 0064 0B4A     		ldr	r2, .L2+12
  93 0066 0B4B     		ldr	r3, .L2+12
  94 0068 1B78     		ldrb	r3, [r3]
  95 006a DBB2     		uxtb	r3, r3
  96 006c 43F00103 		orr	r3, r3, #1
  97 0070 DBB2     		uxtb	r3, r3
  98 0072 1370     		strb	r3, [r2]
 115:.\Generated_Source\PSoC5/Waitable_2.c ****     #endif /* Configuring registers of fixed function implementation */
 116:.\Generated_Source\PSoC5/Waitable_2.c **** 
 117:.\Generated_Source\PSoC5/Waitable_2.c ****     /* Set Initial values from Configuration */
 118:.\Generated_Source\PSoC5/Waitable_2.c ****     Waitable_2_WritePeriod(Waitable_2_INIT_PERIOD);
  99              		.loc 1 118 0
 100 0074 9520     		movs	r0, #149
 101 0076 FFF7FEFF 		bl	Waitable_2_WritePeriod
 119:.\Generated_Source\PSoC5/Waitable_2.c ****     Waitable_2_WriteCounter(Waitable_2_INIT_PERIOD);
 102              		.loc 1 119 0
 103 007a 9520     		movs	r0, #149
 104 007c FFF7FEFF 		bl	Waitable_2_WriteCounter
 120:.\Generated_Source\PSoC5/Waitable_2.c **** 
 121:.\Generated_Source\PSoC5/Waitable_2.c ****     #if (Waitable_2_UsingHWCaptureCounter)/* Capture counter is enabled */
 122:.\Generated_Source\PSoC5/Waitable_2.c ****         Waitable_2_CAPTURE_COUNT_CTRL |= Waitable_2_CNTR_ENABLE;
 123:.\Generated_Source\PSoC5/Waitable_2.c ****         Waitable_2_SetCaptureCount(Waitable_2_INIT_CAPTURE_COUNT);
 124:.\Generated_Source\PSoC5/Waitable_2.c ****     #endif /* Configure capture counter value */
ARM GAS  C:\Users\PROYEC~1\AppData\Local\Temp\cctzh2uu.s 			page 5


 125:.\Generated_Source\PSoC5/Waitable_2.c **** 
 126:.\Generated_Source\PSoC5/Waitable_2.c ****     #if (!Waitable_2_UsingFixedFunction)
 127:.\Generated_Source\PSoC5/Waitable_2.c ****         #if (Waitable_2_SoftwareCaptureMode)
 128:.\Generated_Source\PSoC5/Waitable_2.c ****             Waitable_2_SetCaptureMode(Waitable_2_INIT_CAPTURE_MODE);
 129:.\Generated_Source\PSoC5/Waitable_2.c ****         #endif /* Set Capture Mode for UDB implementation if capture mode is software controlled */
 130:.\Generated_Source\PSoC5/Waitable_2.c **** 
 131:.\Generated_Source\PSoC5/Waitable_2.c ****         #if (Waitable_2_SoftwareTriggerMode)
 132:.\Generated_Source\PSoC5/Waitable_2.c ****             #if (!Waitable_2_UDB_CONTROL_REG_REMOVED)
 133:.\Generated_Source\PSoC5/Waitable_2.c ****                 if (0u == (Waitable_2_CONTROL & Waitable_2__B_TIMER__TM_SOFTWARE))
 134:.\Generated_Source\PSoC5/Waitable_2.c ****                 {
 135:.\Generated_Source\PSoC5/Waitable_2.c ****                     Waitable_2_SetTriggerMode(Waitable_2_INIT_TRIGGER_MODE);
 136:.\Generated_Source\PSoC5/Waitable_2.c ****                 }
 137:.\Generated_Source\PSoC5/Waitable_2.c ****             #endif /* (!Waitable_2_UDB_CONTROL_REG_REMOVED) */
 138:.\Generated_Source\PSoC5/Waitable_2.c ****         #endif /* Set trigger mode for UDB Implementation if trigger mode is software controlled */
 139:.\Generated_Source\PSoC5/Waitable_2.c **** 
 140:.\Generated_Source\PSoC5/Waitable_2.c ****         /* CyEnterCriticalRegion and CyExitCriticalRegion are used to mark following region critica
 141:.\Generated_Source\PSoC5/Waitable_2.c ****         /* Enter Critical Region*/
 142:.\Generated_Source\PSoC5/Waitable_2.c ****         Waitable_2_interruptState = CyEnterCriticalSection();
 143:.\Generated_Source\PSoC5/Waitable_2.c **** 
 144:.\Generated_Source\PSoC5/Waitable_2.c ****         /* Use the interrupt output of the status register for IRQ output */
 145:.\Generated_Source\PSoC5/Waitable_2.c ****         Waitable_2_STATUS_AUX_CTRL |= Waitable_2_STATUS_ACTL_INT_EN_MASK;
 146:.\Generated_Source\PSoC5/Waitable_2.c **** 
 147:.\Generated_Source\PSoC5/Waitable_2.c ****         /* Exit Critical Region*/
 148:.\Generated_Source\PSoC5/Waitable_2.c ****         CyExitCriticalSection(Waitable_2_interruptState);
 149:.\Generated_Source\PSoC5/Waitable_2.c **** 
 150:.\Generated_Source\PSoC5/Waitable_2.c ****         #if (Waitable_2_EnableTriggerMode)
 151:.\Generated_Source\PSoC5/Waitable_2.c ****             Waitable_2_EnableTrigger();
 152:.\Generated_Source\PSoC5/Waitable_2.c ****         #endif /* Set Trigger enable bit for UDB implementation in the control register*/
 153:.\Generated_Source\PSoC5/Waitable_2.c **** 		
 154:.\Generated_Source\PSoC5/Waitable_2.c **** 		
 155:.\Generated_Source\PSoC5/Waitable_2.c ****         #if (Waitable_2_InterruptOnCaptureCount && !Waitable_2_UDB_CONTROL_REG_REMOVED)
 156:.\Generated_Source\PSoC5/Waitable_2.c ****             Waitable_2_SetInterruptCount(Waitable_2_INIT_INT_CAPTURE_COUNT);
 157:.\Generated_Source\PSoC5/Waitable_2.c ****         #endif /* Set interrupt count in UDB implementation if interrupt count feature is checked.*
 158:.\Generated_Source\PSoC5/Waitable_2.c **** 
 159:.\Generated_Source\PSoC5/Waitable_2.c ****         Waitable_2_ClearFIFO();
 160:.\Generated_Source\PSoC5/Waitable_2.c ****     #endif /* Configure additional features of UDB implementation */
 161:.\Generated_Source\PSoC5/Waitable_2.c **** 
 162:.\Generated_Source\PSoC5/Waitable_2.c ****     Waitable_2_SetInterruptMode(Waitable_2_INIT_INTERRUPT_MODE);
 105              		.loc 1 162 0
 106 0080 0820     		movs	r0, #8
 107 0082 FFF7FEFF 		bl	Waitable_2_SetInterruptMode
 163:.\Generated_Source\PSoC5/Waitable_2.c **** }
 108              		.loc 1 163 0
 109 0086 80BD     		pop	{r7, pc}
 110              	.L3:
 111              		.align	2
 112              	.L2:
 113 0088 0C4F0040 		.word	1073762060
 114 008c 0E4F0040 		.word	1073762062
 115 0090 174F0040 		.word	1073762071
 116 0094 0D4F0040 		.word	1073762061
 117              		.cfi_endproc
 118              	.LFE0:
 119              		.size	Waitable_2_Init, .-Waitable_2_Init
 120              		.section	.text.Waitable_2_Enable,"ax",%progbits
 121              		.align	2
 122              		.global	Waitable_2_Enable
ARM GAS  C:\Users\PROYEC~1\AppData\Local\Temp\cctzh2uu.s 			page 6


 123              		.thumb
 124              		.thumb_func
 125              		.type	Waitable_2_Enable, %function
 126              	Waitable_2_Enable:
 127              	.LFB1:
 164:.\Generated_Source\PSoC5/Waitable_2.c **** 
 165:.\Generated_Source\PSoC5/Waitable_2.c **** 
 166:.\Generated_Source\PSoC5/Waitable_2.c **** /*******************************************************************************
 167:.\Generated_Source\PSoC5/Waitable_2.c **** * Function Name: Waitable_2_Enable
 168:.\Generated_Source\PSoC5/Waitable_2.c **** ********************************************************************************
 169:.\Generated_Source\PSoC5/Waitable_2.c **** *
 170:.\Generated_Source\PSoC5/Waitable_2.c **** * Summary:
 171:.\Generated_Source\PSoC5/Waitable_2.c **** *  Enable the Timer
 172:.\Generated_Source\PSoC5/Waitable_2.c **** *
 173:.\Generated_Source\PSoC5/Waitable_2.c **** * Parameters:
 174:.\Generated_Source\PSoC5/Waitable_2.c **** *  void
 175:.\Generated_Source\PSoC5/Waitable_2.c **** *
 176:.\Generated_Source\PSoC5/Waitable_2.c **** * Return:
 177:.\Generated_Source\PSoC5/Waitable_2.c **** *  void
 178:.\Generated_Source\PSoC5/Waitable_2.c **** *
 179:.\Generated_Source\PSoC5/Waitable_2.c **** *******************************************************************************/
 180:.\Generated_Source\PSoC5/Waitable_2.c **** void Waitable_2_Enable(void) 
 181:.\Generated_Source\PSoC5/Waitable_2.c **** {
 128              		.loc 1 181 0
 129              		.cfi_startproc
 130              		@ args = 0, pretend = 0, frame = 0
 131              		@ frame_needed = 1, uses_anonymous_args = 0
 132              		@ link register save eliminated.
 133 0000 80B4     		push	{r7}
 134              		.cfi_def_cfa_offset 4
 135              		.cfi_offset 7, -4
 136 0002 00AF     		add	r7, sp, #0
 137              		.cfi_def_cfa_register 7
 182:.\Generated_Source\PSoC5/Waitable_2.c ****     /* Globally Enable the Fixed Function Block chosen */
 183:.\Generated_Source\PSoC5/Waitable_2.c ****     #if (Waitable_2_UsingFixedFunction)
 184:.\Generated_Source\PSoC5/Waitable_2.c ****         Waitable_2_GLOBAL_ENABLE |= Waitable_2_BLOCK_EN_MASK;
 138              		.loc 1 184 0
 139 0004 0D4A     		ldr	r2, .L5
 140 0006 0D4B     		ldr	r3, .L5
 141 0008 1B78     		ldrb	r3, [r3]
 142 000a DBB2     		uxtb	r3, r3
 143 000c 43F00203 		orr	r3, r3, #2
 144 0010 DBB2     		uxtb	r3, r3
 145 0012 1370     		strb	r3, [r2]
 185:.\Generated_Source\PSoC5/Waitable_2.c ****         Waitable_2_GLOBAL_STBY_ENABLE |= Waitable_2_BLOCK_STBY_EN_MASK;
 146              		.loc 1 185 0
 147 0014 0A4A     		ldr	r2, .L5+4
 148 0016 0A4B     		ldr	r3, .L5+4
 149 0018 1B78     		ldrb	r3, [r3]
 150 001a DBB2     		uxtb	r3, r3
 151 001c 43F00203 		orr	r3, r3, #2
 152 0020 DBB2     		uxtb	r3, r3
 153 0022 1370     		strb	r3, [r2]
 186:.\Generated_Source\PSoC5/Waitable_2.c ****     #endif /* Set Enable bit for enabling Fixed function timer*/
 187:.\Generated_Source\PSoC5/Waitable_2.c **** 
 188:.\Generated_Source\PSoC5/Waitable_2.c ****     /* Remove assignment if control register is removed */
 189:.\Generated_Source\PSoC5/Waitable_2.c ****     #if (!Waitable_2_UDB_CONTROL_REG_REMOVED || Waitable_2_UsingFixedFunction)
ARM GAS  C:\Users\PROYEC~1\AppData\Local\Temp\cctzh2uu.s 			page 7


 190:.\Generated_Source\PSoC5/Waitable_2.c ****         Waitable_2_CONTROL |= Waitable_2_CTRL_ENABLE;
 154              		.loc 1 190 0
 155 0024 074A     		ldr	r2, .L5+8
 156 0026 074B     		ldr	r3, .L5+8
 157 0028 1B78     		ldrb	r3, [r3]
 158 002a DBB2     		uxtb	r3, r3
 159 002c 43F00103 		orr	r3, r3, #1
 160 0030 DBB2     		uxtb	r3, r3
 161 0032 1370     		strb	r3, [r2]
 191:.\Generated_Source\PSoC5/Waitable_2.c ****     #endif /* Remove assignment if control register is removed */
 192:.\Generated_Source\PSoC5/Waitable_2.c **** }
 162              		.loc 1 192 0
 163 0034 BD46     		mov	sp, r7
 164              		.cfi_def_cfa_register 13
 165              		@ sp needed
 166 0036 5DF8047B 		ldr	r7, [sp], #4
 167              		.cfi_restore 7
 168              		.cfi_def_cfa_offset 0
 169 003a 7047     		bx	lr
 170              	.L6:
 171              		.align	2
 172              	.L5:
 173 003c A3430040 		.word	1073759139
 174 0040 B3430040 		.word	1073759155
 175 0044 0C4F0040 		.word	1073762060
 176              		.cfi_endproc
 177              	.LFE1:
 178              		.size	Waitable_2_Enable, .-Waitable_2_Enable
 179              		.section	.text.Waitable_2_Start,"ax",%progbits
 180              		.align	2
 181              		.global	Waitable_2_Start
 182              		.thumb
 183              		.thumb_func
 184              		.type	Waitable_2_Start, %function
 185              	Waitable_2_Start:
 186              	.LFB2:
 193:.\Generated_Source\PSoC5/Waitable_2.c **** 
 194:.\Generated_Source\PSoC5/Waitable_2.c **** 
 195:.\Generated_Source\PSoC5/Waitable_2.c **** /*******************************************************************************
 196:.\Generated_Source\PSoC5/Waitable_2.c **** * Function Name: Waitable_2_Start
 197:.\Generated_Source\PSoC5/Waitable_2.c **** ********************************************************************************
 198:.\Generated_Source\PSoC5/Waitable_2.c **** *
 199:.\Generated_Source\PSoC5/Waitable_2.c **** * Summary:
 200:.\Generated_Source\PSoC5/Waitable_2.c **** *  The start function initializes the timer with the default values, the
 201:.\Generated_Source\PSoC5/Waitable_2.c **** *  enables the timerto begin counting.  It does not enable interrupts,
 202:.\Generated_Source\PSoC5/Waitable_2.c **** *  the EnableInt command should be called if interrupt generation is required.
 203:.\Generated_Source\PSoC5/Waitable_2.c **** *
 204:.\Generated_Source\PSoC5/Waitable_2.c **** * Parameters:
 205:.\Generated_Source\PSoC5/Waitable_2.c **** *  void
 206:.\Generated_Source\PSoC5/Waitable_2.c **** *
 207:.\Generated_Source\PSoC5/Waitable_2.c **** * Return:
 208:.\Generated_Source\PSoC5/Waitable_2.c **** *  void
 209:.\Generated_Source\PSoC5/Waitable_2.c **** *
 210:.\Generated_Source\PSoC5/Waitable_2.c **** * Global variables:
 211:.\Generated_Source\PSoC5/Waitable_2.c **** *  Waitable_2_initVar: Is modified when this function is called for the
 212:.\Generated_Source\PSoC5/Waitable_2.c **** *   first time. Is used to ensure that initialization happens only once.
 213:.\Generated_Source\PSoC5/Waitable_2.c **** *
ARM GAS  C:\Users\PROYEC~1\AppData\Local\Temp\cctzh2uu.s 			page 8


 214:.\Generated_Source\PSoC5/Waitable_2.c **** *******************************************************************************/
 215:.\Generated_Source\PSoC5/Waitable_2.c **** void Waitable_2_Start(void) 
 216:.\Generated_Source\PSoC5/Waitable_2.c **** {
 187              		.loc 1 216 0
 188              		.cfi_startproc
 189              		@ args = 0, pretend = 0, frame = 0
 190              		@ frame_needed = 1, uses_anonymous_args = 0
 191 0000 80B5     		push	{r7, lr}
 192              		.cfi_def_cfa_offset 8
 193              		.cfi_offset 7, -8
 194              		.cfi_offset 14, -4
 195 0002 00AF     		add	r7, sp, #0
 196              		.cfi_def_cfa_register 7
 217:.\Generated_Source\PSoC5/Waitable_2.c ****     if(Waitable_2_initVar == 0u)
 197              		.loc 1 217 0
 198 0004 054B     		ldr	r3, .L9
 199 0006 1B78     		ldrb	r3, [r3]	@ zero_extendqisi2
 200 0008 002B     		cmp	r3, #0
 201 000a 04D1     		bne	.L8
 218:.\Generated_Source\PSoC5/Waitable_2.c ****     {
 219:.\Generated_Source\PSoC5/Waitable_2.c ****         Waitable_2_Init();
 202              		.loc 1 219 0
 203 000c FFF7FEFF 		bl	Waitable_2_Init
 220:.\Generated_Source\PSoC5/Waitable_2.c **** 
 221:.\Generated_Source\PSoC5/Waitable_2.c ****         Waitable_2_initVar = 1u;   /* Clear this bit for Initialization */
 204              		.loc 1 221 0
 205 0010 024B     		ldr	r3, .L9
 206 0012 0122     		movs	r2, #1
 207 0014 1A70     		strb	r2, [r3]
 208              	.L8:
 222:.\Generated_Source\PSoC5/Waitable_2.c ****     }
 223:.\Generated_Source\PSoC5/Waitable_2.c **** 
 224:.\Generated_Source\PSoC5/Waitable_2.c ****     /* Enable the Timer */
 225:.\Generated_Source\PSoC5/Waitable_2.c ****     Waitable_2_Enable();
 209              		.loc 1 225 0
 210 0016 FFF7FEFF 		bl	Waitable_2_Enable
 226:.\Generated_Source\PSoC5/Waitable_2.c **** }
 211              		.loc 1 226 0
 212 001a 80BD     		pop	{r7, pc}
 213              	.L10:
 214              		.align	2
 215              	.L9:
 216 001c 00000000 		.word	Waitable_2_initVar
 217              		.cfi_endproc
 218              	.LFE2:
 219              		.size	Waitable_2_Start, .-Waitable_2_Start
 220              		.section	.text.Waitable_2_Stop,"ax",%progbits
 221              		.align	2
 222              		.global	Waitable_2_Stop
 223              		.thumb
 224              		.thumb_func
 225              		.type	Waitable_2_Stop, %function
 226              	Waitable_2_Stop:
 227              	.LFB3:
 227:.\Generated_Source\PSoC5/Waitable_2.c **** 
 228:.\Generated_Source\PSoC5/Waitable_2.c **** 
 229:.\Generated_Source\PSoC5/Waitable_2.c **** /*******************************************************************************
ARM GAS  C:\Users\PROYEC~1\AppData\Local\Temp\cctzh2uu.s 			page 9


 230:.\Generated_Source\PSoC5/Waitable_2.c **** * Function Name: Waitable_2_Stop
 231:.\Generated_Source\PSoC5/Waitable_2.c **** ********************************************************************************
 232:.\Generated_Source\PSoC5/Waitable_2.c **** *
 233:.\Generated_Source\PSoC5/Waitable_2.c **** * Summary:
 234:.\Generated_Source\PSoC5/Waitable_2.c **** *  The stop function halts the timer, but does not change any modes or disable
 235:.\Generated_Source\PSoC5/Waitable_2.c **** *  interrupts.
 236:.\Generated_Source\PSoC5/Waitable_2.c **** *
 237:.\Generated_Source\PSoC5/Waitable_2.c **** * Parameters:
 238:.\Generated_Source\PSoC5/Waitable_2.c **** *  void
 239:.\Generated_Source\PSoC5/Waitable_2.c **** *
 240:.\Generated_Source\PSoC5/Waitable_2.c **** * Return:
 241:.\Generated_Source\PSoC5/Waitable_2.c **** *  void
 242:.\Generated_Source\PSoC5/Waitable_2.c **** *
 243:.\Generated_Source\PSoC5/Waitable_2.c **** * Side Effects: If the Enable mode is set to Hardware only then this function
 244:.\Generated_Source\PSoC5/Waitable_2.c **** *               has no effect on the operation of the timer.
 245:.\Generated_Source\PSoC5/Waitable_2.c **** *
 246:.\Generated_Source\PSoC5/Waitable_2.c **** *******************************************************************************/
 247:.\Generated_Source\PSoC5/Waitable_2.c **** void Waitable_2_Stop(void) 
 248:.\Generated_Source\PSoC5/Waitable_2.c **** {
 228              		.loc 1 248 0
 229              		.cfi_startproc
 230              		@ args = 0, pretend = 0, frame = 0
 231              		@ frame_needed = 1, uses_anonymous_args = 0
 232              		@ link register save eliminated.
 233 0000 80B4     		push	{r7}
 234              		.cfi_def_cfa_offset 4
 235              		.cfi_offset 7, -4
 236 0002 00AF     		add	r7, sp, #0
 237              		.cfi_def_cfa_register 7
 249:.\Generated_Source\PSoC5/Waitable_2.c ****     /* Disable Timer */
 250:.\Generated_Source\PSoC5/Waitable_2.c ****     #if(!Waitable_2_UDB_CONTROL_REG_REMOVED || Waitable_2_UsingFixedFunction)
 251:.\Generated_Source\PSoC5/Waitable_2.c ****         Waitable_2_CONTROL &= ((uint8)(~Waitable_2_CTRL_ENABLE));
 238              		.loc 1 251 0
 239 0004 0D4A     		ldr	r2, .L12
 240 0006 0D4B     		ldr	r3, .L12
 241 0008 1B78     		ldrb	r3, [r3]
 242 000a DBB2     		uxtb	r3, r3
 243 000c 23F00103 		bic	r3, r3, #1
 244 0010 DBB2     		uxtb	r3, r3
 245 0012 1370     		strb	r3, [r2]
 252:.\Generated_Source\PSoC5/Waitable_2.c ****     #endif /* Remove assignment if control register is removed */
 253:.\Generated_Source\PSoC5/Waitable_2.c **** 
 254:.\Generated_Source\PSoC5/Waitable_2.c ****     /* Globally disable the Fixed Function Block chosen */
 255:.\Generated_Source\PSoC5/Waitable_2.c ****     #if (Waitable_2_UsingFixedFunction)
 256:.\Generated_Source\PSoC5/Waitable_2.c ****         Waitable_2_GLOBAL_ENABLE &= ((uint8)(~Waitable_2_BLOCK_EN_MASK));
 246              		.loc 1 256 0
 247 0014 0A4A     		ldr	r2, .L12+4
 248 0016 0A4B     		ldr	r3, .L12+4
 249 0018 1B78     		ldrb	r3, [r3]
 250 001a DBB2     		uxtb	r3, r3
 251 001c 23F00203 		bic	r3, r3, #2
 252 0020 DBB2     		uxtb	r3, r3
 253 0022 1370     		strb	r3, [r2]
 257:.\Generated_Source\PSoC5/Waitable_2.c ****         Waitable_2_GLOBAL_STBY_ENABLE &= ((uint8)(~Waitable_2_BLOCK_STBY_EN_MASK));
 254              		.loc 1 257 0
 255 0024 074A     		ldr	r2, .L12+8
 256 0026 074B     		ldr	r3, .L12+8
ARM GAS  C:\Users\PROYEC~1\AppData\Local\Temp\cctzh2uu.s 			page 10


 257 0028 1B78     		ldrb	r3, [r3]
 258 002a DBB2     		uxtb	r3, r3
 259 002c 23F00203 		bic	r3, r3, #2
 260 0030 DBB2     		uxtb	r3, r3
 261 0032 1370     		strb	r3, [r2]
 258:.\Generated_Source\PSoC5/Waitable_2.c ****     #endif /* Disable global enable for the Timer Fixed function block to stop the Timer*/
 259:.\Generated_Source\PSoC5/Waitable_2.c **** }
 262              		.loc 1 259 0
 263 0034 BD46     		mov	sp, r7
 264              		.cfi_def_cfa_register 13
 265              		@ sp needed
 266 0036 5DF8047B 		ldr	r7, [sp], #4
 267              		.cfi_restore 7
 268              		.cfi_def_cfa_offset 0
 269 003a 7047     		bx	lr
 270              	.L13:
 271              		.align	2
 272              	.L12:
 273 003c 0C4F0040 		.word	1073762060
 274 0040 A3430040 		.word	1073759139
 275 0044 B3430040 		.word	1073759155
 276              		.cfi_endproc
 277              	.LFE3:
 278              		.size	Waitable_2_Stop, .-Waitable_2_Stop
 279              		.section	.text.Waitable_2_SetInterruptMode,"ax",%progbits
 280              		.align	2
 281              		.global	Waitable_2_SetInterruptMode
 282              		.thumb
 283              		.thumb_func
 284              		.type	Waitable_2_SetInterruptMode, %function
 285              	Waitable_2_SetInterruptMode:
 286              	.LFB4:
 260:.\Generated_Source\PSoC5/Waitable_2.c **** 
 261:.\Generated_Source\PSoC5/Waitable_2.c **** 
 262:.\Generated_Source\PSoC5/Waitable_2.c **** /*******************************************************************************
 263:.\Generated_Source\PSoC5/Waitable_2.c **** * Function Name: Waitable_2_SetInterruptMode
 264:.\Generated_Source\PSoC5/Waitable_2.c **** ********************************************************************************
 265:.\Generated_Source\PSoC5/Waitable_2.c **** *
 266:.\Generated_Source\PSoC5/Waitable_2.c **** * Summary:
 267:.\Generated_Source\PSoC5/Waitable_2.c **** *  This function selects which of the interrupt inputs may cause an interrupt.
 268:.\Generated_Source\PSoC5/Waitable_2.c **** *  The twosources are caputure and terminal.  One, both or neither may
 269:.\Generated_Source\PSoC5/Waitable_2.c **** *  be selected.
 270:.\Generated_Source\PSoC5/Waitable_2.c **** *
 271:.\Generated_Source\PSoC5/Waitable_2.c **** * Parameters:
 272:.\Generated_Source\PSoC5/Waitable_2.c **** *  interruptMode:   This parameter is used to enable interrups on either/or
 273:.\Generated_Source\PSoC5/Waitable_2.c **** *                   terminal count or capture.
 274:.\Generated_Source\PSoC5/Waitable_2.c **** *
 275:.\Generated_Source\PSoC5/Waitable_2.c **** * Return:
 276:.\Generated_Source\PSoC5/Waitable_2.c **** *  void
 277:.\Generated_Source\PSoC5/Waitable_2.c **** *
 278:.\Generated_Source\PSoC5/Waitable_2.c **** *******************************************************************************/
 279:.\Generated_Source\PSoC5/Waitable_2.c **** void Waitable_2_SetInterruptMode(uint8 interruptMode) 
 280:.\Generated_Source\PSoC5/Waitable_2.c **** {
 287              		.loc 1 280 0
 288              		.cfi_startproc
 289              		@ args = 0, pretend = 0, frame = 8
 290              		@ frame_needed = 1, uses_anonymous_args = 0
ARM GAS  C:\Users\PROYEC~1\AppData\Local\Temp\cctzh2uu.s 			page 11


 291              		@ link register save eliminated.
 292 0000 80B4     		push	{r7}
 293              		.cfi_def_cfa_offset 4
 294              		.cfi_offset 7, -4
 295 0002 83B0     		sub	sp, sp, #12
 296              		.cfi_def_cfa_offset 16
 297 0004 00AF     		add	r7, sp, #0
 298              		.cfi_def_cfa_register 7
 299 0006 0346     		mov	r3, r0
 300 0008 FB71     		strb	r3, [r7, #7]
 281:.\Generated_Source\PSoC5/Waitable_2.c ****     Waitable_2_STATUS_MASK = interruptMode;
 301              		.loc 1 281 0
 302 000a 044A     		ldr	r2, .L15
 303 000c FB79     		ldrb	r3, [r7, #7]
 304 000e 1370     		strb	r3, [r2]
 282:.\Generated_Source\PSoC5/Waitable_2.c **** }
 305              		.loc 1 282 0
 306 0010 0C37     		adds	r7, r7, #12
 307              		.cfi_def_cfa_offset 4
 308 0012 BD46     		mov	sp, r7
 309              		.cfi_def_cfa_register 13
 310              		@ sp needed
 311 0014 5DF8047B 		ldr	r7, [sp], #4
 312              		.cfi_restore 7
 313              		.cfi_def_cfa_offset 0
 314 0018 7047     		bx	lr
 315              	.L16:
 316 001a 00BF     		.align	2
 317              	.L15:
 318 001c 0F4F0040 		.word	1073762063
 319              		.cfi_endproc
 320              	.LFE4:
 321              		.size	Waitable_2_SetInterruptMode, .-Waitable_2_SetInterruptMode
 322              		.section	.text.Waitable_2_SoftwareCapture,"ax",%progbits
 323              		.align	2
 324              		.global	Waitable_2_SoftwareCapture
 325              		.thumb
 326              		.thumb_func
 327              		.type	Waitable_2_SoftwareCapture, %function
 328              	Waitable_2_SoftwareCapture:
 329              	.LFB5:
 283:.\Generated_Source\PSoC5/Waitable_2.c **** 
 284:.\Generated_Source\PSoC5/Waitable_2.c **** 
 285:.\Generated_Source\PSoC5/Waitable_2.c **** /*******************************************************************************
 286:.\Generated_Source\PSoC5/Waitable_2.c **** * Function Name: Waitable_2_SoftwareCapture
 287:.\Generated_Source\PSoC5/Waitable_2.c **** ********************************************************************************
 288:.\Generated_Source\PSoC5/Waitable_2.c **** *
 289:.\Generated_Source\PSoC5/Waitable_2.c **** * Summary:
 290:.\Generated_Source\PSoC5/Waitable_2.c **** *  This function forces a capture independent of the capture signal.
 291:.\Generated_Source\PSoC5/Waitable_2.c **** *
 292:.\Generated_Source\PSoC5/Waitable_2.c **** * Parameters:
 293:.\Generated_Source\PSoC5/Waitable_2.c **** *  void
 294:.\Generated_Source\PSoC5/Waitable_2.c **** *
 295:.\Generated_Source\PSoC5/Waitable_2.c **** * Return:
 296:.\Generated_Source\PSoC5/Waitable_2.c **** *  void
 297:.\Generated_Source\PSoC5/Waitable_2.c **** *
 298:.\Generated_Source\PSoC5/Waitable_2.c **** * Side Effects:
ARM GAS  C:\Users\PROYEC~1\AppData\Local\Temp\cctzh2uu.s 			page 12


 299:.\Generated_Source\PSoC5/Waitable_2.c **** *  An existing hardware capture could be overwritten.
 300:.\Generated_Source\PSoC5/Waitable_2.c **** *
 301:.\Generated_Source\PSoC5/Waitable_2.c **** *******************************************************************************/
 302:.\Generated_Source\PSoC5/Waitable_2.c **** void Waitable_2_SoftwareCapture(void) 
 303:.\Generated_Source\PSoC5/Waitable_2.c **** {
 330              		.loc 1 303 0
 331              		.cfi_startproc
 332              		@ args = 0, pretend = 0, frame = 0
 333              		@ frame_needed = 1, uses_anonymous_args = 0
 334              		@ link register save eliminated.
 335 0000 80B4     		push	{r7}
 336              		.cfi_def_cfa_offset 4
 337              		.cfi_offset 7, -4
 338 0002 00AF     		add	r7, sp, #0
 339              		.cfi_def_cfa_register 7
 304:.\Generated_Source\PSoC5/Waitable_2.c ****     /* Generate a software capture by reading the counter register */
 305:.\Generated_Source\PSoC5/Waitable_2.c ****     #if(Waitable_2_UsingFixedFunction)
 306:.\Generated_Source\PSoC5/Waitable_2.c ****         (void)CY_GET_REG16(Waitable_2_COUNTER_LSB_PTR);
 340              		.loc 1 306 0
 341 0004 024B     		ldr	r3, .L18
 342 0006 1B88     		ldrh	r3, [r3]	@ movhi
 307:.\Generated_Source\PSoC5/Waitable_2.c ****     #else
 308:.\Generated_Source\PSoC5/Waitable_2.c ****         (void)CY_GET_REG8(Waitable_2_COUNTER_LSB_PTR_8BIT);
 309:.\Generated_Source\PSoC5/Waitable_2.c ****     #endif/* (Waitable_2_UsingFixedFunction) */
 310:.\Generated_Source\PSoC5/Waitable_2.c ****     /* Capture Data is now in the FIFO */
 311:.\Generated_Source\PSoC5/Waitable_2.c **** }
 343              		.loc 1 311 0
 344 0008 BD46     		mov	sp, r7
 345              		.cfi_def_cfa_register 13
 346              		@ sp needed
 347 000a 5DF8047B 		ldr	r7, [sp], #4
 348              		.cfi_restore 7
 349              		.cfi_def_cfa_offset 0
 350 000e 7047     		bx	lr
 351              	.L19:
 352              		.align	2
 353              	.L18:
 354 0010 124F0040 		.word	1073762066
 355              		.cfi_endproc
 356              	.LFE5:
 357              		.size	Waitable_2_SoftwareCapture, .-Waitable_2_SoftwareCapture
 358              		.section	.text.Waitable_2_ReadStatusRegister,"ax",%progbits
 359              		.align	2
 360              		.global	Waitable_2_ReadStatusRegister
 361              		.thumb
 362              		.thumb_func
 363              		.type	Waitable_2_ReadStatusRegister, %function
 364              	Waitable_2_ReadStatusRegister:
 365              	.LFB6:
 312:.\Generated_Source\PSoC5/Waitable_2.c **** 
 313:.\Generated_Source\PSoC5/Waitable_2.c **** 
 314:.\Generated_Source\PSoC5/Waitable_2.c **** /*******************************************************************************
 315:.\Generated_Source\PSoC5/Waitable_2.c **** * Function Name: Waitable_2_ReadStatusRegister
 316:.\Generated_Source\PSoC5/Waitable_2.c **** ********************************************************************************
 317:.\Generated_Source\PSoC5/Waitable_2.c **** *
 318:.\Generated_Source\PSoC5/Waitable_2.c **** * Summary:
 319:.\Generated_Source\PSoC5/Waitable_2.c **** *  Reads the status register and returns it's state. This function should use
ARM GAS  C:\Users\PROYEC~1\AppData\Local\Temp\cctzh2uu.s 			page 13


 320:.\Generated_Source\PSoC5/Waitable_2.c **** *  defined types for the bit-field information as the bits in this register may
 321:.\Generated_Source\PSoC5/Waitable_2.c **** *  be permuteable.
 322:.\Generated_Source\PSoC5/Waitable_2.c **** *
 323:.\Generated_Source\PSoC5/Waitable_2.c **** * Parameters:
 324:.\Generated_Source\PSoC5/Waitable_2.c **** *  void
 325:.\Generated_Source\PSoC5/Waitable_2.c **** *
 326:.\Generated_Source\PSoC5/Waitable_2.c **** * Return:
 327:.\Generated_Source\PSoC5/Waitable_2.c **** *  The contents of the status register
 328:.\Generated_Source\PSoC5/Waitable_2.c **** *
 329:.\Generated_Source\PSoC5/Waitable_2.c **** * Side Effects:
 330:.\Generated_Source\PSoC5/Waitable_2.c **** *  Status register bits may be clear on read.
 331:.\Generated_Source\PSoC5/Waitable_2.c **** *
 332:.\Generated_Source\PSoC5/Waitable_2.c **** *******************************************************************************/
 333:.\Generated_Source\PSoC5/Waitable_2.c **** uint8   Waitable_2_ReadStatusRegister(void) 
 334:.\Generated_Source\PSoC5/Waitable_2.c **** {
 366              		.loc 1 334 0
 367              		.cfi_startproc
 368              		@ args = 0, pretend = 0, frame = 0
 369              		@ frame_needed = 1, uses_anonymous_args = 0
 370              		@ link register save eliminated.
 371 0000 80B4     		push	{r7}
 372              		.cfi_def_cfa_offset 4
 373              		.cfi_offset 7, -4
 374 0002 00AF     		add	r7, sp, #0
 375              		.cfi_def_cfa_register 7
 335:.\Generated_Source\PSoC5/Waitable_2.c ****     return (Waitable_2_STATUS);
 376              		.loc 1 335 0
 377 0004 034B     		ldr	r3, .L22
 378 0006 1B78     		ldrb	r3, [r3]
 379 0008 DBB2     		uxtb	r3, r3
 336:.\Generated_Source\PSoC5/Waitable_2.c **** }
 380              		.loc 1 336 0
 381 000a 1846     		mov	r0, r3
 382 000c BD46     		mov	sp, r7
 383              		.cfi_def_cfa_register 13
 384              		@ sp needed
 385 000e 5DF8047B 		ldr	r7, [sp], #4
 386              		.cfi_restore 7
 387              		.cfi_def_cfa_offset 0
 388 0012 7047     		bx	lr
 389              	.L23:
 390              		.align	2
 391              	.L22:
 392 0014 0F4F0040 		.word	1073762063
 393              		.cfi_endproc
 394              	.LFE6:
 395              		.size	Waitable_2_ReadStatusRegister, .-Waitable_2_ReadStatusRegister
 396              		.section	.text.Waitable_2_ReadControlRegister,"ax",%progbits
 397              		.align	2
 398              		.global	Waitable_2_ReadControlRegister
 399              		.thumb
 400              		.thumb_func
 401              		.type	Waitable_2_ReadControlRegister, %function
 402              	Waitable_2_ReadControlRegister:
 403              	.LFB7:
 337:.\Generated_Source\PSoC5/Waitable_2.c **** 
 338:.\Generated_Source\PSoC5/Waitable_2.c **** 
ARM GAS  C:\Users\PROYEC~1\AppData\Local\Temp\cctzh2uu.s 			page 14


 339:.\Generated_Source\PSoC5/Waitable_2.c **** #if (!Waitable_2_UDB_CONTROL_REG_REMOVED) /* Remove API if control register is unused */
 340:.\Generated_Source\PSoC5/Waitable_2.c **** 
 341:.\Generated_Source\PSoC5/Waitable_2.c **** 
 342:.\Generated_Source\PSoC5/Waitable_2.c **** /*******************************************************************************
 343:.\Generated_Source\PSoC5/Waitable_2.c **** * Function Name: Waitable_2_ReadControlRegister
 344:.\Generated_Source\PSoC5/Waitable_2.c **** ********************************************************************************
 345:.\Generated_Source\PSoC5/Waitable_2.c **** *
 346:.\Generated_Source\PSoC5/Waitable_2.c **** * Summary:
 347:.\Generated_Source\PSoC5/Waitable_2.c **** *  Reads the control register and returns it's value.
 348:.\Generated_Source\PSoC5/Waitable_2.c **** *
 349:.\Generated_Source\PSoC5/Waitable_2.c **** * Parameters:
 350:.\Generated_Source\PSoC5/Waitable_2.c **** *  void
 351:.\Generated_Source\PSoC5/Waitable_2.c **** *
 352:.\Generated_Source\PSoC5/Waitable_2.c **** * Return:
 353:.\Generated_Source\PSoC5/Waitable_2.c **** *  The contents of the control register
 354:.\Generated_Source\PSoC5/Waitable_2.c **** *
 355:.\Generated_Source\PSoC5/Waitable_2.c **** *******************************************************************************/
 356:.\Generated_Source\PSoC5/Waitable_2.c **** uint8 Waitable_2_ReadControlRegister(void) 
 357:.\Generated_Source\PSoC5/Waitable_2.c **** {
 404              		.loc 1 357 0
 405              		.cfi_startproc
 406              		@ args = 0, pretend = 0, frame = 0
 407              		@ frame_needed = 1, uses_anonymous_args = 0
 408              		@ link register save eliminated.
 409 0000 80B4     		push	{r7}
 410              		.cfi_def_cfa_offset 4
 411              		.cfi_offset 7, -4
 412 0002 00AF     		add	r7, sp, #0
 413              		.cfi_def_cfa_register 7
 358:.\Generated_Source\PSoC5/Waitable_2.c ****     #if (!Waitable_2_UDB_CONTROL_REG_REMOVED) 
 359:.\Generated_Source\PSoC5/Waitable_2.c ****         return ((uint8)Waitable_2_CONTROL);
 414              		.loc 1 359 0
 415 0004 034B     		ldr	r3, .L26
 416 0006 1B78     		ldrb	r3, [r3]
 417 0008 DBB2     		uxtb	r3, r3
 360:.\Generated_Source\PSoC5/Waitable_2.c ****     #else
 361:.\Generated_Source\PSoC5/Waitable_2.c ****         return (0);
 362:.\Generated_Source\PSoC5/Waitable_2.c ****     #endif /* (!Waitable_2_UDB_CONTROL_REG_REMOVED) */
 363:.\Generated_Source\PSoC5/Waitable_2.c **** }
 418              		.loc 1 363 0
 419 000a 1846     		mov	r0, r3
 420 000c BD46     		mov	sp, r7
 421              		.cfi_def_cfa_register 13
 422              		@ sp needed
 423 000e 5DF8047B 		ldr	r7, [sp], #4
 424              		.cfi_restore 7
 425              		.cfi_def_cfa_offset 0
 426 0012 7047     		bx	lr
 427              	.L27:
 428              		.align	2
 429              	.L26:
 430 0014 0C4F0040 		.word	1073762060
 431              		.cfi_endproc
 432              	.LFE7:
 433              		.size	Waitable_2_ReadControlRegister, .-Waitable_2_ReadControlRegister
 434              		.section	.text.Waitable_2_WriteControlRegister,"ax",%progbits
 435              		.align	2
ARM GAS  C:\Users\PROYEC~1\AppData\Local\Temp\cctzh2uu.s 			page 15


 436              		.global	Waitable_2_WriteControlRegister
 437              		.thumb
 438              		.thumb_func
 439              		.type	Waitable_2_WriteControlRegister, %function
 440              	Waitable_2_WriteControlRegister:
 441              	.LFB8:
 364:.\Generated_Source\PSoC5/Waitable_2.c **** 
 365:.\Generated_Source\PSoC5/Waitable_2.c **** 
 366:.\Generated_Source\PSoC5/Waitable_2.c **** /*******************************************************************************
 367:.\Generated_Source\PSoC5/Waitable_2.c **** * Function Name: Waitable_2_WriteControlRegister
 368:.\Generated_Source\PSoC5/Waitable_2.c **** ********************************************************************************
 369:.\Generated_Source\PSoC5/Waitable_2.c **** *
 370:.\Generated_Source\PSoC5/Waitable_2.c **** * Summary:
 371:.\Generated_Source\PSoC5/Waitable_2.c **** *  Sets the bit-field of the control register.
 372:.\Generated_Source\PSoC5/Waitable_2.c **** *
 373:.\Generated_Source\PSoC5/Waitable_2.c **** * Parameters:
 374:.\Generated_Source\PSoC5/Waitable_2.c **** *  control: The contents of the control register
 375:.\Generated_Source\PSoC5/Waitable_2.c **** *
 376:.\Generated_Source\PSoC5/Waitable_2.c **** * Return:
 377:.\Generated_Source\PSoC5/Waitable_2.c **** *
 378:.\Generated_Source\PSoC5/Waitable_2.c **** *******************************************************************************/
 379:.\Generated_Source\PSoC5/Waitable_2.c **** void Waitable_2_WriteControlRegister(uint8 control) 
 380:.\Generated_Source\PSoC5/Waitable_2.c **** {
 442              		.loc 1 380 0
 443              		.cfi_startproc
 444              		@ args = 0, pretend = 0, frame = 8
 445              		@ frame_needed = 1, uses_anonymous_args = 0
 446              		@ link register save eliminated.
 447 0000 80B4     		push	{r7}
 448              		.cfi_def_cfa_offset 4
 449              		.cfi_offset 7, -4
 450 0002 83B0     		sub	sp, sp, #12
 451              		.cfi_def_cfa_offset 16
 452 0004 00AF     		add	r7, sp, #0
 453              		.cfi_def_cfa_register 7
 454 0006 0346     		mov	r3, r0
 455 0008 FB71     		strb	r3, [r7, #7]
 381:.\Generated_Source\PSoC5/Waitable_2.c ****     #if (!Waitable_2_UDB_CONTROL_REG_REMOVED) 
 382:.\Generated_Source\PSoC5/Waitable_2.c ****         Waitable_2_CONTROL = control;
 456              		.loc 1 382 0
 457 000a 044A     		ldr	r2, .L29
 458 000c FB79     		ldrb	r3, [r7, #7]
 459 000e 1370     		strb	r3, [r2]
 383:.\Generated_Source\PSoC5/Waitable_2.c ****     #else
 384:.\Generated_Source\PSoC5/Waitable_2.c ****         control = 0u;
 385:.\Generated_Source\PSoC5/Waitable_2.c ****     #endif /* (!Waitable_2_UDB_CONTROL_REG_REMOVED) */
 386:.\Generated_Source\PSoC5/Waitable_2.c **** }
 460              		.loc 1 386 0
 461 0010 0C37     		adds	r7, r7, #12
 462              		.cfi_def_cfa_offset 4
 463 0012 BD46     		mov	sp, r7
 464              		.cfi_def_cfa_register 13
 465              		@ sp needed
 466 0014 5DF8047B 		ldr	r7, [sp], #4
 467              		.cfi_restore 7
 468              		.cfi_def_cfa_offset 0
 469 0018 7047     		bx	lr
ARM GAS  C:\Users\PROYEC~1\AppData\Local\Temp\cctzh2uu.s 			page 16


 470              	.L30:
 471 001a 00BF     		.align	2
 472              	.L29:
 473 001c 0C4F0040 		.word	1073762060
 474              		.cfi_endproc
 475              	.LFE8:
 476              		.size	Waitable_2_WriteControlRegister, .-Waitable_2_WriteControlRegister
 477              		.section	.text.Waitable_2_ReadPeriod,"ax",%progbits
 478              		.align	2
 479              		.global	Waitable_2_ReadPeriod
 480              		.thumb
 481              		.thumb_func
 482              		.type	Waitable_2_ReadPeriod, %function
 483              	Waitable_2_ReadPeriod:
 484              	.LFB9:
 387:.\Generated_Source\PSoC5/Waitable_2.c **** 
 388:.\Generated_Source\PSoC5/Waitable_2.c **** #endif /* Remove API if control register is unused */
 389:.\Generated_Source\PSoC5/Waitable_2.c **** 
 390:.\Generated_Source\PSoC5/Waitable_2.c **** 
 391:.\Generated_Source\PSoC5/Waitable_2.c **** /*******************************************************************************
 392:.\Generated_Source\PSoC5/Waitable_2.c **** * Function Name: Waitable_2_ReadPeriod
 393:.\Generated_Source\PSoC5/Waitable_2.c **** ********************************************************************************
 394:.\Generated_Source\PSoC5/Waitable_2.c **** *
 395:.\Generated_Source\PSoC5/Waitable_2.c **** * Summary:
 396:.\Generated_Source\PSoC5/Waitable_2.c **** *  This function returns the current value of the Period.
 397:.\Generated_Source\PSoC5/Waitable_2.c **** *
 398:.\Generated_Source\PSoC5/Waitable_2.c **** * Parameters:
 399:.\Generated_Source\PSoC5/Waitable_2.c **** *  void
 400:.\Generated_Source\PSoC5/Waitable_2.c **** *
 401:.\Generated_Source\PSoC5/Waitable_2.c **** * Return:
 402:.\Generated_Source\PSoC5/Waitable_2.c **** *  The present value of the counter.
 403:.\Generated_Source\PSoC5/Waitable_2.c **** *
 404:.\Generated_Source\PSoC5/Waitable_2.c **** *******************************************************************************/
 405:.\Generated_Source\PSoC5/Waitable_2.c **** uint16 Waitable_2_ReadPeriod(void) 
 406:.\Generated_Source\PSoC5/Waitable_2.c **** {
 485              		.loc 1 406 0
 486              		.cfi_startproc
 487              		@ args = 0, pretend = 0, frame = 0
 488              		@ frame_needed = 1, uses_anonymous_args = 0
 489              		@ link register save eliminated.
 490 0000 80B4     		push	{r7}
 491              		.cfi_def_cfa_offset 4
 492              		.cfi_offset 7, -4
 493 0002 00AF     		add	r7, sp, #0
 494              		.cfi_def_cfa_register 7
 407:.\Generated_Source\PSoC5/Waitable_2.c ****    #if(Waitable_2_UsingFixedFunction)
 408:.\Generated_Source\PSoC5/Waitable_2.c ****        return ((uint16)CY_GET_REG16(Waitable_2_PERIOD_LSB_PTR));
 495              		.loc 1 408 0
 496 0004 034B     		ldr	r3, .L33
 497 0006 1B88     		ldrh	r3, [r3]	@ movhi
 498 0008 9BB2     		uxth	r3, r3
 409:.\Generated_Source\PSoC5/Waitable_2.c ****    #else
 410:.\Generated_Source\PSoC5/Waitable_2.c ****        return (CY_GET_REG16(Waitable_2_PERIOD_LSB_PTR));
 411:.\Generated_Source\PSoC5/Waitable_2.c ****    #endif /* (Waitable_2_UsingFixedFunction) */
 412:.\Generated_Source\PSoC5/Waitable_2.c **** }
 499              		.loc 1 412 0
 500 000a 1846     		mov	r0, r3
ARM GAS  C:\Users\PROYEC~1\AppData\Local\Temp\cctzh2uu.s 			page 17


 501 000c BD46     		mov	sp, r7
 502              		.cfi_def_cfa_register 13
 503              		@ sp needed
 504 000e 5DF8047B 		ldr	r7, [sp], #4
 505              		.cfi_restore 7
 506              		.cfi_def_cfa_offset 0
 507 0012 7047     		bx	lr
 508              	.L34:
 509              		.align	2
 510              	.L33:
 511 0014 104F0040 		.word	1073762064
 512              		.cfi_endproc
 513              	.LFE9:
 514              		.size	Waitable_2_ReadPeriod, .-Waitable_2_ReadPeriod
 515              		.section	.text.Waitable_2_WritePeriod,"ax",%progbits
 516              		.align	2
 517              		.global	Waitable_2_WritePeriod
 518              		.thumb
 519              		.thumb_func
 520              		.type	Waitable_2_WritePeriod, %function
 521              	Waitable_2_WritePeriod:
 522              	.LFB10:
 413:.\Generated_Source\PSoC5/Waitable_2.c **** 
 414:.\Generated_Source\PSoC5/Waitable_2.c **** 
 415:.\Generated_Source\PSoC5/Waitable_2.c **** /*******************************************************************************
 416:.\Generated_Source\PSoC5/Waitable_2.c **** * Function Name: Waitable_2_WritePeriod
 417:.\Generated_Source\PSoC5/Waitable_2.c **** ********************************************************************************
 418:.\Generated_Source\PSoC5/Waitable_2.c **** *
 419:.\Generated_Source\PSoC5/Waitable_2.c **** * Summary:
 420:.\Generated_Source\PSoC5/Waitable_2.c **** *  This function is used to change the period of the counter.  The new period
 421:.\Generated_Source\PSoC5/Waitable_2.c **** *  will be loaded the next time terminal count is detected.
 422:.\Generated_Source\PSoC5/Waitable_2.c **** *
 423:.\Generated_Source\PSoC5/Waitable_2.c **** * Parameters:
 424:.\Generated_Source\PSoC5/Waitable_2.c **** *  period: This value may be between 1 and (2^Resolution)-1.  A value of 0 will
 425:.\Generated_Source\PSoC5/Waitable_2.c **** *          result in the counter remaining at zero.
 426:.\Generated_Source\PSoC5/Waitable_2.c **** *
 427:.\Generated_Source\PSoC5/Waitable_2.c **** * Return:
 428:.\Generated_Source\PSoC5/Waitable_2.c **** *  void
 429:.\Generated_Source\PSoC5/Waitable_2.c **** *
 430:.\Generated_Source\PSoC5/Waitable_2.c **** *******************************************************************************/
 431:.\Generated_Source\PSoC5/Waitable_2.c **** void Waitable_2_WritePeriod(uint16 period) 
 432:.\Generated_Source\PSoC5/Waitable_2.c **** {
 523              		.loc 1 432 0
 524              		.cfi_startproc
 525              		@ args = 0, pretend = 0, frame = 16
 526              		@ frame_needed = 1, uses_anonymous_args = 0
 527              		@ link register save eliminated.
 528 0000 80B4     		push	{r7}
 529              		.cfi_def_cfa_offset 4
 530              		.cfi_offset 7, -4
 531 0002 85B0     		sub	sp, sp, #20
 532              		.cfi_def_cfa_offset 24
 533 0004 00AF     		add	r7, sp, #0
 534              		.cfi_def_cfa_register 7
 535 0006 0346     		mov	r3, r0
 536 0008 FB80     		strh	r3, [r7, #6]	@ movhi
 433:.\Generated_Source\PSoC5/Waitable_2.c ****     #if(Waitable_2_UsingFixedFunction)
ARM GAS  C:\Users\PROYEC~1\AppData\Local\Temp\cctzh2uu.s 			page 18


 434:.\Generated_Source\PSoC5/Waitable_2.c ****         uint16 period_temp = (uint16)period;
 537              		.loc 1 434 0
 538 000a FB88     		ldrh	r3, [r7, #6]	@ movhi
 539 000c FB81     		strh	r3, [r7, #14]	@ movhi
 435:.\Generated_Source\PSoC5/Waitable_2.c ****         CY_SET_REG16(Waitable_2_PERIOD_LSB_PTR, period_temp);
 540              		.loc 1 435 0
 541 000e 044A     		ldr	r2, .L36
 542 0010 FB89     		ldrh	r3, [r7, #14]	@ movhi
 543 0012 1380     		strh	r3, [r2]	@ movhi
 436:.\Generated_Source\PSoC5/Waitable_2.c ****     #else
 437:.\Generated_Source\PSoC5/Waitable_2.c ****         CY_SET_REG16(Waitable_2_PERIOD_LSB_PTR, period);
 438:.\Generated_Source\PSoC5/Waitable_2.c ****     #endif /*Write Period value with appropriate resolution suffix depending on UDB or fixed functi
 439:.\Generated_Source\PSoC5/Waitable_2.c **** }
 544              		.loc 1 439 0
 545 0014 1437     		adds	r7, r7, #20
 546              		.cfi_def_cfa_offset 4
 547 0016 BD46     		mov	sp, r7
 548              		.cfi_def_cfa_register 13
 549              		@ sp needed
 550 0018 5DF8047B 		ldr	r7, [sp], #4
 551              		.cfi_restore 7
 552              		.cfi_def_cfa_offset 0
 553 001c 7047     		bx	lr
 554              	.L37:
 555 001e 00BF     		.align	2
 556              	.L36:
 557 0020 104F0040 		.word	1073762064
 558              		.cfi_endproc
 559              	.LFE10:
 560              		.size	Waitable_2_WritePeriod, .-Waitable_2_WritePeriod
 561              		.section	.text.Waitable_2_ReadCapture,"ax",%progbits
 562              		.align	2
 563              		.global	Waitable_2_ReadCapture
 564              		.thumb
 565              		.thumb_func
 566              		.type	Waitable_2_ReadCapture, %function
 567              	Waitable_2_ReadCapture:
 568              	.LFB11:
 440:.\Generated_Source\PSoC5/Waitable_2.c **** 
 441:.\Generated_Source\PSoC5/Waitable_2.c **** 
 442:.\Generated_Source\PSoC5/Waitable_2.c **** /*******************************************************************************
 443:.\Generated_Source\PSoC5/Waitable_2.c **** * Function Name: Waitable_2_ReadCapture
 444:.\Generated_Source\PSoC5/Waitable_2.c **** ********************************************************************************
 445:.\Generated_Source\PSoC5/Waitable_2.c **** *
 446:.\Generated_Source\PSoC5/Waitable_2.c **** * Summary:
 447:.\Generated_Source\PSoC5/Waitable_2.c **** *  This function returns the last value captured.
 448:.\Generated_Source\PSoC5/Waitable_2.c **** *
 449:.\Generated_Source\PSoC5/Waitable_2.c **** * Parameters:
 450:.\Generated_Source\PSoC5/Waitable_2.c **** *  void
 451:.\Generated_Source\PSoC5/Waitable_2.c **** *
 452:.\Generated_Source\PSoC5/Waitable_2.c **** * Return:
 453:.\Generated_Source\PSoC5/Waitable_2.c **** *  Present Capture value.
 454:.\Generated_Source\PSoC5/Waitable_2.c **** *
 455:.\Generated_Source\PSoC5/Waitable_2.c **** *******************************************************************************/
 456:.\Generated_Source\PSoC5/Waitable_2.c **** uint16 Waitable_2_ReadCapture(void) 
 457:.\Generated_Source\PSoC5/Waitable_2.c **** {
 569              		.loc 1 457 0
ARM GAS  C:\Users\PROYEC~1\AppData\Local\Temp\cctzh2uu.s 			page 19


 570              		.cfi_startproc
 571              		@ args = 0, pretend = 0, frame = 0
 572              		@ frame_needed = 1, uses_anonymous_args = 0
 573              		@ link register save eliminated.
 574 0000 80B4     		push	{r7}
 575              		.cfi_def_cfa_offset 4
 576              		.cfi_offset 7, -4
 577 0002 00AF     		add	r7, sp, #0
 578              		.cfi_def_cfa_register 7
 458:.\Generated_Source\PSoC5/Waitable_2.c ****    #if(Waitable_2_UsingFixedFunction)
 459:.\Generated_Source\PSoC5/Waitable_2.c ****        return ((uint16)CY_GET_REG16(Waitable_2_CAPTURE_LSB_PTR));
 579              		.loc 1 459 0
 580 0004 034B     		ldr	r3, .L40
 581 0006 1B88     		ldrh	r3, [r3]	@ movhi
 582 0008 9BB2     		uxth	r3, r3
 460:.\Generated_Source\PSoC5/Waitable_2.c ****    #else
 461:.\Generated_Source\PSoC5/Waitable_2.c ****        return (CY_GET_REG16(Waitable_2_CAPTURE_LSB_PTR));
 462:.\Generated_Source\PSoC5/Waitable_2.c ****    #endif /* (Waitable_2_UsingFixedFunction) */
 463:.\Generated_Source\PSoC5/Waitable_2.c **** }
 583              		.loc 1 463 0
 584 000a 1846     		mov	r0, r3
 585 000c BD46     		mov	sp, r7
 586              		.cfi_def_cfa_register 13
 587              		@ sp needed
 588 000e 5DF8047B 		ldr	r7, [sp], #4
 589              		.cfi_restore 7
 590              		.cfi_def_cfa_offset 0
 591 0012 7047     		bx	lr
 592              	.L41:
 593              		.align	2
 594              	.L40:
 595 0014 144F0040 		.word	1073762068
 596              		.cfi_endproc
 597              	.LFE11:
 598              		.size	Waitable_2_ReadCapture, .-Waitable_2_ReadCapture
 599              		.section	.text.Waitable_2_WriteCounter,"ax",%progbits
 600              		.align	2
 601              		.global	Waitable_2_WriteCounter
 602              		.thumb
 603              		.thumb_func
 604              		.type	Waitable_2_WriteCounter, %function
 605              	Waitable_2_WriteCounter:
 606              	.LFB12:
 464:.\Generated_Source\PSoC5/Waitable_2.c **** 
 465:.\Generated_Source\PSoC5/Waitable_2.c **** 
 466:.\Generated_Source\PSoC5/Waitable_2.c **** /*******************************************************************************
 467:.\Generated_Source\PSoC5/Waitable_2.c **** * Function Name: Waitable_2_WriteCounter
 468:.\Generated_Source\PSoC5/Waitable_2.c **** ********************************************************************************
 469:.\Generated_Source\PSoC5/Waitable_2.c **** *
 470:.\Generated_Source\PSoC5/Waitable_2.c **** * Summary:
 471:.\Generated_Source\PSoC5/Waitable_2.c **** *  This funtion is used to set the counter to a specific value
 472:.\Generated_Source\PSoC5/Waitable_2.c **** *
 473:.\Generated_Source\PSoC5/Waitable_2.c **** * Parameters:
 474:.\Generated_Source\PSoC5/Waitable_2.c **** *  counter:  New counter value.
 475:.\Generated_Source\PSoC5/Waitable_2.c **** *
 476:.\Generated_Source\PSoC5/Waitable_2.c **** * Return:
 477:.\Generated_Source\PSoC5/Waitable_2.c **** *  void
ARM GAS  C:\Users\PROYEC~1\AppData\Local\Temp\cctzh2uu.s 			page 20


 478:.\Generated_Source\PSoC5/Waitable_2.c **** *
 479:.\Generated_Source\PSoC5/Waitable_2.c **** *******************************************************************************/
 480:.\Generated_Source\PSoC5/Waitable_2.c **** void Waitable_2_WriteCounter(uint16 counter) 
 481:.\Generated_Source\PSoC5/Waitable_2.c **** {
 607              		.loc 1 481 0
 608              		.cfi_startproc
 609              		@ args = 0, pretend = 0, frame = 8
 610              		@ frame_needed = 1, uses_anonymous_args = 0
 611              		@ link register save eliminated.
 612 0000 80B4     		push	{r7}
 613              		.cfi_def_cfa_offset 4
 614              		.cfi_offset 7, -4
 615 0002 83B0     		sub	sp, sp, #12
 616              		.cfi_def_cfa_offset 16
 617 0004 00AF     		add	r7, sp, #0
 618              		.cfi_def_cfa_register 7
 619 0006 0346     		mov	r3, r0
 620 0008 FB80     		strh	r3, [r7, #6]	@ movhi
 482:.\Generated_Source\PSoC5/Waitable_2.c ****    #if(Waitable_2_UsingFixedFunction)
 483:.\Generated_Source\PSoC5/Waitable_2.c ****         /* This functionality is removed until a FixedFunction HW update to
 484:.\Generated_Source\PSoC5/Waitable_2.c ****          * allow this register to be written
 485:.\Generated_Source\PSoC5/Waitable_2.c ****          */
 486:.\Generated_Source\PSoC5/Waitable_2.c ****         CY_SET_REG16(Waitable_2_COUNTER_LSB_PTR, (uint16)counter);
 621              		.loc 1 486 0
 622 000a 044A     		ldr	r2, .L43
 623 000c FB88     		ldrh	r3, [r7, #6]	@ movhi
 624 000e 1380     		strh	r3, [r2]	@ movhi
 487:.\Generated_Source\PSoC5/Waitable_2.c ****         
 488:.\Generated_Source\PSoC5/Waitable_2.c ****     #else
 489:.\Generated_Source\PSoC5/Waitable_2.c ****         CY_SET_REG16(Waitable_2_COUNTER_LSB_PTR, counter);
 490:.\Generated_Source\PSoC5/Waitable_2.c ****     #endif /* Set Write Counter only for the UDB implementation (Write Counter not available in fix
 491:.\Generated_Source\PSoC5/Waitable_2.c **** }
 625              		.loc 1 491 0
 626 0010 0C37     		adds	r7, r7, #12
 627              		.cfi_def_cfa_offset 4
 628 0012 BD46     		mov	sp, r7
 629              		.cfi_def_cfa_register 13
 630              		@ sp needed
 631 0014 5DF8047B 		ldr	r7, [sp], #4
 632              		.cfi_restore 7
 633              		.cfi_def_cfa_offset 0
 634 0018 7047     		bx	lr
 635              	.L44:
 636 001a 00BF     		.align	2
 637              	.L43:
 638 001c 124F0040 		.word	1073762066
 639              		.cfi_endproc
 640              	.LFE12:
 641              		.size	Waitable_2_WriteCounter, .-Waitable_2_WriteCounter
 642              		.section	.text.Waitable_2_ReadCounter,"ax",%progbits
 643              		.align	2
 644              		.global	Waitable_2_ReadCounter
 645              		.thumb
 646              		.thumb_func
 647              		.type	Waitable_2_ReadCounter, %function
 648              	Waitable_2_ReadCounter:
 649              	.LFB13:
ARM GAS  C:\Users\PROYEC~1\AppData\Local\Temp\cctzh2uu.s 			page 21


 492:.\Generated_Source\PSoC5/Waitable_2.c **** 
 493:.\Generated_Source\PSoC5/Waitable_2.c **** 
 494:.\Generated_Source\PSoC5/Waitable_2.c **** /*******************************************************************************
 495:.\Generated_Source\PSoC5/Waitable_2.c **** * Function Name: Waitable_2_ReadCounter
 496:.\Generated_Source\PSoC5/Waitable_2.c **** ********************************************************************************
 497:.\Generated_Source\PSoC5/Waitable_2.c **** *
 498:.\Generated_Source\PSoC5/Waitable_2.c **** * Summary:
 499:.\Generated_Source\PSoC5/Waitable_2.c **** *  This function returns the current counter value.
 500:.\Generated_Source\PSoC5/Waitable_2.c **** *
 501:.\Generated_Source\PSoC5/Waitable_2.c **** * Parameters:
 502:.\Generated_Source\PSoC5/Waitable_2.c **** *  void
 503:.\Generated_Source\PSoC5/Waitable_2.c **** *
 504:.\Generated_Source\PSoC5/Waitable_2.c **** * Return:
 505:.\Generated_Source\PSoC5/Waitable_2.c **** *  Present compare value.
 506:.\Generated_Source\PSoC5/Waitable_2.c **** *
 507:.\Generated_Source\PSoC5/Waitable_2.c **** *******************************************************************************/
 508:.\Generated_Source\PSoC5/Waitable_2.c **** uint16 Waitable_2_ReadCounter(void) 
 509:.\Generated_Source\PSoC5/Waitable_2.c **** {
 650              		.loc 1 509 0
 651              		.cfi_startproc
 652              		@ args = 0, pretend = 0, frame = 0
 653              		@ frame_needed = 1, uses_anonymous_args = 0
 654              		@ link register save eliminated.
 655 0000 80B4     		push	{r7}
 656              		.cfi_def_cfa_offset 4
 657              		.cfi_offset 7, -4
 658 0002 00AF     		add	r7, sp, #0
 659              		.cfi_def_cfa_register 7
 510:.\Generated_Source\PSoC5/Waitable_2.c ****     /* Force capture by reading Accumulator */
 511:.\Generated_Source\PSoC5/Waitable_2.c ****     /* Must first do a software capture to be able to read the counter */
 512:.\Generated_Source\PSoC5/Waitable_2.c ****     /* It is up to the user code to make sure there isn't already captured data in the FIFO */
 513:.\Generated_Source\PSoC5/Waitable_2.c ****     #if(Waitable_2_UsingFixedFunction)
 514:.\Generated_Source\PSoC5/Waitable_2.c ****         (void)CY_GET_REG16(Waitable_2_COUNTER_LSB_PTR);
 660              		.loc 1 514 0
 661 0004 044B     		ldr	r3, .L47
 662 0006 1B88     		ldrh	r3, [r3]	@ movhi
 515:.\Generated_Source\PSoC5/Waitable_2.c ****     #else
 516:.\Generated_Source\PSoC5/Waitable_2.c ****         (void)CY_GET_REG8(Waitable_2_COUNTER_LSB_PTR_8BIT);
 517:.\Generated_Source\PSoC5/Waitable_2.c ****     #endif/* (Waitable_2_UsingFixedFunction) */
 518:.\Generated_Source\PSoC5/Waitable_2.c **** 
 519:.\Generated_Source\PSoC5/Waitable_2.c ****     /* Read the data from the FIFO (or capture register for Fixed Function)*/
 520:.\Generated_Source\PSoC5/Waitable_2.c ****     #if(Waitable_2_UsingFixedFunction)
 521:.\Generated_Source\PSoC5/Waitable_2.c ****         return ((uint16)CY_GET_REG16(Waitable_2_CAPTURE_LSB_PTR));
 663              		.loc 1 521 0
 664 0008 044B     		ldr	r3, .L47+4
 665 000a 1B88     		ldrh	r3, [r3]	@ movhi
 666 000c 9BB2     		uxth	r3, r3
 522:.\Generated_Source\PSoC5/Waitable_2.c ****     #else
 523:.\Generated_Source\PSoC5/Waitable_2.c ****         return (CY_GET_REG16(Waitable_2_CAPTURE_LSB_PTR));
 524:.\Generated_Source\PSoC5/Waitable_2.c ****     #endif /* (Waitable_2_UsingFixedFunction) */
 525:.\Generated_Source\PSoC5/Waitable_2.c **** }
 667              		.loc 1 525 0
 668 000e 1846     		mov	r0, r3
 669 0010 BD46     		mov	sp, r7
 670              		.cfi_def_cfa_register 13
 671              		@ sp needed
 672 0012 5DF8047B 		ldr	r7, [sp], #4
ARM GAS  C:\Users\PROYEC~1\AppData\Local\Temp\cctzh2uu.s 			page 22


 673              		.cfi_restore 7
 674              		.cfi_def_cfa_offset 0
 675 0016 7047     		bx	lr
 676              	.L48:
 677              		.align	2
 678              	.L47:
 679 0018 124F0040 		.word	1073762066
 680 001c 144F0040 		.word	1073762068
 681              		.cfi_endproc
 682              	.LFE13:
 683              		.size	Waitable_2_ReadCounter, .-Waitable_2_ReadCounter
 684              		.text
 685              	.Letext0:
 686              		.file 2 ".\\Generated_Source\\PSoC5\\cytypes.h"
 687              		.section	.debug_info,"",%progbits
 688              	.Ldebug_info0:
 689 0000 38020000 		.4byte	0x238
 690 0004 0400     		.2byte	0x4
 691 0006 00000000 		.4byte	.Ldebug_abbrev0
 692 000a 04       		.byte	0x4
 693 000b 01       		.uleb128 0x1
 694 000c 70010000 		.4byte	.LASF35
 695 0010 01       		.byte	0x1
 696 0011 35030000 		.4byte	.LASF36
 697 0015 DA000000 		.4byte	.LASF37
 698 0019 00000000 		.4byte	.Ldebug_ranges0+0
 699 001d 00000000 		.4byte	0
 700 0021 00000000 		.4byte	.Ldebug_line0
 701 0025 02       		.uleb128 0x2
 702 0026 01       		.byte	0x1
 703 0027 06       		.byte	0x6
 704 0028 29030000 		.4byte	.LASF0
 705 002c 02       		.uleb128 0x2
 706 002d 01       		.byte	0x1
 707 002e 08       		.byte	0x8
 708 002f A7000000 		.4byte	.LASF1
 709 0033 02       		.uleb128 0x2
 710 0034 02       		.byte	0x2
 711 0035 05       		.byte	0x5
 712 0036 E4020000 		.4byte	.LASF2
 713 003a 02       		.uleb128 0x2
 714 003b 02       		.byte	0x2
 715 003c 07       		.byte	0x7
 716 003d 3C000000 		.4byte	.LASF3
 717 0041 02       		.uleb128 0x2
 718 0042 04       		.byte	0x4
 719 0043 05       		.byte	0x5
 720 0044 FF020000 		.4byte	.LASF4
 721 0048 02       		.uleb128 0x2
 722 0049 04       		.byte	0x4
 723 004a 07       		.byte	0x7
 724 004b 3A020000 		.4byte	.LASF5
 725 004f 02       		.uleb128 0x2
 726 0050 08       		.byte	0x8
 727 0051 05       		.byte	0x5
 728 0052 A3020000 		.4byte	.LASF6
 729 0056 02       		.uleb128 0x2
ARM GAS  C:\Users\PROYEC~1\AppData\Local\Temp\cctzh2uu.s 			page 23


 730 0057 08       		.byte	0x8
 731 0058 07       		.byte	0x7
 732 0059 59020000 		.4byte	.LASF7
 733 005d 03       		.uleb128 0x3
 734 005e 04       		.byte	0x4
 735 005f 05       		.byte	0x5
 736 0060 696E7400 		.ascii	"int\000"
 737 0064 02       		.uleb128 0x2
 738 0065 04       		.byte	0x4
 739 0066 07       		.byte	0x7
 740 0067 4C020000 		.4byte	.LASF8
 741 006b 04       		.uleb128 0x4
 742 006c 4C010000 		.4byte	.LASF9
 743 0070 02       		.byte	0x2
 744 0071 A1       		.byte	0xa1
 745 0072 2C000000 		.4byte	0x2c
 746 0076 04       		.uleb128 0x4
 747 0077 33020000 		.4byte	.LASF10
 748 007b 02       		.byte	0x2
 749 007c A2       		.byte	0xa2
 750 007d 3A000000 		.4byte	0x3a
 751 0081 02       		.uleb128 0x2
 752 0082 04       		.byte	0x4
 753 0083 04       		.byte	0x4
 754 0084 81000000 		.4byte	.LASF11
 755 0088 02       		.uleb128 0x2
 756 0089 08       		.byte	0x8
 757 008a 04       		.byte	0x4
 758 008b FE010000 		.4byte	.LASF12
 759 008f 02       		.uleb128 0x2
 760 0090 01       		.byte	0x1
 761 0091 08       		.byte	0x8
 762 0092 08030000 		.4byte	.LASF13
 763 0096 05       		.uleb128 0x5
 764 0097 D5000000 		.4byte	.LASF14
 765 009b 02       		.byte	0x2
 766 009c 4B01     		.2byte	0x14b
 767 009e A2000000 		.4byte	0xa2
 768 00a2 06       		.uleb128 0x6
 769 00a3 6B000000 		.4byte	0x6b
 770 00a7 05       		.uleb128 0x5
 771 00a8 00000000 		.4byte	.LASF15
 772 00ac 02       		.byte	0x2
 773 00ad 4C01     		.2byte	0x14c
 774 00af B3000000 		.4byte	0xb3
 775 00b3 06       		.uleb128 0x6
 776 00b4 76000000 		.4byte	0x76
 777 00b8 02       		.uleb128 0x2
 778 00b9 04       		.byte	0x4
 779 00ba 07       		.byte	0x7
 780 00bb 9A020000 		.4byte	.LASF16
 781 00bf 07       		.uleb128 0x7
 782 00c0 06000000 		.4byte	.LASF17
 783 00c4 01       		.byte	0x1
 784 00c5 2B       		.byte	0x2b
 785 00c6 00000000 		.4byte	.LFB0
 786 00ca 98000000 		.4byte	.LFE0-.LFB0
ARM GAS  C:\Users\PROYEC~1\AppData\Local\Temp\cctzh2uu.s 			page 24


 787 00ce 01       		.uleb128 0x1
 788 00cf 9C       		.byte	0x9c
 789 00d0 08       		.uleb128 0x8
 790 00d1 D2020000 		.4byte	.LASF18
 791 00d5 01       		.byte	0x1
 792 00d6 B4       		.byte	0xb4
 793 00d7 00000000 		.4byte	.LFB1
 794 00db 48000000 		.4byte	.LFE1-.LFB1
 795 00df 01       		.uleb128 0x1
 796 00e0 9C       		.byte	0x9c
 797 00e1 07       		.uleb128 0x7
 798 00e2 EE020000 		.4byte	.LASF19
 799 00e6 01       		.byte	0x1
 800 00e7 D7       		.byte	0xd7
 801 00e8 00000000 		.4byte	.LFB2
 802 00ec 20000000 		.4byte	.LFE2-.LFB2
 803 00f0 01       		.uleb128 0x1
 804 00f1 9C       		.byte	0x9c
 805 00f2 08       		.uleb128 0x8
 806 00f3 3C010000 		.4byte	.LASF20
 807 00f7 01       		.byte	0x1
 808 00f8 F7       		.byte	0xf7
 809 00f9 00000000 		.4byte	.LFB3
 810 00fd 48000000 		.4byte	.LFE3-.LFB3
 811 0101 01       		.uleb128 0x1
 812 0102 9C       		.byte	0x9c
 813 0103 09       		.uleb128 0x9
 814 0104 0D030000 		.4byte	.LASF24
 815 0108 01       		.byte	0x1
 816 0109 1701     		.2byte	0x117
 817 010b 00000000 		.4byte	.LFB4
 818 010f 20000000 		.4byte	.LFE4-.LFB4
 819 0113 01       		.uleb128 0x1
 820 0114 9C       		.byte	0x9c
 821 0115 29010000 		.4byte	0x129
 822 0119 0A       		.uleb128 0xa
 823 011a B1020000 		.4byte	.LASF26
 824 011e 01       		.byte	0x1
 825 011f 1701     		.2byte	0x117
 826 0121 6B000000 		.4byte	0x6b
 827 0125 02       		.uleb128 0x2
 828 0126 91       		.byte	0x91
 829 0127 77       		.sleb128 -9
 830 0128 00       		.byte	0
 831 0129 0B       		.uleb128 0xb
 832 012a 66000000 		.4byte	.LASF21
 833 012e 01       		.byte	0x1
 834 012f 2E01     		.2byte	0x12e
 835 0131 00000000 		.4byte	.LFB5
 836 0135 14000000 		.4byte	.LFE5-.LFB5
 837 0139 01       		.uleb128 0x1
 838 013a 9C       		.byte	0x9c
 839 013b 0C       		.uleb128 0xc
 840 013c 70020000 		.4byte	.LASF22
 841 0140 01       		.byte	0x1
 842 0141 4D01     		.2byte	0x14d
 843 0143 6B000000 		.4byte	0x6b
ARM GAS  C:\Users\PROYEC~1\AppData\Local\Temp\cctzh2uu.s 			page 25


 844 0147 00000000 		.4byte	.LFB6
 845 014b 18000000 		.4byte	.LFE6-.LFB6
 846 014f 01       		.uleb128 0x1
 847 0150 9C       		.byte	0x9c
 848 0151 0C       		.uleb128 0xc
 849 0152 16000000 		.4byte	.LASF23
 850 0156 01       		.byte	0x1
 851 0157 6401     		.2byte	0x164
 852 0159 6B000000 		.4byte	0x6b
 853 015d 00000000 		.4byte	.LFB7
 854 0161 18000000 		.4byte	.LFE7-.LFB7
 855 0165 01       		.uleb128 0x1
 856 0166 9C       		.byte	0x9c
 857 0167 09       		.uleb128 0x9
 858 0168 B5000000 		.4byte	.LASF25
 859 016c 01       		.byte	0x1
 860 016d 7B01     		.2byte	0x17b
 861 016f 00000000 		.4byte	.LFB8
 862 0173 20000000 		.4byte	.LFE8-.LFB8
 863 0177 01       		.uleb128 0x1
 864 0178 9C       		.byte	0x9c
 865 0179 8D010000 		.4byte	0x18d
 866 017d 0A       		.uleb128 0xa
 867 017e 52010000 		.4byte	.LASF27
 868 0182 01       		.byte	0x1
 869 0183 7B01     		.2byte	0x17b
 870 0185 6B000000 		.4byte	0x6b
 871 0189 02       		.uleb128 0x2
 872 018a 91       		.byte	0x91
 873 018b 77       		.sleb128 -9
 874 018c 00       		.byte	0
 875 018d 0C       		.uleb128 0xc
 876 018e 5A010000 		.4byte	.LASF28
 877 0192 01       		.byte	0x1
 878 0193 9501     		.2byte	0x195
 879 0195 76000000 		.4byte	0x76
 880 0199 00000000 		.4byte	.LFB9
 881 019d 18000000 		.4byte	.LFE9-.LFB9
 882 01a1 01       		.uleb128 0x1
 883 01a2 9C       		.byte	0x9c
 884 01a3 09       		.uleb128 0x9
 885 01a4 05020000 		.4byte	.LASF29
 886 01a8 01       		.byte	0x1
 887 01a9 AF01     		.2byte	0x1af
 888 01ab 00000000 		.4byte	.LFB10
 889 01af 24000000 		.4byte	.LFE10-.LFB10
 890 01b3 01       		.uleb128 0x1
 891 01b4 9C       		.byte	0x9c
 892 01b5 D8010000 		.4byte	0x1d8
 893 01b9 0A       		.uleb128 0xa
 894 01ba 35000000 		.4byte	.LASF30
 895 01be 01       		.byte	0x1
 896 01bf AF01     		.2byte	0x1af
 897 01c1 76000000 		.4byte	0x76
 898 01c5 02       		.uleb128 0x2
 899 01c6 91       		.byte	0x91
 900 01c7 6E       		.sleb128 -18
ARM GAS  C:\Users\PROYEC~1\AppData\Local\Temp\cctzh2uu.s 			page 26


 901 01c8 0D       		.uleb128 0xd
 902 01c9 8E020000 		.4byte	.LASF38
 903 01cd 01       		.byte	0x1
 904 01ce B201     		.2byte	0x1b2
 905 01d0 76000000 		.4byte	0x76
 906 01d4 02       		.uleb128 0x2
 907 01d5 91       		.byte	0x91
 908 01d6 76       		.sleb128 -10
 909 01d7 00       		.byte	0
 910 01d8 0C       		.uleb128 0xc
 911 01d9 1C020000 		.4byte	.LASF31
 912 01dd 01       		.byte	0x1
 913 01de C801     		.2byte	0x1c8
 914 01e0 76000000 		.4byte	0x76
 915 01e4 00000000 		.4byte	.LFB11
 916 01e8 18000000 		.4byte	.LFE11-.LFB11
 917 01ec 01       		.uleb128 0x1
 918 01ed 9C       		.byte	0x9c
 919 01ee 09       		.uleb128 0x9
 920 01ef 8F000000 		.4byte	.LASF32
 921 01f3 01       		.byte	0x1
 922 01f4 E001     		.2byte	0x1e0
 923 01f6 00000000 		.4byte	.LFB12
 924 01fa 20000000 		.4byte	.LFE12-.LFB12
 925 01fe 01       		.uleb128 0x1
 926 01ff 9C       		.byte	0x9c
 927 0200 14020000 		.4byte	0x214
 928 0204 0A       		.uleb128 0xa
 929 0205 87000000 		.4byte	.LASF33
 930 0209 01       		.byte	0x1
 931 020a E001     		.2byte	0x1e0
 932 020c 76000000 		.4byte	0x76
 933 0210 02       		.uleb128 0x2
 934 0211 91       		.byte	0x91
 935 0212 76       		.sleb128 -10
 936 0213 00       		.byte	0
 937 0214 0C       		.uleb128 0xc
 938 0215 4F000000 		.4byte	.LASF34
 939 0219 01       		.byte	0x1
 940 021a FC01     		.2byte	0x1fc
 941 021c 76000000 		.4byte	0x76
 942 0220 00000000 		.4byte	.LFB13
 943 0224 20000000 		.4byte	.LFE13-.LFB13
 944 0228 01       		.uleb128 0x1
 945 0229 9C       		.byte	0x9c
 946 022a 0E       		.uleb128 0xe
 947 022b BF020000 		.4byte	.LASF39
 948 022f 01       		.byte	0x1
 949 0230 1A       		.byte	0x1a
 950 0231 6B000000 		.4byte	0x6b
 951 0235 05       		.uleb128 0x5
 952 0236 03       		.byte	0x3
 953 0237 00000000 		.4byte	Waitable_2_initVar
 954 023b 00       		.byte	0
 955              		.section	.debug_abbrev,"",%progbits
 956              	.Ldebug_abbrev0:
 957 0000 01       		.uleb128 0x1
ARM GAS  C:\Users\PROYEC~1\AppData\Local\Temp\cctzh2uu.s 			page 27


 958 0001 11       		.uleb128 0x11
 959 0002 01       		.byte	0x1
 960 0003 25       		.uleb128 0x25
 961 0004 0E       		.uleb128 0xe
 962 0005 13       		.uleb128 0x13
 963 0006 0B       		.uleb128 0xb
 964 0007 03       		.uleb128 0x3
 965 0008 0E       		.uleb128 0xe
 966 0009 1B       		.uleb128 0x1b
 967 000a 0E       		.uleb128 0xe
 968 000b 55       		.uleb128 0x55
 969 000c 17       		.uleb128 0x17
 970 000d 11       		.uleb128 0x11
 971 000e 01       		.uleb128 0x1
 972 000f 10       		.uleb128 0x10
 973 0010 17       		.uleb128 0x17
 974 0011 00       		.byte	0
 975 0012 00       		.byte	0
 976 0013 02       		.uleb128 0x2
 977 0014 24       		.uleb128 0x24
 978 0015 00       		.byte	0
 979 0016 0B       		.uleb128 0xb
 980 0017 0B       		.uleb128 0xb
 981 0018 3E       		.uleb128 0x3e
 982 0019 0B       		.uleb128 0xb
 983 001a 03       		.uleb128 0x3
 984 001b 0E       		.uleb128 0xe
 985 001c 00       		.byte	0
 986 001d 00       		.byte	0
 987 001e 03       		.uleb128 0x3
 988 001f 24       		.uleb128 0x24
 989 0020 00       		.byte	0
 990 0021 0B       		.uleb128 0xb
 991 0022 0B       		.uleb128 0xb
 992 0023 3E       		.uleb128 0x3e
 993 0024 0B       		.uleb128 0xb
 994 0025 03       		.uleb128 0x3
 995 0026 08       		.uleb128 0x8
 996 0027 00       		.byte	0
 997 0028 00       		.byte	0
 998 0029 04       		.uleb128 0x4
 999 002a 16       		.uleb128 0x16
 1000 002b 00       		.byte	0
 1001 002c 03       		.uleb128 0x3
 1002 002d 0E       		.uleb128 0xe
 1003 002e 3A       		.uleb128 0x3a
 1004 002f 0B       		.uleb128 0xb
 1005 0030 3B       		.uleb128 0x3b
 1006 0031 0B       		.uleb128 0xb
 1007 0032 49       		.uleb128 0x49
 1008 0033 13       		.uleb128 0x13
 1009 0034 00       		.byte	0
 1010 0035 00       		.byte	0
 1011 0036 05       		.uleb128 0x5
 1012 0037 16       		.uleb128 0x16
 1013 0038 00       		.byte	0
 1014 0039 03       		.uleb128 0x3
ARM GAS  C:\Users\PROYEC~1\AppData\Local\Temp\cctzh2uu.s 			page 28


 1015 003a 0E       		.uleb128 0xe
 1016 003b 3A       		.uleb128 0x3a
 1017 003c 0B       		.uleb128 0xb
 1018 003d 3B       		.uleb128 0x3b
 1019 003e 05       		.uleb128 0x5
 1020 003f 49       		.uleb128 0x49
 1021 0040 13       		.uleb128 0x13
 1022 0041 00       		.byte	0
 1023 0042 00       		.byte	0
 1024 0043 06       		.uleb128 0x6
 1025 0044 35       		.uleb128 0x35
 1026 0045 00       		.byte	0
 1027 0046 49       		.uleb128 0x49
 1028 0047 13       		.uleb128 0x13
 1029 0048 00       		.byte	0
 1030 0049 00       		.byte	0
 1031 004a 07       		.uleb128 0x7
 1032 004b 2E       		.uleb128 0x2e
 1033 004c 00       		.byte	0
 1034 004d 3F       		.uleb128 0x3f
 1035 004e 19       		.uleb128 0x19
 1036 004f 03       		.uleb128 0x3
 1037 0050 0E       		.uleb128 0xe
 1038 0051 3A       		.uleb128 0x3a
 1039 0052 0B       		.uleb128 0xb
 1040 0053 3B       		.uleb128 0x3b
 1041 0054 0B       		.uleb128 0xb
 1042 0055 27       		.uleb128 0x27
 1043 0056 19       		.uleb128 0x19
 1044 0057 11       		.uleb128 0x11
 1045 0058 01       		.uleb128 0x1
 1046 0059 12       		.uleb128 0x12
 1047 005a 06       		.uleb128 0x6
 1048 005b 40       		.uleb128 0x40
 1049 005c 18       		.uleb128 0x18
 1050 005d 9642     		.uleb128 0x2116
 1051 005f 19       		.uleb128 0x19
 1052 0060 00       		.byte	0
 1053 0061 00       		.byte	0
 1054 0062 08       		.uleb128 0x8
 1055 0063 2E       		.uleb128 0x2e
 1056 0064 00       		.byte	0
 1057 0065 3F       		.uleb128 0x3f
 1058 0066 19       		.uleb128 0x19
 1059 0067 03       		.uleb128 0x3
 1060 0068 0E       		.uleb128 0xe
 1061 0069 3A       		.uleb128 0x3a
 1062 006a 0B       		.uleb128 0xb
 1063 006b 3B       		.uleb128 0x3b
 1064 006c 0B       		.uleb128 0xb
 1065 006d 27       		.uleb128 0x27
 1066 006e 19       		.uleb128 0x19
 1067 006f 11       		.uleb128 0x11
 1068 0070 01       		.uleb128 0x1
 1069 0071 12       		.uleb128 0x12
 1070 0072 06       		.uleb128 0x6
 1071 0073 40       		.uleb128 0x40
ARM GAS  C:\Users\PROYEC~1\AppData\Local\Temp\cctzh2uu.s 			page 29


 1072 0074 18       		.uleb128 0x18
 1073 0075 9742     		.uleb128 0x2117
 1074 0077 19       		.uleb128 0x19
 1075 0078 00       		.byte	0
 1076 0079 00       		.byte	0
 1077 007a 09       		.uleb128 0x9
 1078 007b 2E       		.uleb128 0x2e
 1079 007c 01       		.byte	0x1
 1080 007d 3F       		.uleb128 0x3f
 1081 007e 19       		.uleb128 0x19
 1082 007f 03       		.uleb128 0x3
 1083 0080 0E       		.uleb128 0xe
 1084 0081 3A       		.uleb128 0x3a
 1085 0082 0B       		.uleb128 0xb
 1086 0083 3B       		.uleb128 0x3b
 1087 0084 05       		.uleb128 0x5
 1088 0085 27       		.uleb128 0x27
 1089 0086 19       		.uleb128 0x19
 1090 0087 11       		.uleb128 0x11
 1091 0088 01       		.uleb128 0x1
 1092 0089 12       		.uleb128 0x12
 1093 008a 06       		.uleb128 0x6
 1094 008b 40       		.uleb128 0x40
 1095 008c 18       		.uleb128 0x18
 1096 008d 9742     		.uleb128 0x2117
 1097 008f 19       		.uleb128 0x19
 1098 0090 01       		.uleb128 0x1
 1099 0091 13       		.uleb128 0x13
 1100 0092 00       		.byte	0
 1101 0093 00       		.byte	0
 1102 0094 0A       		.uleb128 0xa
 1103 0095 05       		.uleb128 0x5
 1104 0096 00       		.byte	0
 1105 0097 03       		.uleb128 0x3
 1106 0098 0E       		.uleb128 0xe
 1107 0099 3A       		.uleb128 0x3a
 1108 009a 0B       		.uleb128 0xb
 1109 009b 3B       		.uleb128 0x3b
 1110 009c 05       		.uleb128 0x5
 1111 009d 49       		.uleb128 0x49
 1112 009e 13       		.uleb128 0x13
 1113 009f 02       		.uleb128 0x2
 1114 00a0 18       		.uleb128 0x18
 1115 00a1 00       		.byte	0
 1116 00a2 00       		.byte	0
 1117 00a3 0B       		.uleb128 0xb
 1118 00a4 2E       		.uleb128 0x2e
 1119 00a5 00       		.byte	0
 1120 00a6 3F       		.uleb128 0x3f
 1121 00a7 19       		.uleb128 0x19
 1122 00a8 03       		.uleb128 0x3
 1123 00a9 0E       		.uleb128 0xe
 1124 00aa 3A       		.uleb128 0x3a
 1125 00ab 0B       		.uleb128 0xb
 1126 00ac 3B       		.uleb128 0x3b
 1127 00ad 05       		.uleb128 0x5
 1128 00ae 27       		.uleb128 0x27
ARM GAS  C:\Users\PROYEC~1\AppData\Local\Temp\cctzh2uu.s 			page 30


 1129 00af 19       		.uleb128 0x19
 1130 00b0 11       		.uleb128 0x11
 1131 00b1 01       		.uleb128 0x1
 1132 00b2 12       		.uleb128 0x12
 1133 00b3 06       		.uleb128 0x6
 1134 00b4 40       		.uleb128 0x40
 1135 00b5 18       		.uleb128 0x18
 1136 00b6 9742     		.uleb128 0x2117
 1137 00b8 19       		.uleb128 0x19
 1138 00b9 00       		.byte	0
 1139 00ba 00       		.byte	0
 1140 00bb 0C       		.uleb128 0xc
 1141 00bc 2E       		.uleb128 0x2e
 1142 00bd 00       		.byte	0
 1143 00be 3F       		.uleb128 0x3f
 1144 00bf 19       		.uleb128 0x19
 1145 00c0 03       		.uleb128 0x3
 1146 00c1 0E       		.uleb128 0xe
 1147 00c2 3A       		.uleb128 0x3a
 1148 00c3 0B       		.uleb128 0xb
 1149 00c4 3B       		.uleb128 0x3b
 1150 00c5 05       		.uleb128 0x5
 1151 00c6 27       		.uleb128 0x27
 1152 00c7 19       		.uleb128 0x19
 1153 00c8 49       		.uleb128 0x49
 1154 00c9 13       		.uleb128 0x13
 1155 00ca 11       		.uleb128 0x11
 1156 00cb 01       		.uleb128 0x1
 1157 00cc 12       		.uleb128 0x12
 1158 00cd 06       		.uleb128 0x6
 1159 00ce 40       		.uleb128 0x40
 1160 00cf 18       		.uleb128 0x18
 1161 00d0 9742     		.uleb128 0x2117
 1162 00d2 19       		.uleb128 0x19
 1163 00d3 00       		.byte	0
 1164 00d4 00       		.byte	0
 1165 00d5 0D       		.uleb128 0xd
 1166 00d6 34       		.uleb128 0x34
 1167 00d7 00       		.byte	0
 1168 00d8 03       		.uleb128 0x3
 1169 00d9 0E       		.uleb128 0xe
 1170 00da 3A       		.uleb128 0x3a
 1171 00db 0B       		.uleb128 0xb
 1172 00dc 3B       		.uleb128 0x3b
 1173 00dd 05       		.uleb128 0x5
 1174 00de 49       		.uleb128 0x49
 1175 00df 13       		.uleb128 0x13
 1176 00e0 02       		.uleb128 0x2
 1177 00e1 18       		.uleb128 0x18
 1178 00e2 00       		.byte	0
 1179 00e3 00       		.byte	0
 1180 00e4 0E       		.uleb128 0xe
 1181 00e5 34       		.uleb128 0x34
 1182 00e6 00       		.byte	0
 1183 00e7 03       		.uleb128 0x3
 1184 00e8 0E       		.uleb128 0xe
 1185 00e9 3A       		.uleb128 0x3a
ARM GAS  C:\Users\PROYEC~1\AppData\Local\Temp\cctzh2uu.s 			page 31


 1186 00ea 0B       		.uleb128 0xb
 1187 00eb 3B       		.uleb128 0x3b
 1188 00ec 0B       		.uleb128 0xb
 1189 00ed 49       		.uleb128 0x49
 1190 00ee 13       		.uleb128 0x13
 1191 00ef 3F       		.uleb128 0x3f
 1192 00f0 19       		.uleb128 0x19
 1193 00f1 02       		.uleb128 0x2
 1194 00f2 18       		.uleb128 0x18
 1195 00f3 00       		.byte	0
 1196 00f4 00       		.byte	0
 1197 00f5 00       		.byte	0
 1198              		.section	.debug_aranges,"",%progbits
 1199 0000 84000000 		.4byte	0x84
 1200 0004 0200     		.2byte	0x2
 1201 0006 00000000 		.4byte	.Ldebug_info0
 1202 000a 04       		.byte	0x4
 1203 000b 00       		.byte	0
 1204 000c 0000     		.2byte	0
 1205 000e 0000     		.2byte	0
 1206 0010 00000000 		.4byte	.LFB0
 1207 0014 98000000 		.4byte	.LFE0-.LFB0
 1208 0018 00000000 		.4byte	.LFB1
 1209 001c 48000000 		.4byte	.LFE1-.LFB1
 1210 0020 00000000 		.4byte	.LFB2
 1211 0024 20000000 		.4byte	.LFE2-.LFB2
 1212 0028 00000000 		.4byte	.LFB3
 1213 002c 48000000 		.4byte	.LFE3-.LFB3
 1214 0030 00000000 		.4byte	.LFB4
 1215 0034 20000000 		.4byte	.LFE4-.LFB4
 1216 0038 00000000 		.4byte	.LFB5
 1217 003c 14000000 		.4byte	.LFE5-.LFB5
 1218 0040 00000000 		.4byte	.LFB6
 1219 0044 18000000 		.4byte	.LFE6-.LFB6
 1220 0048 00000000 		.4byte	.LFB7
 1221 004c 18000000 		.4byte	.LFE7-.LFB7
 1222 0050 00000000 		.4byte	.LFB8
 1223 0054 20000000 		.4byte	.LFE8-.LFB8
 1224 0058 00000000 		.4byte	.LFB9
 1225 005c 18000000 		.4byte	.LFE9-.LFB9
 1226 0060 00000000 		.4byte	.LFB10
 1227 0064 24000000 		.4byte	.LFE10-.LFB10
 1228 0068 00000000 		.4byte	.LFB11
 1229 006c 18000000 		.4byte	.LFE11-.LFB11
 1230 0070 00000000 		.4byte	.LFB12
 1231 0074 20000000 		.4byte	.LFE12-.LFB12
 1232 0078 00000000 		.4byte	.LFB13
 1233 007c 20000000 		.4byte	.LFE13-.LFB13
 1234 0080 00000000 		.4byte	0
 1235 0084 00000000 		.4byte	0
 1236              		.section	.debug_ranges,"",%progbits
 1237              	.Ldebug_ranges0:
 1238 0000 00000000 		.4byte	.LFB0
 1239 0004 98000000 		.4byte	.LFE0
 1240 0008 00000000 		.4byte	.LFB1
 1241 000c 48000000 		.4byte	.LFE1
 1242 0010 00000000 		.4byte	.LFB2
ARM GAS  C:\Users\PROYEC~1\AppData\Local\Temp\cctzh2uu.s 			page 32


 1243 0014 20000000 		.4byte	.LFE2
 1244 0018 00000000 		.4byte	.LFB3
 1245 001c 48000000 		.4byte	.LFE3
 1246 0020 00000000 		.4byte	.LFB4
 1247 0024 20000000 		.4byte	.LFE4
 1248 0028 00000000 		.4byte	.LFB5
 1249 002c 14000000 		.4byte	.LFE5
 1250 0030 00000000 		.4byte	.LFB6
 1251 0034 18000000 		.4byte	.LFE6
 1252 0038 00000000 		.4byte	.LFB7
 1253 003c 18000000 		.4byte	.LFE7
 1254 0040 00000000 		.4byte	.LFB8
 1255 0044 20000000 		.4byte	.LFE8
 1256 0048 00000000 		.4byte	.LFB9
 1257 004c 18000000 		.4byte	.LFE9
 1258 0050 00000000 		.4byte	.LFB10
 1259 0054 24000000 		.4byte	.LFE10
 1260 0058 00000000 		.4byte	.LFB11
 1261 005c 18000000 		.4byte	.LFE11
 1262 0060 00000000 		.4byte	.LFB12
 1263 0064 20000000 		.4byte	.LFE12
 1264 0068 00000000 		.4byte	.LFB13
 1265 006c 20000000 		.4byte	.LFE13
 1266 0070 00000000 		.4byte	0
 1267 0074 00000000 		.4byte	0
 1268              		.section	.debug_line,"",%progbits
 1269              	.Ldebug_line0:
 1270 0000 60010000 		.section	.debug_str,"MS",%progbits,1
 1270      02004900 
 1270      00000201 
 1270      FB0E0D00 
 1270      01010101 
 1271              	.LASF15:
 1272 0000 72656731 		.ascii	"reg16\000"
 1272      3600
 1273              	.LASF17:
 1274 0006 57616974 		.ascii	"Waitable_2_Init\000"
 1274      61626C65 
 1274      5F325F49 
 1274      6E697400 
 1275              	.LASF23:
 1276 0016 57616974 		.ascii	"Waitable_2_ReadControlRegister\000"
 1276      61626C65 
 1276      5F325F52 
 1276      65616443 
 1276      6F6E7472 
 1277              	.LASF30:
 1278 0035 70657269 		.ascii	"period\000"
 1278      6F6400
 1279              	.LASF3:
 1280 003c 73686F72 		.ascii	"short unsigned int\000"
 1280      7420756E 
 1280      7369676E 
 1280      65642069 
 1280      6E7400
 1281              	.LASF34:
 1282 004f 57616974 		.ascii	"Waitable_2_ReadCounter\000"
ARM GAS  C:\Users\PROYEC~1\AppData\Local\Temp\cctzh2uu.s 			page 33


 1282      61626C65 
 1282      5F325F52 
 1282      65616443 
 1282      6F756E74 
 1283              	.LASF21:
 1284 0066 57616974 		.ascii	"Waitable_2_SoftwareCapture\000"
 1284      61626C65 
 1284      5F325F53 
 1284      6F667477 
 1284      61726543 
 1285              	.LASF11:
 1286 0081 666C6F61 		.ascii	"float\000"
 1286      7400
 1287              	.LASF33:
 1288 0087 636F756E 		.ascii	"counter\000"
 1288      74657200 
 1289              	.LASF32:
 1290 008f 57616974 		.ascii	"Waitable_2_WriteCounter\000"
 1290      61626C65 
 1290      5F325F57 
 1290      72697465 
 1290      436F756E 
 1291              	.LASF1:
 1292 00a7 756E7369 		.ascii	"unsigned char\000"
 1292      676E6564 
 1292      20636861 
 1292      7200
 1293              	.LASF25:
 1294 00b5 57616974 		.ascii	"Waitable_2_WriteControlRegister\000"
 1294      61626C65 
 1294      5F325F57 
 1294      72697465 
 1294      436F6E74 
 1295              	.LASF14:
 1296 00d5 72656738 		.ascii	"reg8\000"
 1296      00
 1297              	.LASF37:
 1298 00da 433A5C55 		.ascii	"C:\\Users\\Proyectos_Hardware\\Dropbox\\Proyecto Co"
 1298      73657273 
 1298      5C50726F 
 1298      79656374 
 1298      6F735F48 
 1299 0109 6E74726F 		.ascii	"ntroller\\Mux Advance Encore V4_00\\MuxAdvance.cyds"
 1299      6C6C6572 
 1299      5C4D7578 
 1299      20416476 
 1299      616E6365 
 1300 013a 6E00     		.ascii	"n\000"
 1301              	.LASF20:
 1302 013c 57616974 		.ascii	"Waitable_2_Stop\000"
 1302      61626C65 
 1302      5F325F53 
 1302      746F7000 
 1303              	.LASF9:
 1304 014c 75696E74 		.ascii	"uint8\000"
 1304      3800
 1305              	.LASF27:
ARM GAS  C:\Users\PROYEC~1\AppData\Local\Temp\cctzh2uu.s 			page 34


 1306 0152 636F6E74 		.ascii	"control\000"
 1306      726F6C00 
 1307              	.LASF28:
 1308 015a 57616974 		.ascii	"Waitable_2_ReadPeriod\000"
 1308      61626C65 
 1308      5F325F52 
 1308      65616450 
 1308      6572696F 
 1309              	.LASF35:
 1310 0170 474E5520 		.ascii	"GNU C 4.9.3 20150303 (release) [ARM/embedded-4_9-br"
 1310      4320342E 
 1310      392E3320 
 1310      32303135 
 1310      30333033 
 1311 01a3 616E6368 		.ascii	"anch revision 221220] -mcpu=cortex-m3 -mthumb -g -O"
 1311      20726576 
 1311      6973696F 
 1311      6E203232 
 1311      31323230 
 1312 01d6 30202D66 		.ascii	"0 -ffunction-sections -ffat-lto-objects\000"
 1312      66756E63 
 1312      74696F6E 
 1312      2D736563 
 1312      74696F6E 
 1313              	.LASF12:
 1314 01fe 646F7562 		.ascii	"double\000"
 1314      6C6500
 1315              	.LASF29:
 1316 0205 57616974 		.ascii	"Waitable_2_WritePeriod\000"
 1316      61626C65 
 1316      5F325F57 
 1316      72697465 
 1316      50657269 
 1317              	.LASF31:
 1318 021c 57616974 		.ascii	"Waitable_2_ReadCapture\000"
 1318      61626C65 
 1318      5F325F52 
 1318      65616443 
 1318      61707475 
 1319              	.LASF10:
 1320 0233 75696E74 		.ascii	"uint16\000"
 1320      313600
 1321              	.LASF5:
 1322 023a 6C6F6E67 		.ascii	"long unsigned int\000"
 1322      20756E73 
 1322      69676E65 
 1322      6420696E 
 1322      7400
 1323              	.LASF8:
 1324 024c 756E7369 		.ascii	"unsigned int\000"
 1324      676E6564 
 1324      20696E74 
 1324      00
 1325              	.LASF7:
 1326 0259 6C6F6E67 		.ascii	"long long unsigned int\000"
 1326      206C6F6E 
 1326      6720756E 
ARM GAS  C:\Users\PROYEC~1\AppData\Local\Temp\cctzh2uu.s 			page 35


 1326      7369676E 
 1326      65642069 
 1327              	.LASF22:
 1328 0270 57616974 		.ascii	"Waitable_2_ReadStatusRegister\000"
 1328      61626C65 
 1328      5F325F52 
 1328      65616453 
 1328      74617475 
 1329              	.LASF38:
 1330 028e 70657269 		.ascii	"period_temp\000"
 1330      6F645F74 
 1330      656D7000 
 1331              	.LASF16:
 1332 029a 73697A65 		.ascii	"sizetype\000"
 1332      74797065 
 1332      00
 1333              	.LASF6:
 1334 02a3 6C6F6E67 		.ascii	"long long int\000"
 1334      206C6F6E 
 1334      6720696E 
 1334      7400
 1335              	.LASF26:
 1336 02b1 696E7465 		.ascii	"interruptMode\000"
 1336      72727570 
 1336      744D6F64 
 1336      6500
 1337              	.LASF39:
 1338 02bf 57616974 		.ascii	"Waitable_2_initVar\000"
 1338      61626C65 
 1338      5F325F69 
 1338      6E697456 
 1338      617200
 1339              	.LASF18:
 1340 02d2 57616974 		.ascii	"Waitable_2_Enable\000"
 1340      61626C65 
 1340      5F325F45 
 1340      6E61626C 
 1340      6500
 1341              	.LASF2:
 1342 02e4 73686F72 		.ascii	"short int\000"
 1342      7420696E 
 1342      7400
 1343              	.LASF19:
 1344 02ee 57616974 		.ascii	"Waitable_2_Start\000"
 1344      61626C65 
 1344      5F325F53 
 1344      74617274 
 1344      00
 1345              	.LASF4:
 1346 02ff 6C6F6E67 		.ascii	"long int\000"
 1346      20696E74 
 1346      00
 1347              	.LASF13:
 1348 0308 63686172 		.ascii	"char\000"
 1348      00
 1349              	.LASF24:
 1350 030d 57616974 		.ascii	"Waitable_2_SetInterruptMode\000"
ARM GAS  C:\Users\PROYEC~1\AppData\Local\Temp\cctzh2uu.s 			page 36


 1350      61626C65 
 1350      5F325F53 
 1350      6574496E 
 1350      74657272 
 1351              	.LASF0:
 1352 0329 7369676E 		.ascii	"signed char\000"
 1352      65642063 
 1352      68617200 
 1353              	.LASF36:
 1354 0335 2E5C4765 		.ascii	".\\Generated_Source\\PSoC5\\Waitable_2.c\000"
 1354      6E657261 
 1354      7465645F 
 1354      536F7572 
 1354      63655C50 
 1355              		.ident	"GCC: (GNU Tools for ARM Embedded Processors) 4.9.3 20150303 (release) [ARM/embedded-4_9-br
